#
# There is insufficient memory for the Java Runtime Environment to continue.
# Native memory allocation (malloc) failed to allocate 395696 bytes for Chunk::new
# Possible reasons:
#   The system is out of physical RAM or swap space
#   The process is running with CompressedOops enabled, and the Java Heap may be blocking the growth of the native heap
# Possible solutions:
#   Reduce memory load on the system
#   Increase physical memory or swap space
#   Check if swap backing store is full
#   Decrease Java heap size (-Xmx/-Xms)
#   Decrease number of Java threads
#   Decrease Java thread stack sizes (-Xss)
#   Set larger code cache with -XX:ReservedCodeCacheSize=
#   JVM is running with Unscaled Compressed Oops mode in which the Java heap is
#     placed in the first 4GB address space. The Java Heap base address is the
#     maximum limit for the native heap growth. Please use -XX:HeapBaseMinAddress
#     to set the Java Heap base and to place the Java Heap above 4GB virtual address.
# This output file may be truncated or incomplete.
#
#  Out of Memory Error (arena.cpp:191), pid=22632, tid=12952
#
# JRE version: OpenJDK Runtime Environment Corretto-17.0.9.8.1 (17.0.9+8) (build 17.0.9+8-LTS)
# Java VM: OpenJDK 64-Bit Server VM Corretto-17.0.9.8.1 (17.0.9+8-LTS, mixed mode, sharing, tiered, compressed oops, compressed class ptrs, g1 gc, windows-amd64)
# No core dump will be written. Minidumps are not enabled by default on client versions of Windows
#

---------------  S U M M A R Y ------------

Command Line: -javaagent:D:\Program Files\JetBrains\IntelliJ IDEA Community Edition 2023.3\lib\idea_rt.jar=61185:D:\Program Files\JetBrains\IntelliJ IDEA Community Edition 2023.3\bin -Dfile.encoding=UTF-8 id.longquoc.messenger.MessengerApplication

Host: Intel(R) Core(TM) i5-8250U CPU @ 1.60GHz, 8 cores, 7G,  Windows 10 , 64 bit Build 19041 (10.0.19041.3636)
Time: Thu Jan  4 17:55:24 2024 SE Asia Standard Time elapsed time: 193.310953 seconds (0d 0h 3m 13s)

---------------  T H R E A D  ---------------

Current thread (0x000002111d6bcfe0):  JavaThread "C2 CompilerThread1" daemon [_thread_in_native, id=12952, stack(0x000000efb5b00000,0x000000efb5c00000)]


Current CompileTask:
C2: 193413 8798       4       java.io.WinNTFileSystem::normalize (224 bytes)

Stack: [0x000000efb5b00000,0x000000efb5c00000]
Native frames: (J=compiled Java code, j=interpreted, Vv=VM code, C=native code)
V  [jvm.dll+0x67cb49]
V  [jvm.dll+0x8344da]
V  [jvm.dll+0x835f9e]
V  [jvm.dll+0x836603]
V  [jvm.dll+0x247b5f]
V  [jvm.dll+0xac43c]
V  [jvm.dll+0xaca8c]
V  [jvm.dll+0x366c32]
V  [jvm.dll+0x330fda]
V  [jvm.dll+0x33047a]
V  [jvm.dll+0x21a201]
V  [jvm.dll+0x219621]
V  [jvm.dll+0x1a56cd]
V  [jvm.dll+0x2293ee]
V  [jvm.dll+0x2275bc]
V  [jvm.dll+0x7e95a7]
V  [jvm.dll+0x7e396a]
V  [jvm.dll+0x67ba35]
C  [ucrtbase.dll+0x21bb2]
C  [KERNEL32.DLL+0x17344]
C  [ntdll.dll+0x526b1]


---------------  P R O C E S S  ---------------

Threads class SMR info:
_java_thread_list=0x000002111ca20390, length=40, elements={
0x00000210d56e2b90, 0x00000210d56e3920, 0x00000210d56f2b10, 0x00000210d56f35e0,
0x00000210d56f4ec0, 0x00000210d56f5790, 0x00000210d570a320, 0x00000210d5732d10,
0x00000210d573ce00, 0x00000210d5a66960, 0x000002111b206930, 0x000002111b15d460,
0x000002111efd3030, 0x000002111b930ef0, 0x000002111ea2f3d0, 0x000002111ea2e9b0,
0x000002111ea2fdf0, 0x000002111ea2da80, 0x000002111ea30300, 0x000002111ea2f8e0,
0x000002111ea2e4a0, 0x000002111ea2eec0, 0x000002111ea30810, 0x000002111b933260,
0x000002111e75c9b0, 0x000002111e760670, 0x000002111e75fc50, 0x000002111e75b060,
0x000002111e75c4a0, 0x000002111e760b80, 0x000002111e761090, 0x000002111e7615a0,
0x000002111e75d3d0, 0x000002111e75ba80, 0x000002111e75d8e0, 0x000002111e75f230,
0x000002111e75e810, 0x000002111e75ed20, 0x000002111e75f740, 0x000002111d6bcfe0
}

Java Threads: ( => current thread )
  0x00000210d56e2b90 JavaThread "Reference Handler" daemon [_thread_blocked, id=38084, stack(0x000000efb6500000,0x000000efb6600000)]
  0x00000210d56e3920 JavaThread "Finalizer" daemon [_thread_blocked, id=34544, stack(0x000000efb6600000,0x000000efb6700000)]
  0x00000210d56f2b10 JavaThread "Signal Dispatcher" daemon [_thread_blocked, id=15648, stack(0x000000efb6700000,0x000000efb6800000)]
  0x00000210d56f35e0 JavaThread "Attach Listener" daemon [_thread_blocked, id=21964, stack(0x000000efb6800000,0x000000efb6900000)]
  0x00000210d56f4ec0 JavaThread "Service Thread" daemon [_thread_blocked, id=22388, stack(0x000000efb6900000,0x000000efb6a00000)]
  0x00000210d56f5790 JavaThread "Monitor Deflation Thread" daemon [_thread_blocked, id=33560, stack(0x000000efb6a00000,0x000000efb6b00000)]
  0x00000210d570a320 JavaThread "C2 CompilerThread0" daemon [_thread_blocked, id=14512, stack(0x000000efb6b00000,0x000000efb6c00000)]
  0x00000210d5732d10 JavaThread "C1 CompilerThread0" daemon [_thread_blocked, id=5100, stack(0x000000efb6c00000,0x000000efb6d00000)]
  0x00000210d573ce00 JavaThread "Sweeper thread" daemon [_thread_blocked, id=37528, stack(0x000000efb6d00000,0x000000efb6e00000)]
  0x00000210d5a66960 JavaThread "Common-Cleaner" daemon [_thread_blocked, id=22088, stack(0x000000efb6e00000,0x000000efb6f00000)]
  0x000002111b206930 JavaThread "Monitor Ctrl-Break" daemon [_thread_in_native, id=31884, stack(0x000000efb6f00000,0x000000efb7000000)]
  0x000002111b15d460 JavaThread "Notification Thread" daemon [_thread_blocked, id=11000, stack(0x000000efb7000000,0x000000efb7100000)]
  0x000002111efd3030 JavaThread "mysql-cj-abandoned-connection-cleanup" daemon [_thread_blocked, id=13344, stack(0x000000efb7d00000,0x000000efb7e00000)]
  0x000002111b930ef0 JavaThread "HikariPool-1 housekeeper" daemon [_thread_blocked, id=6304, stack(0x000000efb7c00000,0x000000efb7d00000)]
  0x000002111ea2f3d0 JavaThread "Catalina-utility-1" [_thread_blocked, id=8400, stack(0x000000efb8000000,0x000000efb8100000)]
  0x000002111ea2e9b0 JavaThread "Catalina-utility-2" [_thread_blocked, id=9464, stack(0x000000efb8100000,0x000000efb8200000)]
  0x000002111ea2fdf0 JavaThread "container-0" [_thread_blocked, id=16148, stack(0x000000efb8200000,0x000000efb8300000)]
  0x000002111ea2da80 JavaThread "MessageBroker-1" [_thread_blocked, id=35212, stack(0x000000efb7e00000,0x000000efb7f00000)]
  0x000002111ea30300 JavaThread "http-nio-8080-exec-1" daemon [_thread_blocked, id=33124, stack(0x000000efb8300000,0x000000efb8400000)]
  0x000002111ea2f8e0 JavaThread "http-nio-8080-exec-2" daemon [_thread_blocked, id=21340, stack(0x000000efb8400000,0x000000efb8500000)]
  0x000002111ea2e4a0 JavaThread "http-nio-8080-exec-3" daemon [_thread_blocked, id=19184, stack(0x000000efb8500000,0x000000efb8600000)]
  0x000002111ea2eec0 JavaThread "http-nio-8080-exec-4" daemon [_thread_blocked, id=32352, stack(0x000000efb8600000,0x000000efb8700000)]
  0x000002111ea30810 JavaThread "http-nio-8080-exec-5" daemon [_thread_blocked, id=2020, stack(0x000000efb8700000,0x000000efb8800000)]
  0x000002111b933260 JavaThread "http-nio-8080-exec-6" daemon [_thread_blocked, id=12064, stack(0x000000efb8800000,0x000000efb8900000)]
  0x000002111e75c9b0 JavaThread "http-nio-8080-exec-7" daemon [_thread_blocked, id=22348, stack(0x000000efb8900000,0x000000efb8a00000)]
  0x000002111e760670 JavaThread "http-nio-8080-exec-8" daemon [_thread_blocked, id=4548, stack(0x000000efb8a00000,0x000000efb8b00000)]
  0x000002111e75fc50 JavaThread "http-nio-8080-exec-9" daemon [_thread_blocked, id=36092, stack(0x000000efb8b00000,0x000000efb8c00000)]
  0x000002111e75b060 JavaThread "http-nio-8080-exec-10" daemon [_thread_blocked, id=7352, stack(0x000000efb8c00000,0x000000efb8d00000)]
  0x000002111e75c4a0 JavaThread "http-nio-8080-Poller" daemon [_thread_in_native, id=9744, stack(0x000000efb8d00000,0x000000efb8e00000)]
  0x000002111e760b80 JavaThread "http-nio-8080-Acceptor" daemon [_thread_in_native, id=1432, stack(0x000000efb8e00000,0x000000efb8f00000)]
  0x000002111e761090 JavaThread "DestroyJavaVM" [_thread_blocked, id=15140, stack(0x000000efb5e00000,0x000000efb5f00000)]
  0x000002111e7615a0 JavaThread "MessageBroker-3" [_thread_blocked, id=22008, stack(0x000000efb5c00000,0x000000efb5d00000)]
  0x000002111e75d3d0 JavaThread "MessageBroker-2" [_thread_blocked, id=14544, stack(0x000000efb5d00000,0x000000efb5e00000)]
  0x000002111e75ba80 JavaThread "MessageBroker-4" [_thread_blocked, id=38136, stack(0x000000efb8f00000,0x000000efb9000000)]
  0x000002111e75d8e0 JavaThread "WebSocket background processing" daemon [_thread_blocked, id=36584, stack(0x000000efb9000000,0x000000efb9100000)]
  0x000002111e75f230 JavaThread "MessageBroker-5" [_thread_blocked, id=9160, stack(0x000000efb9500000,0x000000efb9600000)]
  0x000002111e75e810 JavaThread "MessageBroker-6" [_thread_blocked, id=29356, stack(0x000000efb9800000,0x000000efb9900000)]
  0x000002111e75ed20 JavaThread "MessageBroker-7" [_thread_blocked, id=24960, stack(0x000000efb9a00000,0x000000efb9b00000)]
  0x000002111e75f740 JavaThread "MessageBroker-8" [_thread_blocked, id=37580, stack(0x000000efb9900000,0x000000efb9a00000)]
=>0x000002111d6bcfe0 JavaThread "C2 CompilerThread1" daemon [_thread_in_native, id=12952, stack(0x000000efb5b00000,0x000000efb5c00000)]

Other Threads:
  0x00000210d56de070 VMThread "VM Thread" [stack: 0x000000efb6400000,0x000000efb6500000] [id=14736]
  0x00000210d5bc83f0 WatcherThread [stack: 0x000000efb7100000,0x000000efb7200000] [id=29980]
  0x00000210b73a8400 GCTaskThread "GC Thread#0" [stack: 0x000000efb5f00000,0x000000efb6000000] [id=22376]
  0x000002111ba018c0 GCTaskThread "GC Thread#1" [stack: 0x000000efb7200000,0x000000efb7300000] [id=23068]
  0x000002111b8ff860 GCTaskThread "GC Thread#2" [stack: 0x000000efb7300000,0x000000efb7400000] [id=10296]
  0x000002111b75c040 GCTaskThread "GC Thread#3" [stack: 0x000000efb7400000,0x000000efb7500000] [id=21000]
  0x000002111ba6d190 GCTaskThread "GC Thread#4" [stack: 0x000000efb7500000,0x000000efb7600000] [id=23644]
  0x000002111bce2b30 GCTaskThread "GC Thread#5" [stack: 0x000000efb7800000,0x000000efb7900000] [id=17968]
  0x000002111bb4cd20 GCTaskThread "GC Thread#6" [stack: 0x000000efb7900000,0x000000efb7a00000] [id=36356]
  0x000002111bc60f60 GCTaskThread "GC Thread#7" [stack: 0x000000efb7a00000,0x000000efb7b00000] [id=12404]
  0x00000210b73b9f30 ConcurrentGCThread "G1 Main Marker" [stack: 0x000000efb6000000,0x000000efb6100000] [id=22356]
  0x00000210b73bb000 ConcurrentGCThread "G1 Conc#0" [stack: 0x000000efb6100000,0x000000efb6200000] [id=29604]
  0x000002111c196340 ConcurrentGCThread "G1 Conc#1" [stack: 0x000000efb7700000,0x000000efb7800000] [id=27120]
  0x00000210b73fd4c0 ConcurrentGCThread "G1 Refine#0" [stack: 0x000000efb6200000,0x000000efb6300000] [id=16104]
  0x00000210b73fde00 ConcurrentGCThread "G1 Service" [stack: 0x000000efb6300000,0x000000efb6400000] [id=32920]

Threads with active compile tasks:
C2 CompilerThread1   197826 8798       4       java.io.WinNTFileSystem::normalize (224 bytes)

VM state: not at safepoint (normal execution)

VM Mutex/Monitor currently owned by a thread: None

Heap address: 0x0000000081a00000, size: 2022 MB, Compressed Oops mode: 32-bit

CDS archive(s) mapped at: [0x00000210d6000000-0x00000210d6ba0000-0x00000210d6ba0000), size 12189696, SharedBaseAddress: 0x00000210d6000000, ArchiveRelocationMode: 1.
Compressed class space mapped at: 0x00000210d7000000-0x0000021117000000, reserved size: 1073741824
Narrow klass base: 0x00000210d6000000, Narrow klass shift: 0, Narrow klass range: 0x100000000

GC Precious Log:
 CPUs: 8 total, 8 available
 Memory: 8086M
 Large Page Support: Disabled
 NUMA Support: Disabled
 Compressed Oops: Enabled (32-bit)
 Heap Region Size: 1M
 Heap Min Capacity: 8M
 Heap Initial Capacity: 128M
 Heap Max Capacity: 2022M
 Pre-touch: Disabled
 Parallel Workers: 8
 Concurrent Workers: 2
 Concurrent Refinement Workers: 8
 Periodic GC: Disabled

Heap:
 garbage-first heap   total 89088K, used 54302K [0x0000000081a00000, 0x0000000100000000)
  region size 1024K, 14 young (14336K), 3 survivors (3072K)
 Metaspace       used 89030K, committed 89728K, reserved 1179648K
  class space    used 12428K, committed 12800K, reserved 1048576K

Heap Regions: E=young(eden), S=young(survivor), O=old, HS=humongous(starts), HC=humongous(continues), CS=collection set, F=free, OA=open archive, CA=closed archive, TAMS=top-at-mark-start (previous, next)
|   0|0x0000000081a00000, 0x0000000081b00000, 0x0000000081b00000|100%| O|  |TAMS 0x0000000081b00000, 0x0000000081a00000| Untracked 
|   1|0x0000000081b00000, 0x0000000081c00000, 0x0000000081c00000|100%|HS|  |TAMS 0x0000000081c00000, 0x0000000081b00000| Complete 
|   2|0x0000000081c00000, 0x0000000081d00000, 0x0000000081d00000|100%| O|  |TAMS 0x0000000081d00000, 0x0000000081c00000| Untracked 
|   3|0x0000000081d00000, 0x0000000081e00000, 0x0000000081e00000|100%| O|  |TAMS 0x0000000081e00000, 0x0000000081d00000| Untracked 
|   4|0x0000000081e00000, 0x0000000081f00000, 0x0000000081f00000|100%| O|  |TAMS 0x0000000081f00000, 0x0000000081e00000| Untracked 
|   5|0x0000000081f00000, 0x0000000082000000, 0x0000000082000000|100%| O|  |TAMS 0x0000000082000000, 0x0000000081f00000| Untracked 
|   6|0x0000000082000000, 0x0000000082100000, 0x0000000082100000|100%| O|  |TAMS 0x0000000082100000, 0x0000000082000000| Untracked 
|   7|0x0000000082100000, 0x0000000082200000, 0x0000000082200000|100%| O|  |TAMS 0x0000000082200000, 0x0000000082100000| Untracked 
|   8|0x0000000082200000, 0x0000000082300000, 0x0000000082300000|100%| O|  |TAMS 0x0000000082300000, 0x0000000082200000| Untracked 
|   9|0x0000000082300000, 0x0000000082371000, 0x0000000082400000| 44%| O|  |TAMS 0x0000000082371000, 0x0000000082300000| Untracked 
|  10|0x0000000082400000, 0x0000000082500000, 0x0000000082500000|100%| O|  |TAMS 0x0000000082500000, 0x0000000082400000| Untracked 
|  11|0x0000000082500000, 0x0000000082600000, 0x0000000082600000|100%| O|  |TAMS 0x0000000082600000, 0x0000000082500000| Untracked 
|  12|0x0000000082600000, 0x0000000082700000, 0x0000000082700000|100%| O|  |TAMS 0x0000000082700000, 0x0000000082600000| Untracked 
|  13|0x0000000082700000, 0x0000000082800000, 0x0000000082800000|100%| O|  |TAMS 0x0000000082800000, 0x0000000082700000| Untracked 
|  14|0x0000000082800000, 0x0000000082900000, 0x0000000082900000|100%| O|  |TAMS 0x0000000082900000, 0x0000000082800000| Untracked 
|  15|0x0000000082900000, 0x0000000082a00000, 0x0000000082a00000|100%| O|  |TAMS 0x0000000082a00000, 0x0000000082900000| Untracked 
|  16|0x0000000082a00000, 0x0000000082b00000, 0x0000000082b00000|100%| O|  |TAMS 0x0000000082b00000, 0x0000000082a00000| Untracked 
|  17|0x0000000082b00000, 0x0000000082c00000, 0x0000000082c00000|100%| O|  |TAMS 0x0000000082c00000, 0x0000000082b00000| Untracked 
|  18|0x0000000082c00000, 0x0000000082d00000, 0x0000000082d00000|100%| O|  |TAMS 0x0000000082d00000, 0x0000000082c00000| Untracked 
|  19|0x0000000082d00000, 0x0000000082e00000, 0x0000000082e00000|100%| O|  |TAMS 0x0000000082e00000, 0x0000000082d00000| Untracked 
|  20|0x0000000082e00000, 0x0000000082f00000, 0x0000000082f00000|100%| O|  |TAMS 0x0000000082f00000, 0x0000000082e00000| Untracked 
|  21|0x0000000082f00000, 0x0000000083000000, 0x0000000083000000|100%| O|  |TAMS 0x0000000083000000, 0x0000000082f00000| Untracked 
|  22|0x0000000083000000, 0x0000000083100000, 0x0000000083100000|100%| O|  |TAMS 0x0000000083100000, 0x0000000083000000| Untracked 
|  23|0x0000000083100000, 0x0000000083200000, 0x0000000083200000|100%| O|  |TAMS 0x0000000083200000, 0x0000000083100000| Untracked 
|  24|0x0000000083200000, 0x0000000083300000, 0x0000000083300000|100%| O|  |TAMS 0x0000000083300000, 0x0000000083200000| Untracked 
|  25|0x0000000083300000, 0x0000000083400000, 0x0000000083400000|100%| O|  |TAMS 0x0000000083400000, 0x0000000083300000| Untracked 
|  26|0x0000000083400000, 0x0000000083500000, 0x0000000083500000|100%| O|  |TAMS 0x0000000083500000, 0x0000000083400000| Untracked 
|  27|0x0000000083500000, 0x0000000083600000, 0x0000000083600000|100%| O|  |TAMS 0x0000000083600000, 0x0000000083500000| Untracked 
|  28|0x0000000083600000, 0x0000000083700000, 0x0000000083700000|100%| O|  |TAMS 0x0000000083700000, 0x0000000083600000| Untracked 
|  29|0x0000000083700000, 0x0000000083800000, 0x0000000083800000|100%| O|  |TAMS 0x0000000083800000, 0x0000000083700000| Untracked 
|  30|0x0000000083800000, 0x0000000083900000, 0x0000000083900000|100%| O|  |TAMS 0x0000000083900000, 0x0000000083800000| Untracked 
|  31|0x0000000083900000, 0x0000000083a00000, 0x0000000083a00000|100%| O|  |TAMS 0x0000000083a00000, 0x0000000083900000| Untracked 
|  32|0x0000000083a00000, 0x0000000083b00000, 0x0000000083b00000|100%| O|  |TAMS 0x0000000083aa3400, 0x0000000083a00000| Untracked 
|  33|0x0000000083b00000, 0x0000000083c00000, 0x0000000083c00000|100%| O|  |TAMS 0x0000000083b00000, 0x0000000083b00000| Untracked 
|  34|0x0000000083c00000, 0x0000000083d00000, 0x0000000083d00000|100%| O|  |TAMS 0x0000000083c00000, 0x0000000083c00000| Untracked 
|  35|0x0000000083d00000, 0x0000000083e00000, 0x0000000083e00000|100%| O|  |TAMS 0x0000000083d00000, 0x0000000083d00000| Untracked 
|  36|0x0000000083e00000, 0x0000000083f00000, 0x0000000083f00000|100%| O|  |TAMS 0x0000000083e00000, 0x0000000083e00000| Untracked 
|  37|0x0000000083f00000, 0x0000000084000000, 0x0000000084000000|100%| O|  |TAMS 0x0000000083f00000, 0x0000000083f00000| Untracked 
|  38|0x0000000084000000, 0x0000000084100000, 0x0000000084100000|100%| O|  |TAMS 0x0000000084000000, 0x0000000084000000| Untracked 
|  39|0x0000000084100000, 0x0000000084200000, 0x0000000084200000|100%| O|  |TAMS 0x0000000084100000, 0x0000000084100000| Untracked 
|  40|0x0000000084200000, 0x0000000084300000, 0x0000000084300000|100%| O|  |TAMS 0x0000000084200000, 0x0000000084200000| Untracked 
|  41|0x0000000084300000, 0x000000008434a200, 0x0000000084400000| 28%| O|  |TAMS 0x0000000084300000, 0x0000000084300000| Untracked 
|  42|0x0000000084400000, 0x0000000084400000, 0x0000000084500000|  0%| F|  |TAMS 0x0000000084400000, 0x0000000084400000| Untracked 
|  43|0x0000000084500000, 0x0000000084500000, 0x0000000084600000|  0%| F|  |TAMS 0x0000000084500000, 0x0000000084500000| Untracked 
|  44|0x0000000084600000, 0x0000000084600000, 0x0000000084700000|  0%| F|  |TAMS 0x0000000084600000, 0x0000000084600000| Untracked 
|  45|0x0000000084700000, 0x0000000084700000, 0x0000000084800000|  0%| F|  |TAMS 0x0000000084700000, 0x0000000084700000| Untracked 
|  46|0x0000000084800000, 0x0000000084800000, 0x0000000084900000|  0%| F|  |TAMS 0x0000000084800000, 0x0000000084800000| Untracked 
|  47|0x0000000084900000, 0x0000000084900000, 0x0000000084a00000|  0%| F|  |TAMS 0x0000000084900000, 0x0000000084900000| Untracked 
|  48|0x0000000084a00000, 0x0000000084a00000, 0x0000000084b00000|  0%| F|  |TAMS 0x0000000084a00000, 0x0000000084a00000| Untracked 
|  49|0x0000000084b00000, 0x0000000084b00000, 0x0000000084c00000|  0%| F|  |TAMS 0x0000000084b00000, 0x0000000084b00000| Untracked 
|  50|0x0000000084c00000, 0x0000000084c00000, 0x0000000084d00000|  0%| F|  |TAMS 0x0000000084c00000, 0x0000000084c00000| Untracked 
|  51|0x0000000084d00000, 0x0000000084d00000, 0x0000000084e00000|  0%| F|  |TAMS 0x0000000084d00000, 0x0000000084d00000| Untracked 
|  52|0x0000000084e00000, 0x0000000084e00000, 0x0000000084f00000|  0%| F|  |TAMS 0x0000000084e00000, 0x0000000084e00000| Untracked 
|  53|0x0000000084f00000, 0x0000000084f00000, 0x0000000085000000|  0%| F|  |TAMS 0x0000000084f00000, 0x0000000084f00000| Untracked 
|  54|0x0000000085000000, 0x0000000085000000, 0x0000000085100000|  0%| F|  |TAMS 0x0000000085000000, 0x0000000085000000| Untracked 
|  55|0x0000000085100000, 0x000000008514c7b8, 0x0000000085200000| 29%| S|CS|TAMS 0x0000000085100000, 0x0000000085100000| Complete 
|  56|0x0000000085200000, 0x0000000085300000, 0x0000000085300000|100%| S|CS|TAMS 0x0000000085200000, 0x0000000085200000| Complete 
|  57|0x0000000085300000, 0x0000000085400000, 0x0000000085400000|100%| S|CS|TAMS 0x0000000085300000, 0x0000000085300000| Complete 
|  58|0x0000000085400000, 0x0000000085400000, 0x0000000085500000|  0%| F|  |TAMS 0x0000000085400000, 0x0000000085400000| Untracked 
|  59|0x0000000085500000, 0x0000000085500000, 0x0000000085600000|  0%| F|  |TAMS 0x0000000085500000, 0x0000000085500000| Untracked 
|  60|0x0000000085600000, 0x0000000085600000, 0x0000000085700000|  0%| F|  |TAMS 0x0000000085600000, 0x0000000085600000| Untracked 
|  61|0x0000000085700000, 0x0000000085700000, 0x0000000085800000|  0%| F|  |TAMS 0x0000000085700000, 0x0000000085700000| Untracked 
|  62|0x0000000085800000, 0x0000000085800000, 0x0000000085900000|  0%| F|  |TAMS 0x0000000085800000, 0x0000000085800000| Untracked 
|  63|0x0000000085900000, 0x0000000085900000, 0x0000000085a00000|  0%| F|  |TAMS 0x0000000085900000, 0x0000000085900000| Untracked 
|  64|0x0000000085a00000, 0x0000000085a00000, 0x0000000085b00000|  0%| F|  |TAMS 0x0000000085a00000, 0x0000000085a00000| Untracked 
|  65|0x0000000085b00000, 0x0000000085b00000, 0x0000000085c00000|  0%| F|  |TAMS 0x0000000085b00000, 0x0000000085b00000| Untracked 
|  66|0x0000000085c00000, 0x0000000085c00000, 0x0000000085d00000|  0%| F|  |TAMS 0x0000000085c00000, 0x0000000085c00000| Untracked 
|  67|0x0000000085d00000, 0x0000000085d00000, 0x0000000085e00000|  0%| F|  |TAMS 0x0000000085d00000, 0x0000000085d00000| Untracked 
|  68|0x0000000085e00000, 0x0000000085e00000, 0x0000000085f00000|  0%| F|  |TAMS 0x0000000085e00000, 0x0000000085e00000| Untracked 
|  69|0x0000000085f00000, 0x0000000085f00000, 0x0000000086000000|  0%| F|  |TAMS 0x0000000085f00000, 0x0000000085f00000| Untracked 
|  70|0x0000000086000000, 0x0000000086000000, 0x0000000086100000|  0%| F|  |TAMS 0x0000000086000000, 0x0000000086000000| Untracked 
|  71|0x0000000086100000, 0x0000000086100000, 0x0000000086200000|  0%| F|  |TAMS 0x0000000086100000, 0x0000000086100000| Untracked 
|  72|0x0000000086200000, 0x0000000086200000, 0x0000000086300000|  0%| F|  |TAMS 0x0000000086200000, 0x0000000086200000| Untracked 
|  73|0x0000000086300000, 0x0000000086300000, 0x0000000086400000|  0%| F|  |TAMS 0x0000000086300000, 0x0000000086300000| Untracked 
|  74|0x0000000086400000, 0x0000000086400000, 0x0000000086500000|  0%| F|  |TAMS 0x0000000086400000, 0x0000000086400000| Untracked 
|  75|0x0000000086500000, 0x0000000086500000, 0x0000000086600000|  0%| F|  |TAMS 0x0000000086500000, 0x0000000086500000| Untracked 
|  76|0x0000000086600000, 0x000000008665c8b0, 0x0000000086700000| 36%| E|  |TAMS 0x0000000086600000, 0x0000000086600000| Complete 
|  77|0x0000000086700000, 0x0000000086800000, 0x0000000086800000|100%| E|CS|TAMS 0x0000000086700000, 0x0000000086700000| Complete 
|  78|0x0000000086800000, 0x0000000086900000, 0x0000000086900000|100%| E|CS|TAMS 0x0000000086800000, 0x0000000086800000| Complete 
|  79|0x0000000086900000, 0x0000000086a00000, 0x0000000086a00000|100%| E|CS|TAMS 0x0000000086900000, 0x0000000086900000| Complete 
|  80|0x0000000086a00000, 0x0000000086b00000, 0x0000000086b00000|100%| E|CS|TAMS 0x0000000086a00000, 0x0000000086a00000| Complete 
|  81|0x0000000086b00000, 0x0000000086c00000, 0x0000000086c00000|100%| E|CS|TAMS 0x0000000086b00000, 0x0000000086b00000| Complete 
|  82|0x0000000086c00000, 0x0000000086d00000, 0x0000000086d00000|100%| E|CS|TAMS 0x0000000086c00000, 0x0000000086c00000| Complete 
|  83|0x0000000086d00000, 0x0000000086e00000, 0x0000000086e00000|100%| E|CS|TAMS 0x0000000086d00000, 0x0000000086d00000| Complete 
|  84|0x0000000086e00000, 0x0000000086f00000, 0x0000000086f00000|100%| E|CS|TAMS 0x0000000086e00000, 0x0000000086e00000| Complete 
|  85|0x0000000086f00000, 0x0000000087000000, 0x0000000087000000|100%| E|CS|TAMS 0x0000000086f00000, 0x0000000086f00000| Complete 
| 127|0x0000000089900000, 0x0000000089a00000, 0x0000000089a00000|100%| E|CS|TAMS 0x0000000089900000, 0x0000000089900000| Complete 

Card table byte_map: [0x00000210ce580000,0x00000210ce980000] _byte_map_base: 0x00000210ce173000

Marking Bits (Prev, Next): (CMBitMap*) 0x00000210b73a9940, (CMBitMap*) 0x00000210b73a9980
 Prev Bits: [0x00000210ced80000, 0x00000210d0d18000)
 Next Bits: [0x00000210d0d20000, 0x00000210d2cb8000)

Polling page: 0x00000210b5330000

Metaspace:

Usage:
  Non-class:     74.81 MB used.
      Class:     12.14 MB used.
       Both:     86.94 MB used.

Virtual space:
  Non-class space:      128.00 MB reserved,      75.12 MB ( 59%) committed,  2 nodes.
      Class space:        1.00 GB reserved,      12.50 MB (  1%) committed,  1 nodes.
             Both:        1.12 GB reserved,      87.62 MB (  8%) committed. 

Chunk freelists:
   Non-Class:  4.38 MB
       Class:  3.43 MB
        Both:  7.81 MB

MaxMetaspaceSize: unlimited
CompressedClassSpaceSize: 1.00 GB
Initial GC threshold: 21.00 MB
Current GC threshold: 120.75 MB
CDS: on
MetaspaceReclaimPolicy: balanced
 - commit_granule_bytes: 65536.
 - commit_granule_words: 8192.
 - virtual_space_node_default_size: 8388608.
 - enlarge_chunks_in_place: 1.
 - new_chunks_are_fully_committed: 0.
 - uncommit_free_chunks: 1.
 - use_allocation_guard: 0.
 - handle_deallocations: 1.


Internal statistics:

num_allocs_failed_limit: 9.
num_arena_births: 964.
num_arena_deaths: 0.
num_vsnodes_births: 3.
num_vsnodes_deaths: 0.
num_space_committed: 1402.
num_space_uncommitted: 0.
num_chunks_returned_to_freelist: 9.
num_chunks_taken_from_freelist: 4121.
num_chunk_merges: 6.
num_chunk_splits: 3031.
num_chunks_enlarged: 2425.
num_inconsistent_stats: 0.

CodeHeap 'non-profiled nmethods': size=120000Kb used=5187Kb max_used=5657Kb free=114812Kb
 bounds [0x00000210c6920000, 0x00000210c6eb0000, 0x00000210cde50000]
CodeHeap 'profiled nmethods': size=120000Kb used=14690Kb max_used=14690Kb free=105309Kb
 bounds [0x00000210bee50000, 0x00000210bfcb0000, 0x00000210c6380000]
CodeHeap 'non-nmethods': size=5760Kb used=1391Kb max_used=1503Kb free=4368Kb
 bounds [0x00000210c6380000, 0x00000210c65f0000, 0x00000210c6920000]
 total_blobs=8362 nmethods=7625 adapters=649
 compilation: enabled
              stopped_count=0, restarted_count=0
 full_count=0

Compilation events (20 events):
Event: 192.703 Thread 0x00000210d5732d10 nmethod 8808 0x00000210c6c23890 code [0x00000210c6c23a20, 0x00000210c6c23af8]
Event: 192.703 Thread 0x00000210d5732d10 8809       1       org.hibernate.query.internal.QueryOptionsImpl::getCacheStoreMode (5 bytes)
Event: 192.703 Thread 0x00000210d5732d10 nmethod 8809 0x00000210c6c23590 code [0x00000210c6c23720, 0x00000210c6c237f8]
Event: 192.703 Thread 0x00000210d5732d10 8814       1       org.hibernate.tuple.entity.EntityMetamodel::getPropertyNames (5 bytes)
Event: 192.703 Thread 0x00000210d5732d10 nmethod 8814 0x00000210c6c23290 code [0x00000210c6c23420, 0x00000210c6c234f8]
Event: 192.703 Thread 0x00000210d5732d10 8810       1       org.hibernate.query.internal.QueryOptionsImpl::getCacheRetrieveMode (5 bytes)
Event: 192.703 Thread 0x00000210d5732d10 nmethod 8810 0x00000210c6c22f90 code [0x00000210c6c23120, 0x00000210c6c231f8]
Event: 192.703 Thread 0x00000210d5732d10 8812       1       org.hibernate.query.internal.QueryOptionsImpl::getResultListTransformer (5 bytes)
Event: 192.703 Thread 0x00000210d5732d10 nmethod 8812 0x00000210c6c22c90 code [0x00000210c6c22e20, 0x00000210c6c22ef8]
Event: 192.703 Thread 0x00000210d5732d10 8813       1       org.hibernate.engine.spi.CollectionKey::getKey (5 bytes)
Event: 192.703 Thread 0x00000210d5732d10 nmethod 8813 0x00000210c6c22990 code [0x00000210c6c22b20, 0x00000210c6c22bf8]
Event: 192.703 Thread 0x00000210d5732d10 8815       1       org.hibernate.type.CollectionType::isCollectionType (2 bytes)
Event: 192.703 Thread 0x00000210d5732d10 nmethod 8815 0x00000210c6c22690 code [0x00000210c6c22820, 0x00000210c6c228f8]
Event: 192.708 Thread 0x00000210d570a320 nmethod 8794 0x00000210c6c20a10 code [0x00000210c6c20c40, 0x00000210c6c21ad8]
Event: 192.708 Thread 0x00000210d570a320 8795       4       java.util.regex.Pattern$CharPropertyGreedy::match (160 bytes)
Event: 192.724 Thread 0x00000210d570a320 nmethod 8795 0x00000210c6c1f190 code [0x00000210c6c1f3c0, 0x00000210c6c1ffd8]
Event: 192.724 Thread 0x00000210d570a320 8802       4       java.lang.invoke.VarHandle::checkExactAccessMode (28 bytes)
Event: 192.731 Thread 0x00000210d570a320 nmethod 8802 0x00000210c6c1e690 code [0x00000210c6c1e840, 0x00000210c6c1ef08]
Event: 192.731 Thread 0x00000210d570a320 8816       4       java.util.Collections$EmptyList::toArray (5 bytes)
Event: 192.732 Thread 0x00000210d570a320 nmethod 8816 0x00000210c6c1e310 code [0x00000210c6c1e4a0, 0x00000210c6c1e598]

GC Heap History (20 events):
Event: 25.111 GC heap before
{Heap before GC invocations=11 (full 0):
 garbage-first heap   total 73728K, used 55660K [0x0000000081a00000, 0x0000000100000000)
  region size 1024K, 31 young (31744K), 4 survivors (4096K)
 Metaspace       used 59875K, committed 60352K, reserved 1114112K
  class space    used 8168K, committed 8384K, reserved 1048576K
}
Event: 25.120 GC heap after
{Heap after GC invocations=12 (full 0):
 garbage-first heap   total 73728K, used 29731K [0x0000000081a00000, 0x0000000100000000)
  region size 1024K, 2 young (2048K), 2 survivors (2048K)
 Metaspace       used 59875K, committed 60352K, reserved 1114112K
  class space    used 8168K, committed 8384K, reserved 1048576K
}
Event: 25.255 GC heap before
{Heap before GC invocations=12 (full 0):
 garbage-first heap   total 73728K, used 29731K [0x0000000081a00000, 0x0000000100000000)
  region size 1024K, 3 young (3072K), 2 survivors (2048K)
 Metaspace       used 60078K, committed 60480K, reserved 1114112K
  class space    used 8208K, committed 8384K, reserved 1048576K
}
Event: 25.259 GC heap after
{Heap after GC invocations=13 (full 0):
 garbage-first heap   total 73728K, used 29386K [0x0000000081a00000, 0x0000000100000000)
  region size 1024K, 2 young (2048K), 2 survivors (2048K)
 Metaspace       used 60078K, committed 60480K, reserved 1114112K
  class space    used 8208K, committed 8384K, reserved 1048576K
}
Event: 26.376 GC heap before
{Heap before GC invocations=14 (full 0):
 garbage-first heap   total 73728K, used 57034K [0x0000000081a00000, 0x0000000100000000)
  region size 1024K, 29 young (29696K), 2 survivors (2048K)
 Metaspace       used 65201K, committed 65664K, reserved 1114112K
  class space    used 8954K, committed 9152K, reserved 1048576K
}
Event: 26.384 GC heap after
{Heap after GC invocations=15 (full 0):
 garbage-first heap   total 73728K, used 31023K [0x0000000081a00000, 0x0000000100000000)
  region size 1024K, 3 young (3072K), 3 survivors (3072K)
 Metaspace       used 65201K, committed 65664K, reserved 1114112K
  class space    used 8954K, committed 9152K, reserved 1048576K
}
Event: 27.063 GC heap before
{Heap before GC invocations=15 (full 0):
 garbage-first heap   total 73728K, used 57647K [0x0000000081a00000, 0x0000000100000000)
  region size 1024K, 29 young (29696K), 3 survivors (3072K)
 Metaspace       used 69227K, committed 69760K, reserved 1114112K
  class space    used 9578K, committed 9792K, reserved 1048576K
}
Event: 27.078 GC heap after
{Heap after GC invocations=16 (full 0):
 garbage-first heap   total 73728K, used 33056K [0x0000000081a00000, 0x0000000100000000)
  region size 1024K, 4 young (4096K), 4 survivors (4096K)
 Metaspace       used 69227K, committed 69760K, reserved 1114112K
  class space    used 9578K, committed 9792K, reserved 1048576K
}
Event: 27.731 GC heap before
{Heap before GC invocations=16 (full 0):
 garbage-first heap   total 73728K, used 56608K [0x0000000081a00000, 0x0000000100000000)
  region size 1024K, 28 young (28672K), 4 survivors (4096K)
 Metaspace       used 72014K, committed 72512K, reserved 1114112K
  class space    used 10120K, committed 10304K, reserved 1048576K
}
Event: 27.747 GC heap after
{Heap after GC invocations=17 (full 0):
 garbage-first heap   total 73728K, used 35540K [0x0000000081a00000, 0x0000000100000000)
  region size 1024K, 3 young (3072K), 3 survivors (3072K)
 Metaspace       used 72014K, committed 72512K, reserved 1114112K
  class space    used 10120K, committed 10304K, reserved 1048576K
}
Event: 28.294 GC heap before
{Heap before GC invocations=17 (full 0):
 garbage-first heap   total 73728K, used 58068K [0x0000000081a00000, 0x0000000100000000)
  region size 1024K, 25 young (25600K), 3 survivors (3072K)
 Metaspace       used 73557K, committed 74112K, reserved 1114112K
  class space    used 10323K, committed 10624K, reserved 1048576K
}
Event: 28.297 GC heap after
{Heap after GC invocations=18 (full 0):
 garbage-first heap   total 89088K, used 35315K [0x0000000081a00000, 0x0000000100000000)
  region size 1024K, 2 young (2048K), 2 survivors (2048K)
 Metaspace       used 73557K, committed 74112K, reserved 1114112K
  class space    used 10323K, committed 10624K, reserved 1048576K
}
Event: 29.047 GC heap before
{Heap before GC invocations=19 (full 0):
 garbage-first heap   total 89088K, used 71155K [0x0000000081a00000, 0x0000000100000000)
  region size 1024K, 37 young (37888K), 2 survivors (2048K)
 Metaspace       used 75054K, committed 75584K, reserved 1114112K
  class space    used 10562K, committed 10816K, reserved 1048576K
}
Event: 29.050 GC heap after
{Heap after GC invocations=20 (full 0):
 garbage-first heap   total 89088K, used 37138K [0x0000000081a00000, 0x0000000100000000)
  region size 1024K, 4 young (4096K), 4 survivors (4096K)
 Metaspace       used 75054K, committed 75584K, reserved 1114112K
  class space    used 10562K, committed 10816K, reserved 1048576K
}
Event: 30.073 GC heap before
{Heap before GC invocations=20 (full 0):
 garbage-first heap   total 89088K, used 70930K [0x0000000081a00000, 0x0000000100000000)
  region size 1024K, 37 young (37888K), 4 survivors (4096K)
 Metaspace       used 77936K, committed 78464K, reserved 1179648K
  class space    used 10958K, committed 11200K, reserved 1048576K
}
Event: 30.079 GC heap after
{Heap after GC invocations=21 (full 0):
 garbage-first heap   total 89088K, used 38857K [0x0000000081a00000, 0x0000000100000000)
  region size 1024K, 4 young (4096K), 4 survivors (4096K)
 Metaspace       used 77936K, committed 78464K, reserved 1179648K
  class space    used 10958K, committed 11200K, reserved 1048576K
}
Event: 37.263 GC heap before
{Heap before GC invocations=21 (full 0):
 garbage-first heap   total 89088K, used 72649K [0x0000000081a00000, 0x0000000100000000)
  region size 1024K, 37 young (37888K), 4 survivors (4096K)
 Metaspace       used 83021K, committed 83648K, reserved 1179648K
  class space    used 11658K, committed 11968K, reserved 1048576K
}
Event: 37.271 GC heap after
{Heap after GC invocations=22 (full 0):
 garbage-first heap   total 89088K, used 41913K [0x0000000081a00000, 0x0000000100000000)
  region size 1024K, 5 young (5120K), 5 survivors (5120K)
 Metaspace       used 83021K, committed 83648K, reserved 1179648K
  class space    used 11658K, committed 11968K, reserved 1048576K
}
Event: 71.350 GC heap before
{Heap before GC invocations=22 (full 0):
 garbage-first heap   total 89088K, used 70585K [0x0000000081a00000, 0x0000000100000000)
  region size 1024K, 34 young (34816K), 5 survivors (5120K)
 Metaspace       used 88383K, committed 89024K, reserved 1179648K
  class space    used 12402K, committed 12736K, reserved 1048576K
}
Event: 71.358 GC heap after
{Heap after GC invocations=23 (full 0):
 garbage-first heap   total 89088K, used 44062K [0x0000000081a00000, 0x0000000100000000)
  region size 1024K, 3 young (3072K), 3 survivors (3072K)
 Metaspace       used 88383K, committed 89024K, reserved 1179648K
  class space    used 12402K, committed 12736K, reserved 1048576K
}

Dll operation events (13 events):
Event: 0.020 Loaded shared library C:\Users\longq\.jdks\corretto-17.0.9\bin\java.dll
Event: 0.048 Loaded shared library C:\Users\longq\.jdks\corretto-17.0.9\bin\jsvml.dll
Event: 0.353 Loaded shared library C:\Users\longq\.jdks\corretto-17.0.9\bin\zip.dll
Event: 0.367 Loaded shared library C:\Users\longq\.jdks\corretto-17.0.9\bin\instrument.dll
Event: 0.379 Loaded shared library C:\Users\longq\.jdks\corretto-17.0.9\bin\net.dll
Event: 0.381 Loaded shared library C:\Users\longq\.jdks\corretto-17.0.9\bin\nio.dll
Event: 0.383 Loaded shared library C:\Users\longq\.jdks\corretto-17.0.9\bin\zip.dll
Event: 0.760 Loaded shared library D:\Program Files\JetBrains\IntelliJ IDEA Community Edition 2023.3\bin\breakgen64.dll
Event: 0.868 Loaded shared library C:\Users\longq\.jdks\corretto-17.0.9\bin\jimage.dll
Event: 4.435 Loaded shared library C:\Users\longq\.jdks\corretto-17.0.9\bin\sunmscapi.dll
Event: 19.395 Loaded shared library C:\Users\longq\.jdks\corretto-17.0.9\bin\verify.dll
Event: 20.430 Loaded shared library C:\Users\longq\.jdks\corretto-17.0.9\bin\management.dll
Event: 20.432 Loaded shared library C:\Users\longq\.jdks\corretto-17.0.9\bin\management_ext.dll

Deoptimization events (20 events):
Event: 65.582 Thread 0x000002111b933260 Uncommon trap: trap_request=0xffffff45 fr.pc=0x00000210c6cbb51c relative=0x000000000000067c
Event: 65.582 Thread 0x000002111b933260 Uncommon trap: reason=unstable_if action=reinterpret pc=0x00000210c6cbb51c method=java.util.Optional.filter(Ljava/util/function/Predicate;)Ljava/util/Optional; @ 24 c2
Event: 65.582 Thread 0x000002111ea30810 DEOPT PACKING pc=0x00000210c6cbb51c sp=0x000000efb87fa160
Event: 65.582 Thread 0x000002111b933260 DEOPT PACKING pc=0x00000210c6cbb51c sp=0x000000efb88fa670
Event: 65.582 Thread 0x000002111ea30810 DEOPT UNPACKING pc=0x00000210c63d69a3 sp=0x000000efb87f9f68 mode 2
Event: 65.582 Thread 0x000002111b933260 DEOPT UNPACKING pc=0x00000210c63d69a3 sp=0x000000efb88fa478 mode 2
Event: 65.775 Thread 0x000002111e760670 Uncommon trap: trap_request=0xffffff45 fr.pc=0x00000210c6bae6e4 relative=0x0000000000000124
Event: 65.775 Thread 0x000002111e760670 Uncommon trap: reason=unstable_if action=reinterpret pc=0x00000210c6bae6e4 method=java.net.URI.match(CJJ)Z @ 45 c2
Event: 65.775 Thread 0x000002111e760670 DEOPT PACKING pc=0x00000210c6bae6e4 sp=0x000000efb8afb4a0
Event: 65.775 Thread 0x000002111e760670 DEOPT UNPACKING pc=0x00000210c63d69a3 sp=0x000000efb8afb3d8 mode 2
Event: 65.929 Thread 0x000002111e760670 Uncommon trap: trap_request=0xffffff45 fr.pc=0x00000210c6baa8b4 relative=0x00000000000000b4
Event: 65.929 Thread 0x000002111e760670 Uncommon trap: reason=unstable_if action=reinterpret pc=0x00000210c6baa8b4 method=java.net.URI.match(CJJ)Z @ 45 c2
Event: 65.929 Thread 0x000002111e760670 DEOPT PACKING pc=0x00000210c6baa8b4 sp=0x000000efb8afae90
Event: 65.929 Thread 0x000002111e760670 DEOPT UNPACKING pc=0x00000210c63d69a3 sp=0x000000efb8afae40 mode 2
Event: 71.347 Thread 0x000002111ea2e4a0 DEOPT PACKING pc=0x00000210bf7afd92 sp=0x000000efb85fd7d0
Event: 71.347 Thread 0x000002111ea2e4a0 DEOPT UNPACKING pc=0x00000210c63d7143 sp=0x000000efb85fcc98 mode 0
Event: 71.428 Thread 0x000002111ea2e4a0 DEOPT PACKING pc=0x00000210bf7aef20 sp=0x000000efb85fca90
Event: 71.428 Thread 0x000002111ea2e4a0 DEOPT UNPACKING pc=0x00000210c63d7143 sp=0x000000efb85fbf40 mode 0
Event: 192.676 Thread 0x000002111b933260 DEOPT PACKING pc=0x00000210beebbb4b sp=0x000000efb88fcb60
Event: 192.676 Thread 0x000002111b933260 DEOPT UNPACKING pc=0x00000210c63d7143 sp=0x000000efb88fc080 mode 0

Classes unloaded (0 events):
No events

Classes redefined (0 events):
No events

Internal exceptions (20 events):
Event: 30.098 Thread 0x00000210b734bd00 Exception <a 'java/lang/NoSuchMethodError'{0x00000000899644d0}: 'java.lang.Object java.lang.invoke.DirectMethodHandle$Holder.invokeInterface(java.lang.Object, java.lang.Object, java.lang.Object, java.lang.Object)'> (0x00000000899644d0) 
thrown [s\src\hotspot\share\interpreter\linkResolver.cpp, line 759]
Event: 30.188 Thread 0x00000210b734bd00 Implicit null exception at 0x00000210c6d7d0ee to 0x00000210c6d7d300
Event: 30.435 Thread 0x00000210b734bd00 Exception <a 'java/lang/IncompatibleClassChangeError'{0x00000000867ea860}: Found class java.lang.Object, but interface was expected> (0x00000000867ea860) 
thrown [s\src\hotspot\share\interpreter\linkResolver.cpp, line 826]
Event: 30.829 Thread 0x00000210b734bd00 Exception <a 'java/lang/NoSuchMethodError'{0x0000000085c919d0}: 'void java.lang.invoke.DirectMethodHandle$Holder.invokeVirtual(java.lang.Object, java.lang.Object, long)'> (0x0000000085c919d0) 
thrown [s\src\hotspot\share\interpreter\linkResolver.cpp, line 759]
Event: 30.831 Thread 0x00000210b734bd00 Exception <a 'java/lang/NoSuchMethodError'{0x0000000085ca4580}: 'void java.lang.invoke.DirectMethodHandle$Holder.invokeVirtual(java.lang.Object, java.lang.Object, float)'> (0x0000000085ca4580) 
thrown [s\src\hotspot\share\interpreter\linkResolver.cpp, line 759]
Event: 30.988 Thread 0x00000210b734bd00 Exception <a 'java/lang/IncompatibleClassChangeError'{0x00000000857203d8}: Found class java.lang.Object, but interface was expected> (0x00000000857203d8) 
thrown [s\src\hotspot\share\interpreter\linkResolver.cpp, line 826]
Event: 31.030 Thread 0x00000210b734bd00 Exception <a 'java/lang/NoSuchMethodError'{0x00000000856bd1e8}: 'java.lang.Object java.lang.invoke.DirectMethodHandle$Holder.newInvokeSpecial(java.lang.Object, java.lang.Object, int, java.lang.Object, java.lang.Object)'> (0x00000000856bd1e8) 
thrown [s\src\hotspot\share\interpreter\linkResolver.cpp, line 759]
Event: 31.031 Thread 0x00000210b734bd00 Exception <a 'java/lang/NoSuchMethodError'{0x00000000856c83f0}: 'java.lang.Object java.lang.invoke.DirectMethodHandle$Holder.invokeSpecial(java.lang.Object, java.lang.Object, int, java.lang.Object, int, java.lang.Object)'> (0x00000000856c83f0) 
thrown [s\src\hotspot\share\interpreter\linkResolver.cpp, line 759]
Event: 31.032 Thread 0x00000210b734bd00 Exception <a 'java/lang/NoSuchMethodError'{0x00000000856cfdf8}: 'java.lang.Object java.lang.invoke.DirectMethodHandle$Holder.newInvokeSpecial(java.lang.Object, java.lang.Object, int, java.lang.Object, int)'> (0x00000000856cfdf8) 
thrown [s\src\hotspot\share\interpreter\linkResolver.cpp, line 759]
Event: 31.032 Thread 0x00000210b734bd00 Exception <a 'java/lang/NoSuchMethodError'{0x00000000856d3eb0}: 'java.lang.Object java.lang.invoke.DirectMethodHandle$Holder.invokeSpecial(java.lang.Object, java.lang.Object, java.lang.Object, int, java.lang.Object, int)'> (0x00000000856d3eb0) 
thrown [s\src\hotspot\share\interpreter\linkResolver.cpp, line 759]
Event: 37.167 Thread 0x000002111ea30300 Exception <a 'java/lang/NoSuchMethodError'{0x0000000085105d08}: 'java.lang.Object java.lang.invoke.DirectMethodHandle$Holder.invokeSpecial(java.lang.Object, java.lang.Object, java.lang.Object, java.lang.Object, java.lang.Object, long)'> (0x0000000085105d08) 
thrown [s\src\hotspot\share\interpreter\linkResolver.cpp, line 759]
Event: 37.167 Thread 0x000002111ea30300 Exception <a 'java/lang/NoSuchMethodError'{0x0000000085109700}: 'java.lang.Object java.lang.invoke.Invokers$Holder.linkToTargetMethod(java.lang.Object, java.lang.Object, java.lang.Object, long, java.lang.Object)'> (0x0000000085109700) 
thrown [s\src\hotspot\share\interpreter\linkResolver.cpp, line 759]
Event: 37.430 Thread 0x000002111ea2f8e0 Exception <a 'java/lang/NoSuchMethodError'{0x0000000086cacc60}: 'void java.lang.invoke.DirectMethodHandle$Holder.invokeSpecialIFC(java.lang.Object, java.lang.Object, int, java.lang.Object, java.lang.Object, java.lang.Object, java.lang.Object)'> (0x0000000086cacc60) 
thrown [s\src\hotspot\share\interpreter\linkResolver.cpp, line 759]
Event: 37.691 Thread 0x000002111ea2f8e0 Exception <a 'java/lang/NoSuchMethodError'{0x00000000867b7b50}: 'java.lang.Object java.lang.invoke.Invokers$Holder.linkToTargetMethod(java.lang.Object, int, java.lang.Object, java.lang.Object, java.lang.Object, java.lang.Object)'> (0x00000000867b7b50) 
thrown [s\src\hotspot\share\interpreter\linkResolver.cpp, line 759]
Event: 65.676 Thread 0x000002111e75c9b0 Exception <a 'java/lang/NoSuchMethodError'{0x0000000085e863c0}: 'java.lang.Object java.lang.invoke.DirectMethodHandle$Holder.invokeStatic(java.lang.Object, int, int)'> (0x0000000085e863c0) 
thrown [s\src\hotspot\share\interpreter\linkResolver.cpp, line 759]
Event: 66.372 Thread 0x000002111e75e300 Exception <a 'java/lang/NoSuchMethodError'{0x00000000855f9038}: 'java.lang.Object java.lang.invoke.DirectMethodHandle$Holder.newInvokeSpecial(java.lang.Object, java.lang.Object, java.lang.Object, long)'> (0x00000000855f9038) 
thrown [s\src\hotspot\share\interpreter\linkResolver.cpp, line 759]
Event: 66.372 Thread 0x000002111e75e300 Exception <a 'java/lang/NoSuchMethodError'{0x00000000855fd2c8}: 'java.lang.Object java.lang.invoke.DirectMethodHandle$Holder.invokeSpecial(java.lang.Object, java.lang.Object, java.lang.Object, java.lang.Object, long)'> (0x00000000855fd2c8) 
thrown [s\src\hotspot\share\interpreter\linkResolver.cpp, line 759]
Event: 66.372 Thread 0x000002111e75e300 Exception <a 'java/lang/NoSuchMethodError'{0x0000000085401100}: 'java.lang.Object java.lang.invoke.Invokers$Holder.linkToTargetMethod(java.lang.Object, java.lang.Object, long, java.lang.Object)'> (0x0000000085401100) 
thrown [s\src\hotspot\share\interpreter\linkResolver.cpp, line 759]
Event: 91.029 Thread 0x000002111e75d3d0 Exception <a 'java/lang/NoSuchMethodError'{0x0000000086c9c4d0}: 'java.lang.Object java.lang.invoke.DirectMethodHandle$Holder.invokeSpecial(java.lang.Object, java.lang.Object, long, int, int, int, int, int, int, int, int, int)'> (0x0000000086c9c4d0) 
thrown [s\src\hotspot\share\interpreter\linkResolver.cpp, line 759]
Event: 91.029 Thread 0x000002111e75d3d0 Exception <a 'java/lang/NoSuchMethodError'{0x0000000086ca0120}: 'java.lang.Object java.lang.invoke.DelegatingMethodHandle$Holder.reinvoke_L(java.lang.Object, long, int, int, int, int, int, int, int, int, int)'> (0x0000000086ca0120) 
thrown [s\src\hotspot\share\interpreter\linkResolver.cpp, line 759]

VM Operations (20 events):
Event: 98.548 Executing VM operation: Cleanup
Event: 98.548 Executing VM operation: Cleanup done
Event: 108.637 Executing VM operation: Cleanup
Event: 108.637 Executing VM operation: Cleanup done
Event: 120.169 Executing VM operation: HandshakeAllThreads
Event: 120.169 Executing VM operation: HandshakeAllThreads done
Event: 129.275 Executing VM operation: Cleanup
Event: 129.275 Executing VM operation: Cleanup done
Event: 143.417 Executing VM operation: Cleanup
Event: 143.417 Executing VM operation: Cleanup done
Event: 144.427 Executing VM operation: Cleanup
Event: 144.427 Executing VM operation: Cleanup done
Event: 176.746 Executing VM operation: Cleanup
Event: 176.746 Executing VM operation: Cleanup done
Event: 180.395 Executing VM operation: HandshakeAllThreads
Event: 180.395 Executing VM operation: HandshakeAllThreads done
Event: 180.395 Executing VM operation: Cleanup
Event: 180.395 Executing VM operation: Cleanup done
Event: 191.491 Executing VM operation: Cleanup
Event: 191.492 Executing VM operation: Cleanup done

Events (20 events):
Event: 66.374 Thread 0x000002111e75f230 Thread added: 0x000002111e75f230
Event: 67.382 Thread 0x000002111d6bea70 Thread exited: 0x000002111d6bea70
Event: 67.382 Thread 0x000002111e75bf90 Thread added: 0x000002111e75bf90
Event: 67.382 Thread 0x000002111e761ab0 Thread added: 0x000002111e761ab0
Event: 67.383 Thread 0x000002111e75a640 Thread added: 0x000002111e75a640
Event: 70.795 Thread 0x000002111e75e810 Thread added: 0x000002111e75e810
Event: 71.363 Thread 0x000002111d6bbff0 Thread added: 0x000002111d6bbff0
Event: 75.782 Thread 0x000002111e75ed20 Thread added: 0x000002111e75ed20
Event: 76.588 Thread 0x000002111d6bbff0 Thread exited: 0x000002111d6bbff0
Event: 80.790 Thread 0x000002111e75f740 Thread added: 0x000002111e75f740
Event: 86.690 Thread 0x000002111d6c0500 Thread added: 0x000002111d6c0500
Event: 88.079 Thread 0x000002111d6c0500 Thread exited: 0x000002111d6c0500
Event: 126.149 Thread 0x000002111e75ddf0 Thread exited: 0x000002111e75ddf0
Event: 126.149 Thread 0x000002111e75a130 Thread exited: 0x000002111e75a130
Event: 126.149 Thread 0x000002111e75ab50 Thread exited: 0x000002111e75ab50
Event: 126.384 Thread 0x000002111e75e300 Thread exited: 0x000002111e75e300
Event: 127.384 Thread 0x000002111e75bf90 Thread exited: 0x000002111e75bf90
Event: 127.384 Thread 0x000002111e75a640 Thread exited: 0x000002111e75a640
Event: 127.400 Thread 0x000002111e761ab0 Thread exited: 0x000002111e761ab0
Event: 192.702 Thread 0x000002111d6bcfe0 Thread added: 0x000002111d6bcfe0


Dynamic libraries:
0x00007ff78fea0000 - 0x00007ff78feae000 	C:\Users\longq\.jdks\corretto-17.0.9\bin\java.exe
0x00007ffc8b2b0000 - 0x00007ffc8b4a8000 	C:\WINDOWS\SYSTEM32\ntdll.dll
0x00007ffc8b000000 - 0x00007ffc8b0bd000 	C:\WINDOWS\System32\KERNEL32.DLL
0x00007ffc88990000 - 0x00007ffc88c86000 	C:\WINDOWS\System32\KERNELBASE.dll
0x00007ffc88fc0000 - 0x00007ffc890c0000 	C:\WINDOWS\System32\ucrtbase.dll
0x00007ffc85300000 - 0x00007ffc8531b000 	C:\Users\longq\.jdks\corretto-17.0.9\bin\VCRUNTIME140.dll
0x00007ffc826f0000 - 0x00007ffc82707000 	C:\Users\longq\.jdks\corretto-17.0.9\bin\jli.dll
0x00007ffc8abc0000 - 0x00007ffc8ad5e000 	C:\WINDOWS\System32\USER32.dll
0x00007ffc7d3f0000 - 0x00007ffc7d68a000 	C:\WINDOWS\WinSxS\amd64_microsoft.windows.common-controls_6595b64144ccf1df_6.0.19041.3636_none_60b6a03d71f818d5\COMCTL32.dll
0x00007ffc8af60000 - 0x00007ffc8affe000 	C:\WINDOWS\System32\msvcrt.dll
0x00007ffc892b0000 - 0x00007ffc892d2000 	C:\WINDOWS\System32\win32u.dll
0x00007ffc8ab90000 - 0x00007ffc8abbc000 	C:\WINDOWS\System32\GDI32.dll
0x00007ffc88d40000 - 0x00007ffc88e5a000 	C:\WINDOWS\System32\gdi32full.dll
0x00007ffc890c0000 - 0x00007ffc8915d000 	C:\WINDOWS\System32\msvcp_win.dll
0x00007ffc8a9b0000 - 0x00007ffc8a9e0000 	C:\WINDOWS\System32\IMM32.DLL
0x00007ffc87f60000 - 0x00007ffc87f6c000 	C:\Users\longq\.jdks\corretto-17.0.9\bin\vcruntime140_1.dll
0x00007ffc68820000 - 0x00007ffc688ad000 	C:\Users\longq\.jdks\corretto-17.0.9\bin\msvcp140.dll
0x00007ffc263b0000 - 0x00007ffc27011000 	C:\Users\longq\.jdks\corretto-17.0.9\bin\server\jvm.dll
0x00007ffc89960000 - 0x00007ffc89a0f000 	C:\WINDOWS\System32\ADVAPI32.dll
0x00007ffc898c0000 - 0x00007ffc8995c000 	C:\WINDOWS\System32\sechost.dll
0x00007ffc8adc0000 - 0x00007ffc8aee6000 	C:\WINDOWS\System32\RPCRT4.dll
0x00007ffc88590000 - 0x00007ffc885db000 	C:\WINDOWS\SYSTEM32\POWRPROF.dll
0x00007ffc839a0000 - 0x00007ffc839c7000 	C:\WINDOWS\SYSTEM32\WINMM.dll
0x00007ffc83660000 - 0x00007ffc83669000 	C:\WINDOWS\SYSTEM32\WSOCK32.dll
0x00007ffc825a0000 - 0x00007ffc825aa000 	C:\WINDOWS\SYSTEM32\VERSION.dll
0x00007ffc8aa70000 - 0x00007ffc8aadb000 	C:\WINDOWS\System32\WS2_32.dll
0x00007ffc88010000 - 0x00007ffc88022000 	C:\WINDOWS\SYSTEM32\UMPDC.dll
0x00007ffc86b30000 - 0x00007ffc86b42000 	C:\WINDOWS\SYSTEM32\kernel.appcore.dll
0x00007ffc83950000 - 0x00007ffc8395a000 	C:\Users\longq\.jdks\corretto-17.0.9\bin\jimage.dll
0x00007ffc883a0000 - 0x00007ffc88584000 	C:\WINDOWS\SYSTEM32\DBGHELP.DLL
0x00007ffc88140000 - 0x00007ffc88174000 	C:\WINDOWS\SYSTEM32\dbgcore.DLL
0x00007ffc89220000 - 0x00007ffc892a2000 	C:\WINDOWS\System32\bcryptPrimitives.dll
0x00007ffc7dbd0000 - 0x00007ffc7dbde000 	C:\Users\longq\.jdks\corretto-17.0.9\bin\instrument.dll
0x00007ffc7fe80000 - 0x00007ffc7fea5000 	C:\Users\longq\.jdks\corretto-17.0.9\bin\java.dll
0x00007ffc4d310000 - 0x00007ffc4d3e7000 	C:\Users\longq\.jdks\corretto-17.0.9\bin\jsvml.dll
0x00007ffc89f70000 - 0x00007ffc8a6b5000 	C:\WINDOWS\System32\SHELL32.dll
0x00007ffc85cf0000 - 0x00007ffc8648b000 	C:\WINDOWS\SYSTEM32\windows.storage.dll
0x00007ffc89a10000 - 0x00007ffc89d64000 	C:\WINDOWS\System32\combase.dll
0x00007ffc87c20000 - 0x00007ffc87c4d000 	C:\WINDOWS\SYSTEM32\Wldp.dll
0x00007ffc89380000 - 0x00007ffc8942d000 	C:\WINDOWS\System32\SHCORE.dll
0x00007ffc8ad60000 - 0x00007ffc8adb5000 	C:\WINDOWS\System32\shlwapi.dll
0x00007ffc888c0000 - 0x00007ffc888e5000 	C:\WINDOWS\SYSTEM32\profapi.dll
0x00007ffc7dbe0000 - 0x00007ffc7dbf8000 	C:\Users\longq\.jdks\corretto-17.0.9\bin\zip.dll
0x00007ffc7fe60000 - 0x00007ffc7fe79000 	C:\Users\longq\.jdks\corretto-17.0.9\bin\net.dll
0x00007ffc80ea0000 - 0x00007ffc80faa000 	C:\WINDOWS\SYSTEM32\WINHTTP.dll
0x00007ffc87970000 - 0x00007ffc879da000 	C:\WINDOWS\system32\mswsock.dll
0x00007ffc7fe40000 - 0x00007ffc7fe56000 	C:\Users\longq\.jdks\corretto-17.0.9\bin\nio.dll
0x00007ffc7d9e0000 - 0x00007ffc7d9fa000 	D:\Program Files\JetBrains\IntelliJ IDEA Community Edition 2023.3\bin\breakgen64.dll
0x00007ffc7db90000 - 0x00007ffc7db9e000 	C:\Users\longq\.jdks\corretto-17.0.9\bin\sunmscapi.dll
0x00007ffc88e60000 - 0x00007ffc88fbd000 	C:\WINDOWS\System32\CRYPT32.dll
0x00007ffc87fc0000 - 0x00007ffc87fe7000 	C:\WINDOWS\SYSTEM32\ncrypt.dll
0x00007ffc87ca0000 - 0x00007ffc87cdb000 	C:\WINDOWS\SYSTEM32\NTASN1.dll
0x00007ffc7db80000 - 0x00007ffc7db90000 	C:\Users\longq\.jdks\corretto-17.0.9\bin\verify.dll
0x00007ffc88700000 - 0x00007ffc88718000 	C:\WINDOWS\SYSTEM32\CRYPTSP.dll
0x00007ffc87380000 - 0x00007ffc873b4000 	C:\WINDOWS\system32\rsaenh.dll
0x00007ffc892e0000 - 0x00007ffc89307000 	C:\WINDOWS\System32\bcrypt.dll
0x00007ffc88880000 - 0x00007ffc888ae000 	C:\WINDOWS\SYSTEM32\USERENV.dll
0x00007ffc87b70000 - 0x00007ffc87b7c000 	C:\WINDOWS\SYSTEM32\CRYPTBASE.dll
0x00007ffc87b10000 - 0x00007ffc87b4b000 	C:\WINDOWS\SYSTEM32\IPHLPAPI.DLL
0x00007ffc89370000 - 0x00007ffc89378000 	C:\WINDOWS\System32\NSI.dll
0x00007ffc818a0000 - 0x00007ffc818b7000 	C:\WINDOWS\SYSTEM32\dhcpcsvc6.DLL
0x00007ffc81880000 - 0x00007ffc8189d000 	C:\WINDOWS\SYSTEM32\dhcpcsvc.DLL
0x00007ffc876e0000 - 0x00007ffc877aa000 	C:\WINDOWS\SYSTEM32\DNSAPI.dll
0x00007ffc7dbc0000 - 0x00007ffc7dbc9000 	C:\Users\longq\.jdks\corretto-17.0.9\bin\management.dll
0x00007ffc7dbb0000 - 0x00007ffc7dbbb000 	C:\Users\longq\.jdks\corretto-17.0.9\bin\management_ext.dll
0x00007ffc8a8c0000 - 0x00007ffc8a8c8000 	C:\WINDOWS\System32\PSAPI.DLL
0x00007ffc87f30000 - 0x00007ffc87f37000 	C:\WINDOWS\system32\wshunix.dll

dbghelp: loaded successfully - version: 4.0.5 - missing functions: none
symbol engine: initialized successfully - sym options: 0x614 - pdb path: .;C:\Users\longq\.jdks\corretto-17.0.9\bin;C:\WINDOWS\SYSTEM32;C:\WINDOWS\WinSxS\amd64_microsoft.windows.common-controls_6595b64144ccf1df_6.0.19041.3636_none_60b6a03d71f818d5;C:\Users\longq\.jdks\corretto-17.0.9\bin\server;D:\Program Files\JetBrains\IntelliJ IDEA Community Edition 2023.3\bin

VM Arguments:
jvm_args: -javaagent:D:\Program Files\JetBrains\IntelliJ IDEA Community Edition 2023.3\lib\idea_rt.jar=61185:D:\Program Files\JetBrains\IntelliJ IDEA Community Edition 2023.3\bin -Dfile.encoding=UTF-8 
java_command: id.longquoc.messenger.MessengerApplication
java_class_path (initial): D:\LearningCode\Java\messenger\server\target\classes;C:\Users\longq\.m2\repository\org\mapstruct\mapstruct\1.4.2.Final\mapstruct-1.4.2.Final.jar;C:\Users\longq\.m2\repository\io\github\mihaita-tinta\webauthn-spring-boot-starter\0.1.0-RELEASE\webauthn-spring-boot-starter-0.1.0-RELEASE.jar;C:\Users\longq\.m2\repository\com\yubico\webauthn-server-core\1.7.0\webauthn-server-core-1.7.0.jar;C:\Users\longq\.m2\repository\com\augustcellars\cose\cose-java\1.1.0\cose-java-1.1.0.jar;C:\Users\longq\.m2\repository\net\i2p\crypto\eddsa\0.3.0\eddsa-0.3.0.jar;C:\Users\longq\.m2\repository\com\google\guava\guava\29.0-jre\guava-29.0-jre.jar;C:\Users\longq\.m2\repository\com\google\guava\failureaccess\1.0.1\failureaccess-1.0.1.jar;C:\Users\longq\.m2\repository\com\google\guava\listenablefuture\9999.0-empty-to-avoid-conflict-with-guava\listenablefuture-9999.0-empty-to-avoid-conflict-with-guava.jar;C:\Users\longq\.m2\repository\org\checkerframework\checker-qual\2.11.1\checker-qual-2.11.1.jar;C:\Users\longq\.m2\repository\com\google\errorprone\error_prone_annotations\2.3.4\error_prone_annotations-2.3.4.jar;C:\Users\longq\.m2\repository\com\google\j2objc\j2objc-annotations\1.3\j2objc-annotations-1.3.jar;C:\Users\longq\.m2\repository\com\upokecenter\cbor\5.0.0-alpha1\cbor-5.0.0-alpha1.jar;C:\Users\longq\.m2\repository\com\github\peteroupc\numbers\1.8.2\numbers-1.8.2.jar;C:\Users\longq\.m2\repository\com\github\peteroupc\datautilities\1.1.0\datautilities-1.1.0.jar;C:\Users\longq\.m2\repository\org\bouncycastle\bcprov-jdk15on\1.70\bcprov-jdk15on-1.70.jar;C:\Users\longq\.m2\repository\com\yubico\yubico-util\1.7.0\yubico-util-1.7.0.jar;C:\Users\longq\.m2\repository\com\fasterxml\jackson\dataformat\jackson-dataformat-cbor\2.15.3\jackson-dataformat-cbor-2.15.3.jar;C:\Users\longq\.m2\repository\com\fasterxml\jackson\datatype\jackson-datatype-jdk8\2.15.3\jackson-datatype-jdk8-2.15.3.jar;C:\Users\longq\.m2\repository\org\springframework\boot\spring-boot-starter-data-jpa
Launcher Type: SUN_STANDARD

[Global flags]
     intx CICompilerCount                          = 4                                         {product} {ergonomic}
     uint ConcGCThreads                            = 2                                         {product} {ergonomic}
     uint G1ConcRefinementThreads                  = 8                                         {product} {ergonomic}
   size_t G1HeapRegionSize                         = 1048576                                   {product} {ergonomic}
    uintx GCDrainStackTargetSize                   = 64                                        {product} {ergonomic}
   size_t InitialHeapSize                          = 134217728                                 {product} {ergonomic}
   size_t MarkStackSize                            = 4194304                                   {product} {ergonomic}
   size_t MaxHeapSize                              = 2120220672                                {product} {ergonomic}
   size_t MaxNewSize                               = 1271922688                                {product} {ergonomic}
   size_t MinHeapDeltaBytes                        = 1048576                                   {product} {ergonomic}
   size_t MinHeapSize                              = 8388608                                   {product} {ergonomic}
    uintx NonNMethodCodeHeapSize                   = 5839372                                {pd product} {ergonomic}
    uintx NonProfiledCodeHeapSize                  = 122909434                              {pd product} {ergonomic}
    uintx ProfiledCodeHeapSize                     = 122909434                              {pd product} {ergonomic}
    uintx ReservedCodeCacheSize                    = 251658240                              {pd product} {ergonomic}
     bool SegmentedCodeCache                       = true                                      {product} {ergonomic}
   size_t SoftMaxHeapSize                          = 2120220672                             {manageable} {ergonomic}
     bool UseCompressedClassPointers               = true                           {product lp64_product} {ergonomic}
     bool UseCompressedOops                        = true                           {product lp64_product} {ergonomic}
     bool UseG1GC                                  = true                                      {product} {ergonomic}
     bool UseLargePagesIndividualAllocation        = false                                  {pd product} {ergonomic}

Logging:
Log output configuration:
 #0: stdout all=warning uptime,level,tags
 #1: stderr all=off uptime,level,tags

Environment Variables:
PATH=C:\WINDOWS\system32;C:\WINDOWS;C:\WINDOWS\System32\Wbem;C:\WINDOWS\System32\WindowsPowerShell\v1.0\;C:\WINDOWS\System32\OpenSSH\;C:\Program Files\nodejs\;C:\Program Files\Docker\Docker\resources\bin;C:\Program Files\Git\cmd;C:\Program Files\Cloudflare\Cloudflare WARP\;C:\Users\longq\AppData\Local\Microsoft\WindowsApps;;D:\Program Files\JetBrains\IntelliJ IDEA Community Edition 2023.3\bin;;D:\Program Files\Microsoft VS Code\bin;C:\Users\longq\AppData\Roaming\npm;C:\Users\longq\AppData\Local\spicetify
USERNAME=longq
OS=Windows_NT
PROCESSOR_IDENTIFIER=Intel64 Family 6 Model 142 Stepping 10, GenuineIntel
TMP=C:\Users\longq\AppData\Local\Temp
TEMP=C:\Users\longq\AppData\Local\Temp



Periodic native trim disabled


---------------  S Y S T E M  ---------------

OS:
 Windows 10 , 64 bit Build 19041 (10.0.19041.3636)
OS uptime: 1 days 1:14 hours
Hyper-V role detected

CPU: total 8 (initial active 8) (4 cores per cpu, 2 threads per core) family 6 model 142 stepping 10 microcode 0xf0, cx8, cmov, fxsr, ht, mmx, 3dnowpref, sse, sse2, sse3, ssse3, sse4.1, sse4.2, popcnt, lzcnt, tsc, tscinvbit, avx, avx2, aes, erms, clmul, bmi1, bmi2, adx, fma, vzeroupper, clflush, clflushopt, hv
Processor Information for all 8 processors :
  Max Mhz: 1800, Current Mhz: 1600, Mhz Limit: 1584

Memory: 4k page, system-wide physical 8086M (989M free)
TotalPageFile size 20540M (AvailPageFile size 41M)
current process WorkingSet (physical memory assigned to process): 282M, peak: 349M
current process commit charge ("private bytes"): 328M, peak: 389M

vm_info: OpenJDK 64-Bit Server VM (17.0.9+8-LTS) for windows-amd64 JRE (17.0.9+8-LTS), built on Oct 12 2023 16:15:33 by "Administrator" with MS VC++ 16.10 / 16.11 (VS2019)

END.
