#
# There is insufficient memory for the Java Runtime Environment to continue.
# Native memory allocation (malloc) failed to allocate 32744 bytes for ChunkPool::allocate
# Possible reasons:
#   The system is out of physical RAM or swap space
#   The process is running with CompressedOops enabled, and the Java Heap may be blocking the growth of the native heap
# Possible solutions:
#   Reduce memory load on the system
#   Increase physical memory or swap space
#   Check if swap backing store is full
#   Decrease Java heap size (-Xmx/-Xms)
#   Decrease number of Java threads
#   Decrease Java thread stack sizes (-Xss)
#   Set larger code cache with -XX:ReservedCodeCacheSize=
#   JVM is running with Unscaled Compressed Oops mode in which the Java heap is
#     placed in the first 4GB address space. The Java Heap base address is the
#     maximum limit for the native heap growth. Please use -XX:HeapBaseMinAddress
#     to set the Java Heap base and to place the Java Heap above 4GB virtual address.
# This output file may be truncated or incomplete.
#
#  Out of Memory Error (arena.cpp:79), pid=34716, tid=34740
#
# JRE version: OpenJDK Runtime Environment Corretto-17.0.9.8.1 (17.0.9+8) (build 17.0.9+8-LTS)
# Java VM: OpenJDK 64-Bit Server VM Corretto-17.0.9.8.1 (17.0.9+8-LTS, mixed mode, sharing, tiered, compressed oops, compressed class ptrs, g1 gc, windows-amd64)
# No core dump will be written. Minidumps are not enabled by default on client versions of Windows
#

---------------  S U M M A R Y ------------

Command Line: -javaagent:D:\Program Files\JetBrains\IntelliJ IDEA Community Edition 2023.3\lib\idea_rt.jar=51164:D:\Program Files\JetBrains\IntelliJ IDEA Community Edition 2023.3\bin -Dfile.encoding=UTF-8 id.longquoc.messenger.MessengerApplication

Host: Intel(R) Core(TM) i5-8250U CPU @ 1.60GHz, 8 cores, 7G,  Windows 10 , 64 bit Build 19041 (10.0.19041.3636)
Time: Sat Dec 30 16:02:16 2023 SE Asia Standard Time elapsed time: 46.776330 seconds (0d 0h 0m 46s)

---------------  T H R E A D  ---------------

Current thread (0x000002192d08c7a0):  JavaThread "main" [_thread_in_vm, id=34740, stack(0x000000356a000000,0x000000356a100000)]

Stack: [0x000000356a000000,0x000000356a100000]
Native frames: (J=compiled Java code, j=interpreted, Vv=VM code, C=native code)
V  [jvm.dll+0x67cb49]
V  [jvm.dll+0x8344da]
V  [jvm.dll+0x835f9e]
V  [jvm.dll+0x836603]
V  [jvm.dll+0x247b5f]
V  [jvm.dll+0xac65c]
V  [jvm.dll+0xaca8c]
V  [jvm.dll+0x2c2a3a]
V  [jvm.dll+0x2c200e]
V  [jvm.dll+0x1ed4a5]
V  [jvm.dll+0x1e22ca]
V  [jvm.dll+0x542c8e]
V  [jvm.dll+0x7ae4d8]
V  [jvm.dll+0x7ae5c4]
V  [jvm.dll+0x410d85]
V  [jvm.dll+0x416f09]
C  [java.dll+0x17ec]

Java frames: (J=compiled Java code, j=interpreted, Vv=VM code)
J 1033  java.lang.ClassLoader.defineClass1(Ljava/lang/ClassLoader;Ljava/lang/String;[BIILjava/security/ProtectionDomain;Ljava/lang/String;)Ljava/lang/Class; java.base@17.0.9 (0 bytes) @ 0x000002193de96de3 [0x000002193de96d20+0x00000000000000c3]
J 1044 c1 java.lang.ClassLoader.defineClass(Ljava/lang/String;[BIILjava/security/ProtectionDomain;)Ljava/lang/Class; java.base@17.0.9 (43 bytes) @ 0x00000219365431d4 [0x0000021936542e80+0x0000000000000354]
J 1121 c1 java.security.SecureClassLoader.defineClass(Ljava/lang/String;[BIILjava/security/CodeSource;)Ljava/lang/Class; java.base@17.0.9 (16 bytes) @ 0x000002193656380c [0x0000021936563740+0x00000000000000cc]
J 998 c1 jdk.internal.loader.BuiltinClassLoader.defineClass(Ljava/lang/String;Ljdk/internal/loader/Resource;)Ljava/lang/Class; java.base@17.0.9 (121 bytes) @ 0x00000219365215e4 [0x0000021936520680+0x0000000000000f64]
J 857 c1 jdk.internal.loader.BuiltinClassLoader.findClassOnClassPathOrNull(Ljava/lang/String;)Ljava/lang/Class; java.base@17.0.9 (64 bytes) @ 0x00000219364dd9b4 [0x00000219364dc900+0x00000000000010b4]
J 625 c1 jdk.internal.loader.BuiltinClassLoader.loadClassOrNull(Ljava/lang/String;Z)Ljava/lang/Class; java.base@17.0.9 (143 bytes) @ 0x000002193646084c [0x000002193645f940+0x0000000000000f0c]
J 791 c1 jdk.internal.loader.ClassLoaders$AppClassLoader.loadClass(Ljava/lang/String;Z)Ljava/lang/Class; java.base@17.0.9 (40 bytes) @ 0x00000219364bde84 [0x00000219364bd860+0x0000000000000624]
J 787 c1 java.lang.ClassLoader.loadClass(Ljava/lang/String;)Ljava/lang/Class; java.base@17.0.9 (7 bytes) @ 0x00000219364bc9cc [0x00000219364bc8c0+0x000000000000010c]
v  ~StubRoutines::call_stub
j  org.springframework.boot.diagnostics.FailureAnalyzers.report(Lorg/springframework/boot/diagnostics/FailureAnalysis;)Z+4
j  org.springframework.boot.diagnostics.FailureAnalyzers.reportException(Ljava/lang/Throwable;)Z+12
j  org.springframework.boot.SpringApplication.reportFailure(Ljava/util/Collection;Ljava/lang/Throwable;)V+30
j  org.springframework.boot.SpringApplication.handleRunFailure(Lorg/springframework/context/ConfigurableApplicationContext;Ljava/lang/Throwable;Lorg/springframework/boot/SpringApplicationRunListeners;)V+23
j  org.springframework.boot.SpringApplication.run([Ljava/lang/String;)Lorg/springframework/context/ConfigurableApplicationContext;+194
j  org.springframework.boot.SpringApplication.run([Ljava/lang/Class;[Ljava/lang/String;)Lorg/springframework/context/ConfigurableApplicationContext;+9
j  org.springframework.boot.SpringApplication.run(Ljava/lang/Class;[Ljava/lang/String;)Lorg/springframework/context/ConfigurableApplicationContext;+9
j  id.longquoc.messenger.MessengerApplication.main([Ljava/lang/String;)V+3
v  ~StubRoutines::call_stub

Compiled method (n/a)   47943 1033     n 0       java.lang.ClassLoader::defineClass1 (native)
 total in heap  [0x000002193de96b90,0x000002193de97070] = 1248
 relocation     [0x000002193de96ce8,0x000002193de96d20] = 56
 main code      [0x000002193de96d20,0x000002193de97070] = 848

[Constant Pool (empty)]

[MachCode]
[Entry Point]
  # {method} {0x000002194e010f28} 'defineClass1' '(Ljava/lang/ClassLoader;Ljava/lang/String;[BIILjava/security/ProtectionDomain;Ljava/lang/String;)Ljava/lang/Class;' in 'java/lang/ClassLoader'
  # parm0:    rdx:rdx   = 'java/lang/ClassLoader'
  # parm1:    r8:r8     = 'java/lang/String'
  # parm2:    r9:r9     = '[B'
  # parm3:    rdi       = int
  # parm4:    rsi       = int
  # parm5:    rcx:rcx   = 'java/security/ProtectionDomain'
  # parm6:    [sp+0xa0]   = 'java/lang/String'  (sp of caller)
  0x000002193de96d20: 448b 5208 | 49bb 0000 | 004e 1902 | 0000 4d03 | d349 3bc2 | 0f84 0600 

  0x000002193de96d38: ;   {runtime_call ic_miss_stub}
  0x000002193de96d38: 0000 e941 | a3a4 ff90 
[Verified Entry Point]
  0x000002193de96d40: 8984 2400 | 90ff ff55 | 488b ec48 | 81ec 9000 | 0000 4881 | 7d10 0000 | 0000 488d | 4510 480f 
  0x000002193de96d60: 4445 1048 | 8944 2440 | 4889 4c24 | 7048 83f9 | 0048 8d44 | 2470 480f | 4444 2470 | 4889 4424 
  0x000002193de96d80: 3848 8974 | 2430 4889 | 7c24 284c | 894c 2458 | 4983 f900 | 488d 4424 | 5848 0f44 | 4424 5848 
  0x000002193de96da0: 8944 2420 | 4c89 4424 | 5049 83f8 | 004c 8d4c | 2450 4c0f | 444c 2450 | 4889 5424 | 4848 83fa 
  0x000002193de96dc0: 004c 8d44 | 2448 4c0f | 4444 2448 

  0x000002193de96dcc: ;   {oop(a 'java/lang/Class'{0x0000000081a16778} = 'java/lang/ClassLoader')}
  0x000002193de96dcc: 49be 7867 | a181 0000 | 0000 4c89 | 7424 784c | 8d74 2478 | 498b d6c5 

  0x000002193de96de4: ;   {internal_word}
  0x000002193de96de4: f877 49ba | e36d e93d | 1902 0000 | 4d89 97a0 | 0200 0049 | 89a7 9802 

  0x000002193de96dfc: ;   {external_word}
  0x000002193de96dfc: 0000 49ba | 6e35 fbbe | fd7f 0000 | 4180 3a00 | 0f84 5200 | 0000 5241 

  0x000002193de96e14: ;   {metadata({method} {0x000002194e010f28} 'defineClass1' '(Ljava/lang/ClassLoader;Ljava/lang/String;[BIILjava/security/ProtectionDomain;Ljava/lang/String;)Ljava/lang/Class;' in 'java/lang/ClassLoader')}
  0x000002193de96e14: 5041 5148 | ba20 0f01 | 4e19 0200 | 0049 8bcf | 4883 ec20 | f7c4 0f00 | 0000 0f84 | 1a00 0000 
  0x000002193de96e34: 4883 ec08 

  0x000002193de96e38: ;   {runtime_call}
  0x000002193de96e38: 49ba 4029 | b1be fd7f | 0000 41ff | d248 83c4 | 08e9 0d00 

  0x000002193de96e4c: ;   {runtime_call}
  0x000002193de96e4c: 0000 49ba | 4029 b1be | fd7f 0000 | 41ff d248 | 83c4 2041 | 5941 585a | 498d 8fb8 | 0200 0041 
  0x000002193de96e6c: c787 4803 | 0000 0400 

  0x000002193de96e74: ;   {runtime_call}
  0x000002193de96e74: 0000 49ba | ac16 6b00 | fe7f 0000 | 41ff d2c5 | f877 41c7 | 8748 0300 | 0005 0000 | 00f0 8344 
  0x000002193de96e94: 24c0 0049 | 3baf 5003 | 0000 0f87 | 1100 0000 | 4181 bf38 | 0300 0000 | 0000 000f | 842c 0000 
  0x000002193de96eb4: 00c5 f877 | 4889 45f8 | 498b cf4c | 8be4 4883 | ec20 4883 

  0x000002193de96ec8: ;   {runtime_call}
  0x000002193de96ec8: e4f0 49ba | 203e c1be | fd7f 0000 | 41ff d249 | 8be4 4d33 | e448 8b45 | f841 c787 | 4803 0000 
  0x000002193de96ee8: 0800 0000 | 4181 bfb8 | 0300 0002 | 0000 000f | 843f 0100 

  0x000002193de96efc: ;   {external_word}
  0x000002193de96efc: 0049 ba6e | 35fb befd | 7f00 0041 | 803a 000f | 8450 0000 | 0048 8945 

  0x000002193de96f14: ;   {metadata({method} {0x000002194e010f28} 'defineClass1' '(Ljava/lang/ClassLoader;Ljava/lang/String;[BIILjava/security/ProtectionDomain;Ljava/lang/String;)Ljava/lang/Class;' in 'java/lang/ClassLoader')}
  0x000002193de96f14: f848 ba20 | 0f01 4e19 | 0200 0049 | 8bcf 4883 | ec20 f7c4 | 0f00 0000 | 0f84 1a00 | 0000 4883 
  0x000002193de96f34: ;   {runtime_call}
  0x000002193de96f34: ec08 49ba | 4029 b1be | fd7f 0000 | 41ff d248 | 83c4 08e9 | 0d00 0000 

  0x000002193de96f4c: ;   {runtime_call}
  0x000002193de96f4c: 49ba 4029 | b1be fd7f | 0000 41ff | d248 83c4 | 2048 8b45 | f849 c787 | 9802 0000 | 0000 0000 
  0x000002193de96f6c: 49c7 87a0 | 0200 0000 | 0000 00c5 | f877 4885 | c00f 8493 | 0000 0048 | f7c0 0100 | 0000 0f84 
  0x000002193de96f8c: 8300 0000 | 488b 40ff | 4180 7f38 | 000f 846f | 0000 0048 | 83f8 000f | 8465 0000 | 0049 8b4f 
  0x000002193de96fac: 2048 83f9 | 000f 8414 | 0000 0048 | 83e9 0849 | 894f 2049 | 034f 3048 | 8901 e943 | 0000 0050 
  0x000002193de96fcc: 498b d748 | 8bc8 4883 | ec20 f7c4 | 0f00 0000 | 0f84 1a00 | 0000 4883 

  0x000002193de96fe4: ;   {runtime_call}
  0x000002193de96fe4: ec08 49ba | 604c 70be | fd7f 0000 | 41ff d248 | 83c4 08e9 | 0d00 0000 

  0x000002193de96ffc: ;   {runtime_call}
  0x000002193de96ffc: 49ba 604c | 70be fd7f | 0000 41ff | d248 83c4 | 2058 e903 | 0000 0048 | 8b00 498b | 8fd8 0000 
  0x000002193de9701c: 00c7 8100 | 0100 0000 | 0000 00c9 | 4981 7f08 | 0000 0000 | 0f85 0100 

  0x000002193de97034: ;   {runtime_call StubRoutines (1)}
  0x000002193de97034: 0000 c3e9 | c49e 9fff | c5f8 7748 | 8945 f84c | 8be4 4883 | ec20 4883 

  0x000002193de9704c: ;   {runtime_call}
  0x000002193de9704c: e4f0 49ba | d059 b1be | fd7f 0000 | 41ff d249 | 8be4 4d33 | e448 8b45 | f8e9 93fe | ffff f4f4 
  0x000002193de9706c: f4f4 f4f4 
[/MachCode]


Compiled method (c1)   47996 1044       3       java.lang.ClassLoader::defineClass (43 bytes)
 total in heap  [0x0000021936542c90,0x00000219365435c8] = 2360
 relocation     [0x0000021936542de8,0x0000021936542e78] = 144
 main code      [0x0000021936542e80,0x0000021936543320] = 1184
 stub code      [0x0000021936543320,0x0000021936543398] = 120
 metadata       [0x0000021936543398,0x00000219365433c8] = 48
 scopes data    [0x00000219365433c8,0x00000219365434b8] = 240
 scopes pcs     [0x00000219365434b8,0x0000021936543598] = 224
 dependencies   [0x0000021936543598,0x00000219365435a0] = 8
 nul chk table  [0x00000219365435a0,0x00000219365435c8] = 40

[Constant Pool (empty)]

[MachCode]
[Entry Point]
  # {method} {0x000002194e010cc0} 'defineClass' '(Ljava/lang/String;[BIILjava/security/ProtectionDomain;)Ljava/lang/Class;' in 'java/lang/ClassLoader'
  # this:     rdx:rdx   = 'java/lang/ClassLoader'
  # parm0:    r8:r8     = 'java/lang/String'
  # parm1:    r9:r9     = '[B'
  # parm2:    rdi       = int
  # parm3:    rsi       = int
  # parm4:    rcx:rcx   = 'java/security/ProtectionDomain'
  #           [sp+0xc0]  (sp of caller)
  0x0000021936542e80: 448b 5208 | 49bb 0000 | 004e 1902 | 0000 4d03 | d34c 3bd0 

  0x0000021936542e94: ;   {runtime_call ic_miss_stub}
  0x0000021936542e94: 0f85 e6e1 | 3907 660f | 1f44 0000 
[Verified Entry Point]
  0x0000021936542ea0: 8984 2400 | 90ff ff55 | 4881 ecb0 | 0000 0048 | 8954 2478 

  0x0000021936542eb4: ;   {metadata(method data for {method} {0x000002194e010cc0} 'defineClass' '(Ljava/lang/String;[BIILjava/security/ProtectionDomain;)Ljava/lang/Class;' in 'java/lang/ClassLoader')}
  0x0000021936542eb4: 48bb 4006 | 268f 1902 | 0000 8b83 | cc00 0000 | 83c0 0289 | 83cc 0000 | 0081 e0fe | 0700 0083 
  0x0000021936542ed4: f800 0f84 | 4e03 0000 | 89b4 2494 | 0000 0089 | bc24 9000 | 0000 4c89 | 8c24 8800 | 0000 488b 
  0x0000021936542ef4: ;   {metadata(method data for {method} {0x000002194e010cc0} 'defineClass' '(Ljava/lang/String;[BIILjava/security/ProtectionDomain;)Ljava/lang/Class;' in 'java/lang/ClassLoader')}
  0x0000021936542ef4: da48 b840 | 0626 8f19 | 0200 0048 | 8380 1001 | 0000 0149 | 8bd8 4c8b | c34c 8bc9 | 488b ca48 
  0x0000021936542f14: 8bd1 4889 | 9c24 8000 

  0x0000021936542f1c: ;   {optimized virtual_call}
  0x0000021936542f1c: 0000 90e8 

  0x0000021936542f20: ; ImmutableOopMap {[120]=Oop [136]=Oop [128]=Oop }
                      ;*invokevirtual preDefineClass {reexecute=0 rethrow=0 return_oop=0}
                      ; - java.lang.ClassLoader::defineClass@4 (line 1015)
  0x0000021936542f20: 7c5b ffff | 4889 8424 | 9800 0000 | 488b 5424 

  0x0000021936542f30: ;   {metadata(method data for {method} {0x000002194e010cc0} 'defineClass' '(Ljava/lang/String;[BIILjava/security/ProtectionDomain;)Ljava/lang/Class;' in 'java/lang/ClassLoader')}
  0x0000021936542f30: 7849 b840 | 0626 8f19 | 0200 0049 | 8380 4801 

  0x0000021936542f40: ;   {metadata(method data for {method} {0x000002194e010ed0} 'defineClassSourceLocation' '(Ljava/security/ProtectionDomain;)Ljava/lang/String;' in 'java/lang/ClassLoader')}
  0x0000021936542f40: 0000 0149 | b820 d625 | 8f19 0200 | 0041 8b90 | cc00 0000 | 83c2 0241 | 8990 cc00 | 0000 81e2 
  0x0000021936542f60: feff 1f00 | 83fa 000f | 84de 0200 | 0048 3b00 

  0x0000021936542f70: ;   {metadata(method data for {method} {0x000002194e010ed0} 'defineClassSourceLocation' '(Ljava/security/ProtectionDomain;)Ljava/lang/String;' in 'java/lang/ClassLoader')}
  0x0000021936542f70: 4c8b c048 | ba20 d625 | 8f19 0200 | 0048 8382 | 1001 0000 | 0144 8b40 | 1049 83f8 

  0x0000021936542f8c: ;   {metadata(method data for {method} {0x000002194e010ed0} 'defineClassSourceLocation' '(Ljava/security/ProtectionDomain;)Ljava/lang/String;' in 'java/lang/ClassLoader')}
  0x0000021936542f8c: 0048 ba20 | d625 8f19 | 0200 0048 | be58 0100 | 0000 0000 | 000f 850a | 0000 0048 | be48 0100 
  0x0000021936542fac: 0000 0000 | 0048 8b3c | 3248 8d7f | 0148 893c | 320f 850f 

  0x0000021936542fc0: ;   {oop(NULL)}
  0x0000021936542fc0: 0000 0048 | bb00 0000 | 0000 0000 | 00e9 ad01 | 0000 493b | 0049 8bd0 

  0x0000021936542fd8: ;   {metadata(method data for {method} {0x000002194e010ed0} 'defineClassSourceLocation' '(Ljava/security/ProtectionDomain;)Ljava/lang/String;' in 'java/lang/ClassLoader')}
  0x0000021936542fd8: 48be 20d6 | 258f 1902 | 0000 4883 | 8668 0100 | 0001 418b | 500c 4883 

  0x0000021936542ff0: ;   {metadata(method data for {method} {0x000002194e010ed0} 'defineClassSourceLocation' '(Ljava/security/ProtectionDomain;)Ljava/lang/String;' in 'java/lang/ClassLoader')}
  0x0000021936542ff0: fa00 48be | 20d6 258f | 1902 0000 | 48bf b001 | 0000 0000 | 0000 0f85 | 0a00 0000 | 48bf a001 
  0x0000021936543010: 0000 0000 | 0000 488b | 1c3e 488d | 5b01 4889 | 1c3e 0f85 | 0f00 0000 

  0x0000021936543028: ;   {oop(NULL)}
  0x0000021936543028: 48bb 0000 | 0000 0000 | 0000 e948 

  0x0000021936543034: ;   {metadata(method data for {method} {0x000002194e010ed0} 'defineClassSourceLocation' '(Ljava/security/ProtectionDomain;)Ljava/lang/String;' in 'java/lang/ClassLoader')}
  0x0000021936543034: 0100 0048 | be20 d625 | 8f19 0200 | 0048 8386 | c001 0000 | 0148 3b02 

  0x000002193654304c: ;   {metadata(method data for {method} {0x000002194e010ed0} 'defineClassSourceLocation' '(Ljava/security/ProtectionDomain;)Ljava/lang/String;' in 'java/lang/ClassLoader')}
  0x000002193654304c: 4c8b c248 | be20 d625 | 8f19 0200 | 0048 8386 | f801 0000 

  0x0000021936543060: ;   {metadata(method data for {method} {0x000002194e06af28} 'toString' '()Ljava/lang/String;' in 'java/net/URL')}
  0x0000021936543060: 0149 b890 | f01b 8f19 | 0200 0041 | 8bb0 cc00 | 0000 83c6 | 0241 89b0 | cc00 0000 | 81e6 feff 
  0x0000021936543080: 1f00 83fe | 000f 84f0 | 0100 004c 

  0x000002193654308c: ;   {metadata(method data for {method} {0x000002194e06af28} 'toString' '()Ljava/lang/String;' in 'java/net/URL')}
  0x000002193654308c: 8bc2 48be | 90f0 1b8f | 1902 0000 | 4883 8610 | 0100 0001 

  0x00000219365430a0: ;   {metadata(method data for {method} {0x000002194e06b7c0} 'toExternalForm' '()Ljava/lang/String;' in 'java/net/URL')}
  0x00000219365430a0: 49b8 18f2 | 1b8f 1902 | 0000 418b | b0cc 0000 | 0083 c602 | 4189 b0cc | 0000 0081 | e6fe ff1f 
  0x00000219365430c0: 0083 fe00 | 0f84 d201 | 0000 8b72 | 3848 3b06 

  0x00000219365430d0: ;   {metadata(method data for {method} {0x000002194e06b7c0} 'toExternalForm' '()Ljava/lang/String;' in 'java/net/URL')}
  0x00000219365430d0: 4c8b c648 | bf18 f21b | 8f19 0200 | 0045 8b40 | 0849 ba00 | 0000 4e19 | 0200 004d | 03c2 4c3b 
  0x00000219365430f0: 8720 0100 | 0075 0d48 | 8387 2801 | 0000 01e9 | 6600 0000 | 4c3b 8730 | 0100 0075 | 0d48 8387 
  0x0000021936543110: 3801 0000 | 01e9 5000 | 0000 4881 | bf20 0100 | 0000 0000 | 0075 174c | 8987 2001 | 0000 48c7 
  0x0000021936543130: 8728 0100 | 0001 0000 | 00e9 2c00 | 0000 4881 | bf30 0100 | 0000 0000 | 0075 174c | 8987 3001 
  0x0000021936543150: 0000 48c7 | 8738 0100 | 0001 0000 | 00e9 0800 | 0000 4883 | 8710 0100 | 0001 4c8b | c248 8bd6 
  0x0000021936543170: 0f1f 8000 

  0x0000021936543174: ;   {optimized virtual_call}
  0x0000021936543174: 0000 00e8 

  0x0000021936543178: ; ImmutableOopMap {[120]=Oop [136]=Oop [128]=Oop [152]=Oop }
                      ;*invokevirtual toExternalForm {reexecute=0 rethrow=0 return_oop=0}
                      ; - java.net.URL::toExternalForm@5 (line 1039)
                      ; - java.net.URL::toString@1 (line 1025)
                      ; - java.lang.ClassLoader::defineClassSourceLocation@22 (line 917)
                      ; - java.lang.ClassLoader::defineClass@12 (line 1016)
  0x0000021936543178: c466 faff | 488b d848 | 8b84 2498 | 0000 008b | b424 9400 | 0000 8bbc | 2490 0000 | 004c 8b8c 
  0x0000021936543198: 2488 0000 | 004c 8b84 | 2480 0000 | 0048 8b54 

  0x00000219365431a8: ;   {metadata(method data for {method} {0x000002194e010cc0} 'defineClass' '(Ljava/lang/String;[BIILjava/security/ProtectionDomain;)Ljava/lang/Class;' in 'java/lang/ClassLoader')}
  0x00000219365431a8: 2478 48b9 | 4006 268f | 1902 0000 | 4883 8180 | 0100 0001 | 4c8b da49 | 8bd3 488b | c848 891c 
  0x00000219365431c8: 2466 0f1f 

  0x00000219365431cc: ;   {static_call}
  0x00000219365431cc: 4400 00e8 

  0x00000219365431d0: ; ImmutableOopMap {[152]=Oop [120]=Oop }
                      ;*invokestatic defineClass1 {reexecute=0 rethrow=0 return_oop=0}
                      ; - java.lang.ClassLoader::defineClass@27 (line 1017)
  0x00000219365431d0: 6c3b 9507 | 488b 5424 

  0x00000219365431d8: ;   {metadata(method data for {method} {0x000002194e010cc0} 'defineClass' '(Ljava/lang/String;[BIILjava/security/ProtectionDomain;)Ljava/lang/Class;' in 'java/lang/ClassLoader')}
  0x00000219365431d8: 7849 b840 | 0626 8f19 | 0200 0049 | 8380 9001 | 0000 014c | 8bc0 4c8b | 8c24 9800 | 0000 488b 
  0x00000219365431f8: 5424 7848 | 8984 24a0 | 0000 000f 

  0x0000021936543204: ;   {optimized virtual_call}
  0x0000021936543204: 1f40 00e8 

  0x0000021936543208: ; ImmutableOopMap {[160]=Oop }
                      ;*invokevirtual postDefineClass {reexecute=0 rethrow=0 return_oop=0}
                      ; - java.lang.ClassLoader::defineClass@37 (line 1018)
  0x0000021936543208: 94a9 ffff | 488b 8424 | a000 0000 | 4881 c4b0 | 0000 005d 

  0x000002193654321c: ;   {poll_return}
  0x000002193654321c: 493b a750 | 0300 000f | 8799 0000 

  0x0000021936543228: ;   {metadata({method} {0x000002194e010cc0} 'defineClass' '(Ljava/lang/String;[BIILjava/security/ProtectionDomain;)Ljava/lang/Class;' in 'java/lang/ClassLoader')}
  0x0000021936543228: 00c3 49ba | b80c 014e | 1902 0000 | 4c89 5424 | 0848 c704 | 24ff ffff 

  0x0000021936543240: ;   {runtime_call counter_overflow Runtime1 stub}
  0x0000021936543240: ffe8 ba7d 

  0x0000021936543244: ; ImmutableOopMap {rdx=Oop [120]=Oop r8=Oop r9=Oop rcx=Oop }
                      ;*synchronization entry
                      ; - java.lang.ClassLoader::defineClass@-1 (line 1015)
  0x0000021936543244: 4407 e991 

  0x0000021936543248: ;   {metadata({method} {0x000002194e010ed0} 'defineClassSourceLocation' '(Ljava/security/ProtectionDomain;)Ljava/lang/String;' in 'java/lang/ClassLoader')}
  0x0000021936543248: fcff ff49 | bac8 0e01 | 4e19 0200 | 004c 8954 | 2408 48c7 | 0424 ffff 

  0x0000021936543260: ;   {runtime_call counter_overflow Runtime1 stub}
  0x0000021936543260: ffff e899 

  0x0000021936543264: ; ImmutableOopMap {[120]=Oop [136]=Oop [128]=Oop rax=Oop [152]=Oop }
                      ;*synchronization entry
                      ; - java.lang.ClassLoader::defineClassSourceLocation@-1 (line 914)
                      ; - java.lang.ClassLoader::defineClass@12 (line 1016)
  0x0000021936543264: 7d44 07e9 | 01fd ffff 

  0x000002193654326c: ;   {runtime_call throw_null_pointer_exception Runtime1 stub}
  0x000002193654326c: e8af 4044 

  0x0000021936543270: ; ImmutableOopMap {[120]=Oop [136]=Oop [128]=Oop rax=Oop [152]=Oop }
                      ;*invokevirtual getCodeSource {reexecute=0 rethrow=0 return_oop=0}
                      ; - java.lang.ClassLoader::defineClassSourceLocation@1 (line 914)
                      ; - java.lang.ClassLoader::defineClass@12 (line 1016)
                      ;   {runtime_call throw_null_pointer_exception Runtime1 stub}
  0x0000021936543270: 07e8 aa40 

  0x0000021936543274: ; ImmutableOopMap {[120]=Oop [136]=Oop [128]=Oop rax=Oop [152]=Oop r8=Oop }
                      ;*invokevirtual getLocation {reexecute=0 rethrow=0 return_oop=0}
                      ; - java.lang.ClassLoader::defineClassSourceLocation@12 (line 916)
                      ; - java.lang.ClassLoader::defineClass@12 (line 1016)
                      ;   {runtime_call throw_null_pointer_exception Runtime1 stub}
  0x0000021936543274: 4407 e8a5 

  0x0000021936543278: ; ImmutableOopMap {[120]=Oop [136]=Oop [128]=Oop [152]=Oop rdx=Oop }
                      ;*invokevirtual toString {reexecute=0 rethrow=0 return_oop=0}
                      ; - java.lang.ClassLoader::defineClassSourceLocation@22 (line 917)
                      ; - java.lang.ClassLoader::defineClass@12 (line 1016)
                      ;   {metadata({method} {0x000002194e06af28} 'toString' '()Ljava/lang/String;' in 'java/net/URL')}
  0x0000021936543278: 4044 0749 | ba20 af06 | 4e19 0200 | 004c 8954 | 2408 48c7 | 0424 ffff 

  0x0000021936543290: ;   {runtime_call counter_overflow Runtime1 stub}
  0x0000021936543290: ffff e869 

  0x0000021936543294: ; ImmutableOopMap {[120]=Oop [136]=Oop [128]=Oop [152]=Oop rdx=Oop }
                      ;*synchronization entry
                      ; - java.net.URL::toString@-1 (line 1025)
                      ; - java.lang.ClassLoader::defineClassSourceLocation@22 (line 917)
                      ; - java.lang.ClassLoader::defineClass@12 (line 1016)
  0x0000021936543294: 7d44 07e9 | effd ffff 

  0x000002193654329c: ;   {metadata({method} {0x000002194e06b7c0} 'toExternalForm' '()Ljava/lang/String;' in 'java/net/URL')}
  0x000002193654329c: 49ba b8b7 | 064e 1902 | 0000 4c89 | 5424 0848 | c704 24ff 

  0x00000219365432b0: ;   {runtime_call counter_overflow Runtime1 stub}
  0x00000219365432b0: ffff ffe8 

  0x00000219365432b4: ; ImmutableOopMap {[120]=Oop [136]=Oop [128]=Oop [152]=Oop rdx=Oop }
                      ;*synchronization entry
                      ; - java.net.URL::toExternalForm@-1 (line 1039)
                      ; - java.net.URL::toString@1 (line 1025)
                      ; - java.lang.ClassLoader::defineClassSourceLocation@22 (line 917)
                      ; - java.lang.ClassLoader::defineClass@12 (line 1016)
  0x00000219365432b4: 487d 4407 | e90d feff 

  0x00000219365432bc: ;   {runtime_call throw_null_pointer_exception Runtime1 stub}
  0x00000219365432bc: ffe8 5e40 

  0x00000219365432c0: ; ImmutableOopMap {[120]=Oop [136]=Oop [128]=Oop [152]=Oop rdx=Oop rsi=Oop }
                      ;*invokevirtual toExternalForm {reexecute=0 rethrow=0 return_oop=0}
                      ; - java.net.URL::toExternalForm@5 (line 1039)
                      ; - java.net.URL::toString@1 (line 1025)
                      ; - java.lang.ClassLoader::defineClassSourceLocation@22 (line 917)
                      ; - java.lang.ClassLoader::defineClass@12 (line 1016)
                      ;   {internal_word}
  0x00000219365432c0: 4407 49ba | 1c32 5436 | 1902 0000 | 4d89 9768 

  0x00000219365432d0: ;   {runtime_call SafepointBlob}
  0x00000219365432d0: 0300 00e9 | 2847 3a07 | 9090 498b | 87e0 0300 | 0049 c787 | e003 0000 | 0000 0000 | 49c7 87e8 
  0x00000219365432f0: 0300 0000 | 0000 0048 | 81c4 b000 

  0x00000219365432fc: ;   {runtime_call unwind_exception Runtime1 stub}
  0x00000219365432fc: 0000 5de9 | fc45 3b07 | f4f4 f4f4 | f4f4 f4f4 | f4f4 f4f4 | f4f4 f4f4 | f4f4 f4f4 | f4f4 f4f4 
  0x000002193654331c: f4f4 f4f4 
[Stub Code]
  0x0000021936543320: ;   {no_reloc}
  0x0000021936543320: 0f1f 4400 

  0x0000021936543324: ;   {static_stub}
  0x0000021936543324: 0048 bb00 | 0000 0000 

  0x000002193654332c: ;   {runtime_call}
  0x000002193654332c: 0000 00e9 | fbff ffff 

  0x0000021936543334: ;   {static_stub}
  0x0000021936543334: 9048 bb00 | 0000 0000 

  0x000002193654333c: ;   {runtime_call}
  0x000002193654333c: 0000 00e9 | fbff ffff 

  0x0000021936543344: ;   {static_stub}
  0x0000021936543344: 9048 bb00 | 0000 0000 

  0x000002193654334c: ;   {runtime_call}
  0x000002193654334c: 0000 00e9 | fbff ffff 

  0x0000021936543354: ;   {static_stub}
  0x0000021936543354: 9048 bb00 | 0000 0000 

  0x000002193654335c: ;   {runtime_call}
  0x000002193654335c: 0000 00e9 | fbff ffff 
[Exception Handler]
  0x0000021936543364: ;   {runtime_call handle_exception_from_callee Runtime1 stub}
  0x0000021936543364: e817 1f44 

  0x0000021936543368: ;   {external_word}
  0x0000021936543368: 0748 b940 | 9ad5 befd | 7f00 0048 

  0x0000021936543374: ;   {runtime_call}
  0x0000021936543374: 83e4 f049 | ba60 2b9e | befd 7f00 | 0041 ffd2 

  0x0000021936543384: ;   {section_word}
  0x0000021936543384: f449 ba85 | 3354 3619 | 0200 0041 

  0x0000021936543390: ;   {runtime_call DeoptimizationBlob}
  0x0000021936543390: 52e9 0a39 | 3a07 f4f4 
[/MachCode]


Compiled method (c1)   48045 1121       3       java.security.SecureClassLoader::defineClass (16 bytes)
 total in heap  [0x0000021936563590,0x0000021936563980] = 1008
 relocation     [0x00000219365636e8,0x0000021936563730] = 72
 main code      [0x0000021936563740,0x0000021936563880] = 320
 stub code      [0x0000021936563880,0x00000219365638d8] = 88
 metadata       [0x00000219365638d8,0x00000219365638e0] = 8
 scopes data    [0x00000219365638e0,0x0000021936563928] = 72
 scopes pcs     [0x0000021936563928,0x0000021936563978] = 80
 dependencies   [0x0000021936563978,0x0000021936563980] = 8

[Constant Pool (empty)]

[MachCode]
[Entry Point]
  # {method} {0x000002194e432c78} 'defineClass' '(Ljava/lang/String;[BIILjava/security/CodeSource;)Ljava/lang/Class;' in 'java/security/SecureClassLoader'
  # this:     rdx:rdx   = 'java/security/SecureClassLoader'
  # parm0:    r8:r8     = 'java/lang/String'
  # parm1:    r9:r9     = '[B'
  # parm2:    rdi       = int
  # parm3:    rsi       = int
  # parm4:    rcx:rcx   = 'java/security/CodeSource'
  #           [sp+0x80]  (sp of caller)
  0x0000021936563740: 448b 5208 | 49bb 0000 | 004e 1902 | 0000 4d03 | d34c 3bd0 

  0x0000021936563754: ;   {runtime_call ic_miss_stub}
  0x0000021936563754: 0f85 26d9 | 3707 660f | 1f44 0000 
[Verified Entry Point]
  0x0000021936563760: 8984 2400 | 90ff ff55 | 4883 ec70 

  0x000002193656376c: ;   {metadata(method data for {method} {0x000002194e432c78} 'defineClass' '(Ljava/lang/String;[BIILjava/security/CodeSource;)Ljava/lang/Class;' in 'java/security/SecureClassLoader')}
  0x000002193656376c: 48bb e0c4 | 248f 1902 | 0000 8b83 | cc00 0000 | 83c0 0289 | 83cc 0000 | 0081 e0fe | 0700 0083 
  0x000002193656378c: f800 0f84 | 8b00 0000 | 8974 245c | 897c 2458 | 4c89 4c24 | 504c 8944 | 2448 488b 

  0x00000219365637a8: ;   {metadata(method data for {method} {0x000002194e432c78} 'defineClass' '(Ljava/lang/String;[BIILjava/security/CodeSource;)Ljava/lang/Class;' in 'java/security/SecureClassLoader')}
  0x00000219365637a8: da48 b8e0 | c424 8f19 | 0200 0048 | 8380 1001 | 0000 014c | 8bc1 488b | c248 8bd0 | 4889 4424 
  0x00000219365637c8: 4066 0f1f 

  0x00000219365637cc: ;   {optimized virtual_call}
  0x00000219365637cc: 4400 00e8 

  0x00000219365637d0: ; ImmutableOopMap {[80]=Oop [64]=Oop [72]=Oop }
                      ;*invokevirtual getProtectionDomain {reexecute=0 rethrow=0 return_oop=0}
                      ; - java.security.SecureClassLoader::defineClass@9 (line 150)
  0x00000219365637d0: 4c37 f9ff | 488b 5424 

  0x00000219365637d8: ;   {metadata(method data for {method} {0x000002194e432c78} 'defineClass' '(Ljava/lang/String;[BIILjava/security/CodeSource;)Ljava/lang/Class;' in 'java/security/SecureClassLoader')}
  0x00000219365637d8: 4049 b8e0 | c424 8f19 | 0200 0049 | 8380 4801 | 0000 014c | 8b44 2448 | 4c8b 4c24 | 508b 7c24 
  0x00000219365637f8: 588b 7424 | 5c48 8bc8 | 488b 5424 

  0x0000021936563804: ;   {optimized virtual_call}
  0x0000021936563804: 4066 90e8 

  0x0000021936563808: ; ImmutableOopMap {}
                      ;*invokevirtual defineClass {reexecute=0 rethrow=0 return_oop=0}
                      ; - java.security.SecureClassLoader::defineClass@12 (line 150)
  0x0000021936563808: 94f6 fdff | 4883 c470 

  0x0000021936563810: ;   {poll_return}
  0x0000021936563810: 5d49 3ba7 | 5003 0000 | 0f87 2200 

  0x000002193656381c: ;   {metadata({method} {0x000002194e432c78} 'defineClass' '(Ljava/lang/String;[BIILjava/security/CodeSource;)Ljava/lang/Class;' in 'java/security/SecureClassLoader')}
  0x000002193656381c: 0000 c349 | ba70 2c43 | 4e19 0200 | 004c 8954 | 2408 48c7 | 0424 ffff 

  0x0000021936563834: ;   {runtime_call counter_overflow Runtime1 stub}
  0x0000021936563834: ffff e8c5 

  0x0000021936563838: ; ImmutableOopMap {rdx=Oop r8=Oop r9=Oop rcx=Oop }
                      ;*synchronization entry
                      ; - java.security.SecureClassLoader::defineClass@-1 (line 150)
  0x0000021936563838: 7742 07e9 | 54ff ffff 

  0x0000021936563840: ;   {internal_word}
  0x0000021936563840: 49ba 1138 | 5636 1902 | 0000 4d89 | 9768 0300 

  0x0000021936563850: ;   {runtime_call SafepointBlob}
  0x0000021936563850: 00e9 aa41 | 3807 9090 | 498b 87e0 | 0300 0049 | c787 e003 | 0000 0000 | 0000 49c7 | 87e8 0300 
  0x0000021936563870: 0000 0000 | 0048 83c4 

  0x0000021936563878: ;   {runtime_call unwind_exception Runtime1 stub}
  0x0000021936563878: 705d e981 | 4039 07f4 
[Stub Code]
  0x0000021936563880: ;   {no_reloc}
  0x0000021936563880: 0f1f 4400 

  0x0000021936563884: ;   {static_stub}
  0x0000021936563884: 0048 bb00 | 0000 0000 

  0x000002193656388c: ;   {runtime_call}
  0x000002193656388c: 0000 00e9 | fbff ffff 

  0x0000021936563894: ;   {static_stub}
  0x0000021936563894: 9048 bb00 | 0000 0000 

  0x000002193656389c: ;   {runtime_call}
  0x000002193656389c: 0000 00e9 | fbff ffff 
[Exception Handler]
  0x00000219365638a4: ;   {runtime_call handle_exception_from_callee Runtime1 stub}
  0x00000219365638a4: e8d7 1942 

  0x00000219365638a8: ;   {external_word}
  0x00000219365638a8: 0748 b940 | 9ad5 befd | 7f00 0048 

  0x00000219365638b4: ;   {runtime_call}
  0x00000219365638b4: 83e4 f049 | ba60 2b9e | befd 7f00 | 0041 ffd2 

  0x00000219365638c4: ;   {section_word}
  0x00000219365638c4: f449 bac5 | 3856 3619 | 0200 0041 

  0x00000219365638d0: ;   {runtime_call DeoptimizationBlob}
  0x00000219365638d0: 52e9 ca33 | 3807 f4f4 
[/MachCode]


---------------  P R O C E S S  ---------------

Threads class SMR info:
_java_thread_list=0x00000219941a1de0, length=13, elements={
0x000002192d08c7a0, 0x000002194d3c35a0, 0x000002194d3c4420, 0x000002194d3d1bd0,
0x000002194d3d26a0, 0x000002194d3d5070, 0x000002194d3d5a30, 0x000002194d3d67d0,
0x000002194d3d9290, 0x000002194d3decb0, 0x000002194d3ac670, 0x000002194d881500,
0x0000021993322030
}

Java Threads: ( => current thread )
=>0x000002192d08c7a0 JavaThread "main" [_thread_in_vm, id=34740, stack(0x000000356a000000,0x000000356a100000)]
  0x000002194d3c35a0 JavaThread "Reference Handler" daemon [_thread_blocked, id=33972, stack(0x000000356a700000,0x000000356a800000)]
  0x000002194d3c4420 JavaThread "Finalizer" daemon [_thread_blocked, id=33340, stack(0x000000356a800000,0x000000356a900000)]
  0x000002194d3d1bd0 JavaThread "Signal Dispatcher" daemon [_thread_blocked, id=34724, stack(0x000000356a900000,0x000000356aa00000)]
  0x000002194d3d26a0 JavaThread "Attach Listener" daemon [_thread_blocked, id=33544, stack(0x000000356aa00000,0x000000356ab00000)]
  0x000002194d3d5070 JavaThread "Service Thread" daemon [_thread_blocked, id=33476, stack(0x000000356ab00000,0x000000356ac00000)]
  0x000002194d3d5a30 JavaThread "Monitor Deflation Thread" daemon [_thread_blocked, id=34800, stack(0x000000356ac00000,0x000000356ad00000)]
  0x000002194d3d67d0 JavaThread "C2 CompilerThread0" daemon [_thread_in_native, id=8896, stack(0x000000356ad00000,0x000000356ae00000)]
  0x000002194d3d9290 JavaThread "C1 CompilerThread0" daemon [_thread_in_native, id=33416, stack(0x000000356ae00000,0x000000356af00000)]
  0x000002194d3decb0 JavaThread "Sweeper thread" daemon [_thread_blocked, id=31020, stack(0x000000356af00000,0x000000356b000000)]
  0x000002194d3ac670 JavaThread "Common-Cleaner" daemon [_thread_blocked, id=23900, stack(0x000000356b000000,0x000000356b100000)]
  0x000002194d881500 JavaThread "Monitor Ctrl-Break" daemon [_thread_in_native, id=30908, stack(0x000000356b100000,0x000000356b200000)]
  0x0000021993322030 JavaThread "Notification Thread" daemon [_thread_blocked, id=30912, stack(0x000000356b200000,0x000000356b300000)]

Other Threads:
  0x000002194d3bbcc0 VMThread "VM Thread" [stack: 0x000000356a600000,0x000000356a700000] [id=31660] _threads_hazard_ptr=0x00000219941a1de0
  0x0000021993322d20 WatcherThread [stack: 0x000000356b300000,0x000000356b400000] [id=30916]
  0x000002192d0e8c90 GCTaskThread "GC Thread#0" [stack: 0x000000356a100000,0x000000356a200000] [id=33980]
  0x00000219938ffc00 GCTaskThread "GC Thread#1" [stack: 0x000000356b400000,0x000000356b500000] [id=25304]
  0x000002199387f070 GCTaskThread "GC Thread#2" [stack: 0x000000356b500000,0x000000356b600000] [id=11532]
  0x000002199393e150 GCTaskThread "GC Thread#3" [stack: 0x000000356b600000,0x000000356b700000] [id=22116]
  0x000002199393e410 GCTaskThread "GC Thread#4" [stack: 0x000000356b700000,0x000000356b800000] [id=34656]
  0x000002199393e6d0 GCTaskThread "GC Thread#5" [stack: 0x000000356b800000,0x000000356b900000] [id=34552]
  0x000002199393e990 GCTaskThread "GC Thread#6" [stack: 0x000000356b900000,0x000000356ba00000] [id=34588]
  0x000002199393f0d0 GCTaskThread "GC Thread#7" [stack: 0x000000356ba00000,0x000000356bb00000] [id=34328]
  0x000002192d0fa8b0 ConcurrentGCThread "G1 Main Marker" [stack: 0x000000356a200000,0x000000356a300000] [id=33460]
  0x000002192d0fb2d0 ConcurrentGCThread "G1 Conc#0" [stack: 0x000000356a300000,0x000000356a400000] [id=34324]
  0x000002192d13ec70 ConcurrentGCThread "G1 Refine#0" [stack: 0x000000356a400000,0x000000356a500000] [id=33940]
  0x000002194d87d950 ConcurrentGCThread "G1 Refine#1" [stack: 0x000000356bb00000,0x000000356bc00000] [id=34612]
  0x000002194d274c20 ConcurrentGCThread "G1 Service" [stack: 0x000000356a500000,0x000000356a600000] [id=34808]

Threads with active compile tasks:
C2 CompilerThread0    48051 2131       4       sun.reflect.generics.parser.SignatureParser::skipIdentifier (67 bytes)
C1 CompilerThread0    48051 2135       3       java.util.EnumSet::of (51 bytes)

VM state: synchronizing (normal execution)

VM Mutex/Monitor currently owned by a thread:  ([mutex/lock_event])
[0x000002192d088b40] Threads_lock - owner thread: 0x000002194d3bbcc0

Heap address: 0x0000000081a00000, size: 2022 MB, Compressed Oops mode: 32-bit

CDS archive(s) mapped at: [0x000002194e000000-0x000002194eba0000-0x000002194eba0000), size 12189696, SharedBaseAddress: 0x000002194e000000, ArchiveRelocationMode: 1.
Compressed class space mapped at: 0x000002194f000000-0x000002198f000000, reserved size: 1073741824
Narrow klass base: 0x000002194e000000, Narrow klass shift: 0, Narrow klass range: 0x100000000

GC Precious Log:
 CPUs: 8 total, 8 available
 Memory: 8086M
 Large Page Support: Disabled
 NUMA Support: Disabled
 Compressed Oops: Enabled (32-bit)
 Heap Region Size: 1M
 Heap Min Capacity: 8M
 Heap Initial Capacity: 128M
 Heap Max Capacity: 2022M
 Pre-touch: Disabled
 Parallel Workers: 8
 Concurrent Workers: 2
 Concurrent Refinement Workers: 8
 Periodic GC: Disabled

Heap:
 garbage-first heap   total 131072K, used 49352K [0x0000000081a00000, 0x0000000100000000)
  region size 1024K, 41 young (41984K), 2 survivors (2048K)
 Metaspace       used 18947K, committed 19136K, reserved 1114112K
  class space    used 2466K, committed 2560K, reserved 1048576K

Heap Regions: E=young(eden), S=young(survivor), O=old, HS=humongous(starts), HC=humongous(continues), CS=collection set, F=free, OA=open archive, CA=closed archive, TAMS=top-at-mark-start (previous, next)
|   0|0x0000000081a00000, 0x0000000081b00000, 0x0000000081b00000|100%| O|  |TAMS 0x0000000081a00000, 0x0000000081a00000| Untracked 
|   1|0x0000000081b00000, 0x0000000081c00000, 0x0000000081c00000|100%|HS|  |TAMS 0x0000000081b00000, 0x0000000081b00000| Complete 
|   2|0x0000000081c00000, 0x0000000081d00000, 0x0000000081d00000|100%| O|  |TAMS 0x0000000081c00000, 0x0000000081c00000| Untracked 
|   3|0x0000000081d00000, 0x0000000081e00000, 0x0000000081e00000|100%| O|  |TAMS 0x0000000081d00000, 0x0000000081d00000| Untracked 
|   4|0x0000000081e00000, 0x0000000081f00000, 0x0000000081f00000|100%| O|  |TAMS 0x0000000081e00000, 0x0000000081e00000| Untracked 
|   5|0x0000000081f00000, 0x0000000082000000, 0x0000000082000000|100%| O|  |TAMS 0x0000000081f00000, 0x0000000081f00000| Untracked 
|   6|0x0000000082000000, 0x0000000082100000, 0x0000000082100000|100%| O|  |TAMS 0x0000000082000000, 0x0000000082000000| Untracked 
|   7|0x0000000082100000, 0x0000000082200000, 0x0000000082200000|100%| O|  |TAMS 0x0000000082100000, 0x0000000082100000| Untracked 
|   8|0x0000000082200000, 0x0000000082300000, 0x0000000082300000|100%| O|  |TAMS 0x0000000082200000, 0x0000000082200000| Untracked 
|   9|0x0000000082300000, 0x000000008239e200, 0x0000000082400000| 61%| O|  |TAMS 0x0000000082300000, 0x0000000082300000| Untracked 
|  10|0x0000000082400000, 0x0000000082400000, 0x0000000082500000|  0%| F|  |TAMS 0x0000000082400000, 0x0000000082400000| Untracked 
|  11|0x0000000082500000, 0x0000000082500000, 0x0000000082600000|  0%| F|  |TAMS 0x0000000082500000, 0x0000000082500000| Untracked 
|  12|0x0000000082600000, 0x0000000082600000, 0x0000000082700000|  0%| F|  |TAMS 0x0000000082600000, 0x0000000082600000| Untracked 
|  13|0x0000000082700000, 0x0000000082700000, 0x0000000082800000|  0%| F|  |TAMS 0x0000000082700000, 0x0000000082700000| Untracked 
|  14|0x0000000082800000, 0x0000000082800000, 0x0000000082900000|  0%| F|  |TAMS 0x0000000082800000, 0x0000000082800000| Untracked 
|  15|0x0000000082900000, 0x0000000082900000, 0x0000000082a00000|  0%| F|  |TAMS 0x0000000082900000, 0x0000000082900000| Untracked 
|  16|0x0000000082a00000, 0x0000000082a00000, 0x0000000082b00000|  0%| F|  |TAMS 0x0000000082a00000, 0x0000000082a00000| Untracked 
|  17|0x0000000082b00000, 0x0000000082b00000, 0x0000000082c00000|  0%| F|  |TAMS 0x0000000082b00000, 0x0000000082b00000| Untracked 
|  18|0x0000000082c00000, 0x0000000082c00000, 0x0000000082d00000|  0%| F|  |TAMS 0x0000000082c00000, 0x0000000082c00000| Untracked 
|  19|0x0000000082d00000, 0x0000000082d00000, 0x0000000082e00000|  0%| F|  |TAMS 0x0000000082d00000, 0x0000000082d00000| Untracked 
|  20|0x0000000082e00000, 0x0000000082e00000, 0x0000000082f00000|  0%| F|  |TAMS 0x0000000082e00000, 0x0000000082e00000| Untracked 
|  21|0x0000000082f00000, 0x0000000082f00000, 0x0000000083000000|  0%| F|  |TAMS 0x0000000082f00000, 0x0000000082f00000| Untracked 
|  22|0x0000000083000000, 0x0000000083000000, 0x0000000083100000|  0%| F|  |TAMS 0x0000000083000000, 0x0000000083000000| Untracked 
|  23|0x0000000083100000, 0x0000000083100000, 0x0000000083200000|  0%| F|  |TAMS 0x0000000083100000, 0x0000000083100000| Untracked 
|  24|0x0000000083200000, 0x0000000083200000, 0x0000000083300000|  0%| F|  |TAMS 0x0000000083200000, 0x0000000083200000| Untracked 
|  25|0x0000000083300000, 0x0000000083300000, 0x0000000083400000|  0%| F|  |TAMS 0x0000000083300000, 0x0000000083300000| Untracked 
|  26|0x0000000083400000, 0x0000000083400000, 0x0000000083500000|  0%| F|  |TAMS 0x0000000083400000, 0x0000000083400000| Untracked 
|  27|0x0000000083500000, 0x0000000083500000, 0x0000000083600000|  0%| F|  |TAMS 0x0000000083500000, 0x0000000083500000| Untracked 
|  28|0x0000000083600000, 0x0000000083600000, 0x0000000083700000|  0%| F|  |TAMS 0x0000000083600000, 0x0000000083600000| Untracked 
|  29|0x0000000083700000, 0x0000000083700000, 0x0000000083800000|  0%| F|  |TAMS 0x0000000083700000, 0x0000000083700000| Untracked 
|  30|0x0000000083800000, 0x0000000083800000, 0x0000000083900000|  0%| F|  |TAMS 0x0000000083800000, 0x0000000083800000| Untracked 
|  31|0x0000000083900000, 0x0000000083900000, 0x0000000083a00000|  0%| F|  |TAMS 0x0000000083900000, 0x0000000083900000| Untracked 
|  32|0x0000000083a00000, 0x0000000083a00000, 0x0000000083b00000|  0%| F|  |TAMS 0x0000000083a00000, 0x0000000083a00000| Untracked 
|  33|0x0000000083b00000, 0x0000000083b00000, 0x0000000083c00000|  0%| F|  |TAMS 0x0000000083b00000, 0x0000000083b00000| Untracked 
|  34|0x0000000083c00000, 0x0000000083c00000, 0x0000000083d00000|  0%| F|  |TAMS 0x0000000083c00000, 0x0000000083c00000| Untracked 
|  35|0x0000000083d00000, 0x0000000083d00000, 0x0000000083e00000|  0%| F|  |TAMS 0x0000000083d00000, 0x0000000083d00000| Untracked 
|  36|0x0000000083e00000, 0x0000000083e00000, 0x0000000083f00000|  0%| F|  |TAMS 0x0000000083e00000, 0x0000000083e00000| Untracked 
|  37|0x0000000083f00000, 0x0000000083f00000, 0x0000000084000000|  0%| F|  |TAMS 0x0000000083f00000, 0x0000000083f00000| Untracked 
|  38|0x0000000084000000, 0x0000000084000000, 0x0000000084100000|  0%| F|  |TAMS 0x0000000084000000, 0x0000000084000000| Untracked 
|  39|0x0000000084100000, 0x0000000084100000, 0x0000000084200000|  0%| F|  |TAMS 0x0000000084100000, 0x0000000084100000| Untracked 
|  40|0x0000000084200000, 0x0000000084200000, 0x0000000084300000|  0%| F|  |TAMS 0x0000000084200000, 0x0000000084200000| Untracked 
|  41|0x0000000084300000, 0x0000000084300000, 0x0000000084400000|  0%| F|  |TAMS 0x0000000084300000, 0x0000000084300000| Untracked 
|  42|0x0000000084400000, 0x0000000084400000, 0x0000000084500000|  0%| F|  |TAMS 0x0000000084400000, 0x0000000084400000| Untracked 
|  43|0x0000000084500000, 0x0000000084500000, 0x0000000084600000|  0%| F|  |TAMS 0x0000000084500000, 0x0000000084500000| Untracked 
|  44|0x0000000084600000, 0x0000000084600000, 0x0000000084700000|  0%| F|  |TAMS 0x0000000084600000, 0x0000000084600000| Untracked 
|  45|0x0000000084700000, 0x0000000084700000, 0x0000000084800000|  0%| F|  |TAMS 0x0000000084700000, 0x0000000084700000| Untracked 
|  46|0x0000000084800000, 0x0000000084800000, 0x0000000084900000|  0%| F|  |TAMS 0x0000000084800000, 0x0000000084800000| Untracked 
|  47|0x0000000084900000, 0x0000000084900000, 0x0000000084a00000|  0%| F|  |TAMS 0x0000000084900000, 0x0000000084900000| Untracked 
|  48|0x0000000084a00000, 0x0000000084a00000, 0x0000000084b00000|  0%| F|  |TAMS 0x0000000084a00000, 0x0000000084a00000| Untracked 
|  49|0x0000000084b00000, 0x0000000084b00000, 0x0000000084c00000|  0%| F|  |TAMS 0x0000000084b00000, 0x0000000084b00000| Untracked 
|  50|0x0000000084c00000, 0x0000000084c00000, 0x0000000084d00000|  0%| F|  |TAMS 0x0000000084c00000, 0x0000000084c00000| Untracked 
|  51|0x0000000084d00000, 0x0000000084d00000, 0x0000000084e00000|  0%| F|  |TAMS 0x0000000084d00000, 0x0000000084d00000| Untracked 
|  52|0x0000000084e00000, 0x0000000084e00000, 0x0000000084f00000|  0%| F|  |TAMS 0x0000000084e00000, 0x0000000084e00000| Untracked 
|  53|0x0000000084f00000, 0x0000000084f00000, 0x0000000085000000|  0%| F|  |TAMS 0x0000000084f00000, 0x0000000084f00000| Untracked 
|  54|0x0000000085000000, 0x0000000085000000, 0x0000000085100000|  0%| F|  |TAMS 0x0000000085000000, 0x0000000085000000| Untracked 
|  55|0x0000000085100000, 0x0000000085100000, 0x0000000085200000|  0%| F|  |TAMS 0x0000000085100000, 0x0000000085100000| Untracked 
|  56|0x0000000085200000, 0x0000000085200000, 0x0000000085300000|  0%| F|  |TAMS 0x0000000085200000, 0x0000000085200000| Untracked 
|  57|0x0000000085300000, 0x0000000085300000, 0x0000000085400000|  0%| F|  |TAMS 0x0000000085300000, 0x0000000085300000| Untracked 
|  58|0x0000000085400000, 0x0000000085400000, 0x0000000085500000|  0%| F|  |TAMS 0x0000000085400000, 0x0000000085400000| Untracked 
|  59|0x0000000085500000, 0x0000000085500000, 0x0000000085600000|  0%| F|  |TAMS 0x0000000085500000, 0x0000000085500000| Untracked 
|  60|0x0000000085600000, 0x0000000085600000, 0x0000000085700000|  0%| F|  |TAMS 0x0000000085600000, 0x0000000085600000| Untracked 
|  61|0x0000000085700000, 0x0000000085700000, 0x0000000085800000|  0%| F|  |TAMS 0x0000000085700000, 0x0000000085700000| Untracked 
|  62|0x0000000085800000, 0x0000000085800000, 0x0000000085900000|  0%| F|  |TAMS 0x0000000085800000, 0x0000000085800000| Untracked 
|  63|0x0000000085900000, 0x0000000085900000, 0x0000000085a00000|  0%| F|  |TAMS 0x0000000085900000, 0x0000000085900000| Untracked 
|  64|0x0000000085a00000, 0x0000000085a00000, 0x0000000085b00000|  0%| F|  |TAMS 0x0000000085a00000, 0x0000000085a00000| Untracked 
|  65|0x0000000085b00000, 0x0000000085b00000, 0x0000000085c00000|  0%| F|  |TAMS 0x0000000085b00000, 0x0000000085b00000| Untracked 
|  66|0x0000000085c00000, 0x0000000085c00000, 0x0000000085d00000|  0%| F|  |TAMS 0x0000000085c00000, 0x0000000085c00000| Untracked 
|  67|0x0000000085d00000, 0x0000000085d00000, 0x0000000085e00000|  0%| F|  |TAMS 0x0000000085d00000, 0x0000000085d00000| Untracked 
|  68|0x0000000085e00000, 0x0000000085e00000, 0x0000000085f00000|  0%| F|  |TAMS 0x0000000085e00000, 0x0000000085e00000| Untracked 
|  69|0x0000000085f00000, 0x0000000085f00000, 0x0000000086000000|  0%| F|  |TAMS 0x0000000085f00000, 0x0000000085f00000| Untracked 
|  70|0x0000000086000000, 0x0000000086000000, 0x0000000086100000|  0%| F|  |TAMS 0x0000000086000000, 0x0000000086000000| Untracked 
|  71|0x0000000086100000, 0x0000000086100000, 0x0000000086200000|  0%| F|  |TAMS 0x0000000086100000, 0x0000000086100000| Untracked 
|  72|0x0000000086200000, 0x0000000086200000, 0x0000000086300000|  0%| F|  |TAMS 0x0000000086200000, 0x0000000086200000| Untracked 
|  73|0x0000000086300000, 0x0000000086300000, 0x0000000086400000|  0%| F|  |TAMS 0x0000000086300000, 0x0000000086300000| Untracked 
|  74|0x0000000086400000, 0x0000000086400000, 0x0000000086500000|  0%| F|  |TAMS 0x0000000086400000, 0x0000000086400000| Untracked 
|  75|0x0000000086500000, 0x0000000086500000, 0x0000000086600000|  0%| F|  |TAMS 0x0000000086500000, 0x0000000086500000| Untracked 
|  76|0x0000000086600000, 0x0000000086600000, 0x0000000086700000|  0%| F|  |TAMS 0x0000000086600000, 0x0000000086600000| Untracked 
|  77|0x0000000086700000, 0x0000000086700000, 0x0000000086800000|  0%| F|  |TAMS 0x0000000086700000, 0x0000000086700000| Untracked 
|  78|0x0000000086800000, 0x0000000086800000, 0x0000000086900000|  0%| F|  |TAMS 0x0000000086800000, 0x0000000086800000| Untracked 
|  79|0x0000000086900000, 0x0000000086900000, 0x0000000086a00000|  0%| F|  |TAMS 0x0000000086900000, 0x0000000086900000| Untracked 
|  80|0x0000000086a00000, 0x0000000086a00000, 0x0000000086b00000|  0%| F|  |TAMS 0x0000000086a00000, 0x0000000086a00000| Untracked 
|  81|0x0000000086b00000, 0x0000000086b00000, 0x0000000086c00000|  0%| F|  |TAMS 0x0000000086b00000, 0x0000000086b00000| Untracked 
|  82|0x0000000086c00000, 0x0000000086c00000, 0x0000000086d00000|  0%| F|  |TAMS 0x0000000086c00000, 0x0000000086c00000| Untracked 
|  83|0x0000000086d00000, 0x0000000086d00000, 0x0000000086e00000|  0%| F|  |TAMS 0x0000000086d00000, 0x0000000086d00000| Untracked 
|  84|0x0000000086e00000, 0x0000000086e00000, 0x0000000086f00000|  0%| F|  |TAMS 0x0000000086e00000, 0x0000000086e00000| Untracked 
|  85|0x0000000086f00000, 0x0000000086f00000, 0x0000000087000000|  0%| F|  |TAMS 0x0000000086f00000, 0x0000000086f00000| Untracked 
|  86|0x0000000087000000, 0x0000000087000000, 0x0000000087100000|  0%| F|  |TAMS 0x0000000087000000, 0x0000000087000000| Untracked 
|  87|0x0000000087100000, 0x0000000087182210, 0x0000000087200000| 50%| E|  |TAMS 0x0000000087100000, 0x0000000087100000| Complete 
|  88|0x0000000087200000, 0x0000000087300000, 0x0000000087300000|100%| E|CS|TAMS 0x0000000087200000, 0x0000000087200000| Complete 
|  89|0x0000000087300000, 0x0000000087400000, 0x0000000087400000|100%| E|CS|TAMS 0x0000000087300000, 0x0000000087300000| Complete 
|  90|0x0000000087400000, 0x0000000087500000, 0x0000000087500000|100%| E|CS|TAMS 0x0000000087400000, 0x0000000087400000| Complete 
|  91|0x0000000087500000, 0x0000000087600000, 0x0000000087600000|100%| E|CS|TAMS 0x0000000087500000, 0x0000000087500000| Complete 
|  92|0x0000000087600000, 0x0000000087700000, 0x0000000087700000|100%| E|CS|TAMS 0x0000000087600000, 0x0000000087600000| Complete 
|  93|0x0000000087700000, 0x0000000087800000, 0x0000000087800000|100%| E|CS|TAMS 0x0000000087700000, 0x0000000087700000| Complete 
|  94|0x0000000087800000, 0x0000000087900000, 0x0000000087900000|100%| E|CS|TAMS 0x0000000087800000, 0x0000000087800000| Complete 
|  95|0x0000000087900000, 0x0000000087a00000, 0x0000000087a00000|100%| E|CS|TAMS 0x0000000087900000, 0x0000000087900000| Complete 
|  96|0x0000000087a00000, 0x0000000087b00000, 0x0000000087b00000|100%| E|CS|TAMS 0x0000000087a00000, 0x0000000087a00000| Complete 
|  97|0x0000000087b00000, 0x0000000087c00000, 0x0000000087c00000|100%| E|CS|TAMS 0x0000000087b00000, 0x0000000087b00000| Complete 
|  98|0x0000000087c00000, 0x0000000087d00000, 0x0000000087d00000|100%| E|CS|TAMS 0x0000000087c00000, 0x0000000087c00000| Complete 
|  99|0x0000000087d00000, 0x0000000087e00000, 0x0000000087e00000|100%| E|CS|TAMS 0x0000000087d00000, 0x0000000087d00000| Complete 
| 100|0x0000000087e00000, 0x0000000087f00000, 0x0000000087f00000|100%| E|CS|TAMS 0x0000000087e00000, 0x0000000087e00000| Complete 
| 101|0x0000000087f00000, 0x0000000088000000, 0x0000000088000000|100%| E|CS|TAMS 0x0000000087f00000, 0x0000000087f00000| Complete 
| 102|0x0000000088000000, 0x0000000088100000, 0x0000000088100000|100%| E|CS|TAMS 0x0000000088000000, 0x0000000088000000| Complete 
| 103|0x0000000088100000, 0x0000000088200000, 0x0000000088200000|100%| E|CS|TAMS 0x0000000088100000, 0x0000000088100000| Complete 
| 104|0x0000000088200000, 0x0000000088300000, 0x0000000088300000|100%| E|CS|TAMS 0x0000000088200000, 0x0000000088200000| Complete 
| 105|0x0000000088300000, 0x0000000088400000, 0x0000000088400000|100%| E|CS|TAMS 0x0000000088300000, 0x0000000088300000| Complete 
| 106|0x0000000088400000, 0x00000000884940b0, 0x0000000088500000| 57%| S|CS|TAMS 0x0000000088400000, 0x0000000088400000| Complete 
| 107|0x0000000088500000, 0x0000000088600000, 0x0000000088600000|100%| S|CS|TAMS 0x0000000088500000, 0x0000000088500000| Complete 
| 108|0x0000000088600000, 0x0000000088700000, 0x0000000088700000|100%| E|CS|TAMS 0x0000000088600000, 0x0000000088600000| Complete 
| 109|0x0000000088700000, 0x0000000088800000, 0x0000000088800000|100%| E|CS|TAMS 0x0000000088700000, 0x0000000088700000| Complete 
| 110|0x0000000088800000, 0x0000000088900000, 0x0000000088900000|100%| E|CS|TAMS 0x0000000088800000, 0x0000000088800000| Complete 
| 111|0x0000000088900000, 0x0000000088a00000, 0x0000000088a00000|100%| E|CS|TAMS 0x0000000088900000, 0x0000000088900000| Complete 
| 112|0x0000000088a00000, 0x0000000088b00000, 0x0000000088b00000|100%| E|CS|TAMS 0x0000000088a00000, 0x0000000088a00000| Complete 
| 113|0x0000000088b00000, 0x0000000088c00000, 0x0000000088c00000|100%| E|CS|TAMS 0x0000000088b00000, 0x0000000088b00000| Complete 
| 114|0x0000000088c00000, 0x0000000088d00000, 0x0000000088d00000|100%| E|CS|TAMS 0x0000000088c00000, 0x0000000088c00000| Complete 
| 115|0x0000000088d00000, 0x0000000088e00000, 0x0000000088e00000|100%| E|CS|TAMS 0x0000000088d00000, 0x0000000088d00000| Complete 
| 116|0x0000000088e00000, 0x0000000088f00000, 0x0000000088f00000|100%| E|CS|TAMS 0x0000000088e00000, 0x0000000088e00000| Complete 
| 117|0x0000000088f00000, 0x0000000089000000, 0x0000000089000000|100%| E|CS|TAMS 0x0000000088f00000, 0x0000000088f00000| Complete 
| 118|0x0000000089000000, 0x0000000089100000, 0x0000000089100000|100%| E|CS|TAMS 0x0000000089000000, 0x0000000089000000| Complete 
| 119|0x0000000089100000, 0x0000000089200000, 0x0000000089200000|100%| E|  |TAMS 0x0000000089100000, 0x0000000089100000| Complete 
| 120|0x0000000089200000, 0x0000000089300000, 0x0000000089300000|100%| E|CS|TAMS 0x0000000089200000, 0x0000000089200000| Complete 
| 121|0x0000000089300000, 0x0000000089400000, 0x0000000089400000|100%| E|CS|TAMS 0x0000000089300000, 0x0000000089300000| Complete 
| 122|0x0000000089400000, 0x0000000089500000, 0x0000000089500000|100%| E|CS|TAMS 0x0000000089400000, 0x0000000089400000| Complete 
| 123|0x0000000089500000, 0x0000000089600000, 0x0000000089600000|100%| E|CS|TAMS 0x0000000089500000, 0x0000000089500000| Complete 
| 124|0x0000000089600000, 0x0000000089700000, 0x0000000089700000|100%| E|CS|TAMS 0x0000000089600000, 0x0000000089600000| Complete 
| 125|0x0000000089700000, 0x0000000089800000, 0x0000000089800000|100%| E|CS|TAMS 0x0000000089700000, 0x0000000089700000| Complete 
| 126|0x0000000089800000, 0x0000000089900000, 0x0000000089900000|100%| E|CS|TAMS 0x0000000089800000, 0x0000000089800000| Complete 
| 127|0x0000000089900000, 0x0000000089a00000, 0x0000000089a00000|100%| E|CS|TAMS 0x0000000089900000, 0x0000000089900000| Complete 

Card table byte_map: [0x00000219461d0000,0x00000219465d0000] _byte_map_base: 0x0000021945dc3000

Marking Bits (Prev, Next): (CMBitMap*) 0x000002192d0ea2c0, (CMBitMap*) 0x000002192d0ea300
 Prev Bits: [0x00000219469d0000, 0x0000021948968000)
 Next Bits: [0x0000021948970000, 0x000002194a908000)

Polling page: 0x0000021936340000

Metaspace:

Usage:
  Non-class:     16.10 MB used.
      Class:      2.41 MB used.
       Both:     18.50 MB used.

Virtual space:
  Non-class space:       64.00 MB reserved,      16.19 MB ( 25%) committed,  1 nodes.
      Class space:        1.00 GB reserved,       2.50 MB ( <1%) committed,  1 nodes.
             Both:        1.06 GB reserved,      18.69 MB (  2%) committed. 

Chunk freelists:
   Non-Class:  15.81 MB
       Class:  13.50 MB
        Both:  29.31 MB

MaxMetaspaceSize: unlimited
CompressedClassSpaceSize: 1.00 GB
Initial GC threshold: 21.00 MB
Current GC threshold: 21.00 MB
CDS: on
MetaspaceReclaimPolicy: balanced
 - commit_granule_bytes: 65536.
 - commit_granule_words: 8192.
 - virtual_space_node_default_size: 8388608.
 - enlarge_chunks_in_place: 1.
 - new_chunks_are_fully_committed: 0.
 - uncommit_free_chunks: 1.
 - use_allocation_guard: 0.
 - handle_deallocations: 1.


Internal statistics:

num_allocs_failed_limit: 0.
num_arena_births: 226.
num_arena_deaths: 0.
num_vsnodes_births: 2.
num_vsnodes_deaths: 0.
num_space_committed: 299.
num_space_uncommitted: 0.
num_chunks_returned_to_freelist: 0.
num_chunks_taken_from_freelist: 826.
num_chunk_merges: 0.
num_chunk_splits: 578.
num_chunks_enlarged: 468.
num_inconsistent_stats: 0.

CodeHeap 'non-profiled nmethods': size=120000Kb used=1023Kb max_used=1023Kb free=118976Kb
 bounds [0x000002193de30000, 0x000002193e0a0000, 0x0000021945360000]
CodeHeap 'profiled nmethods': size=120000Kb used=4086Kb max_used=4086Kb free=115913Kb
 bounds [0x0000021936360000, 0x0000021936760000, 0x000002193d890000]
CodeHeap 'non-nmethods': size=5760Kb used=1204Kb max_used=1242Kb free=4555Kb
 bounds [0x000002193d890000, 0x000002193db00000, 0x000002193de30000]
 total_blobs=2634 nmethods=2131 adapters=415
 compilation: enabled
              stopped_count=0, restarted_count=0
 full_count=0

Compilation events (20 events):
Event: 46.672 Thread 0x000002194d3d9290 nmethod 2123 0x000002193675a290 code [0x000002193675a460, 0x000002193675a7f8]
Event: 46.672 Thread 0x000002194d3d9290 2124       3       org.springframework.core.annotation.AnnotationsScanner::hasPlainJavaAnnotationsOnly (26 bytes)
Event: 46.673 Thread 0x000002194d3d9290 nmethod 2124 0x000002193675a910 code [0x000002193675aae0, 0x000002193675ae18]
Event: 46.673 Thread 0x000002194d3d9290 2126       3       org.springframework.core.annotation.TypeMappedAnnotations$MergedAnnotationFinder::doWithAggregate (7 bytes)
Event: 46.673 Thread 0x000002194d3d9290 nmethod 2126 0x000002193675af90 code [0x000002193675b120, 0x000002193675b298]
Event: 46.673 Thread 0x000002194d3d9290 2128       3       org.springframework.core.annotation.AnnotationAwareOrderComparator::findOrder (18 bytes)
Event: 46.673 Thread 0x000002194d3d67d0 nmethod 2125 0x000002193df2f790 code [0x000002193df2f900, 0x000002193df2f998]
Event: 46.673 Thread 0x000002194d3d67d0 2127       4       org.springframework.util.Assert::notNull (14 bytes)
Event: 46.673 Thread 0x000002194d3d9290 nmethod 2128 0x000002193675b390 code [0x000002193675b580, 0x000002193675bb28]
Event: 46.673 Thread 0x000002194d3d9290 2129       3       org.springframework.core.OrderComparator::findOrder (26 bytes)
Event: 46.674 Thread 0x000002194d3d67d0 nmethod 2127 0x000002193df2fa90 code [0x000002193df2fc00, 0x000002193df2fc78]
Event: 46.674 Thread 0x000002194d3d67d0 2131       4       sun.reflect.generics.parser.SignatureParser::skipIdentifier (67 bytes)
Event: 46.674 Thread 0x000002194d3d9290 nmethod 2129 0x000002193675bc90 code [0x000002193675be80, 0x000002193675c568]
Event: 46.674 Thread 0x000002194d3d9290 2130       3       sun.reflect.generics.reflectiveObjects.ParameterizedTypeImpl::make (11 bytes)
Event: 46.674 Thread 0x000002194d3d9290 nmethod 2130 0x000002193675c710 code [0x000002193675c8e0, 0x000002193675ccd8]
Event: 46.674 Thread 0x000002194d3d9290 2133       3       java.util.concurrent.locks.AbstractQueuedSynchronizer::signalNext (34 bytes)
Event: 46.675 Thread 0x000002194d3d9290 nmethod 2133 0x000002193675ce90 code [0x000002193675d040, 0x000002193675d2d8]
Event: 46.675 Thread 0x000002194d3d9290 2134       3       java.util.concurrent.locks.ReentrantLock$Sync::tryRelease (51 bytes)
Event: 46.675 Thread 0x000002194d3d9290 nmethod 2134 0x000002193675d490 code [0x000002193675d640, 0x000002193675d988]
Event: 46.675 Thread 0x000002194d3d9290 2135       3       java.util.EnumSet::of (51 bytes)

GC Heap History (4 events):
Event: 20.684 GC heap before
{Heap before GC invocations=0 (full 0):
 garbage-first heap   total 131072K, used 24576K [0x0000000081a00000, 0x0000000100000000)
  region size 1024K, 23 young (23552K), 0 survivors (0K)
 Metaspace       used 4798K, committed 4992K, reserved 1114112K
  class space    used 524K, committed 576K, reserved 1048576K
}
Event: 20.691 GC heap after
{Heap after GC invocations=1 (full 0):
 garbage-first heap   total 131072K, used 9928K [0x0000000081a00000, 0x0000000100000000)
  region size 1024K, 3 young (3072K), 3 survivors (3072K)
 Metaspace       used 4798K, committed 4992K, reserved 1114112K
  class space    used 524K, committed 576K, reserved 1048576K
}
Event: 22.321 GC heap before
{Heap before GC invocations=1 (full 0):
 garbage-first heap   total 131072K, used 29384K [0x0000000081a00000, 0x0000000100000000)
  region size 1024K, 23 young (23552K), 3 survivors (3072K)
 Metaspace       used 9868K, committed 10112K, reserved 1114112K
  class space    used 1242K, committed 1344K, reserved 1048576K
}
Event: 22.328 GC heap after
{Heap after GC invocations=2 (full 0):
 garbage-first heap   total 131072K, used 11464K [0x0000000081a00000, 0x0000000100000000)
  region size 1024K, 2 young (2048K), 2 survivors (2048K)
 Metaspace       used 9868K, committed 10112K, reserved 1114112K
  class space    used 1242K, committed 1344K, reserved 1048576K
}

Dll operation events (10 events):
Event: 0.243 Loaded shared library C:\Users\longq\.jdks\corretto-17.0.9\bin\java.dll
Event: 0.279 Loaded shared library C:\Users\longq\.jdks\corretto-17.0.9\bin\jsvml.dll
Event: 0.546 Loaded shared library C:\Users\longq\.jdks\corretto-17.0.9\bin\zip.dll
Event: 0.655 Loaded shared library C:\Users\longq\.jdks\corretto-17.0.9\bin\instrument.dll
Event: 0.676 Loaded shared library C:\Users\longq\.jdks\corretto-17.0.9\bin\net.dll
Event: 0.680 Loaded shared library C:\Users\longq\.jdks\corretto-17.0.9\bin\nio.dll
Event: 1.383 Loaded shared library C:\Users\longq\.jdks\corretto-17.0.9\bin\zip.dll
Event: 10.678 Loaded shared library C:\Users\longq\.jdks\corretto-17.0.9\bin\jimage.dll
Event: 18.169 Loaded shared library D:\Program Files\JetBrains\IntelliJ IDEA Community Edition 2023.3\bin\breakgen64.dll
Event: 33.331 Loaded shared library C:\Users\longq\.jdks\corretto-17.0.9\bin\sunmscapi.dll

Deoptimization events (20 events):
Event: 29.511 Thread 0x0000021993c195e0 Uncommon trap: trap_request=0xffffff45 fr.pc=0x000002193de4055c relative=0x000000000000005c
Event: 29.511 Thread 0x0000021993c195e0 Uncommon trap: reason=unstable_if action=reinterpret pc=0x000002193de4055c method=java.lang.String.isLatin1()Z @ 10 c2
Event: 29.511 Thread 0x0000021993c195e0 DEOPT PACKING pc=0x000002193de4055c sp=0x000000356bcfda00
Event: 29.511 Thread 0x0000021993c195e0 DEOPT UNPACKING pc=0x000002193d8e69a3 sp=0x000000356bcfd990 mode 2
Event: 29.511 Thread 0x0000021993c195e0 Uncommon trap: trap_request=0xffffff45 fr.pc=0x000002193de94a48 relative=0x0000000000000048
Event: 29.511 Thread 0x0000021993c195e0 Uncommon trap: reason=unstable_if action=reinterpret pc=0x000002193de94a48 method=java.lang.CharacterData.of(I)Ljava/lang/CharacterData; @ 4 c2
Event: 29.511 Thread 0x0000021993c195e0 DEOPT PACKING pc=0x000002193de94a48 sp=0x000000356bcfd520
Event: 29.511 Thread 0x0000021993c195e0 DEOPT UNPACKING pc=0x000002193d8e69a3 sp=0x000000356bcfd4b8 mode 2
Event: 32.837 Thread 0x0000021993c195e0 Uncommon trap: trap_request=0xffffff45 fr.pc=0x000002193defcdd0 relative=0x0000000000000490
Event: 32.837 Thread 0x0000021993c195e0 Uncommon trap: reason=unstable_if action=reinterpret pc=0x000002193defcdd0 method=java.util.LinkedHashMap.get(Ljava/lang/Object;)Ljava/lang/Object; @ 16 c2
Event: 32.837 Thread 0x0000021993c195e0 DEOPT PACKING pc=0x000002193defcdd0 sp=0x000000356bcfe6a0
Event: 32.837 Thread 0x0000021993c195e0 DEOPT UNPACKING pc=0x000002193d8e69a3 sp=0x000000356bcfe658 mode 2
Event: 33.354 Thread 0x0000021993c195e0 Uncommon trap: trap_request=0xffffff45 fr.pc=0x000002193deeaf00 relative=0x0000000000000200
Event: 33.354 Thread 0x0000021993c195e0 Uncommon trap: reason=unstable_if action=reinterpret pc=0x000002193deeaf00 method=java.util.HashMap.putVal(ILjava/lang/Object;Ljava/lang/Object;ZZ)Ljava/lang/Object; @ 162 c2
Event: 33.354 Thread 0x0000021993c195e0 DEOPT PACKING pc=0x000002193deeaf00 sp=0x000000356bcfd5e0
Event: 33.354 Thread 0x0000021993c195e0 DEOPT UNPACKING pc=0x000002193d8e69a3 sp=0x000000356bcfd508 mode 2
Event: 33.402 Thread 0x0000021993c195e0 Uncommon trap: trap_request=0xffffffc6 fr.pc=0x000002193df0a018 relative=0x0000000000000818
Event: 33.402 Thread 0x0000021993c195e0 Uncommon trap: reason=bimorphic_or_optimized_type_check action=maybe_recompile pc=0x000002193df0a018 method=java.util.HashMap.putVal(ILjava/lang/Object;Ljava/lang/Object;ZZ)Ljava/lang/Object; @ 203 c2
Event: 33.402 Thread 0x0000021993c195e0 DEOPT PACKING pc=0x000002193df0a018 sp=0x000000356bcfc8a0
Event: 33.402 Thread 0x0000021993c195e0 DEOPT UNPACKING pc=0x000002193d8e69a3 sp=0x000000356bcfc830 mode 2

Classes unloaded (0 events):
No events

Classes redefined (0 events):
No events

Internal exceptions (20 events):
Event: 22.137 Thread 0x000002192d08c7a0 Exception <a 'java/lang/NoSuchMethodError'{0x0000000088bcfe70}: 'void java.lang.invoke.DirectMethodHandle$Holder.invokeStaticInit(java.lang.Object, java.lang.Object, java.lang.Object)'> (0x0000000088bcfe70) 
thrown [s\src\hotspot\share\interpreter\linkResolver.cpp, line 759]
Event: 22.148 Thread 0x000002192d08c7a0 Exception <a 'java/lang/NoSuchMethodError'{0x0000000088a16df8}: 'java.lang.Object java.lang.invoke.DirectMethodHandle$Holder.invokeStatic(java.lang.Object, java.lang.Object, long, java.lang.Object)'> (0x0000000088a16df8) 
thrown [s\src\hotspot\share\interpreter\linkResolver.cpp, line 759]
Event: 22.149 Thread 0x000002192d08c7a0 Exception <a 'java/lang/NoSuchMethodError'{0x0000000088a1a890}: 'java.lang.Object java.lang.invoke.DirectMethodHandle$Holder.invokeStaticInit(java.lang.Object, java.lang.Object, long, java.lang.Object)'> (0x0000000088a1a890) 
thrown [s\src\hotspot\share\interpreter\linkResolver.cpp, line 759]
Event: 22.149 Thread 0x000002192d08c7a0 Exception <a 'java/lang/NoSuchMethodError'{0x0000000088a20fd0}: 'java.lang.Object java.lang.invoke.DirectMethodHandle$Holder.newInvokeSpecial(java.lang.Object, java.lang.Object, long)'> (0x0000000088a20fd0) 
thrown [s\src\hotspot\share\interpreter\linkResolver.cpp, line 759]
Event: 22.149 Thread 0x000002192d08c7a0 Exception <a 'java/lang/NoSuchMethodError'{0x0000000088a24b40}: 'java.lang.Object java.lang.invoke.Invokers$Holder.linkToTargetMethod(java.lang.Object, long, java.lang.Object)'> (0x0000000088a24b40) 
thrown [s\src\hotspot\share\interpreter\linkResolver.cpp, line 759]
Event: 22.170 Thread 0x000002192d08c7a0 Exception <a 'java/lang/NoSuchMethodError'{0x0000000088a780b8}: 'void java.lang.invoke.DirectMethodHandle$Holder.invokeVirtual(java.lang.Object, java.lang.Object, java.lang.Object, java.lang.Object)'> (0x0000000088a780b8) 
thrown [s\src\hotspot\share\interpreter\linkResolver.cpp, line 759]
Event: 22.246 Thread 0x000002192d08c7a0 Exception <a 'java/lang/NoSuchMethodError'{0x00000000889e1890}: 'void java.lang.invoke.DirectMethodHandle$Holder.invokeSpecial(java.lang.Object, java.lang.Object, java.lang.Object)'> (0x00000000889e1890) 
thrown [s\src\hotspot\share\interpreter\linkResolver.cpp, line 759]
Event: 22.272 Thread 0x000002192d08c7a0 Exception <a 'java/lang/NoSuchMethodError'{0x000000008887c830}: 'java.lang.Object java.lang.invoke.DirectMethodHandle$Holder.invokeStatic(java.lang.Object, java.lang.Object, int)'> (0x000000008887c830) 
thrown [s\src\hotspot\share\interpreter\linkResolver.cpp, line 759]
Event: 22.273 Thread 0x000002192d08c7a0 Exception <a 'java/lang/NoSuchMethodError'{0x0000000088887fa0}: 'void java.lang.invoke.DelegatingMethodHandle$Holder.delegate(java.lang.Object, java.lang.Object, int, java.lang.Object)'> (0x0000000088887fa0) 
thrown [s\src\hotspot\share\interpreter\linkResolver.cpp, line 759]
Event: 22.296 Thread 0x000002192d08c7a0 Exception <a 'java/lang/NoSuchMethodError'{0x0000000088641678}: 'java.lang.Object java.lang.invoke.DirectMethodHandle$Holder.invokeVirtual(java.lang.Object, java.lang.Object, java.lang.Object)'> (0x0000000088641678) 
thrown [s\src\hotspot\share\interpreter\linkResolver.cpp, line 759]
Event: 22.339 Thread 0x000002192d08c7a0 Exception <a 'java/lang/IncompatibleClassChangeError'{0x00000000899a1e10}: Found class java.lang.Object, but interface was expected> (0x00000000899a1e10) 
thrown [s\src\hotspot\share\interpreter\linkResolver.cpp, line 826]
Event: 28.051 Thread 0x000002192d08c7a0 Exception <a 'java/lang/NoSuchMethodError'{0x0000000088a6a8c0}: 'void java.lang.invoke.DirectMethodHandle$Holder.invokeStatic(java.lang.Object, long)'> (0x0000000088a6a8c0) 
thrown [s\src\hotspot\share\interpreter\linkResolver.cpp, line 759]
Event: 28.051 Thread 0x000002192d08c7a0 Exception <a 'java/lang/NoSuchMethodError'{0x0000000088a6ff10}: 'java.lang.Object java.lang.invoke.DirectMethodHandle$Holder.newInvokeSpecial(java.lang.Object, long)'> (0x0000000088a6ff10) 
thrown [s\src\hotspot\share\interpreter\linkResolver.cpp, line 759]
Event: 32.055 Thread 0x0000021993c195e0 Exception <a 'java/lang/NoSuchMethodError'{0x00000000875253f8}: 'long java.lang.invoke.DirectMethodHandle$Holder.invokeSpecial(java.lang.Object, java.lang.Object)'> (0x00000000875253f8) 
thrown [s\src\hotspot\share\interpreter\linkResolver.cpp, line 759]
Event: 32.057 Thread 0x0000021993c195e0 Exception <a 'java/lang/NoSuchMethodError'{0x0000000087530620}: 'long java.lang.invoke.DirectMethodHandle$Holder.invokeStatic(java.lang.Object, java.lang.Object)'> (0x0000000087530620) 
thrown [s\src\hotspot\share\interpreter\linkResolver.cpp, line 759]
Event: 32.057 Thread 0x0000021993c195e0 Exception <a 'java/lang/NoSuchMethodError'{0x0000000087533e88}: 'long java.lang.invoke.DirectMethodHandle$Holder.invokeStaticInit(java.lang.Object, java.lang.Object)'> (0x0000000087533e88) 
thrown [s\src\hotspot\share\interpreter\linkResolver.cpp, line 759]
Event: 32.059 Thread 0x0000021993c195e0 Exception <a 'java/lang/NoSuchMethodError'{0x0000000087541a30}: 'long java.lang.invoke.DirectMethodHandle$Holder.invokeInterface(java.lang.Object, java.lang.Object)'> (0x0000000087541a30) 
thrown [s\src\hotspot\share\interpreter\linkResolver.cpp, line 759]
Event: 32.059 Thread 0x0000021993c195e0 Exception <a 'java/lang/IncompatibleClassChangeError'{0x0000000087544fc0}: Found class java.lang.Object, but interface was expected> (0x0000000087544fc0) 
thrown [s\src\hotspot\share\interpreter\linkResolver.cpp, line 826]
Event: 32.487 Thread 0x0000021993c195e0 Exception <a 'java/lang/NoSuchMethodError'{0x00000000875b5380}: 'java.lang.Object java.lang.invoke.DirectMethodHandle$Holder.invokeVirtual(java.lang.Object, java.lang.Object, java.lang.Object, java.lang.Object)'> (0x00000000875b5380) 
thrown [s\src\hotspot\share\interpreter\linkResolver.cpp, line 759]
Event: 46.597 Thread 0x000002192d08c7a0 Exception <a 'java/lang/NoClassDefFoundError'{0x0000000087116698}: liquibase/exception/ChangeLogParseException> (0x0000000087116698) 
thrown [s\src\hotspot\share\classfile\systemDictionary.cpp, line 245]

VM Operations (20 events):
Event: 25.341 Executing VM operation: Cleanup
Event: 25.810 Executing VM operation: Cleanup done
Event: 26.823 Executing VM operation: Cleanup
Event: 26.823 Executing VM operation: Cleanup done
Event: 27.824 Executing VM operation: Cleanup
Event: 27.824 Executing VM operation: Cleanup done
Event: 28.825 Executing VM operation: Cleanup
Event: 28.825 Executing VM operation: Cleanup done
Event: 29.512 Executing VM operation: HandshakeAllThreads
Event: 29.512 Executing VM operation: HandshakeAllThreads done
Event: 30.518 Executing VM operation: Cleanup
Event: 30.518 Executing VM operation: Cleanup done
Event: 32.537 Executing VM operation: Cleanup
Event: 32.537 Executing VM operation: Cleanup done
Event: 33.398 Executing VM operation: HandshakeAllThreads
Event: 33.398 Executing VM operation: HandshakeAllThreads done
Event: 34.398 Executing VM operation: Cleanup
Event: 34.398 Executing VM operation: Cleanup done
Event: 46.475 Executing VM operation: Cleanup
Event: 46.475 Executing VM operation: Cleanup done

Events (20 events):
Event: 33.399 loading class sun/security/util/ObjectIdentifier done
Event: 33.405 loading class java/security/spec/ECFieldF2m
Event: 33.405 loading class java/security/spec/ECFieldF2m done
Event: 33.411 loading class sun/security/ssl/SunJSSE
Event: 33.411 loading class sun/security/ssl/SunJSSE done
Event: 33.413 loading class com/sun/crypto/provider/SunJCE
Event: 33.421 loading class com/sun/crypto/provider/SunJCE done
Event: 33.425 loading class sun/security/provider/certpath/ldap/JdkLDAP
Event: 33.426 loading class sun/security/provider/certpath/ldap/JdkLDAP done
Event: 33.426 loading class sun/security/provider/certpath/ldap/JdkLDAP$ProviderService
Event: 33.426 loading class sun/security/provider/certpath/ldap/JdkLDAP$ProviderService done
Event: 33.426 loading class com/sun/security/sasl/Provider
Event: 33.426 loading class com/sun/security/sasl/Provider done
Event: 33.426 loading class com/sun/security/sasl/Provider$1
Event: 33.426 loading class com/sun/security/sasl/Provider$1 done
Event: 33.426 loading class com/sun/security/sasl/Provider$ProviderService
Event: 33.426 loading class com/sun/security/sasl/Provider$ProviderService done
Event: 33.437 Thread 0x0000021993c195e0 Thread exited: 0x0000021993c195e0
Event: 45.704 Thread 0x0000021993ed3860 Thread exited: 0x0000021993ed3860
Event: 45.705 Thread 0x0000021993ed2930 Thread exited: 0x0000021993ed2930


Dynamic libraries:
0x00007ff7333c0000 - 0x00007ff7333ce000 	C:\Users\longq\.jdks\corretto-17.0.9\bin\java.exe
0x00007ffe23790000 - 0x00007ffe23988000 	C:\WINDOWS\SYSTEM32\ntdll.dll
0x00007ffe22970000 - 0x00007ffe22a2d000 	C:\WINDOWS\System32\KERNEL32.DLL
0x00007ffe21310000 - 0x00007ffe21606000 	C:\WINDOWS\System32\KERNELBASE.dll
0x00007ffe216c0000 - 0x00007ffe217c0000 	C:\WINDOWS\System32\ucrtbase.dll
0x00007ffe01880000 - 0x00007ffe01897000 	C:\Users\longq\.jdks\corretto-17.0.9\bin\jli.dll
0x00007ffe01380000 - 0x00007ffe0139b000 	C:\Users\longq\.jdks\corretto-17.0.9\bin\VCRUNTIME140.dll
0x00007ffe22670000 - 0x00007ffe2280e000 	C:\WINDOWS\System32\USER32.dll
0x00007ffe217c0000 - 0x00007ffe217e2000 	C:\WINDOWS\System32\win32u.dll
0x00007ffe16ee0000 - 0x00007ffe1717a000 	C:\WINDOWS\WinSxS\amd64_microsoft.windows.common-controls_6595b64144ccf1df_6.0.19041.3636_none_60b6a03d71f818d5\COMCTL32.dll
0x00007ffe22230000 - 0x00007ffe2225c000 	C:\WINDOWS\System32\GDI32.dll
0x00007ffe21090000 - 0x00007ffe211aa000 	C:\WINDOWS\System32\gdi32full.dll
0x00007ffe223e0000 - 0x00007ffe2247e000 	C:\WINDOWS\System32\msvcrt.dll
0x00007ffe21270000 - 0x00007ffe2130d000 	C:\WINDOWS\System32\msvcp_win.dll
0x00007ffe22940000 - 0x00007ffe22970000 	C:\WINDOWS\System32\IMM32.DLL
0x00007ffe018d0000 - 0x00007ffe018dc000 	C:\Users\longq\.jdks\corretto-17.0.9\bin\vcruntime140_1.dll
0x00007ffdfc3d0000 - 0x00007ffdfc45d000 	C:\Users\longq\.jdks\corretto-17.0.9\bin\msvcp140.dll
0x00007ffdbe430000 - 0x00007ffdbf091000 	C:\Users\longq\.jdks\corretto-17.0.9\bin\server\jvm.dll
0x00007ffe22da0000 - 0x00007ffe22e4f000 	C:\WINDOWS\System32\ADVAPI32.dll
0x00007ffe22480000 - 0x00007ffe2251c000 	C:\WINDOWS\System32\sechost.dll
0x00007ffe22a30000 - 0x00007ffe22b56000 	C:\WINDOWS\System32\RPCRT4.dll
0x00007ffe1c890000 - 0x00007ffe1c899000 	C:\WINDOWS\SYSTEM32\WSOCK32.dll
0x00007ffe20390000 - 0x00007ffe203db000 	C:\WINDOWS\SYSTEM32\POWRPROF.dll
0x00007ffe22520000 - 0x00007ffe2258b000 	C:\WINDOWS\System32\WS2_32.dll
0x00007ffe171d0000 - 0x00007ffe171f7000 	C:\WINDOWS\SYSTEM32\WINMM.dll
0x00007ffe1b300000 - 0x00007ffe1b30a000 	C:\WINDOWS\SYSTEM32\VERSION.dll
0x00007ffe20250000 - 0x00007ffe20262000 	C:\WINDOWS\SYSTEM32\UMPDC.dll
0x00007ffe1f680000 - 0x00007ffe1f692000 	C:\WINDOWS\SYSTEM32\kernel.appcore.dll
0x00007ffe01010000 - 0x00007ffe0101a000 	C:\Users\longq\.jdks\corretto-17.0.9\bin\jimage.dll
0x00007ffe1ea80000 - 0x00007ffe1ec64000 	C:\WINDOWS\SYSTEM32\DBGHELP.DLL
0x00007ffe0e020000 - 0x00007ffe0e054000 	C:\WINDOWS\SYSTEM32\dbgcore.DLL
0x00007ffe20ea0000 - 0x00007ffe20f22000 	C:\WINDOWS\System32\bcryptPrimitives.dll
0x00007ffdee2b0000 - 0x00007ffdee2be000 	C:\Users\longq\.jdks\corretto-17.0.9\bin\instrument.dll
0x00007ffe006b0000 - 0x00007ffe006d5000 	C:\Users\longq\.jdks\corretto-17.0.9\bin\java.dll
0x00007ffde9120000 - 0x00007ffde91f7000 	C:\Users\longq\.jdks\corretto-17.0.9\bin\jsvml.dll
0x00007ffe21ae0000 - 0x00007ffe22225000 	C:\WINDOWS\System32\SHELL32.dll
0x00007ffe1eed0000 - 0x00007ffe1f66b000 	C:\WINDOWS\SYSTEM32\windows.storage.dll
0x00007ffe22e50000 - 0x00007ffe231a4000 	C:\WINDOWS\System32\combase.dll
0x00007ffe207d0000 - 0x00007ffe207fd000 	C:\WINDOWS\SYSTEM32\Wldp.dll
0x00007ffe21870000 - 0x00007ffe2191d000 	C:\WINDOWS\System32\SHCORE.dll
0x00007ffe21810000 - 0x00007ffe21865000 	C:\WINDOWS\System32\shlwapi.dll
0x00007ffe20da0000 - 0x00007ffe20dc5000 	C:\WINDOWS\SYSTEM32\profapi.dll
0x00007ffe00670000 - 0x00007ffe00688000 	C:\Users\longq\.jdks\corretto-17.0.9\bin\zip.dll
0x00007ffe00810000 - 0x00007ffe00829000 	C:\Users\longq\.jdks\corretto-17.0.9\bin\net.dll
0x00007ffe19e70000 - 0x00007ffe19f7a000 	C:\WINDOWS\SYSTEM32\WINHTTP.dll
0x00007ffe205b0000 - 0x00007ffe2061a000 	C:\WINDOWS\system32\mswsock.dll
0x00007ffe00690000 - 0x00007ffe006a6000 	C:\Users\longq\.jdks\corretto-17.0.9\bin\nio.dll
0x00007ffdedc60000 - 0x00007ffdedc7a000 	D:\Program Files\JetBrains\IntelliJ IDEA Community Edition 2023.3\bin\breakgen64.dll
0x00007ffe00570000 - 0x00007ffe0057e000 	C:\Users\longq\.jdks\corretto-17.0.9\bin\sunmscapi.dll
0x00007ffe20f30000 - 0x00007ffe2108d000 	C:\WINDOWS\System32\CRYPT32.dll
0x00007ffe20920000 - 0x00007ffe20947000 	C:\WINDOWS\SYSTEM32\ncrypt.dll
0x00007ffe208e0000 - 0x00007ffe2091b000 	C:\WINDOWS\SYSTEM32\NTASN1.dll

dbghelp: loaded successfully - version: 4.0.5 - missing functions: none
symbol engine: initialized successfully - sym options: 0x614 - pdb path: .;C:\Users\longq\.jdks\corretto-17.0.9\bin;C:\WINDOWS\SYSTEM32;C:\WINDOWS\WinSxS\amd64_microsoft.windows.common-controls_6595b64144ccf1df_6.0.19041.3636_none_60b6a03d71f818d5;C:\Users\longq\.jdks\corretto-17.0.9\bin\server;D:\Program Files\JetBrains\IntelliJ IDEA Community Edition 2023.3\bin

VM Arguments:
jvm_args: -javaagent:D:\Program Files\JetBrains\IntelliJ IDEA Community Edition 2023.3\lib\idea_rt.jar=51164:D:\Program Files\JetBrains\IntelliJ IDEA Community Edition 2023.3\bin -Dfile.encoding=UTF-8 
java_command: id.longquoc.messenger.MessengerApplication
java_class_path (initial): D:\LearningCode\Java\messenger\server\target\classes;C:\Users\longq\.m2\repository\org\mapstruct\mapstruct\1.4.2.Final\mapstruct-1.4.2.Final.jar;C:\Users\longq\.m2\repository\io\github\mihaita-tinta\webauthn-spring-boot-starter\0.1.0-RELEASE\webauthn-spring-boot-starter-0.1.0-RELEASE.jar;C:\Users\longq\.m2\repository\com\yubico\webauthn-server-core\1.7.0\webauthn-server-core-1.7.0.jar;C:\Users\longq\.m2\repository\com\augustcellars\cose\cose-java\1.1.0\cose-java-1.1.0.jar;C:\Users\longq\.m2\repository\net\i2p\crypto\eddsa\0.3.0\eddsa-0.3.0.jar;C:\Users\longq\.m2\repository\com\google\guava\guava\29.0-jre\guava-29.0-jre.jar;C:\Users\longq\.m2\repository\com\google\guava\failureaccess\1.0.1\failureaccess-1.0.1.jar;C:\Users\longq\.m2\repository\com\google\guava\listenablefuture\9999.0-empty-to-avoid-conflict-with-guava\listenablefuture-9999.0-empty-to-avoid-conflict-with-guava.jar;C:\Users\longq\.m2\repository\org\checkerframework\checker-qual\2.11.1\checker-qual-2.11.1.jar;C:\Users\longq\.m2\repository\com\google\errorprone\error_prone_annotations\2.3.4\error_prone_annotations-2.3.4.jar;C:\Users\longq\.m2\repository\com\google\j2objc\j2objc-annotations\1.3\j2objc-annotations-1.3.jar;C:\Users\longq\.m2\repository\com\upokecenter\cbor\5.0.0-alpha1\cbor-5.0.0-alpha1.jar;C:\Users\longq\.m2\repository\com\github\peteroupc\numbers\1.8.2\numbers-1.8.2.jar;C:\Users\longq\.m2\repository\com\github\peteroupc\datautilities\1.1.0\datautilities-1.1.0.jar;C:\Users\longq\.m2\repository\org\bouncycastle\bcprov-jdk15on\1.70\bcprov-jdk15on-1.70.jar;C:\Users\longq\.m2\repository\com\yubico\yubico-util\1.7.0\yubico-util-1.7.0.jar;C:\Users\longq\.m2\repository\com\fasterxml\jackson\dataformat\jackson-dataformat-cbor\2.15.3\jackson-dataformat-cbor-2.15.3.jar;C:\Users\longq\.m2\repository\com\fasterxml\jackson\datatype\jackson-datatype-jdk8\2.15.3\jackson-datatype-jdk8-2.15.3.jar;C:\Users\longq\.m2\repository\org\springframework\boot\spring-boot-starter-data-jpa
Launcher Type: SUN_STANDARD

[Global flags]
     intx CICompilerCount                          = 4                                         {product} {ergonomic}
     uint ConcGCThreads                            = 2                                         {product} {ergonomic}
     uint G1ConcRefinementThreads                  = 8                                         {product} {ergonomic}
   size_t G1HeapRegionSize                         = 1048576                                   {product} {ergonomic}
    uintx GCDrainStackTargetSize                   = 64                                        {product} {ergonomic}
   size_t InitialHeapSize                          = 134217728                                 {product} {ergonomic}
   size_t MarkStackSize                            = 4194304                                   {product} {ergonomic}
   size_t MaxHeapSize                              = 2120220672                                {product} {ergonomic}
   size_t MaxNewSize                               = 1271922688                                {product} {ergonomic}
   size_t MinHeapDeltaBytes                        = 1048576                                   {product} {ergonomic}
   size_t MinHeapSize                              = 8388608                                   {product} {ergonomic}
    uintx NonNMethodCodeHeapSize                   = 5839372                                {pd product} {ergonomic}
    uintx NonProfiledCodeHeapSize                  = 122909434                              {pd product} {ergonomic}
    uintx ProfiledCodeHeapSize                     = 122909434                              {pd product} {ergonomic}
    uintx ReservedCodeCacheSize                    = 251658240                              {pd product} {ergonomic}
     bool SegmentedCodeCache                       = true                                      {product} {ergonomic}
   size_t SoftMaxHeapSize                          = 2120220672                             {manageable} {ergonomic}
     bool UseCompressedClassPointers               = true                           {product lp64_product} {ergonomic}
     bool UseCompressedOops                        = true                           {product lp64_product} {ergonomic}
     bool UseG1GC                                  = true                                      {product} {ergonomic}
     bool UseLargePagesIndividualAllocation        = false                                  {pd product} {ergonomic}

Logging:
Log output configuration:
 #0: stdout all=warning uptime,level,tags
 #1: stderr all=off uptime,level,tags

Environment Variables:
PATH=C:\WINDOWS\system32;C:\WINDOWS;C:\WINDOWS\System32\Wbem;C:\WINDOWS\System32\WindowsPowerShell\v1.0\;C:\WINDOWS\System32\OpenSSH\;C:\Program Files\nodejs\;C:\Program Files\Docker\Docker\resources\bin;C:\Program Files\Git\cmd;C:\Program Files\Cloudflare\Cloudflare WARP\;C:\Users\longq\AppData\Local\Microsoft\WindowsApps;;D:\Program Files\JetBrains\IntelliJ IDEA Community Edition 2023.3\bin;;D:\Program Files\Microsoft VS Code\bin;C:\Users\longq\AppData\Roaming\npm;C:\Users\longq\AppData\Local\spicetify
USERNAME=longq
OS=Windows_NT
PROCESSOR_IDENTIFIER=Intel64 Family 6 Model 142 Stepping 10, GenuineIntel
TMP=C:\Users\longq\AppData\Local\Temp
TEMP=C:\Users\longq\AppData\Local\Temp



Periodic native trim disabled


---------------  S Y S T E M  ---------------

OS:
 Windows 10 , 64 bit Build 19041 (10.0.19041.3636)
OS uptime: 0 days 6:32 hours
Hyper-V role detected

CPU: total 8 (initial active 8) (4 cores per cpu, 2 threads per core) family 6 model 142 stepping 10 microcode 0xf0, cx8, cmov, fxsr, ht, mmx, 3dnowpref, sse, sse2, sse3, ssse3, sse4.1, sse4.2, popcnt, lzcnt, tsc, tscinvbit, avx, avx2, aes, erms, clmul, bmi1, bmi2, adx, fma, vzeroupper, clflush, clflushopt, hv
Processor Information for all 8 processors :
  Max Mhz: 1800, Current Mhz: 1600, Mhz Limit: 1584

Memory: 4k page, system-wide physical 8086M (563M free)
TotalPageFile size 20540M (AvailPageFile size 298M)
current process WorkingSet (physical memory assigned to process): 121M, peak: 125M
current process commit charge ("private bytes"): 245M, peak: 252M

vm_info: OpenJDK 64-Bit Server VM (17.0.9+8-LTS) for windows-amd64 JRE (17.0.9+8-LTS), built on Oct 12 2023 16:15:33 by "Administrator" with MS VC++ 16.10 / 16.11 (VS2019)

END.
