#
# There is insufficient memory for the Java Runtime Environment to continue.
# Native memory allocation (malloc) failed to allocate 1973328 bytes for Chunk::new
# Possible reasons:
#   The system is out of physical RAM or swap space
#   The process is running with CompressedOops enabled, and the Java Heap may be blocking the growth of the native heap
# Possible solutions:
#   Reduce memory load on the system
#   Increase physical memory or swap space
#   Check if swap backing store is full
#   Decrease Java heap size (-Xmx/-Xms)
#   Decrease number of Java threads
#   Decrease Java thread stack sizes (-Xss)
#   Set larger code cache with -XX:ReservedCodeCacheSize=
#   JVM is running with Unscaled Compressed Oops mode in which the Java heap is
#     placed in the first 4GB address space. The Java Heap base address is the
#     maximum limit for the native heap growth. Please use -XX:HeapBaseMinAddress
#     to set the Java Heap base and to place the Java Heap above 4GB virtual address.
# This output file may be truncated or incomplete.
#
#  Out of Memory Error (arena.cpp:191), pid=27432, tid=14824
#
# JRE version: OpenJDK Runtime Environment Corretto-17.0.9.8.1 (17.0.9+8) (build 17.0.9+8-LTS)
# Java VM: OpenJDK 64-Bit Server VM Corretto-17.0.9.8.1 (17.0.9+8-LTS, mixed mode, sharing, tiered, compressed oops, compressed class ptrs, g1 gc, windows-amd64)
# No core dump will be written. Minidumps are not enabled by default on client versions of Windows
#

---------------  S U M M A R Y ------------

Command Line: -javaagent:D:\Program Files\JetBrains\IntelliJ IDEA Community Edition 2023.3\lib\idea_rt.jar=55367:D:\Program Files\JetBrains\IntelliJ IDEA Community Edition 2023.3\bin -Dfile.encoding=UTF-8 id.longquoc.messenger.MessengerApplication

Host: Intel(R) Core(TM) i5-8250U CPU @ 1.60GHz, 8 cores, 7G,  Windows 10 , 64 bit Build 19041 (10.0.19041.3636)
Time: Fri Dec 29 10:13:31 2023 SE Asia Standard Time elapsed time: 115.087302 seconds (0d 0h 1m 55s)

---------------  T H R E A D  ---------------

Current thread (0x000001d0ac652f10):  JavaThread "C2 CompilerThread0" daemon [_thread_in_native, id=14824, stack(0x0000005b6d200000,0x0000005b6d300000)]


Current CompileTask:
C2: 115088 4495   !   4       org.springframework.core.annotation.AnnotationsScanner::processMethodHierarchy (276 bytes)

Stack: [0x0000005b6d200000,0x0000005b6d300000]
Native frames: (J=compiled Java code, j=interpreted, Vv=VM code, C=native code)
V  [jvm.dll+0x67cb49]
V  [jvm.dll+0x8344da]
V  [jvm.dll+0x835f9e]
V  [jvm.dll+0x836603]
V  [jvm.dll+0x247b5f]
V  [jvm.dll+0xac43c]
V  [jvm.dll+0xaca8c]
V  [jvm.dll+0x366c87]
V  [jvm.dll+0x1bd426]
V  [jvm.dll+0x21a359]
V  [jvm.dll+0x219621]
V  [jvm.dll+0x1a56cd]
V  [jvm.dll+0x2293ee]
V  [jvm.dll+0x2275bc]
V  [jvm.dll+0x7e95a7]
V  [jvm.dll+0x7e396a]
V  [jvm.dll+0x67ba35]
C  [ucrtbase.dll+0x21bb2]
C  [KERNEL32.DLL+0x17344]
C  [ntdll.dll+0x526b1]


---------------  P R O C E S S  ---------------

Threads class SMR info:
_java_thread_list=0x000001d0f3ee5630, length=14, elements={
0x000001d08e2bc770, 0x000001d0ac63fad0, 0x000001d0ac641230, 0x000001d0ac64f310,
0x000001d0ac64fde0, 0x000001d0ac6517b0, 0x000001d0ac652170, 0x000001d0ac652f10,
0x000001d0ac6599e0, 0x000001d0ac65b3f0, 0x000001d0ac995fe0, 0x000001d0f20ffc50,
0x000001d0f2100130, 0x000001d0f4327490
}

Java Threads: ( => current thread )
  0x000001d08e2bc770 JavaThread "main" [_thread_in_native, id=1416, stack(0x0000005b6c500000,0x0000005b6c600000)]
  0x000001d0ac63fad0 JavaThread "Reference Handler" daemon [_thread_blocked, id=20948, stack(0x0000005b6cc00000,0x0000005b6cd00000)]
  0x000001d0ac641230 JavaThread "Finalizer" daemon [_thread_blocked, id=4088, stack(0x0000005b6cd00000,0x0000005b6ce00000)]
  0x000001d0ac64f310 JavaThread "Signal Dispatcher" daemon [_thread_blocked, id=19152, stack(0x0000005b6ce00000,0x0000005b6cf00000)]
  0x000001d0ac64fde0 JavaThread "Attach Listener" daemon [_thread_blocked, id=27288, stack(0x0000005b6cf00000,0x0000005b6d000000)]
  0x000001d0ac6517b0 JavaThread "Service Thread" daemon [_thread_blocked, id=1676, stack(0x0000005b6d000000,0x0000005b6d100000)]
  0x000001d0ac652170 JavaThread "Monitor Deflation Thread" daemon [_thread_blocked, id=28752, stack(0x0000005b6d100000,0x0000005b6d200000)]
=>0x000001d0ac652f10 JavaThread "C2 CompilerThread0" daemon [_thread_in_native, id=14824, stack(0x0000005b6d200000,0x0000005b6d300000)]
  0x000001d0ac6599e0 JavaThread "C1 CompilerThread0" daemon [_thread_blocked, id=20120, stack(0x0000005b6d300000,0x0000005b6d400000)]
  0x000001d0ac65b3f0 JavaThread "Sweeper thread" daemon [_thread_blocked, id=21944, stack(0x0000005b6d400000,0x0000005b6d500000)]
  0x000001d0ac995fe0 JavaThread "Common-Cleaner" daemon [_thread_blocked, id=21864, stack(0x0000005b6d500000,0x0000005b6d600000)]
  0x000001d0f20ffc50 JavaThread "Monitor Ctrl-Break" daemon [_thread_in_native, id=31700, stack(0x0000005b6d700000,0x0000005b6d800000)]
  0x000001d0f2100130 JavaThread "Notification Thread" daemon [_thread_blocked, id=11336, stack(0x0000005b6d800000,0x0000005b6d900000)]
  0x000001d0f4327490 JavaThread "mysql-cj-abandoned-connection-cleanup" daemon [_thread_blocked, id=18880, stack(0x0000005b6c400000,0x0000005b6c500000)]

Other Threads:
  0x000001d0ac635e40 VMThread "VM Thread" [stack: 0x0000005b6cb00000,0x0000005b6cc00000] [id=28684]
  0x000001d0aca85720 WatcherThread [stack: 0x0000005b6d900000,0x0000005b6da00000] [id=30844]
  0x000001d08e317e60 GCTaskThread "GC Thread#0" [stack: 0x0000005b6c600000,0x0000005b6c700000] [id=10792]
  0x000001d0f2aa8020 GCTaskThread "GC Thread#1" [stack: 0x0000005b6da00000,0x0000005b6db00000] [id=14980]
  0x000001d0f2aa82e0 GCTaskThread "GC Thread#2" [stack: 0x0000005b6db00000,0x0000005b6dc00000] [id=19760]
  0x000001d0f26ca770 GCTaskThread "GC Thread#3" [stack: 0x0000005b6dc00000,0x0000005b6dd00000] [id=11856]
  0x000001d0f26cb240 GCTaskThread "GC Thread#4" [stack: 0x0000005b6dd00000,0x0000005b6de00000] [id=30120]
  0x000001d0f26cd510 GCTaskThread "GC Thread#5" [stack: 0x0000005b6de00000,0x0000005b6df00000] [id=32004]
  0x000001d0f2ac75c0 GCTaskThread "GC Thread#6" [stack: 0x0000005b6df00000,0x0000005b6e000000] [id=416]
  0x000001d0f2ac7c90 GCTaskThread "GC Thread#7" [stack: 0x0000005b6e000000,0x0000005b6e100000] [id=14004]
  0x000001d08e329a80 ConcurrentGCThread "G1 Main Marker" [stack: 0x0000005b6c700000,0x0000005b6c800000] [id=12512]
  0x000001d08e32a4a0 ConcurrentGCThread "G1 Conc#0" [stack: 0x0000005b6c800000,0x0000005b6c900000] [id=24548]
  0x000001d0f3337f30 ConcurrentGCThread "G1 Conc#1" [stack: 0x0000005b6c200000,0x0000005b6c300000] [id=2608]
  0x000001d08e36caf0 ConcurrentGCThread "G1 Refine#0" [stack: 0x0000005b6c900000,0x0000005b6ca00000] [id=14364]
  0x000001d08e36d520 ConcurrentGCThread "G1 Service" [stack: 0x0000005b6ca00000,0x0000005b6cb00000] [id=23888]

Threads with active compile tasks:
C2 CompilerThread0   115394 4495   !   4       org.springframework.core.annotation.AnnotationsScanner::processMethodHierarchy (276 bytes)

VM state: not at safepoint (normal execution)

VM Mutex/Monitor currently owned by a thread: None

Heap address: 0x0000000081a00000, size: 2022 MB, Compressed Oops mode: 32-bit

CDS archive(s) mapped at: [0x000001d0ad000000-0x000001d0adba0000-0x000001d0adba0000), size 12189696, SharedBaseAddress: 0x000001d0ad000000, ArchiveRelocationMode: 1.
Compressed class space mapped at: 0x000001d0ae000000-0x000001d0ee000000, reserved size: 1073741824
Narrow klass base: 0x000001d0ad000000, Narrow klass shift: 0, Narrow klass range: 0x100000000

GC Precious Log:
 CPUs: 8 total, 8 available
 Memory: 8086M
 Large Page Support: Disabled
 NUMA Support: Disabled
 Compressed Oops: Enabled (32-bit)
 Heap Region Size: 1M
 Heap Min Capacity: 8M
 Heap Initial Capacity: 128M
 Heap Max Capacity: 2022M
 Pre-touch: Disabled
 Parallel Workers: 8
 Concurrent Workers: 2
 Concurrent Refinement Workers: 8
 Periodic GC: Disabled

Heap:
 garbage-first heap   total 58368K, used 37604K [0x0000000081a00000, 0x0000000100000000)
  region size 1024K, 16 young (16384K), 1 survivors (1024K)
 Metaspace       used 37489K, committed 37952K, reserved 1114112K
  class space    used 4938K, committed 5184K, reserved 1048576K

Heap Regions: E=young(eden), S=young(survivor), O=old, HS=humongous(starts), HC=humongous(continues), CS=collection set, F=free, OA=open archive, CA=closed archive, TAMS=top-at-mark-start (previous, next)
|   0|0x0000000081a00000, 0x0000000081b00000, 0x0000000081b00000|100%| O|  |TAMS 0x0000000081b00000, 0x0000000081a00000| Untracked 
|   1|0x0000000081b00000, 0x0000000081c00000, 0x0000000081c00000|100%|HS|  |TAMS 0x0000000081c00000, 0x0000000081b00000| Complete 
|   2|0x0000000081c00000, 0x0000000081d00000, 0x0000000081d00000|100%| O|  |TAMS 0x0000000081d00000, 0x0000000081c00000| Untracked 
|   3|0x0000000081d00000, 0x0000000081e00000, 0x0000000081e00000|100%| O|  |TAMS 0x0000000081e00000, 0x0000000081d00000| Untracked 
|   4|0x0000000081e00000, 0x0000000081f00000, 0x0000000081f00000|100%| O|  |TAMS 0x0000000081f00000, 0x0000000081e00000| Untracked 
|   5|0x0000000081f00000, 0x0000000082000000, 0x0000000082000000|100%| O|  |TAMS 0x0000000082000000, 0x0000000081f00000| Untracked 
|   6|0x0000000082000000, 0x0000000082100000, 0x0000000082100000|100%| O|  |TAMS 0x0000000082100000, 0x0000000082000000| Untracked 
|   7|0x0000000082100000, 0x0000000082200000, 0x0000000082200000|100%| O|  |TAMS 0x0000000082200000, 0x0000000082100000| Untracked 
|   8|0x0000000082200000, 0x0000000082300000, 0x0000000082300000|100%| O|  |TAMS 0x0000000082300000, 0x0000000082200000| Untracked 
|   9|0x0000000082300000, 0x00000000823e8a00, 0x0000000082400000| 90%| O|  |TAMS 0x00000000823e8a00, 0x0000000082300000| Untracked 
|  10|0x0000000082400000, 0x0000000082500000, 0x0000000082500000|100%| O|  |TAMS 0x0000000082500000, 0x0000000082400000| Untracked 
|  11|0x0000000082500000, 0x0000000082600000, 0x0000000082600000|100%| O|  |TAMS 0x0000000082600000, 0x0000000082500000| Untracked 
|  12|0x0000000082600000, 0x0000000082700000, 0x0000000082700000|100%| O|  |TAMS 0x0000000082700000, 0x0000000082600000| Untracked 
|  13|0x0000000082700000, 0x0000000082800000, 0x0000000082800000|100%| O|  |TAMS 0x0000000082800000, 0x0000000082700000| Untracked 
|  14|0x0000000082800000, 0x0000000082900000, 0x0000000082900000|100%| O|  |TAMS 0x0000000082900000, 0x0000000082800000| Untracked 
|  15|0x0000000082900000, 0x0000000082a00000, 0x0000000082a00000|100%| O|  |TAMS 0x0000000082a00000, 0x0000000082900000| Untracked 
|  16|0x0000000082a00000, 0x0000000082b00000, 0x0000000082b00000|100%| O|  |TAMS 0x0000000082b00000, 0x0000000082a00000| Untracked 
|  17|0x0000000082b00000, 0x0000000082c00000, 0x0000000082c00000|100%| O|  |TAMS 0x0000000082c00000, 0x0000000082b00000| Untracked 
|  18|0x0000000082c00000, 0x0000000082d00000, 0x0000000082d00000|100%| O|  |TAMS 0x0000000082cfbc00, 0x0000000082c00000| Untracked 
|  19|0x0000000082d00000, 0x0000000082e00000, 0x0000000082e00000|100%| O|  |TAMS 0x0000000082d00000, 0x0000000082d00000| Untracked 
|  20|0x0000000082e00000, 0x0000000082f00000, 0x0000000082f00000|100%| O|  |TAMS 0x0000000082e00000, 0x0000000082e00000| Untracked 
|  21|0x0000000082f00000, 0x0000000082ff6800, 0x0000000083000000| 96%| O|  |TAMS 0x0000000082f00000, 0x0000000082f00000| Untracked 
|  22|0x0000000083000000, 0x0000000083100000, 0x0000000083100000|100%|HS|  |TAMS 0x0000000083000000, 0x0000000083000000| Complete 
|  23|0x0000000083100000, 0x0000000083100000, 0x0000000083200000|  0%| F|  |TAMS 0x0000000083100000, 0x0000000083100000| Untracked 
|  24|0x0000000083200000, 0x0000000083200000, 0x0000000083300000|  0%| F|  |TAMS 0x0000000083200000, 0x0000000083200000| Untracked 
|  25|0x0000000083300000, 0x0000000083300000, 0x0000000083400000|  0%| F|  |TAMS 0x0000000083300000, 0x0000000083300000| Untracked 
|  26|0x0000000083400000, 0x0000000083400000, 0x0000000083500000|  0%| F|  |TAMS 0x0000000083400000, 0x0000000083400000| Untracked 
|  27|0x0000000083500000, 0x0000000083500000, 0x0000000083600000|  0%| F|  |TAMS 0x0000000083500000, 0x0000000083500000| Untracked 
|  28|0x0000000083600000, 0x0000000083600000, 0x0000000083700000|  0%| F|  |TAMS 0x0000000083600000, 0x0000000083600000| Untracked 
|  29|0x0000000083700000, 0x0000000083700000, 0x0000000083800000|  0%| F|  |TAMS 0x0000000083700000, 0x0000000083700000| Untracked 
|  30|0x0000000083800000, 0x0000000083800000, 0x0000000083900000|  0%| F|  |TAMS 0x0000000083800000, 0x0000000083800000| Untracked 
|  31|0x0000000083900000, 0x0000000083900000, 0x0000000083a00000|  0%| F|  |TAMS 0x0000000083900000, 0x0000000083900000| Untracked 
|  32|0x0000000083a00000, 0x0000000083a00000, 0x0000000083b00000|  0%| F|  |TAMS 0x0000000083a00000, 0x0000000083a00000| Untracked 
|  33|0x0000000083b00000, 0x0000000083b00000, 0x0000000083c00000|  0%| F|  |TAMS 0x0000000083b00000, 0x0000000083b00000| Untracked 
|  34|0x0000000083c00000, 0x0000000083c00000, 0x0000000083d00000|  0%| F|  |TAMS 0x0000000083c00000, 0x0000000083c00000| Untracked 
|  35|0x0000000083d00000, 0x0000000083d00000, 0x0000000083e00000|  0%| F|  |TAMS 0x0000000083d00000, 0x0000000083d00000| Untracked 
|  36|0x0000000083e00000, 0x0000000083e00000, 0x0000000083f00000|  0%| F|  |TAMS 0x0000000083e00000, 0x0000000083e00000| Untracked 
|  37|0x0000000083f00000, 0x0000000083f00000, 0x0000000084000000|  0%| F|  |TAMS 0x0000000083f00000, 0x0000000083f00000| Untracked 
|  38|0x0000000084000000, 0x0000000084000000, 0x0000000084100000|  0%| F|  |TAMS 0x0000000084000000, 0x0000000084000000| Untracked 
|  39|0x0000000084100000, 0x0000000084100000, 0x0000000084200000|  0%| F|  |TAMS 0x0000000084100000, 0x0000000084100000| Untracked 
|  40|0x0000000084200000, 0x0000000084200000, 0x0000000084300000|  0%| F|  |TAMS 0x0000000084200000, 0x0000000084200000| Untracked 
|  41|0x0000000084300000, 0x0000000084400000, 0x0000000084400000|100%| E|  |TAMS 0x0000000084300000, 0x0000000084300000| Complete 
|  42|0x0000000084400000, 0x0000000084500000, 0x0000000084500000|100%| E|CS|TAMS 0x0000000084400000, 0x0000000084400000| Complete 
|  43|0x0000000084500000, 0x0000000084600000, 0x0000000084600000|100%| E|  |TAMS 0x0000000084500000, 0x0000000084500000| Complete 
|  44|0x0000000084600000, 0x0000000084700000, 0x0000000084700000|100%| E|CS|TAMS 0x0000000084600000, 0x0000000084600000| Complete 
|  45|0x0000000084700000, 0x0000000084800000, 0x0000000084800000|100%| E|CS|TAMS 0x0000000084700000, 0x0000000084700000| Complete 
|  46|0x0000000084800000, 0x0000000084900000, 0x0000000084900000|100%| E|CS|TAMS 0x0000000084800000, 0x0000000084800000| Complete 
|  47|0x0000000084900000, 0x0000000084a00000, 0x0000000084a00000|100%| E|CS|TAMS 0x0000000084900000, 0x0000000084900000| Complete 
|  48|0x0000000084a00000, 0x0000000084b00000, 0x0000000084b00000|100%| E|CS|TAMS 0x0000000084a00000, 0x0000000084a00000| Complete 
|  49|0x0000000084b00000, 0x0000000084c00000, 0x0000000084c00000|100%| E|CS|TAMS 0x0000000084b00000, 0x0000000084b00000| Complete 
| 119|0x0000000089100000, 0x00000000891d9ec0, 0x0000000089200000| 85%| S|CS|TAMS 0x0000000089100000, 0x0000000089100000| Complete 
| 120|0x0000000089200000, 0x0000000089300000, 0x0000000089300000|100%| E|CS|TAMS 0x0000000089200000, 0x0000000089200000| Complete 
| 121|0x0000000089300000, 0x0000000089400000, 0x0000000089400000|100%| E|CS|TAMS 0x0000000089300000, 0x0000000089300000| Complete 
| 122|0x0000000089400000, 0x0000000089500000, 0x0000000089500000|100%| E|CS|TAMS 0x0000000089400000, 0x0000000089400000| Complete 
| 123|0x0000000089500000, 0x0000000089600000, 0x0000000089600000|100%| E|CS|TAMS 0x0000000089500000, 0x0000000089500000| Complete 
| 124|0x0000000089600000, 0x0000000089700000, 0x0000000089700000|100%| E|CS|TAMS 0x0000000089600000, 0x0000000089600000| Complete 
| 127|0x0000000089900000, 0x0000000089a00000, 0x0000000089a00000|100%| E|CS|TAMS 0x0000000089900000, 0x0000000089900000| Complete 

Card table byte_map: [0x000001d0a54f0000,0x000001d0a58f0000] _byte_map_base: 0x000001d0a50e3000

Marking Bits (Prev, Next): (CMBitMap*) 0x000001d08e319490, (CMBitMap*) 0x000001d08e3194d0
 Prev Bits: [0x000001d0a5cf0000, 0x000001d0a7c88000)
 Next Bits: [0x000001d0a7c90000, 0x000001d0a9c28000)

Polling page: 0x000001d08c230000

Metaspace:

Usage:
  Non-class:     31.79 MB used.
      Class:      4.82 MB used.
       Both:     36.62 MB used.

Virtual space:
  Non-class space:       64.00 MB reserved,      32.00 MB ( 50%) committed,  1 nodes.
      Class space:        1.00 GB reserved,       5.06 MB ( <1%) committed,  1 nodes.
             Both:        1.06 GB reserved,      37.06 MB (  3%) committed. 

Chunk freelists:
   Non-Class:  15.97 MB
       Class:  10.97 MB
        Both:  26.94 MB

MaxMetaspaceSize: unlimited
CompressedClassSpaceSize: 1.00 GB
Initial GC threshold: 21.00 MB
Current GC threshold: 58.88 MB
CDS: on
MetaspaceReclaimPolicy: balanced
 - commit_granule_bytes: 65536.
 - commit_granule_words: 8192.
 - virtual_space_node_default_size: 8388608.
 - enlarge_chunks_in_place: 1.
 - new_chunks_are_fully_committed: 0.
 - uncommit_free_chunks: 1.
 - use_allocation_guard: 0.
 - handle_deallocations: 1.


Internal statistics:

num_allocs_failed_limit: 6.
num_arena_births: 548.
num_arena_deaths: 0.
num_vsnodes_births: 2.
num_vsnodes_deaths: 0.
num_space_committed: 593.
num_space_uncommitted: 0.
num_chunks_returned_to_freelist: 6.
num_chunks_taken_from_freelist: 1882.
num_chunk_merges: 3.
num_chunk_splits: 1332.
num_chunks_enlarged: 1020.
num_inconsistent_stats: 0.

CodeHeap 'non-profiled nmethods': size=120000Kb used=2800Kb max_used=2800Kb free=117199Kb
 bounds [0x000001d09d890000, 0x000001d09db50000, 0x000001d0a4dc0000]
CodeHeap 'profiled nmethods': size=120000Kb used=10002Kb max_used=10002Kb free=109997Kb
 bounds [0x000001d095dc0000, 0x000001d096790000, 0x000001d09d2f0000]
CodeHeap 'non-nmethods': size=5760Kb used=1225Kb max_used=1299Kb free=4534Kb
 bounds [0x000001d09d2f0000, 0x000001d09d560000, 0x000001d09d890000]
 total_blobs=5090 nmethods=4559 adapters=443
 compilation: enabled
              stopped_count=0, restarted_count=0
 full_count=0

Compilation events (20 events):
Event: 114.905 Thread 0x000001d0ac6599e0 4577       2       sun.nio.fs.WindowsPath$WindowsPathWithAttributes::getFileSystem (5 bytes)
Event: 114.905 Thread 0x000001d0ac6599e0 nmethod 4577 0x000001d096780d10 code [0x000001d096780ea0, 0x000001d096780fb8]
Event: 114.906 Thread 0x000001d0ac6599e0 4578       2       java.util.stream.SortedOps$RefSortingSink::accept (10 bytes)
Event: 114.907 Thread 0x000001d0ac6599e0 nmethod 4578 0x000001d096781090 code [0x000001d096781240, 0x000001d0967814c8]
Event: 114.908 Thread 0x000001d0ac6599e0 4579       2       sun.nio.fs.WindowsPath$WindowsPathWithAttributes::compareTo (9 bytes)
Event: 114.908 Thread 0x000001d0ac6599e0 nmethod 4579 0x000001d096781690 code [0x000001d096781840, 0x000001d0967819a8]
Event: 114.909 Thread 0x000001d0ac6599e0 4580       2       java.util.stream.SortedOps$RefSortingSink$$Lambda$402/0x000001d0ae2c5c98::accept (11 bytes)
Event: 114.909 Thread 0x000001d0ac6599e0 nmethod 4580 0x000001d096781a90 code [0x000001d096781c20, 0x000001d096781d48]
Event: 114.909 Thread 0x000001d0ac6599e0 4581       2       org.springframework.core.io.support.PathMatchingResourcePatternResolver$$Lambda$410/0x000001d0ae2bec70::apply (12 bytes)
Event: 114.910 Thread 0x000001d0ac6599e0 nmethod 4581 0x000001d096781e10 code [0x000001d096781fe0, 0x000001d0967823b8]
Event: 114.910 Thread 0x000001d0ac6599e0 4582       2       org.springframework.core.io.FileSystemResource::<init> (34 bytes)
Event: 114.910 Thread 0x000001d0ac6599e0 nmethod 4582 0x000001d096782590 code [0x000001d096782760, 0x000001d096782a78]
Event: 114.967 Thread 0x000001d0ac6599e0 4586       2       java.util.zip.ZipFile$ZipEntryIterator::hasMoreElements (5 bytes)
Event: 114.967 Thread 0x000001d0ac6599e0 nmethod 4586 0x000001d096782c10 code [0x000001d096782da0, 0x000001d096782eb8]
Event: 114.967 Thread 0x000001d0ac6599e0 4587       2       java.util.zip.ZipFile$ZipEntryIterator::nextElement (5 bytes)
Event: 114.968 Thread 0x000001d0ac6599e0 nmethod 4587 0x000001d096782f90 code [0x000001d096783120, 0x000001d096783248]
Event: 114.968 Thread 0x000001d0ac6599e0 4588       2       java.util.zip.ZipFile$ZipEntryIterator::nextElement (5 bytes)
Event: 114.968 Thread 0x000001d0ac6599e0 nmethod 4588 0x000001d096783310 code [0x000001d0967834a0, 0x000001d0967835c8]
Event: 114.968 Thread 0x000001d0ac6599e0 4589   !   2       java.util.zip.ZipFile$ZipEntryIterator::next (71 bytes)
Event: 114.968 Thread 0x000001d0ac6599e0 nmethod 4589 0x000001d096783690 code [0x000001d096783860, 0x000001d096783c08]

GC Heap History (18 events):
Event: 1.954 GC heap before
{Heap before GC invocations=0 (full 0):
 garbage-first heap   total 131072K, used 24576K [0x0000000081a00000, 0x0000000100000000)
  region size 1024K, 23 young (23552K), 0 survivors (0K)
 Metaspace       used 4776K, committed 4928K, reserved 1114112K
  class space    used 521K, committed 576K, reserved 1048576K
}
Event: 1.973 GC heap after
{Heap after GC invocations=1 (full 0):
 garbage-first heap   total 131072K, used 10193K [0x0000000081a00000, 0x0000000100000000)
  region size 1024K, 3 young (3072K), 3 survivors (3072K)
 Metaspace       used 4776K, committed 4928K, reserved 1114112K
  class space    used 521K, committed 576K, reserved 1048576K
}
Event: 3.466 GC heap before
{Heap before GC invocations=1 (full 0):
 garbage-first heap   total 131072K, used 32721K [0x0000000081a00000, 0x0000000100000000)
  region size 1024K, 25 young (25600K), 3 survivors (3072K)
 Metaspace       used 10385K, committed 10624K, reserved 1114112K
  class space    used 1310K, committed 1408K, reserved 1048576K
}
Event: 3.475 GC heap after
{Heap after GC invocations=2 (full 0):
 garbage-first heap   total 131072K, used 12035K [0x0000000081a00000, 0x0000000100000000)
  region size 1024K, 2 young (2048K), 2 survivors (2048K)
 Metaspace       used 10385K, committed 10624K, reserved 1114112K
  class space    used 1310K, committed 1408K, reserved 1048576K
}
Event: 66.075 GC heap before
{Heap before GC invocations=2 (full 0):
 garbage-first heap   total 131072K, used 59139K [0x0000000081a00000, 0x0000000100000000)
  region size 1024K, 49 young (50176K), 2 survivors (2048K)
 Metaspace       used 20666K, committed 20992K, reserved 1114112K
  class space    used 2710K, committed 2880K, reserved 1048576K
}
Event: 66.086 GC heap after
{Heap after GC invocations=3 (full 0):
 garbage-first heap   total 131072K, used 15093K [0x0000000081a00000, 0x0000000100000000)
  region size 1024K, 5 young (5120K), 5 survivors (5120K)
 Metaspace       used 20666K, committed 20992K, reserved 1114112K
  class space    used 2710K, committed 2880K, reserved 1048576K
}
Event: 77.328 GC heap before
{Heap before GC invocations=3 (full 0):
 garbage-first heap   total 131072K, used 17141K [0x0000000081a00000, 0x0000000100000000)
  region size 1024K, 8 young (8192K), 5 survivors (5120K)
 Metaspace       used 21227K, committed 21504K, reserved 1114112K
  class space    used 2778K, committed 2944K, reserved 1048576K
}
Event: 77.354 GC heap after
{Heap after GC invocations=4 (full 0):
 garbage-first heap   total 131072K, used 15528K [0x0000000081a00000, 0x0000000100000000)
  region size 1024K, 6 young (6144K), 6 survivors (6144K)
 Metaspace       used 21227K, committed 21504K, reserved 1114112K
  class space    used 2778K, committed 2944K, reserved 1048576K
}
Event: 94.639 GC heap before
{Heap before GC invocations=5 (full 0):
 garbage-first heap   total 58368K, used 42152K [0x0000000081a00000, 0x0000000100000000)
  region size 1024K, 34 young (34816K), 6 survivors (6144K)
 Metaspace       used 24038K, committed 24384K, reserved 1114112K
  class space    used 3080K, committed 3200K, reserved 1048576K
}
Event: 94.664 GC heap after
{Heap after GC invocations=6 (full 0):
 garbage-first heap   total 58368K, used 18326K [0x0000000081a00000, 0x0000000100000000)
  region size 1024K, 4 young (4096K), 4 survivors (4096K)
 Metaspace       used 24038K, committed 24384K, reserved 1114112K
  class space    used 3080K, committed 3200K, reserved 1048576K
}
Event: 96.968 GC heap before
{Heap before GC invocations=6 (full 0):
 garbage-first heap   total 58368K, used 39830K [0x0000000081a00000, 0x0000000100000000)
  region size 1024K, 25 young (25600K), 4 survivors (4096K)
 Metaspace       used 27073K, committed 27392K, reserved 1114112K
  class space    used 3492K, committed 3648K, reserved 1048576K
}
Event: 96.981 GC heap after
{Heap after GC invocations=7 (full 0):
 garbage-first heap   total 58368K, used 19323K [0x0000000081a00000, 0x0000000100000000)
  region size 1024K, 2 young (2048K), 2 survivors (2048K)
 Metaspace       used 27073K, committed 27392K, reserved 1114112K
  class space    used 3492K, committed 3648K, reserved 1048576K
}
Event: 111.094 GC heap before
{Heap before GC invocations=7 (full 0):
 garbage-first heap   total 58368K, used 40827K [0x0000000081a00000, 0x0000000100000000)
  region size 1024K, 23 young (23552K), 2 survivors (2048K)
 Metaspace       used 30348K, committed 30720K, reserved 1114112K
  class space    used 3987K, committed 4160K, reserved 1048576K
}
Event: 111.108 GC heap after
{Heap after GC invocations=8 (full 0):
 garbage-first heap   total 58368K, used 20608K [0x0000000081a00000, 0x0000000100000000)
  region size 1024K, 3 young (3072K), 3 survivors (3072K)
 Metaspace       used 30348K, committed 30720K, reserved 1114112K
  class space    used 3987K, committed 4160K, reserved 1048576K
}
Event: 113.563 GC heap before
{Heap before GC invocations=8 (full 0):
 garbage-first heap   total 58368K, used 42112K [0x0000000081a00000, 0x0000000100000000)
  region size 1024K, 24 young (24576K), 3 survivors (3072K)
 Metaspace       used 34108K, committed 34496K, reserved 1114112K
  class space    used 4537K, committed 4736K, reserved 1048576K
}
Event: 113.581 GC heap after
{Heap after GC invocations=9 (full 0):
 garbage-first heap   total 58368K, used 22417K [0x0000000081a00000, 0x0000000100000000)
  region size 1024K, 3 young (3072K), 3 survivors (3072K)
 Metaspace       used 34108K, committed 34496K, reserved 1114112K
  class space    used 4537K, committed 4736K, reserved 1048576K
}
Event: 114.153 GC heap before
{Heap before GC invocations=9 (full 0):
 garbage-first heap   total 58368K, used 27537K [0x0000000081a00000, 0x0000000100000000)
  region size 1024K, 9 young (9216K), 3 survivors (3072K)
 Metaspace       used 35563K, committed 35968K, reserved 1114112K
  class space    used 4680K, committed 4864K, reserved 1048576K
}
Event: 114.169 GC heap after
{Heap after GC invocations=10 (full 0):
 garbage-first heap   total 58368K, used 23268K [0x0000000081a00000, 0x0000000100000000)
  region size 1024K, 1 young (1024K), 1 survivors (1024K)
 Metaspace       used 35563K, committed 35968K, reserved 1114112K
  class space    used 4680K, committed 4864K, reserved 1048576K
}

Dll operation events (13 events):
Event: 0.140 Loaded shared library C:\Users\longq\.jdks\corretto-17.0.9\bin\java.dll
Event: 0.185 Loaded shared library C:\Users\longq\.jdks\corretto-17.0.9\bin\jsvml.dll
Event: 0.553 Loaded shared library C:\Users\longq\.jdks\corretto-17.0.9\bin\zip.dll
Event: 0.565 Loaded shared library C:\Users\longq\.jdks\corretto-17.0.9\bin\instrument.dll
Event: 0.581 Loaded shared library C:\Users\longq\.jdks\corretto-17.0.9\bin\net.dll
Event: 0.584 Loaded shared library C:\Users\longq\.jdks\corretto-17.0.9\bin\nio.dll
Event: 0.590 Loaded shared library C:\Users\longq\.jdks\corretto-17.0.9\bin\zip.dll
Event: 0.967 Loaded shared library D:\Program Files\JetBrains\IntelliJ IDEA Community Edition 2023.3\bin\breakgen64.dll
Event: 1.087 Loaded shared library C:\Users\longq\.jdks\corretto-17.0.9\bin\jimage.dll
Event: 5.633 Loaded shared library C:\Users\longq\.jdks\corretto-17.0.9\bin\sunmscapi.dll
Event: 112.063 Loaded shared library C:\Users\longq\.jdks\corretto-17.0.9\bin\verify.dll
Event: 114.131 Loaded shared library C:\Users\longq\.jdks\corretto-17.0.9\bin\management.dll
Event: 114.146 Loaded shared library C:\Users\longq\.jdks\corretto-17.0.9\bin\management_ext.dll

Deoptimization events (20 events):
Event: 114.532 Thread 0x000001d08e2bc770 Uncommon trap: trap_request=0xffffff45 fr.pc=0x000001d09da98464 relative=0x0000000000000d84
Event: 114.532 Thread 0x000001d08e2bc770 Uncommon trap: reason=unstable_if action=reinterpret pc=0x000001d09da98464 method=sun.reflect.annotation.AnnotationInvocationHandler.invoke(Ljava/lang/Object;Ljava/lang/reflect/Method;[Ljava/lang/Object;)Ljava/lang/Object; @ 15 c2
Event: 114.532 Thread 0x000001d08e2bc770 DEOPT PACKING pc=0x000001d09da98464 sp=0x0000005b6c5fc5b0
Event: 114.532 Thread 0x000001d08e2bc770 DEOPT UNPACKING pc=0x000001d09d3469a3 sp=0x0000005b6c5fc570 mode 2
Event: 114.576 Thread 0x000001d08e2bc770 Uncommon trap: trap_request=0xffffff45 fr.pc=0x000001d09db4a158 relative=0x0000000000000798
Event: 114.576 Thread 0x000001d08e2bc770 Uncommon trap: reason=unstable_if action=reinterpret pc=0x000001d09db4a158 method=java.lang.PublicMethods$MethodList.filter([Ljava/lang/reflect/Method;Ljava/lang/String;[Ljava/lang/Class;Z)Ljava/lang/PublicMethods$MethodList; @ 43 c2
Event: 114.576 Thread 0x000001d08e2bc770 DEOPT PACKING pc=0x000001d09db4a158 sp=0x0000005b6c5fb220
Event: 114.576 Thread 0x000001d08e2bc770 DEOPT UNPACKING pc=0x000001d09d3469a3 sp=0x0000005b6c5fb1e0 mode 2
Event: 114.642 Thread 0x000001d0f4327490 Uncommon trap: trap_request=0xffffff45 fr.pc=0x000001d09d982968 relative=0x0000000000003228
Event: 114.642 Thread 0x000001d0f4327490 Uncommon trap: reason=unstable_if action=reinterpret pc=0x000001d09d982968 method=java.net.URLStreamHandler.parseURL(Ljava/net/URL;Ljava/lang/String;II)V @ 57 c2
Event: 114.642 Thread 0x000001d0f4327490 DEOPT PACKING pc=0x000001d09d982968 sp=0x0000005b6c4feae0
Event: 114.642 Thread 0x000001d0f4327490 DEOPT UNPACKING pc=0x000001d09d3469a3 sp=0x0000005b6c4fea80 mode 2
Event: 114.878 Thread 0x000001d08e2bc770 Uncommon trap: trap_request=0xfffffff4 fr.pc=0x000001d09da76014 relative=0x00000000000007b4
Event: 114.878 Thread 0x000001d08e2bc770 Uncommon trap: reason=null_check action=make_not_entrant pc=0x000001d09da76014 method=org.springframework.beans.factory.support.DefaultListableBeanFactory.getBeanDefinition(Ljava/lang/String;)Lorg/springframework/beans/factory/config/BeanDefinition; @ 10 
Event: 114.878 Thread 0x000001d08e2bc770 DEOPT PACKING pc=0x000001d09da76014 sp=0x0000005b6c5f9450
Event: 114.878 Thread 0x000001d08e2bc770 DEOPT UNPACKING pc=0x000001d09d3469a3 sp=0x0000005b6c5f9388 mode 2
Event: 114.966 Thread 0x000001d08e2bc770 Uncommon trap: trap_request=0xffffff45 fr.pc=0x000001d09dac48e0 relative=0x0000000000000060
Event: 114.966 Thread 0x000001d08e2bc770 Uncommon trap: reason=unstable_if action=reinterpret pc=0x000001d09dac48e0 method=java.lang.ClassLoader.createOrGetClassLoaderValueMap()Ljava/util/concurrent/ConcurrentHashMap; @ 6 c2
Event: 114.966 Thread 0x000001d08e2bc770 DEOPT PACKING pc=0x000001d09dac48e0 sp=0x0000005b6c5fa8f0
Event: 114.966 Thread 0x000001d08e2bc770 DEOPT UNPACKING pc=0x000001d09d3469a3 sp=0x0000005b6c5fa878 mode 2

Classes unloaded (0 events):
No events

Classes redefined (0 events):
No events

Internal exceptions (20 events):
Event: 111.960 Thread 0x000001d08e2bc770 Implicit null exception at 0x000001d09daddecc to 0x000001d09dade0a0
Event: 112.471 Thread 0x000001d08e2bc770 Exception <a 'java/lang/NoSuchMethodError'{0x000000008454d2c8}: 'void java.lang.invoke.DirectMethodHandle$Holder.invokeSpecial(java.lang.Object, java.lang.Object, java.lang.Object, java.lang.Object, java.lang.Object, java.lang.Object, java.lang.Object)'> (0x000000008454d2c8) 
thrown [s\src\hotspot\share\interpreter\linkResolver.cpp, line 759]
Event: 112.525 Thread 0x000001d08e2bc770 Exception <a 'java/lang/NoSuchMethodError'{0x00000000844225d8}: 'void java.lang.invoke.DirectMethodHandle$Holder.invokeInterface(java.lang.Object, java.lang.Object, int)'> (0x00000000844225d8) 
thrown [s\src\hotspot\share\interpreter\linkResolver.cpp, line 759]
Event: 112.540 Thread 0x000001d08e2bc770 Exception <a 'java/lang/IncompatibleClassChangeError'{0x0000000084472900}: Found class java.lang.Object, but interface was expected> (0x0000000084472900) 
thrown [s\src\hotspot\share\interpreter\linkResolver.cpp, line 826]
Event: 112.544 Thread 0x000001d08e2bc770 Exception <a 'java/lang/NoSuchMethodError'{0x0000000084483438}: 'int java.lang.invoke.DirectMethodHandle$Holder.invokeSpecialIFC(java.lang.Object, java.lang.Object, java.lang.Object)'> (0x0000000084483438) 
thrown [s\src\hotspot\share\interpreter\linkResolver.cpp, line 759]
Event: 112.546 Thread 0x000001d08e2bc770 Exception <a 'java/lang/NoSuchMethodError'{0x0000000084491300}: 'void java.lang.invoke.DirectMethodHandle$Holder.invokeStatic(java.lang.Object, int, java.lang.Object)'> (0x0000000084491300) 
thrown [s\src\hotspot\share\interpreter\linkResolver.cpp, line 759]
Event: 112.562 Thread 0x000001d08e2bc770 Exception <a 'java/lang/NoSuchMethodError'{0x00000000844cdd98}: 'void java.lang.invoke.DirectMethodHandle$Holder.invokeVirtual(java.lang.Object, java.lang.Object, int)'> (0x00000000844cdd98) 
thrown [s\src\hotspot\share\interpreter\linkResolver.cpp, line 759]
Event: 112.563 Thread 0x000001d08e2bc770 Exception <a 'java/lang/NoSuchMethodError'{0x00000000844d3fe0}: 'void java.lang.invoke.DirectMethodHandle$Holder.invokeStatic(java.lang.Object, java.lang.Object, java.lang.Object, int, java.lang.Object)'> (0x00000000844d3fe0) 
thrown [s\src\hotspot\share\interpreter\linkResolver.cpp, line 759]
Event: 112.564 Thread 0x000001d08e2bc770 Exception <a 'java/lang/NoSuchMethodError'{0x00000000844db4e8}: 'java.lang.Object java.lang.invoke.DirectMethodHandle$Holder.newInvokeSpecial(java.lang.Object, java.lang.Object, java.lang.Object, int)'> (0x00000000844db4e8) 
thrown [s\src\hotspot\share\interpreter\linkResolver.cpp, line 759]
Event: 112.564 Thread 0x000001d08e2bc770 Exception <a 'java/lang/NoSuchMethodError'{0x00000000844df7d0}: 'java.lang.Object java.lang.invoke.DirectMethodHandle$Holder.invokeSpecial(java.lang.Object, java.lang.Object, java.lang.Object, java.lang.Object, int)'> (0x00000000844df7d0) 
thrown [s\src\hotspot\share\interpreter\linkResolver.cpp, line 759]
Event: 112.565 Thread 0x000001d08e2bc770 Exception <a 'java/lang/NoSuchMethodError'{0x00000000844e3398}: 'java.lang.Object java.lang.invoke.Invokers$Holder.linkToTargetMethod(java.lang.Object, java.lang.Object, int, java.lang.Object)'> (0x00000000844e3398) 
thrown [s\src\hotspot\share\interpreter\linkResolver.cpp, line 759]
Event: 112.972 Thread 0x000001d08e2bc770 Exception <a 'java/lang/NoSuchMethodError'{0x00000000840e7a20}: 'java.lang.Object java.lang.invoke.DirectMethodHandle$Holder.invokeStaticInit(java.lang.Object, int, int, int, int)'> (0x00000000840e7a20) 
thrown [s\src\hotspot\share\interpreter\linkResolver.cpp, line 759]
Event: 113.351 Thread 0x000001d08e2bc770 Exception <a 'java/lang/NoSuchMethodError'{0x0000000083fca918}: 'java.lang.Object java.lang.invoke.DirectMethodHandle$Holder.invokeStaticInit(java.lang.Object, java.lang.Object, int, int, int, int)'> (0x0000000083fca918) 
thrown [s\src\hotspot\share\interpreter\linkResolver.cpp, line 759]
Event: 114.009 Thread 0x000001d08e2bc770 Exception <a 'java/lang/NoSuchMethodError'{0x0000000089309818}: 'java.lang.Object java.lang.invoke.DirectMethodHandle$Holder.invokeSpecial(java.lang.Object, java.lang.Object, long, java.lang.Object, java.lang.Object, java.lang.Object, java.lang.Object, java.lang.Object, java.lang.Object)'> (0x0000000089309818) 
thrown [s\src\hotspot\share\interpreter\linkResolver.cpp, line 759]
Event: 114.009 Thread 0x000001d08e2bc770 Exception <a 'java/lang/NoSuchMethodError'{0x000000008930e340}: 'java.lang.Object java.lang.invoke.DelegatingMethodHandle$Holder.reinvoke_L(java.lang.Object, long, java.lang.Object, java.lang.Object, java.lang.Object, java.lang.Object, java.lang.Object, java.lang.Object)'> (0x000000008930e340) 
thrown [s\src\hotspot\share\interpreter\linkResolver.cpp, line 759]
Event: 114.097 Thread 0x000001d08e2bc770 Implicit null exception at 0x000001d09d971ed0 to 0x000001d09d973698
Event: 114.240 Thread 0x000001d08e2bc770 Exception <a 'java/io/FileNotFoundException'{0x000000008994cb70}> (0x000000008994cb70) 
thrown [s\src\hotspot\share\prims\jni.cpp, line 516]
Event: 114.463 Thread 0x000001d08e2bc770 Exception <a 'java/lang/NoSuchMethodError'{0x000000008943b168}: 'int java.lang.invoke.DirectMethodHandle$Holder.invokeInterface(java.lang.Object, java.lang.Object, java.lang.Object, java.lang.Object)'> (0x000000008943b168) 
thrown [s\src\hotspot\share\interpreter\linkResolver.cpp, line 759]
Event: 114.878 Thread 0x000001d08e2bc770 Implicit null exception at 0x000001d09da75c6b to 0x000001d09da76004
Event: 114.886 Thread 0x000001d08e2bc770 Exception <a 'sun/nio/fs/WindowsException'{0x00000000847b17d8}> (0x00000000847b17d8) 
thrown [s\src\hotspot\share\prims\jni.cpp, line 516]

VM Operations (20 events):
Event: 112.725 Executing VM operation: Cleanup
Event: 112.726 Executing VM operation: Cleanup done
Event: 112.852 Executing VM operation: HandshakeAllThreads
Event: 112.852 Executing VM operation: HandshakeAllThreads done
Event: 113.563 Executing VM operation: G1CollectForAllocation
Event: 113.581 Executing VM operation: G1CollectForAllocation done
Event: 113.859 Executing VM operation: HandshakeAllThreads
Event: 113.859 Executing VM operation: HandshakeAllThreads done
Event: 113.863 Executing VM operation: HandshakeAllThreads
Event: 113.863 Executing VM operation: HandshakeAllThreads done
Event: 114.153 Executing VM operation: CollectForMetadataAllocation
Event: 114.169 Executing VM operation: CollectForMetadataAllocation done
Event: 114.182 Executing VM operation: HandshakeAllThreads
Event: 114.183 Executing VM operation: HandshakeAllThreads done
Event: 114.199 Executing VM operation: G1PauseRemark
Event: 114.206 Executing VM operation: G1PauseRemark done
Event: 114.221 Executing VM operation: G1PauseCleanup
Event: 114.222 Executing VM operation: G1PauseCleanup done
Event: 114.633 Executing VM operation: HandshakeAllThreads
Event: 114.633 Executing VM operation: HandshakeAllThreads done

Events (20 events):
Event: 114.518 loading class jdk/internal/reflect/UnsafeObjectFieldAccessorImpl done
Event: 114.532 loading class sun/reflect/annotation/AnnotationInvocationHandler$1
Event: 114.533 loading class sun/reflect/annotation/AnnotationInvocationHandler$1 done
Event: 114.536 loading class jdk/internal/reflect/UnsafeIntegerFieldAccessorImpl
Event: 114.536 loading class jdk/internal/reflect/UnsafeIntegerFieldAccessorImpl done
Event: 114.574 loading class java/lang/SafeVarargs
Event: 114.574 loading class java/lang/SafeVarargs done
Event: 114.630 loading class java/util/concurrent/Executors$FinalizableDelegatedExecutorService
Event: 114.631 loading class java/util/concurrent/Executors$DelegatedExecutorService
Event: 114.632 loading class java/util/concurrent/Executors$DelegatedExecutorService done
Event: 114.632 loading class java/util/concurrent/Executors$FinalizableDelegatedExecutorService done
Event: 114.634 loading class java/util/concurrent/ThreadPoolExecutor$Worker
Event: 114.635 loading class java/util/concurrent/ThreadPoolExecutor$Worker done
Event: 114.636 loading class java/lang/Thread$State
Event: 114.638 loading class java/lang/Thread$State done
Event: 114.639 Thread 0x000001d0f4327490 Thread added: 0x000001d0f4327490
Event: 114.863 loading class javax/naming/Referenceable
Event: 114.864 loading class javax/naming/Referenceable done
Event: 114.958 loading class java/lang/instrument/ClassFileTransformer
Event: 114.959 loading class java/lang/instrument/ClassFileTransformer done


Dynamic libraries:
0x00007ff7f3bd0000 - 0x00007ff7f3bde000 	C:\Users\longq\.jdks\corretto-17.0.9\bin\java.exe
0x00007fff7d1b0000 - 0x00007fff7d3a8000 	C:\WINDOWS\SYSTEM32\ntdll.dll
0x00007fff7cb50000 - 0x00007fff7cc0d000 	C:\WINDOWS\System32\KERNEL32.DLL
0x00007fff7aa70000 - 0x00007fff7ad66000 	C:\WINDOWS\System32\KERNELBASE.dll
0x00007fff7ad70000 - 0x00007fff7ae70000 	C:\WINDOWS\System32\ucrtbase.dll
0x00007fff72aa0000 - 0x00007fff72ab7000 	C:\Users\longq\.jdks\corretto-17.0.9\bin\jli.dll
0x00007fff7b210000 - 0x00007fff7b3ae000 	C:\WINDOWS\System32\USER32.dll
0x00007fff7af90000 - 0x00007fff7afb2000 	C:\WINDOWS\System32\win32u.dll
0x00007fff72ac0000 - 0x00007fff72adb000 	C:\Users\longq\.jdks\corretto-17.0.9\bin\VCRUNTIME140.dll
0x00007fff71350000 - 0x00007fff715ea000 	C:\WINDOWS\WinSxS\amd64_microsoft.windows.common-controls_6595b64144ccf1df_6.0.19041.3636_none_60b6a03d71f818d5\COMCTL32.dll
0x00007fff7b770000 - 0x00007fff7b79c000 	C:\WINDOWS\System32\GDI32.dll
0x00007fff7ce80000 - 0x00007fff7cf1e000 	C:\WINDOWS\System32\msvcrt.dll
0x00007fff7ae70000 - 0x00007fff7af8a000 	C:\WINDOWS\System32\gdi32full.dll
0x00007fff7afc0000 - 0x00007fff7b05d000 	C:\WINDOWS\System32\msvcp_win.dll
0x00007fff7b720000 - 0x00007fff7b750000 	C:\WINDOWS\System32\IMM32.DLL
0x00007fff76250000 - 0x00007fff7625c000 	C:\Users\longq\.jdks\corretto-17.0.9\bin\vcruntime140_1.dll
0x00007fff59b70000 - 0x00007fff59bfd000 	C:\Users\longq\.jdks\corretto-17.0.9\bin\msvcp140.dll
0x00007fff36080000 - 0x00007fff36ce1000 	C:\Users\longq\.jdks\corretto-17.0.9\bin\server\jvm.dll
0x00007fff7b4d0000 - 0x00007fff7b57f000 	C:\WINDOWS\System32\ADVAPI32.dll
0x00007fff7bdb0000 - 0x00007fff7be4c000 	C:\WINDOWS\System32\sechost.dll
0x00007fff7be50000 - 0x00007fff7bf76000 	C:\WINDOWS\System32\RPCRT4.dll
0x00007fff79db0000 - 0x00007fff79dfb000 	C:\WINDOWS\SYSTEM32\POWRPROF.dll
0x00007fff5ab10000 - 0x00007fff5ab19000 	C:\WINDOWS\SYSTEM32\WSOCK32.dll
0x00007fff7cfd0000 - 0x00007fff7d03b000 	C:\WINDOWS\System32\WS2_32.dll
0x00007fff71000000 - 0x00007fff71027000 	C:\WINDOWS\SYSTEM32\WINMM.dll
0x00007fff75f80000 - 0x00007fff75f8a000 	C:\WINDOWS\SYSTEM32\VERSION.dll
0x00007fff79c70000 - 0x00007fff79c82000 	C:\WINDOWS\SYSTEM32\UMPDC.dll
0x00007fff790a0000 - 0x00007fff790b2000 	C:\WINDOWS\SYSTEM32\kernel.appcore.dll
0x00007fff72a90000 - 0x00007fff72a9a000 	C:\Users\longq\.jdks\corretto-17.0.9\bin\jimage.dll
0x00007fff785f0000 - 0x00007fff787d4000 	C:\WINDOWS\SYSTEM32\DBGHELP.DLL
0x00007fff6d780000 - 0x00007fff6d7b4000 	C:\WINDOWS\SYSTEM32\dbgcore.DLL
0x00007fff7a890000 - 0x00007fff7a912000 	C:\WINDOWS\System32\bcryptPrimitives.dll
0x00007fff759e0000 - 0x00007fff759ee000 	C:\Users\longq\.jdks\corretto-17.0.9\bin\instrument.dll
0x00007fff5f930000 - 0x00007fff5f955000 	C:\Users\longq\.jdks\corretto-17.0.9\bin\java.dll
0x00007fff49ec0000 - 0x00007fff49f97000 	C:\Users\longq\.jdks\corretto-17.0.9\bin\jsvml.dll
0x00007fff7c3f0000 - 0x00007fff7cb35000 	C:\WINDOWS\System32\SHELL32.dll
0x00007fff788f0000 - 0x00007fff7908b000 	C:\WINDOWS\SYSTEM32\windows.storage.dll
0x00007fff7b9d0000 - 0x00007fff7bd24000 	C:\WINDOWS\System32\combase.dll
0x00007fff7a1f0000 - 0x00007fff7a21d000 	C:\WINDOWS\SYSTEM32\Wldp.dll
0x00007fff7b580000 - 0x00007fff7b62d000 	C:\WINDOWS\System32\SHCORE.dll
0x00007fff7cc10000 - 0x00007fff7cc65000 	C:\WINDOWS\System32\shlwapi.dll
0x00007fff7a7c0000 - 0x00007fff7a7e5000 	C:\WINDOWS\SYSTEM32\profapi.dll
0x00007fff6f5b0000 - 0x00007fff6f5c8000 	C:\Users\longq\.jdks\corretto-17.0.9\bin\zip.dll
0x00007fff70d00000 - 0x00007fff70d19000 	C:\Users\longq\.jdks\corretto-17.0.9\bin\net.dll
0x00007fff73ac0000 - 0x00007fff73bca000 	C:\WINDOWS\SYSTEM32\WINHTTP.dll
0x00007fff79fd0000 - 0x00007fff7a03a000 	C:\WINDOWS\system32\mswsock.dll
0x00007fff6f5f0000 - 0x00007fff6f606000 	C:\Users\longq\.jdks\corretto-17.0.9\bin\nio.dll
0x00007fff74de0000 - 0x00007fff74dfa000 	D:\Program Files\JetBrains\IntelliJ IDEA Community Edition 2023.3\bin\breakgen64.dll
0x00007fff72b80000 - 0x00007fff72b8e000 	C:\Users\longq\.jdks\corretto-17.0.9\bin\sunmscapi.dll
0x00007fff7b060000 - 0x00007fff7b1bd000 	C:\WINDOWS\System32\CRYPT32.dll
0x00007fff7a340000 - 0x00007fff7a367000 	C:\WINDOWS\SYSTEM32\ncrypt.dll
0x00007fff7a300000 - 0x00007fff7a33b000 	C:\WINDOWS\SYSTEM32\NTASN1.dll
0x00007fff70cd0000 - 0x00007fff70ce0000 	C:\Users\longq\.jdks\corretto-17.0.9\bin\verify.dll
0x00007fff7a230000 - 0x00007fff7a248000 	C:\WINDOWS\SYSTEM32\CRYPTSP.dll
0x00007fff798b0000 - 0x00007fff798e4000 	C:\WINDOWS\system32\rsaenh.dll
0x00007fff7a990000 - 0x00007fff7a9b7000 	C:\WINDOWS\System32\bcrypt.dll
0x00007fff7a740000 - 0x00007fff7a76e000 	C:\WINDOWS\SYSTEM32\USERENV.dll
0x00007fff7a160000 - 0x00007fff7a16c000 	C:\WINDOWS\SYSTEM32\CRYPTBASE.dll
0x00007fff79c90000 - 0x00007fff79ccb000 	C:\WINDOWS\SYSTEM32\IPHLPAPI.DLL
0x00007fff7b7a0000 - 0x00007fff7b7a8000 	C:\WINDOWS\System32\NSI.dll
0x00007fff741c0000 - 0x00007fff741d7000 	C:\WINDOWS\SYSTEM32\dhcpcsvc6.DLL
0x00007fff74160000 - 0x00007fff7417d000 	C:\WINDOWS\SYSTEM32\dhcpcsvc.DLL
0x00007fff79cd0000 - 0x00007fff79d9a000 	C:\WINDOWS\SYSTEM32\DNSAPI.dll
0x00007fff74c90000 - 0x00007fff74c99000 	C:\Users\longq\.jdks\corretto-17.0.9\bin\management.dll
0x00007fff72b90000 - 0x00007fff72b9b000 	C:\Users\longq\.jdks\corretto-17.0.9\bin\management_ext.dll
0x00007fff7cb40000 - 0x00007fff7cb48000 	C:\WINDOWS\System32\PSAPI.DLL

dbghelp: loaded successfully - version: 4.0.5 - missing functions: none
symbol engine: initialized successfully - sym options: 0x614 - pdb path: .;C:\Users\longq\.jdks\corretto-17.0.9\bin;C:\WINDOWS\SYSTEM32;C:\WINDOWS\WinSxS\amd64_microsoft.windows.common-controls_6595b64144ccf1df_6.0.19041.3636_none_60b6a03d71f818d5;C:\Users\longq\.jdks\corretto-17.0.9\bin\server;D:\Program Files\JetBrains\IntelliJ IDEA Community Edition 2023.3\bin

VM Arguments:
jvm_args: -javaagent:D:\Program Files\JetBrains\IntelliJ IDEA Community Edition 2023.3\lib\idea_rt.jar=55367:D:\Program Files\JetBrains\IntelliJ IDEA Community Edition 2023.3\bin -Dfile.encoding=UTF-8 
java_command: id.longquoc.messenger.MessengerApplication
java_class_path (initial): D:\LearningCode\Java\messenger\server\target\classes;C:\Users\longq\.m2\repository\org\mapstruct\mapstruct\1.4.2.Final\mapstruct-1.4.2.Final.jar;C:\Users\longq\.m2\repository\io\github\mihaita-tinta\webauthn-spring-boot-starter\0.1.0-RELEASE\webauthn-spring-boot-starter-0.1.0-RELEASE.jar;C:\Users\longq\.m2\repository\com\yubico\webauthn-server-core\1.7.0\webauthn-server-core-1.7.0.jar;C:\Users\longq\.m2\repository\com\augustcellars\cose\cose-java\1.1.0\cose-java-1.1.0.jar;C:\Users\longq\.m2\repository\net\i2p\crypto\eddsa\0.3.0\eddsa-0.3.0.jar;C:\Users\longq\.m2\repository\com\google\guava\guava\29.0-jre\guava-29.0-jre.jar;C:\Users\longq\.m2\repository\com\google\guava\failureaccess\1.0.1\failureaccess-1.0.1.jar;C:\Users\longq\.m2\repository\com\google\guava\listenablefuture\9999.0-empty-to-avoid-conflict-with-guava\listenablefuture-9999.0-empty-to-avoid-conflict-with-guava.jar;C:\Users\longq\.m2\repository\org\checkerframework\checker-qual\2.11.1\checker-qual-2.11.1.jar;C:\Users\longq\.m2\repository\com\google\errorprone\error_prone_annotations\2.3.4\error_prone_annotations-2.3.4.jar;C:\Users\longq\.m2\repository\com\google\j2objc\j2objc-annotations\1.3\j2objc-annotations-1.3.jar;C:\Users\longq\.m2\repository\com\upokecenter\cbor\5.0.0-alpha1\cbor-5.0.0-alpha1.jar;C:\Users\longq\.m2\repository\com\github\peteroupc\numbers\1.8.2\numbers-1.8.2.jar;C:\Users\longq\.m2\repository\com\github\peteroupc\datautilities\1.1.0\datautilities-1.1.0.jar;C:\Users\longq\.m2\repository\org\bouncycastle\bcprov-jdk15on\1.70\bcprov-jdk15on-1.70.jar;C:\Users\longq\.m2\repository\com\yubico\yubico-util\1.7.0\yubico-util-1.7.0.jar;C:\Users\longq\.m2\repository\com\fasterxml\jackson\dataformat\jackson-dataformat-cbor\2.15.3\jackson-dataformat-cbor-2.15.3.jar;C:\Users\longq\.m2\repository\com\fasterxml\jackson\datatype\jackson-datatype-jdk8\2.15.3\jackson-datatype-jdk8-2.15.3.jar;C:\Users\longq\.m2\repository\org\springframework\boot\spring-boot-starter-data-jpa
Launcher Type: SUN_STANDARD

[Global flags]
     intx CICompilerCount                          = 4                                         {product} {ergonomic}
     uint ConcGCThreads                            = 2                                         {product} {ergonomic}
     uint G1ConcRefinementThreads                  = 8                                         {product} {ergonomic}
   size_t G1HeapRegionSize                         = 1048576                                   {product} {ergonomic}
    uintx GCDrainStackTargetSize                   = 64                                        {product} {ergonomic}
   size_t InitialHeapSize                          = 134217728                                 {product} {ergonomic}
   size_t MarkStackSize                            = 4194304                                   {product} {ergonomic}
   size_t MaxHeapSize                              = 2120220672                                {product} {ergonomic}
   size_t MaxNewSize                               = 1271922688                                {product} {ergonomic}
   size_t MinHeapDeltaBytes                        = 1048576                                   {product} {ergonomic}
   size_t MinHeapSize                              = 8388608                                   {product} {ergonomic}
    uintx NonNMethodCodeHeapSize                   = 5839372                                {pd product} {ergonomic}
    uintx NonProfiledCodeHeapSize                  = 122909434                              {pd product} {ergonomic}
    uintx ProfiledCodeHeapSize                     = 122909434                              {pd product} {ergonomic}
    uintx ReservedCodeCacheSize                    = 251658240                              {pd product} {ergonomic}
     bool SegmentedCodeCache                       = true                                      {product} {ergonomic}
   size_t SoftMaxHeapSize                          = 2120220672                             {manageable} {ergonomic}
     bool UseCompressedClassPointers               = true                           {product lp64_product} {ergonomic}
     bool UseCompressedOops                        = true                           {product lp64_product} {ergonomic}
     bool UseG1GC                                  = true                                      {product} {ergonomic}
     bool UseLargePagesIndividualAllocation        = false                                  {pd product} {ergonomic}

Logging:
Log output configuration:
 #0: stdout all=warning uptime,level,tags
 #1: stderr all=off uptime,level,tags

Environment Variables:
PATH=C:\WINDOWS\system32;C:\WINDOWS;C:\WINDOWS\System32\Wbem;C:\WINDOWS\System32\WindowsPowerShell\v1.0\;C:\WINDOWS\System32\OpenSSH\;C:\Program Files\nodejs\;C:\Program Files\Docker\Docker\resources\bin;C:\Program Files\Git\cmd;C:\Program Files\Cloudflare\Cloudflare WARP\;C:\Users\longq\AppData\Local\Microsoft\WindowsApps;;D:\Program Files\JetBrains\IntelliJ IDEA Community Edition 2023.3\bin;;D:\Program Files\Microsoft VS Code\bin;C:\Users\longq\AppData\Roaming\npm;C:\Users\longq\AppData\Local\spicetify
USERNAME=longq
OS=Windows_NT
PROCESSOR_IDENTIFIER=Intel64 Family 6 Model 142 Stepping 10, GenuineIntel
TMP=C:\Users\longq\AppData\Local\Temp
TEMP=C:\Users\longq\AppData\Local\Temp



Periodic native trim disabled


---------------  S Y S T E M  ---------------

OS:
 Windows 10 , 64 bit Build 19041 (10.0.19041.3636)
OS uptime: 0 days 19:17 hours
Hyper-V role detected

CPU: total 8 (initial active 8) (4 cores per cpu, 2 threads per core) family 6 model 142 stepping 10 microcode 0xf0, cx8, cmov, fxsr, ht, mmx, 3dnowpref, sse, sse2, sse3, ssse3, sse4.1, sse4.2, popcnt, lzcnt, tsc, tscinvbit, avx, avx2, aes, erms, clmul, bmi1, bmi2, adx, fma, vzeroupper, clflush, clflushopt, hv
Processor Information for all 8 processors :
  Max Mhz: 1800, Current Mhz: 1600, Mhz Limit: 1584

Memory: 4k page, system-wide physical 8086M (321M free)
TotalPageFile size 20540M (AvailPageFile size 21M)
current process WorkingSet (physical memory assigned to process): 201M, peak: 204M
current process commit charge ("private bytes"): 242M, peak: 273M

vm_info: OpenJDK 64-Bit Server VM (17.0.9+8-LTS) for windows-amd64 JRE (17.0.9+8-LTS), built on Oct 12 2023 16:15:33 by "Administrator" with MS VC++ 16.10 / 16.11 (VS2019)

END.
