#
# There is insufficient memory for the Java Runtime Environment to continue.
# Native memory allocation (malloc) failed to allocate 1070736 bytes for Chunk::new
# Possible reasons:
#   The system is out of physical RAM or swap space
#   The process is running with CompressedOops enabled, and the Java Heap may be blocking the growth of the native heap
# Possible solutions:
#   Reduce memory load on the system
#   Increase physical memory or swap space
#   Check if swap backing store is full
#   Decrease Java heap size (-Xmx/-Xms)
#   Decrease number of Java threads
#   Decrease Java thread stack sizes (-Xss)
#   Set larger code cache with -XX:ReservedCodeCacheSize=
#   JVM is running with Unscaled Compressed Oops mode in which the Java heap is
#     placed in the first 4GB address space. The Java Heap base address is the
#     maximum limit for the native heap growth. Please use -XX:HeapBaseMinAddress
#     to set the Java Heap base and to place the Java Heap above 4GB virtual address.
# This output file may be truncated or incomplete.
#
#  Out of Memory Error (arena.cpp:191), pid=37492, tid=24128
#
# JRE version: OpenJDK Runtime Environment Corretto-17.0.9.8.1 (17.0.9+8) (build 17.0.9+8-LTS)
# Java VM: OpenJDK 64-Bit Server VM Corretto-17.0.9.8.1 (17.0.9+8-LTS, mixed mode, sharing, tiered, compressed oops, compressed class ptrs, g1 gc, windows-amd64)
# No core dump will be written. Minidumps are not enabled by default on client versions of Windows
#

---------------  S U M M A R Y ------------

Command Line: -javaagent:D:\Program Files\JetBrains\IntelliJ IDEA Community Edition 2023.3\lib\idea_rt.jar=58279:D:\Program Files\JetBrains\IntelliJ IDEA Community Edition 2023.3\bin -Dfile.encoding=UTF-8 id.longquoc.messenger.MessengerApplication

Host: Intel(R) Core(TM) i5-8250U CPU @ 1.60GHz, 8 cores, 7G,  Windows 10 , 64 bit Build 19041 (10.0.19041.3636)
Time: Fri Jan  5 14:18:38 2024 SE Asia Standard Time elapsed time: 29.214669 seconds (0d 0h 0m 29s)

---------------  T H R E A D  ---------------

Current thread (0x00000153c4d92790):  JavaThread "C2 CompilerThread0" daemon [_thread_in_native, id=24128, stack(0x00000049ace00000,0x00000049acf00000)]


Current CompileTask:
C2:  29216 3520       4       org.springframework.core.ResolvableType::resolveType (146 bytes)

Stack: [0x00000049ace00000,0x00000049acf00000]
Native frames: (J=compiled Java code, j=interpreted, Vv=VM code, C=native code)
V  [jvm.dll+0x67cb49]
V  [jvm.dll+0x8344da]
V  [jvm.dll+0x835f9e]
V  [jvm.dll+0x836603]
V  [jvm.dll+0x247b5f]
V  [jvm.dll+0xac43c]
V  [jvm.dll+0xaca8c]
V  [jvm.dll+0x2af07f]
V  [jvm.dll+0x585037]
V  [jvm.dll+0x222bb2]
V  [jvm.dll+0x222f9f]
V  [jvm.dll+0x21c0c6]
V  [jvm.dll+0x219511]
V  [jvm.dll+0x1a56cd]
V  [jvm.dll+0x2293ee]
V  [jvm.dll+0x2275bc]
V  [jvm.dll+0x7e95a7]
V  [jvm.dll+0x7e396a]
V  [jvm.dll+0x67ba35]
C  [ucrtbase.dll+0x21bb2]
C  [KERNEL32.DLL+0x17344]
C  [ntdll.dll+0x526b1]


---------------  P R O C E S S  ---------------

Threads class SMR info:
_java_thread_list=0x000001540bef9730, length=14, elements={
0x00000153a4a0c530, 0x00000153c4d547a0, 0x00000153c4d55530, 0x00000153c4d63540,
0x00000153c4d64010, 0x00000153c4d658f0, 0x00000153c4d896d0, 0x00000153c4d92790,
0x00000153c4d99170, 0x00000153c4d9aa90, 0x000001540a098180, 0x000001540a4e9aa0,
0x000001540a7f4970, 0x000001540b1f3390
}

Java Threads: ( => current thread )
  0x00000153a4a0c530 JavaThread "main" [_thread_in_native, id=31884, stack(0x00000049ac100000,0x00000049ac200000)]
  0x00000153c4d547a0 JavaThread "Reference Handler" daemon [_thread_blocked, id=3920, stack(0x00000049ac800000,0x00000049ac900000)]
  0x00000153c4d55530 JavaThread "Finalizer" daemon [_thread_blocked, id=9568, stack(0x00000049ac900000,0x00000049aca00000)]
  0x00000153c4d63540 JavaThread "Signal Dispatcher" daemon [_thread_blocked, id=20236, stack(0x00000049aca00000,0x00000049acb00000)]
  0x00000153c4d64010 JavaThread "Attach Listener" daemon [_thread_blocked, id=20968, stack(0x00000049acb00000,0x00000049acc00000)]
  0x00000153c4d658f0 JavaThread "Service Thread" daemon [_thread_blocked, id=35296, stack(0x00000049acc00000,0x00000049acd00000)]
  0x00000153c4d896d0 JavaThread "Monitor Deflation Thread" daemon [_thread_blocked, id=37096, stack(0x00000049acd00000,0x00000049ace00000)]
=>0x00000153c4d92790 JavaThread "C2 CompilerThread0" daemon [_thread_in_native, id=24128, stack(0x00000049ace00000,0x00000049acf00000)]
  0x00000153c4d99170 JavaThread "C1 CompilerThread0" daemon [_thread_blocked, id=30616, stack(0x00000049acf00000,0x00000049ad000000)]
  0x00000153c4d9aa90 JavaThread "Sweeper thread" daemon [_thread_blocked, id=20712, stack(0x00000049ad000000,0x00000049ad100000)]
  0x000001540a098180 JavaThread "Common-Cleaner" daemon [_thread_blocked, id=12856, stack(0x00000049ad100000,0x00000049ad200000)]
  0x000001540a4e9aa0 JavaThread "Monitor Ctrl-Break" daemon [_thread_in_native, id=28824, stack(0x00000049ad200000,0x00000049ad300000)]
  0x000001540a7f4970 JavaThread "Notification Thread" daemon [_thread_blocked, id=33988, stack(0x00000049ad300000,0x00000049ad400000)]
  0x000001540b1f3390 JavaThread "C2 CompilerThread1" daemon [_thread_in_native, id=4532, stack(0x00000049ade00000,0x00000049adf00000)]

Other Threads:
  0x00000153c4d4dc70 VMThread "VM Thread" [stack: 0x00000049ac700000,0x00000049ac800000] [id=14668]
  0x000001540a7f4e50 WatcherThread [stack: 0x00000049ad400000,0x00000049ad500000] [id=19744]
  0x00000153a4a69b40 GCTaskThread "GC Thread#0" [stack: 0x00000049ac200000,0x00000049ac300000] [id=38764]
  0x000001540b7bb3e0 GCTaskThread "GC Thread#1" [stack: 0x00000049ad600000,0x00000049ad700000] [id=6636]
  0x000001540a8fbd10 GCTaskThread "GC Thread#2" [stack: 0x00000049ad700000,0x00000049ad800000] [id=20412]
  0x000001540aa41cf0 GCTaskThread "GC Thread#3" [stack: 0x00000049ad800000,0x00000049ad900000] [id=8580]
  0x000001540b42a510 GCTaskThread "GC Thread#4" [stack: 0x00000049ad900000,0x00000049ada00000] [id=36404]
  0x000001540b42a7d0 GCTaskThread "GC Thread#5" [stack: 0x00000049ada00000,0x00000049adb00000] [id=24440]
  0x000001540b2514b0 GCTaskThread "GC Thread#6" [stack: 0x00000049adb00000,0x00000049adc00000] [id=13900]
  0x000001540a9ac430 GCTaskThread "GC Thread#7" [stack: 0x00000049adc00000,0x00000049add00000] [id=10412]
  0x00000153a4a7c680 ConcurrentGCThread "G1 Main Marker" [stack: 0x00000049ac300000,0x00000049ac400000] [id=12516]
  0x00000153a4a7cfb0 ConcurrentGCThread "G1 Conc#0" [stack: 0x00000049ac400000,0x00000049ac500000] [id=31444]
  0x000001540bdb1a10 ConcurrentGCThread "G1 Conc#1" [stack: 0x00000049add00000,0x00000049ade00000] [id=31648]
  0x00000153a4abecc0 ConcurrentGCThread "G1 Refine#0" [stack: 0x00000049ac500000,0x00000049ac600000] [id=18924]
  0x00000153c4c0ab60 ConcurrentGCThread "G1 Service" [stack: 0x00000049ac600000,0x00000049ac700000] [id=30676]

Threads with active compile tasks:
C2 CompilerThread0    29350 3520       4       org.springframework.core.ResolvableType::resolveType (146 bytes)
C1 CompilerThread0    29350 3603       3       org.springframework.beans.factory.support.AbstractBeanFactory::isTypeMatch (619 bytes)
C2 CompilerThread1    29350 3566       4       org.springframework.core.ResolvableType::forType (112 bytes)

VM state: not at safepoint (normal execution)

VM Mutex/Monitor currently owned by a thread: None

Heap address: 0x0000000081a00000, size: 2022 MB, Compressed Oops mode: 32-bit

CDS archive(s) mapped at: [0x00000153c5000000-0x00000153c5ba0000-0x00000153c5ba0000), size 12189696, SharedBaseAddress: 0x00000153c5000000, ArchiveRelocationMode: 1.
Compressed class space mapped at: 0x00000153c6000000-0x0000015406000000, reserved size: 1073741824
Narrow klass base: 0x00000153c5000000, Narrow klass shift: 0, Narrow klass range: 0x100000000

GC Precious Log:
 CPUs: 8 total, 8 available
 Memory: 8086M
 Large Page Support: Disabled
 NUMA Support: Disabled
 Compressed Oops: Enabled (32-bit)
 Heap Region Size: 1M
 Heap Min Capacity: 8M
 Heap Initial Capacity: 128M
 Heap Max Capacity: 2022M
 Pre-touch: Disabled
 Parallel Workers: 8
 Concurrent Workers: 2
 Concurrent Refinement Workers: 8
 Periodic GC: Disabled

Heap:
 garbage-first heap   total 55296K, used 33383K [0x0000000081a00000, 0x0000000100000000)
  region size 1024K, 17 young (17408K), 2 survivors (2048K)
 Metaspace       used 28748K, committed 29056K, reserved 1114112K
  class space    used 3788K, committed 3968K, reserved 1048576K

Heap Regions: E=young(eden), S=young(survivor), O=old, HS=humongous(starts), HC=humongous(continues), CS=collection set, F=free, OA=open archive, CA=closed archive, TAMS=top-at-mark-start (previous, next)
|   0|0x0000000081a00000, 0x0000000081b00000, 0x0000000081b00000|100%| O|  |TAMS 0x0000000081b00000, 0x0000000081a00000| Untracked 
|   1|0x0000000081b00000, 0x0000000081c00000, 0x0000000081c00000|100%|HS|  |TAMS 0x0000000081c00000, 0x0000000081b00000| Complete 
|   2|0x0000000081c00000, 0x0000000081d00000, 0x0000000081d00000|100%| O|  |TAMS 0x0000000081d00000, 0x0000000081c00000| Untracked 
|   3|0x0000000081d00000, 0x0000000081e00000, 0x0000000081e00000|100%| O|  |TAMS 0x0000000081e00000, 0x0000000081d00000| Untracked 
|   4|0x0000000081e00000, 0x0000000081f00000, 0x0000000081f00000|100%| O|  |TAMS 0x0000000081f00000, 0x0000000081e00000| Untracked 
|   5|0x0000000081f00000, 0x0000000082000000, 0x0000000082000000|100%| O|  |TAMS 0x0000000082000000, 0x0000000081f00000| Untracked 
|   6|0x0000000082000000, 0x0000000082100000, 0x0000000082100000|100%| O|  |TAMS 0x0000000082100000, 0x0000000082000000| Untracked 
|   7|0x0000000082100000, 0x0000000082200000, 0x0000000082200000|100%| O|  |TAMS 0x0000000082200000, 0x0000000082100000| Untracked 
|   8|0x0000000082200000, 0x0000000082300000, 0x0000000082300000|100%| O|  |TAMS 0x0000000082300000, 0x0000000082200000| Untracked 
|   9|0x0000000082300000, 0x0000000082300000, 0x0000000082400000|  0%| F|  |TAMS 0x0000000082300000, 0x0000000082300000| Untracked 
|  10|0x0000000082400000, 0x0000000082500000, 0x0000000082500000|100%| O|  |TAMS 0x0000000082400000, 0x0000000082400000| Untracked 
|  11|0x0000000082500000, 0x0000000082600000, 0x0000000082600000|100%| O|  |TAMS 0x0000000082500000, 0x0000000082500000| Untracked 
|  12|0x0000000082600000, 0x0000000082700000, 0x0000000082700000|100%| O|  |TAMS 0x0000000082600000, 0x0000000082600000| Untracked 
|  13|0x0000000082700000, 0x0000000082800000, 0x0000000082800000|100%| O|  |TAMS 0x0000000082700000, 0x0000000082700000| Untracked 
|  14|0x0000000082800000, 0x0000000082900000, 0x0000000082900000|100%| O|  |TAMS 0x0000000082800000, 0x0000000082800000| Untracked 
|  15|0x0000000082900000, 0x0000000082a00000, 0x0000000082a00000|100%| O|  |TAMS 0x0000000082900000, 0x0000000082900000| Untracked 
|  16|0x0000000082a00000, 0x0000000082b00000, 0x0000000082b00000|100%| O|  |TAMS 0x0000000082a00000, 0x0000000082a00000| Untracked 
|  17|0x0000000082b00000, 0x0000000082c00000, 0x0000000082c00000|100%| O|  |TAMS 0x0000000082b00000, 0x0000000082b00000| Untracked 
|  18|0x0000000082c00000, 0x0000000082c5bc00, 0x0000000082d00000| 35%| O|  |TAMS 0x0000000082c00000, 0x0000000082c00000| Untracked 
|  19|0x0000000082d00000, 0x0000000082d00000, 0x0000000082e00000|  0%| F|  |TAMS 0x0000000082d00000, 0x0000000082d00000| Untracked 
|  20|0x0000000082e00000, 0x0000000082e00000, 0x0000000082f00000|  0%| F|  |TAMS 0x0000000082e00000, 0x0000000082e00000| Untracked 
|  21|0x0000000082f00000, 0x0000000082f00000, 0x0000000083000000|  0%| F|  |TAMS 0x0000000082f00000, 0x0000000082f00000| Untracked 
|  22|0x0000000083000000, 0x0000000083000000, 0x0000000083100000|  0%| F|  |TAMS 0x0000000083000000, 0x0000000083000000| Untracked 
|  23|0x0000000083100000, 0x0000000083100000, 0x0000000083200000|  0%| F|  |TAMS 0x0000000083100000, 0x0000000083100000| Untracked 
|  24|0x0000000083200000, 0x0000000083200000, 0x0000000083300000|  0%| F|  |TAMS 0x0000000083200000, 0x0000000083200000| Untracked 
|  25|0x0000000083300000, 0x0000000083300000, 0x0000000083400000|  0%| F|  |TAMS 0x0000000083300000, 0x0000000083300000| Untracked 
|  26|0x0000000083400000, 0x0000000083400000, 0x0000000083500000|  0%| F|  |TAMS 0x0000000083400000, 0x0000000083400000| Untracked 
|  27|0x0000000083500000, 0x0000000083500000, 0x0000000083600000|  0%| F|  |TAMS 0x0000000083500000, 0x0000000083500000| Untracked 
|  28|0x0000000083600000, 0x0000000083600000, 0x0000000083700000|  0%| F|  |TAMS 0x0000000083600000, 0x0000000083600000| Untracked 
|  29|0x0000000083700000, 0x0000000083700000, 0x0000000083800000|  0%| F|  |TAMS 0x0000000083700000, 0x0000000083700000| Untracked 
|  30|0x0000000083800000, 0x0000000083800000, 0x0000000083900000|  0%| F|  |TAMS 0x0000000083800000, 0x0000000083800000| Untracked 
|  31|0x0000000083900000, 0x0000000083900000, 0x0000000083a00000|  0%| F|  |TAMS 0x0000000083900000, 0x0000000083900000| Untracked 
|  32|0x0000000083a00000, 0x0000000083a00000, 0x0000000083b00000|  0%| F|  |TAMS 0x0000000083a00000, 0x0000000083a00000| Untracked 
|  33|0x0000000083b00000, 0x0000000083b3e1c0, 0x0000000083c00000| 24%| S|CS|TAMS 0x0000000083b00000, 0x0000000083b00000| Complete 
|  34|0x0000000083c00000, 0x0000000083d00000, 0x0000000083d00000|100%| S|CS|TAMS 0x0000000083c00000, 0x0000000083c00000| Complete 
|  35|0x0000000083d00000, 0x0000000083d00000, 0x0000000083e00000|  0%| F|  |TAMS 0x0000000083d00000, 0x0000000083d00000| Untracked 
|  36|0x0000000083e00000, 0x0000000083e00000, 0x0000000083f00000|  0%| F|  |TAMS 0x0000000083e00000, 0x0000000083e00000| Untracked 
|  37|0x0000000083f00000, 0x0000000083f00000, 0x0000000084000000|  0%| F|  |TAMS 0x0000000083f00000, 0x0000000083f00000| Untracked 
|  38|0x0000000084000000, 0x0000000084000000, 0x0000000084100000|  0%| F|  |TAMS 0x0000000084000000, 0x0000000084000000| Untracked 
|  39|0x0000000084100000, 0x00000000841a75a0, 0x0000000084200000| 65%| E|  |TAMS 0x0000000084100000, 0x0000000084100000| Complete 
|  40|0x0000000084200000, 0x0000000084300000, 0x0000000084300000|100%| E|CS|TAMS 0x0000000084200000, 0x0000000084200000| Complete 
|  41|0x0000000084300000, 0x0000000084400000, 0x0000000084400000|100%| E|CS|TAMS 0x0000000084300000, 0x0000000084300000| Complete 
|  42|0x0000000084400000, 0x0000000084500000, 0x0000000084500000|100%| E|CS|TAMS 0x0000000084400000, 0x0000000084400000| Complete 
|  43|0x0000000084500000, 0x0000000084600000, 0x0000000084600000|100%| E|CS|TAMS 0x0000000084500000, 0x0000000084500000| Complete 
|  44|0x0000000084600000, 0x0000000084700000, 0x0000000084700000|100%| E|CS|TAMS 0x0000000084600000, 0x0000000084600000| Complete 
|  45|0x0000000084700000, 0x0000000084800000, 0x0000000084800000|100%| E|CS|TAMS 0x0000000084700000, 0x0000000084700000| Complete 
|  46|0x0000000084800000, 0x0000000084900000, 0x0000000084900000|100%| E|CS|TAMS 0x0000000084800000, 0x0000000084800000| Complete 
|  47|0x0000000084900000, 0x0000000084a00000, 0x0000000084a00000|100%| E|CS|TAMS 0x0000000084900000, 0x0000000084900000| Complete 
|  72|0x0000000086200000, 0x0000000086300000, 0x0000000086300000|100%| E|CS|TAMS 0x0000000086200000, 0x0000000086200000| Complete 
|  73|0x0000000086300000, 0x0000000086400000, 0x0000000086400000|100%| E|CS|TAMS 0x0000000086300000, 0x0000000086300000| Complete 
|  74|0x0000000086400000, 0x0000000086500000, 0x0000000086500000|100%| E|CS|TAMS 0x0000000086400000, 0x0000000086400000| Complete 
|  75|0x0000000086500000, 0x0000000086600000, 0x0000000086600000|100%| E|CS|TAMS 0x0000000086500000, 0x0000000086500000| Complete 
|  76|0x0000000086600000, 0x0000000086700000, 0x0000000086700000|100%| E|CS|TAMS 0x0000000086600000, 0x0000000086600000| Complete 
| 127|0x0000000089900000, 0x0000000089a00000, 0x0000000089a00000|100%| E|CS|TAMS 0x0000000089900000, 0x0000000089900000| Complete 

Card table byte_map: [0x00000153bdb70000,0x00000153bdf70000] _byte_map_base: 0x00000153bd763000

Marking Bits (Prev, Next): (CMBitMap*) 0x00000153a4a6c0d0, (CMBitMap*) 0x00000153a4a6c090
 Prev Bits: [0x00000153c0310000, 0x00000153c22a8000)
 Next Bits: [0x00000153be370000, 0x00000153c0308000)

Polling page: 0x00000153a4ac0000

Metaspace:

Usage:
  Non-class:     24.37 MB used.
      Class:      3.70 MB used.
       Both:     28.07 MB used.

Virtual space:
  Non-class space:       64.00 MB reserved,      24.50 MB ( 38%) committed,  1 nodes.
      Class space:        1.00 GB reserved,       3.88 MB ( <1%) committed,  1 nodes.
             Both:        1.06 GB reserved,      28.38 MB (  3%) committed. 

Chunk freelists:
   Non-Class:  7.19 MB
       Class:  11.98 MB
        Both:  19.17 MB

MaxMetaspaceSize: unlimited
CompressedClassSpaceSize: 1.00 GB
Initial GC threshold: 21.00 MB
Current GC threshold: 35.25 MB
CDS: on
MetaspaceReclaimPolicy: balanced
 - commit_granule_bytes: 65536.
 - commit_granule_words: 8192.
 - virtual_space_node_default_size: 8388608.
 - enlarge_chunks_in_place: 1.
 - new_chunks_are_fully_committed: 0.
 - uncommit_free_chunks: 1.
 - use_allocation_guard: 0.
 - handle_deallocations: 1.


Internal statistics:

num_allocs_failed_limit: 3.
num_arena_births: 358.
num_arena_deaths: 0.
num_vsnodes_births: 2.
num_vsnodes_deaths: 0.
num_space_committed: 454.
num_space_uncommitted: 0.
num_chunks_returned_to_freelist: 3.
num_chunks_taken_from_freelist: 1367.
num_chunk_merges: 3.
num_chunk_splits: 966.
num_chunks_enlarged: 757.
num_inconsistent_stats: 0.

CodeHeap 'non-profiled nmethods': size=120000Kb used=1827Kb max_used=1827Kb free=118172Kb
 bounds [0x00000153b57e0000, 0x00000153b5a50000, 0x00000153bcd10000]
CodeHeap 'profiled nmethods': size=120000Kb used=7781Kb max_used=7781Kb free=112218Kb
 bounds [0x00000153add10000, 0x00000153ae4b0000, 0x00000153b5240000]
CodeHeap 'non-nmethods': size=5760Kb used=1214Kb max_used=1291Kb free=4545Kb
 bounds [0x00000153b5240000, 0x00000153b54b0000, 0x00000153b57e0000]
 total_blobs=4105 nmethods=3587 adapters=430
 compilation: enabled
              stopped_count=0, restarted_count=0
 full_count=0

Compilation events (20 events):
Event: 29.000 Thread 0x00000153c4d99170 nmethod 3570 0x00000153ae484b10 code [0x00000153ae484d20, 0x00000153ae485388]
Event: 29.004 Thread 0x00000153c4d99170 3571   !   3       org.springframework.beans.factory.support.DefaultListableBeanFactory::doGetBeanNamesForType (505 bytes)
Event: 29.013 Thread 0x00000153c4d99170 nmethod 3571 0x00000153ae485590 code [0x00000153ae485dc0, 0x00000153ae48c378]
Event: 29.013 Thread 0x00000153c4d99170 3572       3       org.springframework.boot.autoconfigure.condition.ConditionEvaluationReport::recordConditionEvaluation (58 bytes)
Event: 29.014 Thread 0x00000153c4d99170 nmethod 3572 0x00000153ae48e790 code [0x00000153ae48e9e0, 0x00000153ae48f358]
Event: 29.037 Thread 0x00000153c4d92790 nmethod 3499 0x00000153b59a5710 code [0x00000153b59a59e0, 0x00000153b59a7a40]
Event: 29.037 Thread 0x00000153c4d92790 3520       4       org.springframework.core.ResolvableType::resolveType (146 bytes)
Event: 29.038 Thread 0x00000153c4d99170 3573       3       org.springframework.beans.factory.support.AbstractBeanFactory::getMergedBeanDefinition (8 bytes)
Event: 29.038 Thread 0x00000153c4d99170 nmethod 3573 0x00000153ae48f710 code [0x00000153ae48f8c0, 0x00000153ae48fa88]
Event: 29.038 Thread 0x00000153c4d99170 3574   !   3       org.springframework.beans.factory.support.AbstractBeanFactory::getMergedBeanDefinition (340 bytes)
Event: 29.042 Thread 0x00000153c4d99170 nmethod 3574 0x00000153ae48fb90 code [0x00000153ae490000, 0x00000153ae492c48]
Event: 29.042 Thread 0x00000153c4d99170 3575       3       java.lang.reflect.Method::getGenericReturnType (20 bytes)
Event: 29.043 Thread 0x00000153c4d99170 nmethod 3575 0x00000153ae494010 code [0x00000153ae4942c0, 0x00000153ae4953f8]
Event: 29.108 Thread 0x00000153c4d99170 3576   !   3       org.springframework.beans.factory.support.DefaultListableBeanFactory::updateManualSingletonNames (93 bytes)
Event: 29.109 Thread 0x00000153c4d99170 nmethod 3576 0x00000153ae495910 code [0x00000153ae495b80, 0x00000153ae4967d8]
Event: 29.112 Thread 0x000001540b1f3390 3566       4       org.springframework.core.ResolvableType::forType (112 bytes)
Event: 29.201 Thread 0x00000153c4d99170 3578       3       org.springframework.util.ReflectionUtils$$Lambda$566/0x00000153c63b17d0::doWith (9 bytes)
Event: 29.202 Thread 0x00000153c4d99170 nmethod 3578 0x00000153ae496c90 code [0x00000153ae496e20, 0x00000153ae496f68]
Event: 29.202 Thread 0x00000153c4d99170 3579       3       org.springframework.util.ReflectionUtils::isCglibRenamedMethod (81 bytes)
Event: 29.203 Thread 0x00000153c4d99170 nmethod 3579 0x00000153ae497010 code [0x00000153ae497320, 0x00000153ae4984e8]

GC Heap History (12 events):
Event: 2.959 GC heap before
{Heap before GC invocations=0 (full 0):
 garbage-first heap   total 131072K, used 24576K [0x0000000081a00000, 0x0000000100000000)
  region size 1024K, 23 young (23552K), 0 survivors (0K)
 Metaspace       used 4789K, committed 4928K, reserved 1114112K
  class space    used 525K, committed 576K, reserved 1048576K
}
Event: 2.965 GC heap after
{Heap after GC invocations=1 (full 0):
 garbage-first heap   total 131072K, used 9901K [0x0000000081a00000, 0x0000000100000000)
  region size 1024K, 3 young (3072K), 3 survivors (3072K)
 Metaspace       used 4789K, committed 4928K, reserved 1114112K
  class space    used 525K, committed 576K, reserved 1048576K
}
Event: 3.650 GC heap before
{Heap before GC invocations=1 (full 0):
 garbage-first heap   total 131072K, used 32429K [0x0000000081a00000, 0x0000000100000000)
  region size 1024K, 26 young (26624K), 3 survivors (3072K)
 Metaspace       used 10559K, committed 10880K, reserved 1114112K
  class space    used 1337K, committed 1472K, reserved 1048576K
}
Event: 3.656 GC heap after
{Heap after GC invocations=2 (full 0):
 garbage-first heap   total 131072K, used 11838K [0x0000000081a00000, 0x0000000100000000)
  region size 1024K, 2 young (2048K), 2 survivors (2048K)
 Metaspace       used 10559K, committed 10880K, reserved 1114112K
  class space    used 1337K, committed 1472K, reserved 1048576K
}
Event: 25.350 GC heap before
{Heap before GC invocations=2 (full 0):
 garbage-first heap   total 131072K, used 59966K [0x0000000081a00000, 0x0000000100000000)
  region size 1024K, 51 young (52224K), 2 survivors (2048K)
 Metaspace       used 21185K, committed 21504K, reserved 1114112K
  class space    used 2787K, committed 2944K, reserved 1048576K
}
Event: 25.362 GC heap after
{Heap after GC invocations=3 (full 0):
 garbage-first heap   total 131072K, used 14977K [0x0000000081a00000, 0x0000000100000000)
  region size 1024K, 5 young (5120K), 5 survivors (5120K)
 Metaspace       used 21185K, committed 21504K, reserved 1114112K
  class space    used 2787K, committed 2944K, reserved 1048576K
}
Event: 27.369 GC heap before
{Heap before GC invocations=4 (full 0):
 garbage-first heap   total 55296K, used 39553K [0x0000000081a00000, 0x0000000100000000)
  region size 1024K, 31 young (31744K), 5 survivors (5120K)
 Metaspace       used 23960K, committed 24320K, reserved 1114112K
  class space    used 3076K, committed 3264K, reserved 1048576K
}
Event: 27.395 GC heap after
{Heap after GC invocations=5 (full 0):
 garbage-first heap   total 55296K, used 17553K [0x0000000081a00000, 0x0000000100000000)
  region size 1024K, 3 young (3072K), 3 survivors (3072K)
 Metaspace       used 23960K, committed 24320K, reserved 1114112K
  class space    used 3076K, committed 3264K, reserved 1048576K
}
Event: 27.448 GC heap before
{Heap before GC invocations=5 (full 0):
 garbage-first heap   total 55296K, used 18577K [0x0000000081a00000, 0x0000000100000000)
  region size 1024K, 4 young (4096K), 3 survivors (3072K)
 Metaspace       used 24006K, committed 24384K, reserved 1114112K
  class space    used 3085K, committed 3264K, reserved 1048576K
}
Event: 27.459 GC heap after
{Heap after GC invocations=6 (full 0):
 garbage-first heap   total 55296K, used 18382K [0x0000000081a00000, 0x0000000100000000)
  region size 1024K, 1 young (1024K), 1 survivors (1024K)
 Metaspace       used 24006K, committed 24384K, reserved 1114112K
  class space    used 3085K, committed 3264K, reserved 1048576K
}
Event: 28.346 GC heap before
{Heap before GC invocations=6 (full 0):
 garbage-first heap   total 55296K, used 36814K [0x0000000081a00000, 0x0000000100000000)
  region size 1024K, 19 young (19456K), 1 survivors (1024K)
 Metaspace       used 26711K, committed 27072K, reserved 1114112K
  class space    used 3528K, committed 3712K, reserved 1048576K
}
Event: 28.355 GC heap after
{Heap after GC invocations=7 (full 0):
 garbage-first heap   total 55296K, used 19047K [0x0000000081a00000, 0x0000000100000000)
  region size 1024K, 2 young (2048K), 2 survivors (2048K)
 Metaspace       used 26711K, committed 27072K, reserved 1114112K
  class space    used 3528K, committed 3712K, reserved 1048576K
}

Dll operation events (10 events):
Event: 0.028 Loaded shared library C:\Users\longq\.jdks\corretto-17.0.9\bin\java.dll
Event: 0.057 Loaded shared library C:\Users\longq\.jdks\corretto-17.0.9\bin\jsvml.dll
Event: 0.265 Loaded shared library C:\Users\longq\.jdks\corretto-17.0.9\bin\zip.dll
Event: 0.272 Loaded shared library C:\Users\longq\.jdks\corretto-17.0.9\bin\instrument.dll
Event: 0.281 Loaded shared library C:\Users\longq\.jdks\corretto-17.0.9\bin\net.dll
Event: 0.284 Loaded shared library C:\Users\longq\.jdks\corretto-17.0.9\bin\nio.dll
Event: 0.290 Loaded shared library C:\Users\longq\.jdks\corretto-17.0.9\bin\zip.dll
Event: 2.114 Loaded shared library D:\Program Files\JetBrains\IntelliJ IDEA Community Edition 2023.3\bin\breakgen64.dll
Event: 2.244 Loaded shared library C:\Users\longq\.jdks\corretto-17.0.9\bin\jimage.dll
Event: 6.204 Loaded shared library C:\Users\longq\.jdks\corretto-17.0.9\bin\sunmscapi.dll

Deoptimization events (20 events):
Event: 28.232 Thread 0x00000153a4a0c530 Uncommon trap: trap_request=0xffffffde fr.pc=0x00000153b57f0e28 relative=0x00000000000001a8
Event: 28.232 Thread 0x00000153a4a0c530 Uncommon trap: reason=class_check action=maybe_recompile pc=0x00000153b57f0e28 method=java.lang.String.equals(Ljava/lang/Object;)Z @ 8 c2
Event: 28.232 Thread 0x00000153a4a0c530 DEOPT PACKING pc=0x00000153b57f0e28 sp=0x00000049ac1febc0
Event: 28.232 Thread 0x00000153a4a0c530 DEOPT UNPACKING pc=0x00000153b52969a3 sp=0x00000049ac1feb58 mode 2
Event: 28.232 Thread 0x00000153a4a0c530 Uncommon trap: trap_request=0xffffffde fr.pc=0x00000153b57f0e28 relative=0x00000000000001a8
Event: 28.232 Thread 0x00000153a4a0c530 Uncommon trap: reason=class_check action=maybe_recompile pc=0x00000153b57f0e28 method=java.lang.String.equals(Ljava/lang/Object;)Z @ 8 c2
Event: 28.232 Thread 0x00000153a4a0c530 DEOPT PACKING pc=0x00000153b57f0e28 sp=0x00000049ac1febc0
Event: 28.232 Thread 0x00000153a4a0c530 DEOPT UNPACKING pc=0x00000153b52969a3 sp=0x00000049ac1feb58 mode 2
Event: 28.234 Thread 0x00000153a4a0c530 Uncommon trap: trap_request=0xffffffde fr.pc=0x00000153b59596b0 relative=0x0000000000000470
Event: 28.234 Thread 0x00000153a4a0c530 Uncommon trap: reason=class_check action=maybe_recompile pc=0x00000153b59596b0 method=java.lang.String.equals(Ljava/lang/Object;)Z @ 8 c2
Event: 28.234 Thread 0x00000153a4a0c530 DEOPT PACKING pc=0x00000153b59596b0 sp=0x00000049ac1fe910
Event: 28.234 Thread 0x00000153a4a0c530 DEOPT UNPACKING pc=0x00000153b52969a3 sp=0x00000049ac1fe7d8 mode 2
Event: 28.234 Thread 0x00000153a4a0c530 Uncommon trap: trap_request=0xffffffde fr.pc=0x00000153b57f0e28 relative=0x00000000000001a8
Event: 28.234 Thread 0x00000153a4a0c530 Uncommon trap: reason=class_check action=maybe_recompile pc=0x00000153b57f0e28 method=java.lang.String.equals(Ljava/lang/Object;)Z @ 8 c2
Event: 28.234 Thread 0x00000153a4a0c530 DEOPT PACKING pc=0x00000153b57f0e28 sp=0x00000049ac1fe840
Event: 28.234 Thread 0x00000153a4a0c530 DEOPT UNPACKING pc=0x00000153b52969a3 sp=0x00000049ac1fe7d8 mode 2
Event: 28.470 Thread 0x00000153a4a0c530 Uncommon trap: trap_request=0xffffffcc fr.pc=0x00000153b598b384 relative=0x0000000000000364
Event: 28.470 Thread 0x00000153a4a0c530 Uncommon trap: reason=intrinsic_or_type_checked_inlining action=make_not_entrant pc=0x00000153b598b384 method=java.util.Arrays.copyOf([Ljava/lang/Object;ILjava/lang/Class;)[Ljava/lang/Object; @ 35 c2
Event: 28.470 Thread 0x00000153a4a0c530 DEOPT PACKING pc=0x00000153b598b384 sp=0x00000049ac1fe320
Event: 28.470 Thread 0x00000153a4a0c530 DEOPT UNPACKING pc=0x00000153b52969a3 sp=0x00000049ac1fe2b0 mode 2

Classes unloaded (0 events):
No events

Classes redefined (0 events):
No events

Internal exceptions (20 events):
Event: 24.634 Thread 0x00000153a4a0c530 Exception <a 'java/lang/NoSuchMethodError'{0x0000000086c53ab0}: 'java.lang.Object java.lang.invoke.DirectMethodHandle$Holder.invokeStaticInit(java.lang.Object, java.lang.Object, java.lang.Object, java.lang.Object, java.lang.Object, java.lang.Object, java.lang.Object)'> (0x0000000086c53ab0) 
thrown [s\src\hotspot\share\interpreter\linkResolver.cpp, line 759]
Event: 24.636 Thread 0x00000153a4a0c530 Exception <a 'java/lang/NoSuchMethodError'{0x0000000086c5d418}: 'java.lang.Object java.lang.invoke.DirectMethodHandle$Holder.invokeSpecial(java.lang.Object, java.lang.Object, java.lang.Object, java.lang.Object, java.lang.Object, java.lang.Object, java.lang.Object, java.lang.Object, java.lang.Object)'> (0x0000000086c5d418) 
thrown [s\src\hotspot\share\interpreter\linkResolver.cpp, line 759]
Event: 24.636 Thread 0x00000153a4a0c530 Exception <a 'java/lang/NoSuchMethodError'{0x0000000086c620b8}: 'java.lang.Object java.lang.invoke.Invokers$Holder.invoke_MT(java.lang.Object, java.lang.Object, java.lang.Object, java.lang.Object, java.lang.Object, java.lang.Object, java.lang.Object, java.lang.Object, java.lang.Object)'> (0x0000000086c620b8) 
thrown [s\src\hotspot\share\interpreter\linkResolver.cpp, line 759]
Event: 24.647 Thread 0x00000153a4a0c530 Exception <a 'java/lang/NoSuchMethodError'{0x0000000086c833a8}: 'int java.lang.invoke.DirectMethodHandle$Holder.invokeVirtual(java.lang.Object, java.lang.Object, java.lang.Object)'> (0x0000000086c833a8) 
thrown [s\src\hotspot\share\interpreter\linkResolver.cpp, line 759]
Event: 24.648 Thread 0x00000153a4a0c530 Exception <a 'java/lang/NoSuchMethodError'{0x0000000086c87b38}: 'int java.lang.invoke.DirectMethodHandle$Holder.invokeStaticInit(java.lang.Object, int, int)'> (0x0000000086c87b38) 
thrown [s\src\hotspot\share\interpreter\linkResolver.cpp, line 759]
Event: 24.649 Thread 0x00000153a4a0c530 Exception <a 'java/lang/NoSuchMethodError'{0x0000000086c8f6c8}: 'int java.lang.invoke.DirectMethodHandle$Holder.invokeStaticInit(java.lang.Object, long, long)'> (0x0000000086c8f6c8) 
thrown [s\src\hotspot\share\interpreter\linkResolver.cpp, line 759]
Event: 24.650 Thread 0x00000153a4a0c530 Exception <a 'java/lang/NoSuchMethodError'{0x0000000086c967c0}: 'int java.lang.invoke.DirectMethodHandle$Holder.invokeStaticInit(java.lang.Object, float, float)'> (0x0000000086c967c0) 
thrown [s\src\hotspot\share\interpreter\linkResolver.cpp, line 759]
Event: 24.651 Thread 0x00000153a4a0c530 Exception <a 'java/lang/NoSuchMethodError'{0x0000000086c9d8c0}: 'int java.lang.invoke.DirectMethodHandle$Holder.invokeStaticInit(java.lang.Object, double, double)'> (0x0000000086c9d8c0) 
thrown [s\src\hotspot\share\interpreter\linkResolver.cpp, line 759]
Event: 24.652 Thread 0x00000153a4a0c530 Exception <a 'java/lang/NoSuchMethodError'{0x0000000086ca2138}: 'int java.lang.invoke.DirectMethodHandle$Holder.invokeStatic(java.lang.Object, long)'> (0x0000000086ca2138) 
thrown [s\src\hotspot\share\interpreter\linkResolver.cpp, line 759]
Event: 24.656 Thread 0x00000153a4a0c530 Exception <a 'java/lang/NoSuchMethodError'{0x0000000086cb48b8}: 'int java.lang.invoke.DirectMethodHandle$Holder.invokeSpecial(java.lang.Object, java.lang.Object, int)'> (0x0000000086cb48b8) 
thrown [s\src\hotspot\share\interpreter\linkResolver.cpp, line 759]
Event: 24.660 Thread 0x00000153a4a0c530 Exception <a 'java/lang/NoSuchMethodError'{0x0000000086ccd7e0}: 'int java.lang.invoke.Invokers$Holder.linkToTargetMethod(java.lang.Object, java.lang.Object)'> (0x0000000086ccd7e0) 
thrown [s\src\hotspot\share\interpreter\linkResolver.cpp, line 759]
Event: 24.884 Thread 0x00000153a4a0c530 Exception <a 'java/lang/NoSuchMethodError'{0x0000000086cf7980}: 'int java.lang.invoke.DirectMethodHandle$Holder.invokeStatic(java.lang.Object, java.lang.Object, java.lang.Object, java.lang.Object, java.lang.Object)'> (0x0000000086cf7980) 
thrown [s\src\hotspot\share\interpreter\linkResolver.cpp, line 759]
Event: 25.188 Thread 0x00000153a4a0c530 Exception <a 'sun/nio/fs/WindowsException'{0x0000000086897068}> (0x0000000086897068) 
thrown [s\src\hotspot\share\prims\jni.cpp, line 516]
Event: 25.196 Thread 0x00000153a4a0c530 Exception <a 'java/lang/NoSuchMethodError'{0x0000000086898888}: 'int java.lang.invoke.DirectMethodHandle$Holder.invokeSpecial(java.lang.Object, java.lang.Object, java.lang.Object, java.lang.Object, java.lang.Object)'> (0x0000000086898888) 
thrown [s\src\hotspot\share\interpreter\linkResolver.cpp, line 759]
Event: 25.209 Thread 0x00000153a4a0c530 Exception <a 'java/lang/NoSuchMethodError'{0x00000000868a1598}: 'void java.lang.invoke.DirectMethodHandle$Holder.invokeVirtual(java.lang.Object, java.lang.Object)'> (0x00000000868a1598) 
thrown [s\src\hotspot\share\interpreter\linkResolver.cpp, line 759]
Event: 26.736 Thread 0x00000153a4a0c530 Exception <a 'java/lang/IncompatibleClassChangeError'{0x0000000083c71fd0}: Found class java.lang.Object, but interface was expected> (0x0000000083c71fd0) 
thrown [s\src\hotspot\share\interpreter\linkResolver.cpp, line 826]
Event: 27.747 Thread 0x00000153a4a0c530 Exception <a 'sun/nio/fs/WindowsException'{0x0000000084776ae0}> (0x0000000084776ae0) 
thrown [s\src\hotspot\share\prims\jni.cpp, line 516]
Event: 28.089 Thread 0x00000153a4a0c530 Exception <a 'java/lang/NoSuchMethodError'{0x0000000084213508}: 'int java.lang.invoke.DirectMethodHandle$Holder.invokeStatic(java.lang.Object)'> (0x0000000084213508) 
thrown [s\src\hotspot\share\interpreter\linkResolver.cpp, line 759]
Event: 28.090 Thread 0x00000153a4a0c530 Exception <a 'java/lang/NoSuchMethodError'{0x0000000084216e58}: 'int java.lang.invoke.DirectMethodHandle$Holder.invokeStaticInit(java.lang.Object)'> (0x0000000084216e58) 
thrown [s\src\hotspot\share\interpreter\linkResolver.cpp, line 759]
Event: 28.205 Thread 0x00000153a4a0c530 Exception <a 'sun/nio/fs/WindowsException'{0x000000008408a188}> (0x000000008408a188) 
thrown [s\src\hotspot\share\prims\jni.cpp, line 516]

VM Operations (20 events):
Event: 25.350 Executing VM operation: CollectForMetadataAllocation
Event: 25.362 Executing VM operation: CollectForMetadataAllocation done
Event: 25.379 Executing VM operation: G1PauseRemark
Event: 25.382 Executing VM operation: G1PauseRemark done
Event: 25.385 Executing VM operation: G1PauseCleanup
Event: 25.388 Executing VM operation: G1PauseCleanup done
Event: 26.396 Executing VM operation: Cleanup
Event: 26.396 Executing VM operation: Cleanup done
Event: 27.369 Executing VM operation: G1CollectForAllocation
Event: 27.395 Executing VM operation: G1CollectForAllocation done
Event: 27.448 Executing VM operation: G1CollectForAllocation
Event: 27.459 Executing VM operation: G1CollectForAllocation done
Event: 27.741 Executing VM operation: HandshakeAllThreads
Event: 27.741 Executing VM operation: HandshakeAllThreads done
Event: 27.742 Executing VM operation: HandshakeAllThreads
Event: 27.742 Executing VM operation: HandshakeAllThreads done
Event: 27.742 Executing VM operation: HandshakeAllThreads
Event: 27.742 Executing VM operation: HandshakeAllThreads done
Event: 28.346 Executing VM operation: G1CollectForAllocation
Event: 28.355 Executing VM operation: G1CollectForAllocation done

Events (20 events):
Event: 27.816 loading class java/util/stream/Streams$ConcatSpliterator
Event: 27.817 loading class java/util/stream/Streams$ConcatSpliterator done
Event: 27.817 loading class java/util/stream/Streams$ConcatSpliterator$OfRef done
Event: 27.817 loading class java/util/stream/Streams$2
Event: 27.817 loading class java/util/stream/Streams$2 done
Event: 28.093 loading class java/util/concurrent/Flow$Publisher
Event: 28.093 loading class java/util/concurrent/Flow$Publisher done
Event: 28.135 loading class java/util/concurrent/CompletionStage
Event: 28.137 loading class java/util/concurrent/CompletionStage done
Event: 28.169 loading class java/util/concurrent/CompletableFuture
Event: 28.171 loading class java/util/concurrent/CompletableFuture done
Event: 28.217 loading class java/util/stream/ReferencePipeline$15
Event: 28.218 loading class java/util/stream/ReferencePipeline$15 done
Event: 28.219 loading class java/util/stream/ReferencePipeline$15$1
Event: 28.219 loading class java/util/stream/ReferencePipeline$15$1 done
Event: 28.791 loading class java/lang/UnsupportedClassVersionError
Event: 28.791 loading class java/lang/ClassFormatError
Event: 28.791 loading class java/lang/ClassFormatError done
Event: 28.791 loading class java/lang/UnsupportedClassVersionError done
Event: 29.109 Thread 0x000001540b1f3390 Thread added: 0x000001540b1f3390


Dynamic libraries:
0x00007ff6a9760000 - 0x00007ff6a976e000 	C:\Users\longq\.jdks\corretto-17.0.9\bin\java.exe
0x00007ffc8b2b0000 - 0x00007ffc8b4a8000 	C:\WINDOWS\SYSTEM32\ntdll.dll
0x00007ffc8b000000 - 0x00007ffc8b0bd000 	C:\WINDOWS\System32\KERNEL32.DLL
0x00007ffc88990000 - 0x00007ffc88c86000 	C:\WINDOWS\System32\KERNELBASE.dll
0x00007ffc88fc0000 - 0x00007ffc890c0000 	C:\WINDOWS\System32\ucrtbase.dll
0x00007ffc86a90000 - 0x00007ffc86aa7000 	C:\Users\longq\.jdks\corretto-17.0.9\bin\jli.dll
0x00007ffc86a70000 - 0x00007ffc86a8b000 	C:\Users\longq\.jdks\corretto-17.0.9\bin\VCRUNTIME140.dll
0x00007ffc8abc0000 - 0x00007ffc8ad5e000 	C:\WINDOWS\System32\USER32.dll
0x00007ffc892b0000 - 0x00007ffc892d2000 	C:\WINDOWS\System32\win32u.dll
0x00007ffc7d3f0000 - 0x00007ffc7d68a000 	C:\WINDOWS\WinSxS\amd64_microsoft.windows.common-controls_6595b64144ccf1df_6.0.19041.3636_none_60b6a03d71f818d5\COMCTL32.dll
0x00007ffc8ab90000 - 0x00007ffc8abbc000 	C:\WINDOWS\System32\GDI32.dll
0x00007ffc8af60000 - 0x00007ffc8affe000 	C:\WINDOWS\System32\msvcrt.dll
0x00007ffc88d40000 - 0x00007ffc88e5a000 	C:\WINDOWS\System32\gdi32full.dll
0x00007ffc890c0000 - 0x00007ffc8915d000 	C:\WINDOWS\System32\msvcp_win.dll
0x00007ffc8a9b0000 - 0x00007ffc8a9e0000 	C:\WINDOWS\System32\IMM32.DLL
0x00007ffc87d80000 - 0x00007ffc87d8c000 	C:\Users\longq\.jdks\corretto-17.0.9\bin\vcruntime140_1.dll
0x00007ffc5b480000 - 0x00007ffc5b50d000 	C:\Users\longq\.jdks\corretto-17.0.9\bin\msvcp140.dll
0x00007ffc4a8a0000 - 0x00007ffc4b501000 	C:\Users\longq\.jdks\corretto-17.0.9\bin\server\jvm.dll
0x00007ffc89960000 - 0x00007ffc89a0f000 	C:\WINDOWS\System32\ADVAPI32.dll
0x00007ffc898c0000 - 0x00007ffc8995c000 	C:\WINDOWS\System32\sechost.dll
0x00007ffc8adc0000 - 0x00007ffc8aee6000 	C:\WINDOWS\System32\RPCRT4.dll
0x00007ffc88590000 - 0x00007ffc885db000 	C:\WINDOWS\SYSTEM32\POWRPROF.dll
0x00007ffc83660000 - 0x00007ffc83669000 	C:\WINDOWS\SYSTEM32\WSOCK32.dll
0x00007ffc839a0000 - 0x00007ffc839c7000 	C:\WINDOWS\SYSTEM32\WINMM.dll
0x00007ffc8aa70000 - 0x00007ffc8aadb000 	C:\WINDOWS\System32\WS2_32.dll
0x00007ffc825a0000 - 0x00007ffc825aa000 	C:\WINDOWS\SYSTEM32\VERSION.dll
0x00007ffc88010000 - 0x00007ffc88022000 	C:\WINDOWS\SYSTEM32\UMPDC.dll
0x00007ffc86b30000 - 0x00007ffc86b42000 	C:\WINDOWS\SYSTEM32\kernel.appcore.dll
0x00007ffc87d30000 - 0x00007ffc87d3a000 	C:\Users\longq\.jdks\corretto-17.0.9\bin\jimage.dll
0x00007ffc883a0000 - 0x00007ffc88584000 	C:\WINDOWS\SYSTEM32\DBGHELP.DLL
0x00007ffc88140000 - 0x00007ffc88174000 	C:\WINDOWS\SYSTEM32\dbgcore.DLL
0x00007ffc89220000 - 0x00007ffc892a2000 	C:\WINDOWS\System32\bcryptPrimitives.dll
0x00007ffc80e40000 - 0x00007ffc80e4e000 	C:\Users\longq\.jdks\corretto-17.0.9\bin\instrument.dll
0x00007ffc7db90000 - 0x00007ffc7dbb5000 	C:\Users\longq\.jdks\corretto-17.0.9\bin\java.dll
0x00007ffc56d80000 - 0x00007ffc56e57000 	C:\Users\longq\.jdks\corretto-17.0.9\bin\jsvml.dll
0x00007ffc89f70000 - 0x00007ffc8a6b5000 	C:\WINDOWS\System32\SHELL32.dll
0x00007ffc85cf0000 - 0x00007ffc8648b000 	C:\WINDOWS\SYSTEM32\windows.storage.dll
0x00007ffc89a10000 - 0x00007ffc89d64000 	C:\WINDOWS\System32\combase.dll
0x00007ffc87c20000 - 0x00007ffc87c4d000 	C:\WINDOWS\SYSTEM32\Wldp.dll
0x00007ffc89380000 - 0x00007ffc8942d000 	C:\WINDOWS\System32\SHCORE.dll
0x00007ffc8ad60000 - 0x00007ffc8adb5000 	C:\WINDOWS\System32\shlwapi.dll
0x00007ffc888c0000 - 0x00007ffc888e5000 	C:\WINDOWS\SYSTEM32\profapi.dll
0x00007ffc82670000 - 0x00007ffc82688000 	C:\Users\longq\.jdks\corretto-17.0.9\bin\zip.dll
0x00007ffc83a50000 - 0x00007ffc83a69000 	C:\Users\longq\.jdks\corretto-17.0.9\bin\net.dll
0x00007ffc80ea0000 - 0x00007ffc80faa000 	C:\WINDOWS\SYSTEM32\WINHTTP.dll
0x00007ffc87970000 - 0x00007ffc879da000 	C:\WINDOWS\system32\mswsock.dll
0x00007ffc826f0000 - 0x00007ffc82706000 	C:\Users\longq\.jdks\corretto-17.0.9\bin\nio.dll
0x00007ffc80160000 - 0x00007ffc8017a000 	D:\Program Files\JetBrains\IntelliJ IDEA Community Edition 2023.3\bin\breakgen64.dll
0x00007ffc80e50000 - 0x00007ffc80e5e000 	C:\Users\longq\.jdks\corretto-17.0.9\bin\sunmscapi.dll
0x00007ffc88e60000 - 0x00007ffc88fbd000 	C:\WINDOWS\System32\CRYPT32.dll
0x00007ffc87fc0000 - 0x00007ffc87fe7000 	C:\WINDOWS\SYSTEM32\ncrypt.dll
0x00007ffc87ca0000 - 0x00007ffc87cdb000 	C:\WINDOWS\SYSTEM32\NTASN1.dll

dbghelp: loaded successfully - version: 4.0.5 - missing functions: none
symbol engine: initialized successfully - sym options: 0x614 - pdb path: .;C:\Users\longq\.jdks\corretto-17.0.9\bin;C:\WINDOWS\SYSTEM32;C:\WINDOWS\WinSxS\amd64_microsoft.windows.common-controls_6595b64144ccf1df_6.0.19041.3636_none_60b6a03d71f818d5;C:\Users\longq\.jdks\corretto-17.0.9\bin\server;D:\Program Files\JetBrains\IntelliJ IDEA Community Edition 2023.3\bin

VM Arguments:
jvm_args: -javaagent:D:\Program Files\JetBrains\IntelliJ IDEA Community Edition 2023.3\lib\idea_rt.jar=58279:D:\Program Files\JetBrains\IntelliJ IDEA Community Edition 2023.3\bin -Dfile.encoding=UTF-8 
java_command: id.longquoc.messenger.MessengerApplication
java_class_path (initial): D:\LearningCode\Java\messenger\server\target\classes;C:\Users\longq\.m2\repository\org\mapstruct\mapstruct\1.4.2.Final\mapstruct-1.4.2.Final.jar;C:\Users\longq\.m2\repository\io\github\mihaita-tinta\webauthn-spring-boot-starter\0.1.0-RELEASE\webauthn-spring-boot-starter-0.1.0-RELEASE.jar;C:\Users\longq\.m2\repository\com\yubico\webauthn-server-core\1.7.0\webauthn-server-core-1.7.0.jar;C:\Users\longq\.m2\repository\com\augustcellars\cose\cose-java\1.1.0\cose-java-1.1.0.jar;C:\Users\longq\.m2\repository\net\i2p\crypto\eddsa\0.3.0\eddsa-0.3.0.jar;C:\Users\longq\.m2\repository\com\google\guava\guava\29.0-jre\guava-29.0-jre.jar;C:\Users\longq\.m2\repository\com\google\guava\failureaccess\1.0.1\failureaccess-1.0.1.jar;C:\Users\longq\.m2\repository\com\google\guava\listenablefuture\9999.0-empty-to-avoid-conflict-with-guava\listenablefuture-9999.0-empty-to-avoid-conflict-with-guava.jar;C:\Users\longq\.m2\repository\org\checkerframework\checker-qual\2.11.1\checker-qual-2.11.1.jar;C:\Users\longq\.m2\repository\com\google\errorprone\error_prone_annotations\2.3.4\error_prone_annotations-2.3.4.jar;C:\Users\longq\.m2\repository\com\google\j2objc\j2objc-annotations\1.3\j2objc-annotations-1.3.jar;C:\Users\longq\.m2\repository\com\upokecenter\cbor\5.0.0-alpha1\cbor-5.0.0-alpha1.jar;C:\Users\longq\.m2\repository\com\github\peteroupc\numbers\1.8.2\numbers-1.8.2.jar;C:\Users\longq\.m2\repository\com\github\peteroupc\datautilities\1.1.0\datautilities-1.1.0.jar;C:\Users\longq\.m2\repository\org\bouncycastle\bcprov-jdk15on\1.70\bcprov-jdk15on-1.70.jar;C:\Users\longq\.m2\repository\com\yubico\yubico-util\1.7.0\yubico-util-1.7.0.jar;C:\Users\longq\.m2\repository\com\fasterxml\jackson\dataformat\jackson-dataformat-cbor\2.15.3\jackson-dataformat-cbor-2.15.3.jar;C:\Users\longq\.m2\repository\com\fasterxml\jackson\datatype\jackson-datatype-jdk8\2.15.3\jackson-datatype-jdk8-2.15.3.jar;C:\Users\longq\.m2\repository\org\springframework\boot\spring-boot-starter-data-jpa
Launcher Type: SUN_STANDARD

[Global flags]
     intx CICompilerCount                          = 4                                         {product} {ergonomic}
     uint ConcGCThreads                            = 2                                         {product} {ergonomic}
     uint G1ConcRefinementThreads                  = 8                                         {product} {ergonomic}
   size_t G1HeapRegionSize                         = 1048576                                   {product} {ergonomic}
    uintx GCDrainStackTargetSize                   = 64                                        {product} {ergonomic}
   size_t InitialHeapSize                          = 134217728                                 {product} {ergonomic}
   size_t MarkStackSize                            = 4194304                                   {product} {ergonomic}
   size_t MaxHeapSize                              = 2120220672                                {product} {ergonomic}
   size_t MaxNewSize                               = 1271922688                                {product} {ergonomic}
   size_t MinHeapDeltaBytes                        = 1048576                                   {product} {ergonomic}
   size_t MinHeapSize                              = 8388608                                   {product} {ergonomic}
    uintx NonNMethodCodeHeapSize                   = 5839372                                {pd product} {ergonomic}
    uintx NonProfiledCodeHeapSize                  = 122909434                              {pd product} {ergonomic}
    uintx ProfiledCodeHeapSize                     = 122909434                              {pd product} {ergonomic}
    uintx ReservedCodeCacheSize                    = 251658240                              {pd product} {ergonomic}
     bool SegmentedCodeCache                       = true                                      {product} {ergonomic}
   size_t SoftMaxHeapSize                          = 2120220672                             {manageable} {ergonomic}
     bool UseCompressedClassPointers               = true                           {product lp64_product} {ergonomic}
     bool UseCompressedOops                        = true                           {product lp64_product} {ergonomic}
     bool UseG1GC                                  = true                                      {product} {ergonomic}
     bool UseLargePagesIndividualAllocation        = false                                  {pd product} {ergonomic}

Logging:
Log output configuration:
 #0: stdout all=warning uptime,level,tags
 #1: stderr all=off uptime,level,tags

Environment Variables:
PATH=C:\WINDOWS\system32;C:\WINDOWS;C:\WINDOWS\System32\Wbem;C:\WINDOWS\System32\WindowsPowerShell\v1.0\;C:\WINDOWS\System32\OpenSSH\;C:\Program Files\nodejs\;C:\Program Files\Docker\Docker\resources\bin;C:\Program Files\Git\cmd;C:\Program Files\Cloudflare\Cloudflare WARP\;C:\Users\longq\AppData\Local\Microsoft\WindowsApps;;D:\Program Files\JetBrains\IntelliJ IDEA Community Edition 2023.3\bin;;D:\Program Files\Microsoft VS Code\bin;C:\Users\longq\AppData\Roaming\npm;C:\Users\longq\AppData\Local\spicetify
USERNAME=longq
OS=Windows_NT
PROCESSOR_IDENTIFIER=Intel64 Family 6 Model 142 Stepping 10, GenuineIntel
TMP=C:\Users\longq\AppData\Local\Temp
TEMP=C:\Users\longq\AppData\Local\Temp



Periodic native trim disabled


---------------  S Y S T E M  ---------------

OS:
 Windows 10 , 64 bit Build 19041 (10.0.19041.3636)
OS uptime: 1 days 21:37 hours
Hyper-V role detected

CPU: total 8 (initial active 8) (4 cores per cpu, 2 threads per core) family 6 model 142 stepping 10 microcode 0xf0, cx8, cmov, fxsr, ht, mmx, 3dnowpref, sse, sse2, sse3, ssse3, sse4.1, sse4.2, popcnt, lzcnt, tsc, tscinvbit, avx, avx2, aes, erms, clmul, bmi1, bmi2, adx, fma, vzeroupper, clflush, clflushopt, hv
Processor Information for all 8 processors :
  Max Mhz: 1800, Current Mhz: 1600, Mhz Limit: 1584

Memory: 4k page, system-wide physical 8086M (398M free)
TotalPageFile size 20540M (AvailPageFile size 5M)
current process WorkingSet (physical memory assigned to process): 165M, peak: 165M
current process commit charge ("private bytes"): 209M, peak: 268M

vm_info: OpenJDK 64-Bit Server VM (17.0.9+8-LTS) for windows-amd64 JRE (17.0.9+8-LTS), built on Oct 12 2023 16:15:33 by "Administrator" with MS VC++ 16.10 / 16.11 (VS2019)

END.
