#
# There is insufficient memory for the Java Runtime Environment to continue.
# Native memory allocation (malloc) failed to allocate 193264 bytes for Chunk::new
# Possible reasons:
#   The system is out of physical RAM or swap space
#   The process is running with CompressedOops enabled, and the Java Heap may be blocking the growth of the native heap
# Possible solutions:
#   Reduce memory load on the system
#   Increase physical memory or swap space
#   Check if swap backing store is full
#   Decrease Java heap size (-Xmx/-Xms)
#   Decrease number of Java threads
#   Decrease Java thread stack sizes (-Xss)
#   Set larger code cache with -XX:ReservedCodeCacheSize=
#   JVM is running with Unscaled Compressed Oops mode in which the Java heap is
#     placed in the first 4GB address space. The Java Heap base address is the
#     maximum limit for the native heap growth. Please use -XX:HeapBaseMinAddress
#     to set the Java Heap base and to place the Java Heap above 4GB virtual address.
# This output file may be truncated or incomplete.
#
#  Out of Memory Error (arena.cpp:191), pid=7972, tid=37768
#
# JRE version: OpenJDK Runtime Environment Corretto-17.0.9.8.1 (17.0.9+8) (build 17.0.9+8-LTS)
# Java VM: OpenJDK 64-Bit Server VM Corretto-17.0.9.8.1 (17.0.9+8-LTS, mixed mode, sharing, tiered, compressed oops, compressed class ptrs, g1 gc, windows-amd64)
# No core dump will be written. Minidumps are not enabled by default on client versions of Windows
#

---------------  S U M M A R Y ------------

Command Line: -javaagent:D:\Program Files\JetBrains\IntelliJ IDEA Community Edition 2023.3\lib\idea_rt.jar=62469:D:\Program Files\JetBrains\IntelliJ IDEA Community Edition 2023.3\bin -Dfile.encoding=UTF-8 id.longquoc.messenger.MessengerApplication

Host: Intel(R) Core(TM) i5-8250U CPU @ 1.60GHz, 8 cores, 7G,  Windows 10 , 64 bit Build 19041 (10.0.19041.3636)
Time: Fri Jan  5 16:28:43 2024 SE Asia Standard Time elapsed time: 158.884650 seconds (0d 0h 2m 38s)

---------------  T H R E A D  ---------------

Current thread (0x000001137f03c6b0):  JavaThread "C2 CompilerThread0" daemon [_thread_in_native, id=37768, stack(0x0000000ce8700000,0x0000000ce8800000)]


Current CompileTask:
C2: 158886 7975       4       com.mysql.cj.util.StringInspector::indexOfNextChar (1428 bytes)

Stack: [0x0000000ce8700000,0x0000000ce8800000]
Native frames: (J=compiled Java code, j=interpreted, Vv=VM code, C=native code)
V  [jvm.dll+0x67cb49]
V  [jvm.dll+0x8344da]
V  [jvm.dll+0x835f9e]
V  [jvm.dll+0x836603]
V  [jvm.dll+0x247b5f]
V  [jvm.dll+0xac43c]
V  [jvm.dll+0xaca8c]
V  [jvm.dll+0x366c87]
V  [jvm.dll+0x1bd426]
V  [jvm.dll+0x21a359]
V  [jvm.dll+0x219621]
V  [jvm.dll+0x1a56cd]
V  [jvm.dll+0x2293ee]
V  [jvm.dll+0x2275bc]
V  [jvm.dll+0x7e95a7]
V  [jvm.dll+0x7e396a]
V  [jvm.dll+0x67ba35]
C  [ucrtbase.dll+0x21bb2]
C  [KERNEL32.DLL+0x17344]
C  [ntdll.dll+0x526b1]


---------------  P R O C E S S  ---------------

Threads class SMR info:
_java_thread_list=0x0000011348cf1c50, length=39, elements={
0x000001137f024d60, 0x000001137f025be0, 0x000001137f032e30, 0x000001137f0339f0,
0x000001137f0374d0, 0x000001137f037ee0, 0x000001137f03c6b0, 0x000001137f056ab0,
0x000001137f060c90, 0x000001137f0383f0, 0x000001137f038900, 0x000001137f03b180,
0x000001137f03a250, 0x000001137f039320, 0x000001137f038e10, 0x000001137f03a760,
0x000001137f03ac70, 0x0000011348f67510, 0x0000011348f69d90, 0x0000011348f69880,
0x0000011348f68440, 0x0000011348f68950, 0x0000011348f67a20, 0x0000011348f69370,
0x0000011348f6acc0, 0x0000011348f6da50, 0x0000011348f6a2a0, 0x0000011348f6df60,
0x0000011348f68e60, 0x0000011348f6cb20, 0x0000011348f6e470, 0x0000011348f6a7b0,
0x0000011348f6b1d0, 0x0000011348f6b6e0, 0x0000011348f6bbf0, 0x0000011348f6c610,
0x00000113486ddb60, 0x00000113486de070, 0x00000113486de580
}

Java Threads: ( => current thread )
  0x000001137f024d60 JavaThread "Reference Handler" daemon [_thread_blocked, id=15516, stack(0x0000000ce8100000,0x0000000ce8200000)]
  0x000001137f025be0 JavaThread "Finalizer" daemon [_thread_blocked, id=7096, stack(0x0000000ce8200000,0x0000000ce8300000)]
  0x000001137f032e30 JavaThread "Signal Dispatcher" daemon [_thread_blocked, id=15524, stack(0x0000000ce8300000,0x0000000ce8400000)]
  0x000001137f0339f0 JavaThread "Attach Listener" daemon [_thread_blocked, id=5356, stack(0x0000000ce8400000,0x0000000ce8500000)]
  0x000001137f0374d0 JavaThread "Service Thread" daemon [_thread_blocked, id=13596, stack(0x0000000ce8500000,0x0000000ce8600000)]
  0x000001137f037ee0 JavaThread "Monitor Deflation Thread" daemon [_thread_blocked, id=7936, stack(0x0000000ce8600000,0x0000000ce8700000)]
=>0x000001137f03c6b0 JavaThread "C2 CompilerThread0" daemon [_thread_in_native, id=37768, stack(0x0000000ce8700000,0x0000000ce8800000)]
  0x000001137f056ab0 JavaThread "C1 CompilerThread0" daemon [_thread_blocked, id=20108, stack(0x0000000ce8800000,0x0000000ce8900000)]
  0x000001137f060c90 JavaThread "Sweeper thread" daemon [_thread_blocked, id=18140, stack(0x0000000ce8900000,0x0000000ce8a00000)]
  0x000001137f0383f0 JavaThread "Common-Cleaner" daemon [_thread_blocked, id=15296, stack(0x0000000ce8a00000,0x0000000ce8b00000)]
  0x000001137f038900 JavaThread "Monitor Ctrl-Break" daemon [_thread_in_native, id=32672, stack(0x0000000ce8b00000,0x0000000ce8c00000)]
  0x000001137f03b180 JavaThread "Notification Thread" daemon [_thread_blocked, id=25660, stack(0x0000000ce8c00000,0x0000000ce8d00000)]
  0x000001137f03a250 JavaThread "mysql-cj-abandoned-connection-cleanup" daemon [_thread_blocked, id=3976, stack(0x0000000ce9700000,0x0000000ce9800000)]
  0x000001137f039320 JavaThread "HikariPool-1 housekeeper" daemon [_thread_blocked, id=20296, stack(0x0000000ce9800000,0x0000000ce9900000)]
  0x000001137f038e10 JavaThread "Catalina-utility-1" [_thread_blocked, id=11404, stack(0x0000000ce9a00000,0x0000000ce9b00000)]
  0x000001137f03a760 JavaThread "Catalina-utility-2" [_thread_blocked, id=31888, stack(0x0000000ce9b00000,0x0000000ce9c00000)]
  0x000001137f03ac70 JavaThread "container-0" [_thread_blocked, id=12480, stack(0x0000000ce9c00000,0x0000000ce9d00000)]
  0x0000011348f67510 JavaThread "MessageBroker-1" [_thread_blocked, id=3800, stack(0x0000000ce9900000,0x0000000ce9a00000)]
  0x0000011348f69d90 JavaThread "http-nio-8080-exec-1" daemon [_thread_blocked, id=31932, stack(0x0000000ce9d00000,0x0000000ce9e00000)]
  0x0000011348f69880 JavaThread "http-nio-8080-exec-2" daemon [_thread_blocked, id=24912, stack(0x0000000ce9e00000,0x0000000ce9f00000)]
  0x0000011348f68440 JavaThread "http-nio-8080-exec-3" daemon [_thread_blocked, id=4076, stack(0x0000000ce9f00000,0x0000000cea000000)]
  0x0000011348f68950 JavaThread "http-nio-8080-exec-4" daemon [_thread_blocked, id=26188, stack(0x0000000cea000000,0x0000000cea100000)]
  0x0000011348f67a20 JavaThread "http-nio-8080-exec-5" daemon [_thread_blocked, id=28352, stack(0x0000000cea100000,0x0000000cea200000)]
  0x0000011348f69370 JavaThread "http-nio-8080-exec-6" daemon [_thread_blocked, id=17800, stack(0x0000000cea200000,0x0000000cea300000)]
  0x0000011348f6acc0 JavaThread "http-nio-8080-exec-7" daemon [_thread_blocked, id=31220, stack(0x0000000cea300000,0x0000000cea400000)]
  0x0000011348f6da50 JavaThread "http-nio-8080-exec-8" daemon [_thread_in_Java, id=31008, stack(0x0000000cea400000,0x0000000cea500000)]
  0x0000011348f6a2a0 JavaThread "http-nio-8080-exec-9" daemon [_thread_blocked, id=20712, stack(0x0000000cea500000,0x0000000cea600000)]
  0x0000011348f6df60 JavaThread "http-nio-8080-exec-10" daemon [_thread_blocked, id=16436, stack(0x0000000cea600000,0x0000000cea700000)]
  0x0000011348f68e60 JavaThread "http-nio-8080-Poller" daemon [_thread_in_native, id=12816, stack(0x0000000cea700000,0x0000000cea800000)]
  0x0000011348f6cb20 JavaThread "http-nio-8080-Acceptor" daemon [_thread_in_native, id=37156, stack(0x0000000cea800000,0x0000000cea900000)]
  0x0000011348f6e470 JavaThread "DestroyJavaVM" [_thread_blocked, id=18696, stack(0x0000000ce7a00000,0x0000000ce7b00000)]
  0x0000011348f6a7b0 JavaThread "MessageBroker-3" [_thread_blocked, id=34444, stack(0x0000000ceab00000,0x0000000ceac00000)]
  0x0000011348f6b1d0 JavaThread "MessageBroker-2" [_thread_blocked, id=9556, stack(0x0000000ceac00000,0x0000000cead00000)]
  0x0000011348f6b6e0 JavaThread "MessageBroker-4" [_thread_blocked, id=2200, stack(0x0000000cead00000,0x0000000ceae00000)]
  0x0000011348f6bbf0 JavaThread "WebSocket background processing" daemon [_thread_blocked, id=33496, stack(0x0000000ceae00000,0x0000000ceaf00000)]
  0x0000011348f6c610 JavaThread "MessageBroker-5" [_thread_blocked, id=9924, stack(0x0000000ceb300000,0x0000000ceb400000)]
  0x00000113486ddb60 JavaThread "MessageBroker-6" [_thread_blocked, id=38752, stack(0x0000000ceb700000,0x0000000ceb800000)]
  0x00000113486de070 JavaThread "MessageBroker-7" [_thread_blocked, id=5292, stack(0x0000000ce7700000,0x0000000ce7800000)]
  0x00000113486de580 JavaThread "MessageBroker-8" [_thread_blocked, id=5992, stack(0x0000000ce7800000,0x0000000ce7900000)]

Other Threads:
  0x000001137f01bd30 VMThread "VM Thread" [stack: 0x0000000ce8000000,0x0000000ce8100000] [id=10996]
  0x000001137f74d760 WatcherThread [stack: 0x0000000ce8d00000,0x0000000ce8e00000] [id=5380]
  0x0000011360ce8d00 GCTaskThread "GC Thread#0" [stack: 0x0000000ce7b00000,0x0000000ce7c00000] [id=13576]
  0x0000011345155ac0 GCTaskThread "GC Thread#1" [stack: 0x0000000ce8e00000,0x0000000ce8f00000] [id=15240]
  0x0000011345155d80 GCTaskThread "GC Thread#2" [stack: 0x0000000ce8f00000,0x0000000ce9000000] [id=24400]
  0x0000011345125bf0 GCTaskThread "GC Thread#3" [stack: 0x0000000ce9000000,0x0000000ce9100000] [id=27032]
  0x000001134550d100 GCTaskThread "GC Thread#4" [stack: 0x0000000ce9100000,0x0000000ce9200000] [id=32888]
  0x000001134585b890 GCTaskThread "GC Thread#5" [stack: 0x0000000ce9300000,0x0000000ce9400000] [id=1328]
  0x00000113457f81a0 GCTaskThread "GC Thread#6" [stack: 0x0000000ce9400000,0x0000000ce9500000] [id=13920]
  0x00000113456c5090 GCTaskThread "GC Thread#7" [stack: 0x0000000ce9500000,0x0000000ce9600000] [id=19240]
  0x0000011360cfa930 ConcurrentGCThread "G1 Main Marker" [stack: 0x0000000ce7c00000,0x0000000ce7d00000] [id=25872]
  0x0000011360cfb350 ConcurrentGCThread "G1 Conc#0" [stack: 0x0000000ce7d00000,0x0000000ce7e00000] [id=10072]
  0x000001137f1a6000 ConcurrentGCThread "G1 Conc#1" [stack: 0x0000000ce9600000,0x0000000ce9700000] [id=3680]
  0x000001137eed8500 ConcurrentGCThread "G1 Refine#0" [stack: 0x0000000ce7e00000,0x0000000ce7f00000] [id=33972]
  0x000001137eed8f30 ConcurrentGCThread "G1 Service" [stack: 0x0000000ce7f00000,0x0000000ce8000000] [id=32432]

Threads with active compile tasks:
C2 CompilerThread0   158953 7975       4       com.mysql.cj.util.StringInspector::indexOfNextChar (1428 bytes)

VM state: not at safepoint (normal execution)

VM Mutex/Monitor currently owned by a thread: None

Heap address: 0x0000000081a00000, size: 2022 MB, Compressed Oops mode: 32-bit

CDS archive(s) mapped at: [0x0000011300000000-0x0000011300ba0000-0x0000011300ba0000), size 12189696, SharedBaseAddress: 0x0000011300000000, ArchiveRelocationMode: 1.
Compressed class space mapped at: 0x0000011301000000-0x0000011341000000, reserved size: 1073741824
Narrow klass base: 0x0000011300000000, Narrow klass shift: 0, Narrow klass range: 0x100000000

GC Precious Log:
 CPUs: 8 total, 8 available
 Memory: 8086M
 Large Page Support: Disabled
 NUMA Support: Disabled
 Compressed Oops: Enabled (32-bit)
 Heap Region Size: 1M
 Heap Min Capacity: 8M
 Heap Initial Capacity: 128M
 Heap Max Capacity: 2022M
 Pre-touch: Disabled
 Parallel Workers: 8
 Concurrent Workers: 2
 Concurrent Refinement Workers: 8
 Periodic GC: Disabled

Heap:
 garbage-first heap   total 98304K, used 54675K [0x0000000081a00000, 0x0000000100000000)
  region size 1024K, 18 young (18432K), 6 survivors (6144K)
 Metaspace       used 88395K, committed 88960K, reserved 1179648K
  class space    used 12356K, committed 12608K, reserved 1048576K

Heap Regions: E=young(eden), S=young(survivor), O=old, HS=humongous(starts), HC=humongous(continues), CS=collection set, F=free, OA=open archive, CA=closed archive, TAMS=top-at-mark-start (previous, next)
|   0|0x0000000081a00000, 0x0000000081b00000, 0x0000000081b00000|100%| O|  |TAMS 0x0000000081b00000, 0x0000000081a00000| Untracked 
|   1|0x0000000081b00000, 0x0000000081c00000, 0x0000000081c00000|100%|HS|  |TAMS 0x0000000081c00000, 0x0000000081b00000| Complete 
|   2|0x0000000081c00000, 0x0000000081d00000, 0x0000000081d00000|100%| O|  |TAMS 0x0000000081d00000, 0x0000000081c00000| Untracked 
|   3|0x0000000081d00000, 0x0000000081e00000, 0x0000000081e00000|100%| O|  |TAMS 0x0000000081e00000, 0x0000000081d00000| Untracked 
|   4|0x0000000081e00000, 0x0000000081f00000, 0x0000000081f00000|100%| O|  |TAMS 0x0000000081f00000, 0x0000000081e00000| Untracked 
|   5|0x0000000081f00000, 0x0000000082000000, 0x0000000082000000|100%| O|  |TAMS 0x0000000082000000, 0x0000000081f00000| Untracked 
|   6|0x0000000082000000, 0x0000000082100000, 0x0000000082100000|100%| O|  |TAMS 0x0000000082100000, 0x0000000082000000| Untracked 
|   7|0x0000000082100000, 0x0000000082200000, 0x0000000082200000|100%| O|  |TAMS 0x0000000082200000, 0x0000000082100000| Untracked 
|   8|0x0000000082200000, 0x0000000082300000, 0x0000000082300000|100%| O|  |TAMS 0x0000000082300000, 0x0000000082200000| Untracked 
|   9|0x0000000082300000, 0x0000000082400000, 0x0000000082400000|100%| O|  |TAMS 0x0000000082400000, 0x0000000082300000| Untracked 
|  10|0x0000000082400000, 0x0000000082500000, 0x0000000082500000|100%| O|  |TAMS 0x0000000082500000, 0x0000000082400000| Untracked 
|  11|0x0000000082500000, 0x0000000082600000, 0x0000000082600000|100%| O|  |TAMS 0x0000000082600000, 0x0000000082500000| Untracked 
|  12|0x0000000082600000, 0x0000000082700000, 0x0000000082700000|100%| O|  |TAMS 0x0000000082700000, 0x0000000082600000| Untracked 
|  13|0x0000000082700000, 0x0000000082800000, 0x0000000082800000|100%| O|  |TAMS 0x0000000082800000, 0x0000000082700000| Untracked 
|  14|0x0000000082800000, 0x0000000082900000, 0x0000000082900000|100%| O|  |TAMS 0x0000000082900000, 0x0000000082800000| Untracked 
|  15|0x0000000082900000, 0x0000000082a00000, 0x0000000082a00000|100%| O|  |TAMS 0x0000000082a00000, 0x0000000082900000| Untracked 
|  16|0x0000000082a00000, 0x0000000082b00000, 0x0000000082b00000|100%| O|  |TAMS 0x0000000082b00000, 0x0000000082a00000| Untracked 
|  17|0x0000000082b00000, 0x0000000082c00000, 0x0000000082c00000|100%| O|  |TAMS 0x0000000082c00000, 0x0000000082b00000| Untracked 
|  18|0x0000000082c00000, 0x0000000082c9f400, 0x0000000082d00000| 62%| O|  |TAMS 0x0000000082c9f400, 0x0000000082c00000| Untracked 
|  19|0x0000000082d00000, 0x0000000082e00000, 0x0000000082e00000|100%| O|  |TAMS 0x0000000082e00000, 0x0000000082d00000| Untracked 
|  20|0x0000000082e00000, 0x0000000082f00000, 0x0000000082f00000|100%| O|  |TAMS 0x0000000082f00000, 0x0000000082e00000| Untracked 
|  21|0x0000000082f00000, 0x0000000083000000, 0x0000000083000000|100%| O|  |TAMS 0x0000000083000000, 0x0000000082f00000| Untracked 
|  22|0x0000000083000000, 0x0000000083100000, 0x0000000083100000|100%| O|  |TAMS 0x0000000083100000, 0x0000000083000000| Untracked 
|  23|0x0000000083100000, 0x0000000083200000, 0x0000000083200000|100%| O|  |TAMS 0x0000000083200000, 0x0000000083100000| Untracked 
|  24|0x0000000083200000, 0x0000000083300000, 0x0000000083300000|100%| O|  |TAMS 0x0000000083300000, 0x0000000083200000| Untracked 
|  25|0x0000000083300000, 0x0000000083400000, 0x0000000083400000|100%| O|  |TAMS 0x0000000083359e00, 0x0000000083300000| Untracked 
|  26|0x0000000083400000, 0x0000000083500000, 0x0000000083500000|100%| O|  |TAMS 0x0000000083400000, 0x0000000083400000| Untracked 
|  27|0x0000000083500000, 0x0000000083600000, 0x0000000083600000|100%| O|  |TAMS 0x0000000083500000, 0x0000000083500000| Untracked 
|  28|0x0000000083600000, 0x0000000083700000, 0x0000000083700000|100%| O|  |TAMS 0x0000000083600000, 0x0000000083600000| Untracked 
|  29|0x0000000083700000, 0x0000000083800000, 0x0000000083800000|100%| O|  |TAMS 0x0000000083700000, 0x0000000083700000| Untracked 
|  30|0x0000000083800000, 0x0000000083900000, 0x0000000083900000|100%| O|  |TAMS 0x0000000083800000, 0x0000000083800000| Untracked 
|  31|0x0000000083900000, 0x0000000083a00000, 0x0000000083a00000|100%| O|  |TAMS 0x0000000083900000, 0x0000000083900000| Untracked 
|  32|0x0000000083a00000, 0x0000000083b00000, 0x0000000083b00000|100%| O|  |TAMS 0x0000000083a00000, 0x0000000083a00000| Untracked 
|  33|0x0000000083b00000, 0x0000000083c00000, 0x0000000083c00000|100%| O|  |TAMS 0x0000000083b00000, 0x0000000083b00000| Untracked 
|  34|0x0000000083c00000, 0x0000000083d00000, 0x0000000083d00000|100%| O|  |TAMS 0x0000000083c00000, 0x0000000083c00000| Untracked 
|  35|0x0000000083d00000, 0x0000000083e00000, 0x0000000083e00000|100%| O|  |TAMS 0x0000000083d00000, 0x0000000083d00000| Untracked 
|  36|0x0000000083e00000, 0x0000000083ec5a00, 0x0000000083f00000| 77%| O|  |TAMS 0x0000000083e00000, 0x0000000083e00000| Untracked 
|  37|0x0000000083f00000, 0x0000000083f00000, 0x0000000084000000|  0%| F|  |TAMS 0x0000000083f00000, 0x0000000083f00000| Untracked 
|  38|0x0000000084000000, 0x0000000084000000, 0x0000000084100000|  0%| F|  |TAMS 0x0000000084000000, 0x0000000084000000| Untracked 
|  39|0x0000000084100000, 0x0000000084100000, 0x0000000084200000|  0%| F|  |TAMS 0x0000000084100000, 0x0000000084100000| Untracked 
|  40|0x0000000084200000, 0x0000000084200000, 0x0000000084300000|  0%| F|  |TAMS 0x0000000084200000, 0x0000000084200000| Untracked 
|  41|0x0000000084300000, 0x0000000084300000, 0x0000000084400000|  0%| F|  |TAMS 0x0000000084300000, 0x0000000084300000| Untracked 
|  42|0x0000000084400000, 0x0000000084400000, 0x0000000084500000|  0%| F|  |TAMS 0x0000000084400000, 0x0000000084400000| Untracked 
|  43|0x0000000084500000, 0x0000000084500000, 0x0000000084600000|  0%| F|  |TAMS 0x0000000084500000, 0x0000000084500000| Untracked 
|  44|0x0000000084600000, 0x0000000084600000, 0x0000000084700000|  0%| F|  |TAMS 0x0000000084600000, 0x0000000084600000| Untracked 
|  45|0x0000000084700000, 0x0000000084700000, 0x0000000084800000|  0%| F|  |TAMS 0x0000000084700000, 0x0000000084700000| Untracked 
|  46|0x0000000084800000, 0x0000000084800000, 0x0000000084900000|  0%| F|  |TAMS 0x0000000084800000, 0x0000000084800000| Untracked 
|  47|0x0000000084900000, 0x0000000084900000, 0x0000000084a00000|  0%| F|  |TAMS 0x0000000084900000, 0x0000000084900000| Untracked 
|  48|0x0000000084a00000, 0x0000000084a00000, 0x0000000084b00000|  0%| F|  |TAMS 0x0000000084a00000, 0x0000000084a00000| Untracked 
|  49|0x0000000084b00000, 0x0000000084b00000, 0x0000000084c00000|  0%| F|  |TAMS 0x0000000084b00000, 0x0000000084b00000| Untracked 
|  50|0x0000000084c00000, 0x0000000084c00000, 0x0000000084d00000|  0%| F|  |TAMS 0x0000000084c00000, 0x0000000084c00000| Untracked 
|  51|0x0000000084d00000, 0x0000000084d00000, 0x0000000084e00000|  0%| F|  |TAMS 0x0000000084d00000, 0x0000000084d00000| Untracked 
|  52|0x0000000084e00000, 0x0000000084f00000, 0x0000000084f00000|100%| S|CS|TAMS 0x0000000084e00000, 0x0000000084e00000| Complete 
|  53|0x0000000084f00000, 0x0000000085000000, 0x0000000085000000|100%| S|CS|TAMS 0x0000000084f00000, 0x0000000084f00000| Complete 
|  54|0x0000000085000000, 0x0000000085100000, 0x0000000085100000|100%| S|CS|TAMS 0x0000000085000000, 0x0000000085000000| Complete 
|  55|0x0000000085100000, 0x0000000085200000, 0x0000000085200000|100%| S|CS|TAMS 0x0000000085100000, 0x0000000085100000| Complete 
|  56|0x0000000085200000, 0x0000000085300000, 0x0000000085300000|100%| S|CS|TAMS 0x0000000085200000, 0x0000000085200000| Complete 
|  57|0x0000000085300000, 0x0000000085400000, 0x0000000085400000|100%| S|CS|TAMS 0x0000000085300000, 0x0000000085300000| Complete 
|  58|0x0000000085400000, 0x0000000085400000, 0x0000000085500000|  0%| F|  |TAMS 0x0000000085400000, 0x0000000085400000| Untracked 
|  59|0x0000000085500000, 0x0000000085500000, 0x0000000085600000|  0%| F|  |TAMS 0x0000000085500000, 0x0000000085500000| Untracked 
|  60|0x0000000085600000, 0x0000000085600000, 0x0000000085700000|  0%| F|  |TAMS 0x0000000085600000, 0x0000000085600000| Untracked 
|  61|0x0000000085700000, 0x0000000085700000, 0x0000000085800000|  0%| F|  |TAMS 0x0000000085700000, 0x0000000085700000| Untracked 
|  62|0x0000000085800000, 0x0000000085800000, 0x0000000085900000|  0%| F|  |TAMS 0x0000000085800000, 0x0000000085800000| Untracked 
|  63|0x0000000085900000, 0x0000000085900000, 0x0000000085a00000|  0%| F|  |TAMS 0x0000000085900000, 0x0000000085900000| Untracked 
|  64|0x0000000085a00000, 0x0000000085a00000, 0x0000000085b00000|  0%| F|  |TAMS 0x0000000085a00000, 0x0000000085a00000| Untracked 
|  65|0x0000000085b00000, 0x0000000085b00000, 0x0000000085c00000|  0%| F|  |TAMS 0x0000000085b00000, 0x0000000085b00000| Untracked 
|  66|0x0000000085c00000, 0x0000000085c00000, 0x0000000085d00000|  0%| F|  |TAMS 0x0000000085c00000, 0x0000000085c00000| Untracked 
|  67|0x0000000085d00000, 0x0000000085d00000, 0x0000000085e00000|  0%| F|  |TAMS 0x0000000085d00000, 0x0000000085d00000| Untracked 
|  68|0x0000000085e00000, 0x0000000085e00000, 0x0000000085f00000|  0%| F|  |TAMS 0x0000000085e00000, 0x0000000085e00000| Untracked 
|  69|0x0000000085f00000, 0x0000000085f00000, 0x0000000086000000|  0%| F|  |TAMS 0x0000000085f00000, 0x0000000085f00000| Untracked 
|  70|0x0000000086000000, 0x0000000086000000, 0x0000000086100000|  0%| F|  |TAMS 0x0000000086000000, 0x0000000086000000| Untracked 
|  71|0x0000000086100000, 0x0000000086100000, 0x0000000086200000|  0%| F|  |TAMS 0x0000000086100000, 0x0000000086100000| Untracked 
|  72|0x0000000086200000, 0x0000000086200000, 0x0000000086300000|  0%| F|  |TAMS 0x0000000086200000, 0x0000000086200000| Untracked 
|  73|0x0000000086300000, 0x0000000086300000, 0x0000000086400000|  0%| F|  |TAMS 0x0000000086300000, 0x0000000086300000| Untracked 
|  74|0x0000000086400000, 0x0000000086400000, 0x0000000086500000|  0%| F|  |TAMS 0x0000000086400000, 0x0000000086400000| Untracked 
|  75|0x0000000086500000, 0x0000000086500000, 0x0000000086600000|  0%| F|  |TAMS 0x0000000086500000, 0x0000000086500000| Untracked 
|  76|0x0000000086600000, 0x0000000086600000, 0x0000000086700000|  0%| F|  |TAMS 0x0000000086600000, 0x0000000086600000| Untracked 
|  77|0x0000000086700000, 0x0000000086700000, 0x0000000086800000|  0%| F|  |TAMS 0x0000000086700000, 0x0000000086700000| Untracked 
|  78|0x0000000086800000, 0x0000000086800000, 0x0000000086900000|  0%| F|  |TAMS 0x0000000086800000, 0x0000000086800000| Untracked 
|  79|0x0000000086900000, 0x0000000086900000, 0x0000000086a00000|  0%| F|  |TAMS 0x0000000086900000, 0x0000000086900000| Untracked 
|  80|0x0000000086a00000, 0x0000000086a00000, 0x0000000086b00000|  0%| F|  |TAMS 0x0000000086a00000, 0x0000000086a00000| Untracked 
|  81|0x0000000086b00000, 0x0000000086b00000, 0x0000000086c00000|  0%| F|  |TAMS 0x0000000086b00000, 0x0000000086b00000| Untracked 
|  82|0x0000000086c00000, 0x0000000086c00000, 0x0000000086d00000|  0%| F|  |TAMS 0x0000000086c00000, 0x0000000086c00000| Untracked 
|  83|0x0000000086d00000, 0x0000000086d00000, 0x0000000086e00000|  0%| F|  |TAMS 0x0000000086d00000, 0x0000000086d00000| Untracked 
|  84|0x0000000086e00000, 0x0000000086e1e600, 0x0000000086f00000| 11%| E|  |TAMS 0x0000000086e00000, 0x0000000086e00000| Complete 
|  85|0x0000000086f00000, 0x0000000087000000, 0x0000000087000000|100%| E|CS|TAMS 0x0000000086f00000, 0x0000000086f00000| Complete 
|  86|0x0000000087000000, 0x0000000087100000, 0x0000000087100000|100%| E|CS|TAMS 0x0000000087000000, 0x0000000087000000| Complete 
|  87|0x0000000087100000, 0x0000000087200000, 0x0000000087200000|100%| E|CS|TAMS 0x0000000087100000, 0x0000000087100000| Complete 
|  88|0x0000000087200000, 0x0000000087300000, 0x0000000087300000|100%| E|CS|TAMS 0x0000000087200000, 0x0000000087200000| Complete 
|  89|0x0000000087300000, 0x0000000087400000, 0x0000000087400000|100%| E|CS|TAMS 0x0000000087300000, 0x0000000087300000| Complete 
|  90|0x0000000087400000, 0x0000000087500000, 0x0000000087500000|100%| E|CS|TAMS 0x0000000087400000, 0x0000000087400000| Complete 
|  91|0x0000000087500000, 0x0000000087600000, 0x0000000087600000|100%| E|CS|TAMS 0x0000000087500000, 0x0000000087500000| Complete 
|  92|0x0000000087600000, 0x0000000087700000, 0x0000000087700000|100%| E|CS|TAMS 0x0000000087600000, 0x0000000087600000| Complete 
|  93|0x0000000087700000, 0x0000000087800000, 0x0000000087800000|100%| E|CS|TAMS 0x0000000087700000, 0x0000000087700000| Complete 
|  94|0x0000000087800000, 0x0000000087900000, 0x0000000087900000|100%| E|CS|TAMS 0x0000000087800000, 0x0000000087800000| Complete 
| 127|0x0000000089900000, 0x0000000089a00000, 0x0000000089a00000|100%| E|CS|TAMS 0x0000000089900000, 0x0000000089900000| Complete 

Card table byte_map: [0x0000011377ec0000,0x00000113782c0000] _byte_map_base: 0x0000011377ab3000

Marking Bits (Prev, Next): (CMBitMap*) 0x0000011360cea380, (CMBitMap*) 0x0000011360cea340
 Prev Bits: [0x000001137a660000, 0x000001137c5f8000)
 Next Bits: [0x00000113786c0000, 0x000001137a658000)

Polling page: 0x000001135ec30000

Metaspace:

Usage:
  Non-class:     74.26 MB used.
      Class:     12.07 MB used.
       Both:     86.32 MB used.

Virtual space:
  Non-class space:      128.00 MB reserved,      74.56 MB ( 58%) committed,  2 nodes.
      Class space:        1.00 GB reserved,      12.31 MB (  1%) committed,  1 nodes.
             Both:        1.12 GB reserved,      86.88 MB (  8%) committed. 

Chunk freelists:
   Non-Class:  5.31 MB
       Class:  3.69 MB
        Both:  9.00 MB

MaxMetaspaceSize: unlimited
CompressedClassSpaceSize: 1.00 GB
Initial GC threshold: 21.00 MB
Current GC threshold: 98.12 MB
CDS: on
MetaspaceReclaimPolicy: balanced
 - commit_granule_bytes: 65536.
 - commit_granule_words: 8192.
 - virtual_space_node_default_size: 8388608.
 - enlarge_chunks_in_place: 1.
 - new_chunks_are_fully_committed: 0.
 - uncommit_free_chunks: 1.
 - use_allocation_guard: 0.
 - handle_deallocations: 1.


Internal statistics:

num_allocs_failed_limit: 9.
num_arena_births: 934.
num_arena_deaths: 0.
num_vsnodes_births: 3.
num_vsnodes_deaths: 0.
num_space_committed: 1390.
num_space_uncommitted: 0.
num_chunks_returned_to_freelist: 9.
num_chunks_taken_from_freelist: 4047.
num_chunk_merges: 6.
num_chunk_splits: 3002.
num_chunks_enlarged: 2421.
num_inconsistent_stats: 0.

CodeHeap 'non-profiled nmethods': size=120000Kb used=4301Kb max_used=4301Kb free=115698Kb
 bounds [0x0000011370260000, 0x00000113706a0000, 0x0000011377790000]
CodeHeap 'profiled nmethods': size=120000Kb used=13070Kb max_used=13070Kb free=106929Kb
 bounds [0x0000011368790000, 0x0000011369460000, 0x000001136fcc0000]
CodeHeap 'non-nmethods': size=5760Kb used=1390Kb max_used=1449Kb free=4369Kb
 bounds [0x000001136fcc0000, 0x000001136ff30000, 0x0000011370260000]
 total_blobs=7892 nmethods=7155 adapters=649
 compilation: enabled
              stopped_count=0, restarted_count=0
 full_count=0

Compilation events (20 events):
Event: 158.764 Thread 0x000001137f056ab0 nmethod 7967 0x000001136944b410 code [0x000001136944b5c0, 0x000001136944b778]
Event: 158.775 Thread 0x000001137f03c6b0 nmethod 7966 0x000001137068fe90 code [0x0000011370690040, 0x0000011370690798]
Event: 158.775 Thread 0x000001137f03c6b0 7965       4       java.lang.AbstractStringBuilder::checkRange (63 bytes)
Event: 158.776 Thread 0x000001137f03c6b0 nmethod 7965 0x0000011370690b10 code [0x0000011370690c80, 0x0000011370690d38]
Event: 158.810 Thread 0x000001137f056ab0 7968       1       org.hibernate.engine.jdbc.internal.JdbcCoordinatorImpl::getJdbcSessionOwner (5 bytes)
Event: 158.811 Thread 0x000001137f056ab0 nmethod 7968 0x0000011370690e10 code [0x0000011370690fa0, 0x0000011370691078]
Event: 158.817 Thread 0x000001137f03c6b0 7969       4       org.antlr.v4.runtime.CodePointCharStream$CodePoint8BitCharStream::LA (98 bytes)
Event: 158.818 Thread 0x000001137f03c6b0 nmethod 7969 0x0000011370691110 code [0x0000011370691280, 0x0000011370691378]
Event: 158.819 Thread 0x000001137f056ab0 7970   !   3       org.antlr.v4.runtime.atn.LexerActionExecutor::execute (166 bytes)
Event: 158.822 Thread 0x000001137f056ab0 nmethod 7970 0x000001136944b810 code [0x000001136944ba40, 0x000001136944c918]
Event: 158.822 Thread 0x000001137f056ab0 7971       3       java.lang.StrictMath::floorOrCeil (128 bytes)
Event: 158.823 Thread 0x000001137f056ab0 nmethod 7971 0x000001136944ce90 code [0x000001136944d060, 0x000001136944d4f8]
Event: 158.824 Thread 0x000001137f03c6b0 7972       4       java.util.Arrays::copyOf (40 bytes)
Event: 158.829 Thread 0x000001137f03c6b0 nmethod 7972 0x0000011370691490 code [0x0000011370691620, 0x0000011370691b18]
Event: 158.837 Thread 0x000001137f056ab0 7973       1       org.hibernate.tuple.entity.EntityMetamodel::getName (5 bytes)
Event: 158.837 Thread 0x000001137f056ab0 nmethod 7973 0x0000011370691d10 code [0x0000011370691ea0, 0x0000011370691f78]
Event: 158.841 Thread 0x000001137f03c6b0 7974       4       java.lang.CharacterDataLatin1::isWhitespace (23 bytes)
Event: 158.841 Thread 0x000001137f03c6b0 nmethod 7974 0x0000011370692010 code [0x0000011370692180, 0x0000011370692238]
Event: 158.841 Thread 0x000001137f03c6b0 7975       4       com.mysql.cj.util.StringInspector::indexOfNextChar (1428 bytes)
Event: 158.870 Thread 0x000001137f056ab0 7978       3       jdk.internal.reflect.UnsafeFieldAccessorImpl::ensureObj (23 bytes)

GC Heap History (20 events):
Event: 16.916 GC heap before
{Heap before GC invocations=11 (full 0):
 garbage-first heap   total 81920K, used 68057K [0x0000000081a00000, 0x0000000100000000)
  region size 1024K, 48 young (49152K), 4 survivors (4096K)
 Metaspace       used 44435K, committed 44864K, reserved 1114112K
  class space    used 5951K, committed 6144K, reserved 1048576K
}
Event: 16.926 GC heap after
{Heap after GC invocations=12 (full 0):
 garbage-first heap   total 81920K, used 25939K [0x0000000081a00000, 0x0000000100000000)
  region size 1024K, 6 young (6144K), 6 survivors (6144K)
 Metaspace       used 44435K, committed 44864K, reserved 1114112K
  class space    used 5951K, committed 6144K, reserved 1048576K
}
Event: 18.441 GC heap before
{Heap before GC invocations=12 (full 0):
 garbage-first heap   total 81920K, used 60755K [0x0000000081a00000, 0x0000000100000000)
  region size 1024K, 40 young (40960K), 6 survivors (6144K)
 Metaspace       used 55321K, committed 55872K, reserved 1114112K
  class space    used 7356K, committed 7616K, reserved 1048576K
}
Event: 18.460 GC heap after
{Heap after GC invocations=13 (full 0):
 garbage-first heap   total 81920K, used 28577K [0x0000000081a00000, 0x0000000100000000)
  region size 1024K, 3 young (3072K), 3 survivors (3072K)
 Metaspace       used 55321K, committed 55872K, reserved 1114112K
  class space    used 7356K, committed 7616K, reserved 1048576K
}
Event: 19.031 GC heap before
{Heap before GC invocations=13 (full 0):
 garbage-first heap   total 81920K, used 40865K [0x0000000081a00000, 0x0000000100000000)
  region size 1024K, 16 young (16384K), 3 survivors (3072K)
 Metaspace       used 59642K, committed 60096K, reserved 1114112K
  class space    used 8114K, committed 8320K, reserved 1048576K
}
Event: 19.041 GC heap after
{Heap after GC invocations=14 (full 0):
 garbage-first heap   total 81920K, used 28644K [0x0000000081a00000, 0x0000000100000000)
  region size 1024K, 3 young (3072K), 3 survivors (3072K)
 Metaspace       used 59642K, committed 60096K, reserved 1114112K
  class space    used 8114K, committed 8320K, reserved 1048576K
}
Event: 20.890 GC heap before
{Heap before GC invocations=15 (full 0):
 garbage-first heap   total 81920K, used 63460K [0x0000000081a00000, 0x0000000100000000)
  region size 1024K, 37 young (37888K), 3 survivors (3072K)
 Metaspace       used 66301K, committed 66880K, reserved 1114112K
  class space    used 9087K, committed 9344K, reserved 1048576K
}
Event: 20.906 GC heap after
{Heap after GC invocations=16 (full 0):
 garbage-first heap   total 81920K, used 30536K [0x0000000081a00000, 0x0000000100000000)
  region size 1024K, 3 young (3072K), 3 survivors (3072K)
 Metaspace       used 66301K, committed 66880K, reserved 1114112K
  class space    used 9087K, committed 9344K, reserved 1048576K
}
Event: 21.905 GC heap before
{Heap before GC invocations=16 (full 0):
 garbage-first heap   total 81920K, used 64328K [0x0000000081a00000, 0x0000000100000000)
  region size 1024K, 36 young (36864K), 3 survivors (3072K)
 Metaspace       used 71445K, committed 72000K, reserved 1114112K
  class space    used 10042K, committed 10304K, reserved 1048576K
}
Event: 21.913 GC heap after
{Heap after GC invocations=17 (full 0):
 garbage-first heap   total 81920K, used 33012K [0x0000000081a00000, 0x0000000100000000)
  region size 1024K, 5 young (5120K), 5 survivors (5120K)
 Metaspace       used 71445K, committed 72000K, reserved 1114112K
  class space    used 10042K, committed 10304K, reserved 1048576K
}
Event: 22.238 GC heap before
{Heap before GC invocations=17 (full 0):
 garbage-first heap   total 81920K, used 64756K [0x0000000081a00000, 0x0000000100000000)
  region size 1024K, 36 young (36864K), 5 survivors (5120K)
 Metaspace       used 72858K, committed 73344K, reserved 1114112K
  class space    used 10213K, committed 10432K, reserved 1048576K
}
Event: 22.247 GC heap after
{Heap after GC invocations=18 (full 0):
 garbage-first heap   total 81920K, used 33820K [0x0000000081a00000, 0x0000000100000000)
  region size 1024K, 4 young (4096K), 4 survivors (4096K)
 Metaspace       used 72858K, committed 73344K, reserved 1114112K
  class space    used 10213K, committed 10432K, reserved 1048576K
}
Event: 22.900 GC heap before
{Heap before GC invocations=18 (full 0):
 garbage-first heap   total 81920K, used 65564K [0x0000000081a00000, 0x0000000100000000)
  region size 1024K, 35 young (35840K), 4 survivors (4096K)
 Metaspace       used 75245K, committed 75776K, reserved 1114112K
  class space    used 10545K, committed 10816K, reserved 1048576K
}
Event: 22.905 GC heap after
{Heap after GC invocations=19 (full 0):
 garbage-first heap   total 81920K, used 35949K [0x0000000081a00000, 0x0000000100000000)
  region size 1024K, 4 young (4096K), 4 survivors (4096K)
 Metaspace       used 75245K, committed 75776K, reserved 1114112K
  class space    used 10545K, committed 10816K, reserved 1048576K
}
Event: 23.331 GC heap before
{Heap before GC invocations=19 (full 0):
 garbage-first heap   total 81920K, used 65645K [0x0000000081a00000, 0x0000000100000000)
  region size 1024K, 33 young (33792K), 4 survivors (4096K)
 Metaspace       used 76677K, committed 77184K, reserved 1179648K
  class space    used 10742K, committed 11008K, reserved 1048576K
}
Event: 23.335 GC heap after
{Heap after GC invocations=20 (full 0):
 garbage-first heap   total 81920K, used 37117K [0x0000000081a00000, 0x0000000100000000)
  region size 1024K, 4 young (4096K), 4 survivors (4096K)
 Metaspace       used 76677K, committed 77184K, reserved 1179648K
  class space    used 10742K, committed 11008K, reserved 1048576K
}
Event: 24.249 GC heap before
{Heap before GC invocations=20 (full 0):
 garbage-first heap   total 81920K, used 65789K [0x0000000081a00000, 0x0000000100000000)
  region size 1024K, 32 young (32768K), 4 survivors (4096K)
 Metaspace       used 80023K, committed 80576K, reserved 1179648K
  class space    used 11197K, committed 11456K, reserved 1048576K
}
Event: 24.254 GC heap after
{Heap after GC invocations=21 (full 0):
 garbage-first heap   total 98304K, used 39820K [0x0000000081a00000, 0x0000000100000000)
  region size 1024K, 4 young (4096K), 4 survivors (4096K)
 Metaspace       used 80023K, committed 80576K, reserved 1179648K
  class space    used 11197K, committed 11456K, reserved 1048576K
}
Event: 52.720 GC heap before
{Heap before GC invocations=21 (full 0):
 garbage-first heap   total 98304K, used 78732K [0x0000000081a00000, 0x0000000100000000)
  region size 1024K, 42 young (43008K), 4 survivors (4096K)
 Metaspace       used 86743K, committed 87360K, reserved 1179648K
  class space    used 12139K, committed 12416K, reserved 1048576K
}
Event: 52.731 GC heap after
{Heap after GC invocations=22 (full 0):
 garbage-first heap   total 98304K, used 43411K [0x0000000081a00000, 0x0000000100000000)
  region size 1024K, 6 young (6144K), 6 survivors (6144K)
 Metaspace       used 86743K, committed 87360K, reserved 1179648K
  class space    used 12139K, committed 12416K, reserved 1048576K
}

Dll operation events (13 events):
Event: 0.013 Loaded shared library C:\Users\longq\.jdks\corretto-17.0.9\bin\java.dll
Event: 0.037 Loaded shared library C:\Users\longq\.jdks\corretto-17.0.9\bin\jsvml.dll
Event: 0.249 Loaded shared library C:\Users\longq\.jdks\corretto-17.0.9\bin\zip.dll
Event: 0.254 Loaded shared library C:\Users\longq\.jdks\corretto-17.0.9\bin\instrument.dll
Event: 0.263 Loaded shared library C:\Users\longq\.jdks\corretto-17.0.9\bin\net.dll
Event: 0.265 Loaded shared library C:\Users\longq\.jdks\corretto-17.0.9\bin\nio.dll
Event: 0.268 Loaded shared library C:\Users\longq\.jdks\corretto-17.0.9\bin\zip.dll
Event: 0.478 Loaded shared library D:\Program Files\JetBrains\IntelliJ IDEA Community Edition 2023.3\bin\breakgen64.dll
Event: 0.562 Loaded shared library C:\Users\longq\.jdks\corretto-17.0.9\bin\jimage.dll
Event: 3.322 Loaded shared library C:\Users\longq\.jdks\corretto-17.0.9\bin\sunmscapi.dll
Event: 14.681 Loaded shared library C:\Users\longq\.jdks\corretto-17.0.9\bin\verify.dll
Event: 15.410 Loaded shared library C:\Users\longq\.jdks\corretto-17.0.9\bin\management.dll
Event: 15.417 Loaded shared library C:\Users\longq\.jdks\corretto-17.0.9\bin\management_ext.dll

Deoptimization events (20 events):
Event: 50.505 Thread 0x0000011348f69880 Uncommon trap: trap_request=0xffffff45 fr.pc=0x000001137033f858 relative=0x00000000000001d8
Event: 50.505 Thread 0x0000011348f69880 Uncommon trap: reason=unstable_if action=reinterpret pc=0x000001137033f858 method=java.lang.String.indexOf(Ljava/lang/String;)I @ 10 c2
Event: 50.505 Thread 0x0000011348f69880 DEOPT PACKING pc=0x000001137033f858 sp=0x0000000ce9efe020
Event: 50.506 Thread 0x0000011348f69880 DEOPT UNPACKING pc=0x000001136fd169a3 sp=0x0000000ce9efdfb0 mode 2
Event: 50.935 Thread 0x0000011348f68440 Uncommon trap: trap_request=0xffffff45 fr.pc=0x000001137045d634 relative=0x00000000000000b4
Event: 50.935 Thread 0x0000011348f68440 Uncommon trap: reason=unstable_if action=reinterpret pc=0x000001137045d634 method=java.net.URI.match(CJJ)Z @ 45 c2
Event: 50.935 Thread 0x0000011348f68440 DEOPT PACKING pc=0x000001137045d634 sp=0x0000000ce9ffb560
Event: 50.935 Thread 0x0000011348f68440 DEOPT UNPACKING pc=0x000001136fd169a3 sp=0x0000000ce9ffb4e8 mode 2
Event: 51.064 Thread 0x0000011348f69d90 DEOPT PACKING pc=0x0000011368a1a9a3 sp=0x0000000ce9df9310
Event: 51.064 Thread 0x0000011348f69d90 DEOPT UNPACKING pc=0x000001136fd17143 sp=0x0000000ce9df8780 mode 0
Event: 52.674 Thread 0x0000011348f69d90 Uncommon trap: trap_request=0xffffff45 fr.pc=0x00000113705cd308 relative=0x0000000000004cc8
Event: 52.674 Thread 0x0000011348f69d90 Uncommon trap: reason=unstable_if action=reinterpret pc=0x00000113705cd308 method=org.springframework.core.annotation.TypeMappedAnnotations$IsPresent.doWithAnnotations(Ljava/lang/Object;ILjava/lang/Object;[Ljava/lang/annotation/Annotation;)Ljava/lang/Bool
Event: 52.674 Thread 0x0000011348f69d90 DEOPT PACKING pc=0x00000113705cd308 sp=0x0000000ce9dfb5f0
Event: 52.674 Thread 0x0000011348f69d90 DEOPT UNPACKING pc=0x000001136fd169a3 sp=0x0000000ce9dfb440 mode 2
Event: 53.163 Thread 0x0000011348f69d90 DEOPT PACKING pc=0x00000113693fb46c sp=0x0000000ce9dfa4b0
Event: 53.163 Thread 0x0000011348f69d90 DEOPT UNPACKING pc=0x000001136fd17143 sp=0x0000000ce9df9970 mode 0
Event: 84.591 Thread 0x0000011348f6c610 Uncommon trap: trap_request=0xffffffcc fr.pc=0x000001137066ea84 relative=0x0000000000000364
Event: 84.591 Thread 0x0000011348f6c610 Uncommon trap: reason=intrinsic_or_type_checked_inlining action=make_not_entrant pc=0x000001137066ea84 method=java.util.Arrays.copyOf([Ljava/lang/Object;ILjava/lang/Class;)[Ljava/lang/Object; @ 35 c2
Event: 84.591 Thread 0x0000011348f6c610 DEOPT PACKING pc=0x000001137066ea84 sp=0x0000000ceb3fdee0
Event: 84.591 Thread 0x0000011348f6c610 DEOPT UNPACKING pc=0x000001136fd169a3 sp=0x0000000ceb3fde70 mode 2

Classes unloaded (0 events):
No events

Classes redefined (0 events):
No events

Internal exceptions (20 events):
Event: 23.550 Thread 0x0000011360c8d690 Exception <a 'java/lang/IncompatibleClassChangeError'{0x000000008629fe60}: Found class java.lang.Object, but interface was expected> (0x000000008629fe60) 
thrown [s\src\hotspot\share\interpreter\linkResolver.cpp, line 826]
Event: 23.853 Thread 0x0000011360c8d690 Exception <a 'java/lang/NoSuchMethodError'{0x0000000085b1e3d0}: 'java.lang.Object java.lang.invoke.DirectMethodHandle$Holder.invokeInterface(java.lang.Object, java.lang.Object, java.lang.Object, java.lang.Object)'> (0x0000000085b1e3d0) 
thrown [s\src\hotspot\share\interpreter\linkResolver.cpp, line 759]
Event: 24.145 Thread 0x0000011360c8d690 Exception <a 'java/lang/IncompatibleClassChangeError'{0x0000000085154c00}: Found class java.lang.Object, but interface was expected> (0x0000000085154c00) 
thrown [s\src\hotspot\share\interpreter\linkResolver.cpp, line 826]
Event: 24.404 Thread 0x0000011360c8d690 Exception <a 'java/lang/NoSuchMethodError'{0x000000008739ac48}: 'void java.lang.invoke.DirectMethodHandle$Holder.invokeVirtual(java.lang.Object, java.lang.Object, long)'> (0x000000008739ac48) 
thrown [s\src\hotspot\share\interpreter\linkResolver.cpp, line 759]
Event: 24.405 Thread 0x0000011360c8d690 Exception <a 'java/lang/NoSuchMethodError'{0x00000000873adb48}: 'void java.lang.invoke.DirectMethodHandle$Holder.invokeVirtual(java.lang.Object, java.lang.Object, float)'> (0x00000000873adb48) 
thrown [s\src\hotspot\share\interpreter\linkResolver.cpp, line 759]
Event: 24.551 Thread 0x0000011360c8d690 Exception <a 'java/lang/IncompatibleClassChangeError'{0x0000000086e366a8}: Found class java.lang.Object, but interface was expected> (0x0000000086e366a8) 
thrown [s\src\hotspot\share\interpreter\linkResolver.cpp, line 826]
Event: 24.583 Thread 0x0000011360c8d690 Exception <a 'java/lang/NoSuchMethodError'{0x0000000086ddf130}: 'java.lang.Object java.lang.invoke.DirectMethodHandle$Holder.newInvokeSpecial(java.lang.Object, java.lang.Object, int, java.lang.Object, java.lang.Object)'> (0x0000000086ddf130) 
thrown [s\src\hotspot\share\interpreter\linkResolver.cpp, line 759]
Event: 24.584 Thread 0x0000011360c8d690 Exception <a 'java/lang/NoSuchMethodError'{0x0000000086dea3c8}: 'java.lang.Object java.lang.invoke.DirectMethodHandle$Holder.invokeSpecial(java.lang.Object, java.lang.Object, int, java.lang.Object, int, java.lang.Object)'> (0x0000000086dea3c8) 
thrown [s\src\hotspot\share\interpreter\linkResolver.cpp, line 759]
Event: 24.585 Thread 0x0000011360c8d690 Exception <a 'java/lang/NoSuchMethodError'{0x0000000086df2140}: 'java.lang.Object java.lang.invoke.DirectMethodHandle$Holder.newInvokeSpecial(java.lang.Object, java.lang.Object, int, java.lang.Object, int)'> (0x0000000086df2140) 
thrown [s\src\hotspot\share\interpreter\linkResolver.cpp, line 759]
Event: 24.585 Thread 0x0000011360c8d690 Exception <a 'java/lang/NoSuchMethodError'{0x0000000086df6240}: 'java.lang.Object java.lang.invoke.DirectMethodHandle$Holder.invokeSpecial(java.lang.Object, java.lang.Object, java.lang.Object, int, java.lang.Object, int)'> (0x0000000086df6240) 
thrown [s\src\hotspot\share\interpreter\linkResolver.cpp, line 759]
Event: 50.384 Thread 0x0000011348f69d90 Exception <a 'java/lang/NoSuchMethodError'{0x00000000867798d8}: 'java.lang.Object java.lang.invoke.DirectMethodHandle$Holder.invokeSpecial(java.lang.Object, java.lang.Object, java.lang.Object, java.lang.Object, java.lang.Object, long)'> (0x00000000867798d8) 
thrown [s\src\hotspot\share\interpreter\linkResolver.cpp, line 759]
Event: 50.384 Thread 0x0000011348f69d90 Exception <a 'java/lang/NoSuchMethodError'{0x000000008677d318}: 'java.lang.Object java.lang.invoke.Invokers$Holder.linkToTargetMethod(java.lang.Object, java.lang.Object, java.lang.Object, long, java.lang.Object)'> (0x000000008677d318) 
thrown [s\src\hotspot\share\interpreter\linkResolver.cpp, line 759]
Event: 50.535 Thread 0x0000011348f69880 Exception <a 'java/lang/NoSuchMethodError'{0x00000000865a66a0}: 'java.lang.Object java.lang.invoke.DirectMethodHandle$Holder.invokeStatic(java.lang.Object, int, int)'> (0x00000000865a66a0) 
thrown [s\src\hotspot\share\interpreter\linkResolver.cpp, line 759]
Event: 50.895 Thread 0x0000011348f69d90 Exception <a 'java/lang/NoSuchMethodError'{0x0000000085e0fa30}: 'void java.lang.invoke.DirectMethodHandle$Holder.invokeSpecialIFC(java.lang.Object, java.lang.Object, int, java.lang.Object, java.lang.Object, java.lang.Object, java.lang.Object)'> (0x0000000085e0fa30) 
thrown [s\src\hotspot\share\interpreter\linkResolver.cpp, line 759]
Event: 53.206 Thread 0x0000011348f6c100 Exception <a 'java/lang/NoSuchMethodError'{0x0000000087212ed8}: 'java.lang.Object java.lang.invoke.Invokers$Holder.linkToTargetMethod(java.lang.Object, int, java.lang.Object, java.lang.Object, java.lang.Object, java.lang.Object)'> (0x0000000087212ed8) 
thrown [s\src\hotspot\share\interpreter\linkResolver.cpp, line 759]
Event: 53.391 Thread 0x0000011348f6c100 Exception <a 'java/lang/NoSuchMethodError'{0x00000000871209f0}: 'java.lang.Object java.lang.invoke.DirectMethodHandle$Holder.newInvokeSpecial(java.lang.Object, java.lang.Object, java.lang.Object, long)'> (0x00000000871209f0) 
thrown [s\src\hotspot\share\interpreter\linkResolver.cpp, line 759]
Event: 53.392 Thread 0x0000011348f6c100 Exception <a 'java/lang/NoSuchMethodError'{0x0000000087124cd0}: 'java.lang.Object java.lang.invoke.DirectMethodHandle$Holder.invokeSpecial(java.lang.Object, java.lang.Object, java.lang.Object, java.lang.Object, long)'> (0x0000000087124cd0) 
thrown [s\src\hotspot\share\interpreter\linkResolver.cpp, line 759]
Event: 53.392 Thread 0x0000011348f6c100 Exception <a 'java/lang/NoSuchMethodError'{0x00000000871286b0}: 'java.lang.Object java.lang.invoke.Invokers$Holder.linkToTargetMethod(java.lang.Object, java.lang.Object, long, java.lang.Object)'> (0x00000000871286b0) 
thrown [s\src\hotspot\share\interpreter\linkResolver.cpp, line 759]
Event: 84.589 Thread 0x0000011348f6c610 Exception <a 'java/lang/NoSuchMethodError'{0x00000000870da2a0}: 'java.lang.Object java.lang.invoke.DirectMethodHandle$Holder.invokeSpecial(java.lang.Object, java.lang.Object, long, int, int, int, int, int, int, int, int, int)'> (0x00000000870da2a0) 
thrown [s\src\hotspot\share\interpreter\linkResolver.cpp, line 759]
Event: 84.589 Thread 0x0000011348f6c610 Exception <a 'java/lang/NoSuchMethodError'{0x00000000870de500}: 'java.lang.Object java.lang.invoke.DelegatingMethodHandle$Holder.reinvoke_L(java.lang.Object, long, int, int, int, int, int, int, int, int, int)'> (0x00000000870de500) 
thrown [s\src\hotspot\share\interpreter\linkResolver.cpp, line 759]

VM Operations (20 events):
Event: 52.720 Executing VM operation: G1CollectForAllocation
Event: 52.732 Executing VM operation: G1CollectForAllocation done
Event: 52.940 Executing VM operation: HandshakeAllThreads
Event: 52.940 Executing VM operation: HandshakeAllThreads done
Event: 53.162 Executing VM operation: HandshakeAllThreads
Event: 53.163 Executing VM operation: HandshakeAllThreads done
Event: 54.171 Executing VM operation: Cleanup
Event: 54.171 Executing VM operation: Cleanup done
Event: 55.180 Executing VM operation: Cleanup
Event: 55.180 Executing VM operation: Cleanup done
Event: 60.109 Executing VM operation: HandshakeAllThreads
Event: 60.109 Executing VM operation: HandshakeAllThreads done
Event: 83.239 Executing VM operation: Cleanup
Event: 83.239 Executing VM operation: Cleanup done
Event: 128.670 Executing VM operation: Cleanup
Event: 128.671 Executing VM operation: Cleanup done
Event: 132.711 Executing VM operation: Cleanup
Event: 132.711 Executing VM operation: Cleanup done
Event: 140.771 Executing VM operation: Cleanup
Event: 140.771 Executing VM operation: Cleanup done

Events (20 events):
Event: 52.793 loading class jdk/internal/reflect/UnsafeBooleanFieldAccessorImpl
Event: 52.797 loading class jdk/internal/reflect/UnsafeBooleanFieldAccessorImpl done
Event: 52.968 loading class java/util/stream/LongStream
Event: 52.977 loading class java/util/stream/LongStream done
Event: 52.977 loading class java/util/stream/DoubleStream
Event: 52.987 loading class java/util/stream/DoubleStream done
Event: 53.394 Thread 0x0000011348f6c610 Thread added: 0x0000011348f6c610
Event: 54.480 Thread 0x0000011348f6d030 Thread added: 0x0000011348f6d030
Event: 54.480 Thread 0x0000011348f6d540 Thread added: 0x0000011348f6d540
Event: 54.480 Thread 0x00000113486df4b0 Thread added: 0x00000113486df4b0
Event: 55.952 Thread 0x00000113486ddb60 Thread added: 0x00000113486ddb60
Event: 60.955 Thread 0x00000113486de070 Thread added: 0x00000113486de070
Event: 65.946 Thread 0x00000113486de580 Thread added: 0x00000113486de580
Event: 112.664 Thread 0x0000011348f67f30 Thread exited: 0x0000011348f67f30
Event: 112.664 Thread 0x0000011348f67000 Thread exited: 0x0000011348f67000
Event: 112.665 Thread 0x0000011348f6e980 Thread exited: 0x0000011348f6e980
Event: 113.408 Thread 0x0000011348f6c100 Thread exited: 0x0000011348f6c100
Event: 114.494 Thread 0x00000113486df4b0 Thread exited: 0x00000113486df4b0
Event: 114.494 Thread 0x0000011348f6d540 Thread exited: 0x0000011348f6d540
Event: 114.494 Thread 0x0000011348f6d030 Thread exited: 0x0000011348f6d030


Dynamic libraries:
0x00007ff6f7080000 - 0x00007ff6f708e000 	C:\Users\longq\.jdks\corretto-17.0.9\bin\java.exe
0x00007ffc8b2b0000 - 0x00007ffc8b4a8000 	C:\WINDOWS\SYSTEM32\ntdll.dll
0x00007ffc8b000000 - 0x00007ffc8b0bd000 	C:\WINDOWS\System32\KERNEL32.DLL
0x00007ffc88990000 - 0x00007ffc88c86000 	C:\WINDOWS\System32\KERNELBASE.dll
0x00007ffc88fc0000 - 0x00007ffc890c0000 	C:\WINDOWS\System32\ucrtbase.dll
0x00007ffc7fec0000 - 0x00007ffc7fedb000 	C:\Users\longq\.jdks\corretto-17.0.9\bin\VCRUNTIME140.dll
0x00007ffc7fea0000 - 0x00007ffc7feb7000 	C:\Users\longq\.jdks\corretto-17.0.9\bin\jli.dll
0x00007ffc8abc0000 - 0x00007ffc8ad5e000 	C:\WINDOWS\System32\USER32.dll
0x00007ffc892b0000 - 0x00007ffc892d2000 	C:\WINDOWS\System32\win32u.dll
0x00007ffc8ab90000 - 0x00007ffc8abbc000 	C:\WINDOWS\System32\GDI32.dll
0x00007ffc88d40000 - 0x00007ffc88e5a000 	C:\WINDOWS\System32\gdi32full.dll
0x00007ffc890c0000 - 0x00007ffc8915d000 	C:\WINDOWS\System32\msvcp_win.dll
0x00007ffc7d3f0000 - 0x00007ffc7d68a000 	C:\WINDOWS\WinSxS\amd64_microsoft.windows.common-controls_6595b64144ccf1df_6.0.19041.3636_none_60b6a03d71f818d5\COMCTL32.dll
0x00007ffc8af60000 - 0x00007ffc8affe000 	C:\WINDOWS\System32\msvcrt.dll
0x00007ffc8a9b0000 - 0x00007ffc8a9e0000 	C:\WINDOWS\System32\IMM32.DLL
0x00007ffc7d850000 - 0x00007ffc7d85c000 	C:\Users\longq\.jdks\corretto-17.0.9\bin\vcruntime140_1.dll
0x00007ffc50770000 - 0x00007ffc507fd000 	C:\Users\longq\.jdks\corretto-17.0.9\bin\msvcp140.dll
0x00007ffc4a8a0000 - 0x00007ffc4b501000 	C:\Users\longq\.jdks\corretto-17.0.9\bin\server\jvm.dll
0x00007ffc89960000 - 0x00007ffc89a0f000 	C:\WINDOWS\System32\ADVAPI32.dll
0x00007ffc898c0000 - 0x00007ffc8995c000 	C:\WINDOWS\System32\sechost.dll
0x00007ffc8adc0000 - 0x00007ffc8aee6000 	C:\WINDOWS\System32\RPCRT4.dll
0x00007ffc88590000 - 0x00007ffc885db000 	C:\WINDOWS\SYSTEM32\POWRPROF.dll
0x00007ffc83660000 - 0x00007ffc83669000 	C:\WINDOWS\SYSTEM32\WSOCK32.dll
0x00007ffc8aa70000 - 0x00007ffc8aadb000 	C:\WINDOWS\System32\WS2_32.dll
0x00007ffc839a0000 - 0x00007ffc839c7000 	C:\WINDOWS\SYSTEM32\WINMM.dll
0x00007ffc825a0000 - 0x00007ffc825aa000 	C:\WINDOWS\SYSTEM32\VERSION.dll
0x00007ffc88010000 - 0x00007ffc88022000 	C:\WINDOWS\SYSTEM32\UMPDC.dll
0x00007ffc86b30000 - 0x00007ffc86b42000 	C:\WINDOWS\SYSTEM32\kernel.appcore.dll
0x00007ffc7d3b0000 - 0x00007ffc7d3ba000 	C:\Users\longq\.jdks\corretto-17.0.9\bin\jimage.dll
0x00007ffc883a0000 - 0x00007ffc88584000 	C:\WINDOWS\SYSTEM32\DBGHELP.DLL
0x00007ffc88140000 - 0x00007ffc88174000 	C:\WINDOWS\SYSTEM32\dbgcore.DLL
0x00007ffc89220000 - 0x00007ffc892a2000 	C:\WINDOWS\System32\bcryptPrimitives.dll
0x00007ffc86a50000 - 0x00007ffc86a5e000 	C:\Users\longq\.jdks\corretto-17.0.9\bin\instrument.dll
0x00007ffc7cac0000 - 0x00007ffc7cae5000 	C:\Users\longq\.jdks\corretto-17.0.9\bin\java.dll
0x00007ffc4f560000 - 0x00007ffc4f637000 	C:\Users\longq\.jdks\corretto-17.0.9\bin\jsvml.dll
0x00007ffc89f70000 - 0x00007ffc8a6b5000 	C:\WINDOWS\System32\SHELL32.dll
0x00007ffc85cf0000 - 0x00007ffc8648b000 	C:\WINDOWS\SYSTEM32\windows.storage.dll
0x00007ffc89a10000 - 0x00007ffc89d64000 	C:\WINDOWS\System32\combase.dll
0x00007ffc87c20000 - 0x00007ffc87c4d000 	C:\WINDOWS\SYSTEM32\Wldp.dll
0x00007ffc89380000 - 0x00007ffc8942d000 	C:\WINDOWS\System32\SHCORE.dll
0x00007ffc8ad60000 - 0x00007ffc8adb5000 	C:\WINDOWS\System32\shlwapi.dll
0x00007ffc888c0000 - 0x00007ffc888e5000 	C:\WINDOWS\SYSTEM32\profapi.dll
0x00007ffc68b30000 - 0x00007ffc68b48000 	C:\Users\longq\.jdks\corretto-17.0.9\bin\zip.dll
0x00007ffc69860000 - 0x00007ffc69879000 	C:\Users\longq\.jdks\corretto-17.0.9\bin\net.dll
0x00007ffc80ea0000 - 0x00007ffc80faa000 	C:\WINDOWS\SYSTEM32\WINHTTP.dll
0x00007ffc87970000 - 0x00007ffc879da000 	C:\WINDOWS\system32\mswsock.dll
0x00007ffc69780000 - 0x00007ffc69796000 	C:\Users\longq\.jdks\corretto-17.0.9\bin\nio.dll
0x00007ffc63160000 - 0x00007ffc6317a000 	D:\Program Files\JetBrains\IntelliJ IDEA Community Edition 2023.3\bin\breakgen64.dll
0x00007ffc753d0000 - 0x00007ffc753de000 	C:\Users\longq\.jdks\corretto-17.0.9\bin\sunmscapi.dll
0x00007ffc88e60000 - 0x00007ffc88fbd000 	C:\WINDOWS\System32\CRYPT32.dll
0x00007ffc87fc0000 - 0x00007ffc87fe7000 	C:\WINDOWS\SYSTEM32\ncrypt.dll
0x00007ffc87ca0000 - 0x00007ffc87cdb000 	C:\WINDOWS\SYSTEM32\NTASN1.dll
0x00007ffc7a560000 - 0x00007ffc7a570000 	C:\Users\longq\.jdks\corretto-17.0.9\bin\verify.dll
0x00007ffc88700000 - 0x00007ffc88718000 	C:\WINDOWS\SYSTEM32\CRYPTSP.dll
0x00007ffc87380000 - 0x00007ffc873b4000 	C:\WINDOWS\system32\rsaenh.dll
0x00007ffc892e0000 - 0x00007ffc89307000 	C:\WINDOWS\System32\bcrypt.dll
0x00007ffc88880000 - 0x00007ffc888ae000 	C:\WINDOWS\SYSTEM32\USERENV.dll
0x00007ffc87b70000 - 0x00007ffc87b7c000 	C:\WINDOWS\SYSTEM32\CRYPTBASE.dll
0x00007ffc87b10000 - 0x00007ffc87b4b000 	C:\WINDOWS\SYSTEM32\IPHLPAPI.DLL
0x00007ffc89370000 - 0x00007ffc89378000 	C:\WINDOWS\System32\NSI.dll
0x00007ffc818a0000 - 0x00007ffc818b7000 	C:\WINDOWS\SYSTEM32\dhcpcsvc6.DLL
0x00007ffc81880000 - 0x00007ffc8189d000 	C:\WINDOWS\SYSTEM32\dhcpcsvc.DLL
0x00007ffc876e0000 - 0x00007ffc877aa000 	C:\WINDOWS\SYSTEM32\DNSAPI.dll
0x00007ffc80470000 - 0x00007ffc80479000 	C:\Users\longq\.jdks\corretto-17.0.9\bin\management.dll
0x00007ffc75810000 - 0x00007ffc7581b000 	C:\Users\longq\.jdks\corretto-17.0.9\bin\management_ext.dll
0x00007ffc8a8c0000 - 0x00007ffc8a8c8000 	C:\WINDOWS\System32\PSAPI.DLL
0x00007ffc87f30000 - 0x00007ffc87f37000 	C:\WINDOWS\system32\wshunix.dll

dbghelp: loaded successfully - version: 4.0.5 - missing functions: none
symbol engine: initialized successfully - sym options: 0x614 - pdb path: .;C:\Users\longq\.jdks\corretto-17.0.9\bin;C:\WINDOWS\SYSTEM32;C:\WINDOWS\WinSxS\amd64_microsoft.windows.common-controls_6595b64144ccf1df_6.0.19041.3636_none_60b6a03d71f818d5;C:\Users\longq\.jdks\corretto-17.0.9\bin\server;D:\Program Files\JetBrains\IntelliJ IDEA Community Edition 2023.3\bin

VM Arguments:
jvm_args: -javaagent:D:\Program Files\JetBrains\IntelliJ IDEA Community Edition 2023.3\lib\idea_rt.jar=62469:D:\Program Files\JetBrains\IntelliJ IDEA Community Edition 2023.3\bin -Dfile.encoding=UTF-8 
java_command: id.longquoc.messenger.MessengerApplication
java_class_path (initial): D:\LearningCode\Java\messenger\server\target\classes;C:\Users\longq\.m2\repository\org\mapstruct\mapstruct\1.4.2.Final\mapstruct-1.4.2.Final.jar;C:\Users\longq\.m2\repository\io\github\mihaita-tinta\webauthn-spring-boot-starter\0.1.0-RELEASE\webauthn-spring-boot-starter-0.1.0-RELEASE.jar;C:\Users\longq\.m2\repository\com\yubico\webauthn-server-core\1.7.0\webauthn-server-core-1.7.0.jar;C:\Users\longq\.m2\repository\com\augustcellars\cose\cose-java\1.1.0\cose-java-1.1.0.jar;C:\Users\longq\.m2\repository\net\i2p\crypto\eddsa\0.3.0\eddsa-0.3.0.jar;C:\Users\longq\.m2\repository\com\google\guava\guava\29.0-jre\guava-29.0-jre.jar;C:\Users\longq\.m2\repository\com\google\guava\failureaccess\1.0.1\failureaccess-1.0.1.jar;C:\Users\longq\.m2\repository\com\google\guava\listenablefuture\9999.0-empty-to-avoid-conflict-with-guava\listenablefuture-9999.0-empty-to-avoid-conflict-with-guava.jar;C:\Users\longq\.m2\repository\org\checkerframework\checker-qual\2.11.1\checker-qual-2.11.1.jar;C:\Users\longq\.m2\repository\com\google\errorprone\error_prone_annotations\2.3.4\error_prone_annotations-2.3.4.jar;C:\Users\longq\.m2\repository\com\google\j2objc\j2objc-annotations\1.3\j2objc-annotations-1.3.jar;C:\Users\longq\.m2\repository\com\upokecenter\cbor\5.0.0-alpha1\cbor-5.0.0-alpha1.jar;C:\Users\longq\.m2\repository\com\github\peteroupc\numbers\1.8.2\numbers-1.8.2.jar;C:\Users\longq\.m2\repository\com\github\peteroupc\datautilities\1.1.0\datautilities-1.1.0.jar;C:\Users\longq\.m2\repository\org\bouncycastle\bcprov-jdk15on\1.70\bcprov-jdk15on-1.70.jar;C:\Users\longq\.m2\repository\com\yubico\yubico-util\1.7.0\yubico-util-1.7.0.jar;C:\Users\longq\.m2\repository\com\fasterxml\jackson\dataformat\jackson-dataformat-cbor\2.15.3\jackson-dataformat-cbor-2.15.3.jar;C:\Users\longq\.m2\repository\com\fasterxml\jackson\datatype\jackson-datatype-jdk8\2.15.3\jackson-datatype-jdk8-2.15.3.jar;C:\Users\longq\.m2\repository\org\springframework\boot\spring-boot-starter-data-jpa
Launcher Type: SUN_STANDARD

[Global flags]
     intx CICompilerCount                          = 4                                         {product} {ergonomic}
     uint ConcGCThreads                            = 2                                         {product} {ergonomic}
     uint G1ConcRefinementThreads                  = 8                                         {product} {ergonomic}
   size_t G1HeapRegionSize                         = 1048576                                   {product} {ergonomic}
    uintx GCDrainStackTargetSize                   = 64                                        {product} {ergonomic}
   size_t InitialHeapSize                          = 134217728                                 {product} {ergonomic}
   size_t MarkStackSize                            = 4194304                                   {product} {ergonomic}
   size_t MaxHeapSize                              = 2120220672                                {product} {ergonomic}
   size_t MaxNewSize                               = 1271922688                                {product} {ergonomic}
   size_t MinHeapDeltaBytes                        = 1048576                                   {product} {ergonomic}
   size_t MinHeapSize                              = 8388608                                   {product} {ergonomic}
    uintx NonNMethodCodeHeapSize                   = 5839372                                {pd product} {ergonomic}
    uintx NonProfiledCodeHeapSize                  = 122909434                              {pd product} {ergonomic}
    uintx ProfiledCodeHeapSize                     = 122909434                              {pd product} {ergonomic}
    uintx ReservedCodeCacheSize                    = 251658240                              {pd product} {ergonomic}
     bool SegmentedCodeCache                       = true                                      {product} {ergonomic}
   size_t SoftMaxHeapSize                          = 2120220672                             {manageable} {ergonomic}
     bool UseCompressedClassPointers               = true                           {product lp64_product} {ergonomic}
     bool UseCompressedOops                        = true                           {product lp64_product} {ergonomic}
     bool UseG1GC                                  = true                                      {product} {ergonomic}
     bool UseLargePagesIndividualAllocation        = false                                  {pd product} {ergonomic}

Logging:
Log output configuration:
 #0: stdout all=warning uptime,level,tags
 #1: stderr all=off uptime,level,tags

Environment Variables:
PATH=C:\WINDOWS\system32;C:\WINDOWS;C:\WINDOWS\System32\Wbem;C:\WINDOWS\System32\WindowsPowerShell\v1.0\;C:\WINDOWS\System32\OpenSSH\;C:\Program Files\nodejs\;C:\Program Files\Docker\Docker\resources\bin;C:\Program Files\Git\cmd;C:\Program Files\Cloudflare\Cloudflare WARP\;C:\Users\longq\AppData\Local\Microsoft\WindowsApps;;D:\Program Files\JetBrains\IntelliJ IDEA Community Edition 2023.3\bin;;D:\Program Files\Microsoft VS Code\bin;C:\Users\longq\AppData\Roaming\npm;C:\Users\longq\AppData\Local\spicetify
USERNAME=longq
OS=Windows_NT
PROCESSOR_IDENTIFIER=Intel64 Family 6 Model 142 Stepping 10, GenuineIntel
TMP=C:\Users\longq\AppData\Local\Temp
TEMP=C:\Users\longq\AppData\Local\Temp



Periodic native trim disabled


---------------  S Y S T E M  ---------------

OS:
 Windows 10 , 64 bit Build 19041 (10.0.19041.3636)
OS uptime: 1 days 23:47 hours
Hyper-V role detected

CPU: total 8 (initial active 8) (4 cores per cpu, 2 threads per core) family 6 model 142 stepping 10 microcode 0xf0, cx8, cmov, fxsr, ht, mmx, 3dnowpref, sse, sse2, sse3, ssse3, sse4.1, sse4.2, popcnt, lzcnt, tsc, tscinvbit, avx, avx2, aes, erms, clmul, bmi1, bmi2, adx, fma, vzeroupper, clflush, clflushopt, hv
Processor Information for all 8 processors :
  Max Mhz: 1800, Current Mhz: 1600, Mhz Limit: 1584

Memory: 4k page, system-wide physical 8086M (395M free)
TotalPageFile size 20540M (AvailPageFile size 1M)
current process WorkingSet (physical memory assigned to process): 113M, peak: 305M
current process commit charge ("private bytes"): 328M, peak: 351M

vm_info: OpenJDK 64-Bit Server VM (17.0.9+8-LTS) for windows-amd64 JRE (17.0.9+8-LTS), built on Oct 12 2023 16:15:33 by "Administrator" with MS VC++ 16.10 / 16.11 (VS2019)

END.
