#
# There is insufficient memory for the Java Runtime Environment to continue.
# Native memory allocation (malloc) failed to allocate 1083056 bytes for Chunk::new
# Possible reasons:
#   The system is out of physical RAM or swap space
#   The process is running with CompressedOops enabled, and the Java Heap may be blocking the growth of the native heap
# Possible solutions:
#   Reduce memory load on the system
#   Increase physical memory or swap space
#   Check if swap backing store is full
#   Decrease Java heap size (-Xmx/-Xms)
#   Decrease number of Java threads
#   Decrease Java thread stack sizes (-Xss)
#   Set larger code cache with -XX:ReservedCodeCacheSize=
#   JVM is running with Unscaled Compressed Oops mode in which the Java heap is
#     placed in the first 4GB address space. The Java Heap base address is the
#     maximum limit for the native heap growth. Please use -XX:HeapBaseMinAddress
#     to set the Java Heap base and to place the Java Heap above 4GB virtual address.
# This output file may be truncated or incomplete.
#
#  Out of Memory Error (arena.cpp:191), pid=8508, tid=16564
#
# JRE version: OpenJDK Runtime Environment Corretto-17.0.9.8.1 (17.0.9+8) (build 17.0.9+8-LTS)
# Java VM: OpenJDK 64-Bit Server VM Corretto-17.0.9.8.1 (17.0.9+8-LTS, mixed mode, sharing, tiered, compressed oops, compressed class ptrs, g1 gc, windows-amd64)
# No core dump will be written. Minidumps are not enabled by default on client versions of Windows
#

---------------  S U M M A R Y ------------

Command Line: -javaagent:D:\Program Files\JetBrains\IntelliJ IDEA Community Edition 2023.3\lib\idea_rt.jar=60271:D:\Program Files\JetBrains\IntelliJ IDEA Community Edition 2023.3\bin -Dfile.encoding=UTF-8 id.longquoc.messenger.MessengerApplication

Host: Intel(R) Core(TM) i5-8250U CPU @ 1.60GHz, 8 cores, 7G,  Windows 10 , 64 bit Build 19041 (10.0.19041.3636)
Time: Fri Jan  5 15:19:30 2024 SE Asia Standard Time elapsed time: 28.640019 seconds (0d 0h 0m 28s)

---------------  T H R E A D  ---------------

Current thread (0x000002529b2305b0):  JavaThread "C2 CompilerThread1" daemon [_thread_in_native, id=16564, stack(0x000000cbc3000000,0x000000cbc3100000)]


Current CompileTask:
C2:  28641 4067       4       org.springframework.core.annotation.AnnotationsScanner::getDeclaredAnnotations (166 bytes)

Stack: [0x000000cbc3000000,0x000000cbc3100000]
Native frames: (J=compiled Java code, j=interpreted, Vv=VM code, C=native code)
V  [jvm.dll+0x67cb49]
V  [jvm.dll+0x8344da]
V  [jvm.dll+0x835f9e]
V  [jvm.dll+0x836603]
V  [jvm.dll+0x247b5f]
V  [jvm.dll+0xac43c]
V  [jvm.dll+0xaca8c]
V  [jvm.dll+0x2af07f]
V  [jvm.dll+0x585037]
V  [jvm.dll+0x222bb2]
V  [jvm.dll+0x222f9f]
V  [jvm.dll+0x21c0c6]
V  [jvm.dll+0x219511]
V  [jvm.dll+0x1a56cd]
V  [jvm.dll+0x2293ee]
V  [jvm.dll+0x2275bc]
V  [jvm.dll+0x7e95a7]
V  [jvm.dll+0x7e396a]
V  [jvm.dll+0x67ba35]
C  [ucrtbase.dll+0x21bb2]
C  [KERNEL32.DLL+0x17344]
C  [ntdll.dll+0x526b1]


---------------  P R O C E S S  ---------------

Threads class SMR info:
_java_thread_list=0x000002529a0c6d90, length=14, elements={
0x0000025233c52870, 0x0000025253f84ca0, 0x0000025253f85a30, 0x0000025253f93ba0,
0x0000025253f94670, 0x0000025253f94f40, 0x0000025253f97830, 0x0000025253f98430,
0x0000025253f9f210, 0x0000025253fa3020, 0x0000025253f6f290, 0x00000252994fe1f0,
0x00000252994fe6d0, 0x000002529b2305b0
}

Java Threads: ( => current thread )
  0x0000025233c52870 JavaThread "main" [_thread_in_Java, id=18360, stack(0x000000cbc1300000,0x000000cbc1400000)]
  0x0000025253f84ca0 JavaThread "Reference Handler" daemon [_thread_blocked, id=27748, stack(0x000000cbc1a00000,0x000000cbc1b00000)]
  0x0000025253f85a30 JavaThread "Finalizer" daemon [_thread_blocked, id=8608, stack(0x000000cbc1b00000,0x000000cbc1c00000)]
  0x0000025253f93ba0 JavaThread "Signal Dispatcher" daemon [_thread_blocked, id=32192, stack(0x000000cbc1c00000,0x000000cbc1d00000)]
  0x0000025253f94670 JavaThread "Attach Listener" daemon [_thread_blocked, id=10208, stack(0x000000cbc1d00000,0x000000cbc1e00000)]
  0x0000025253f94f40 JavaThread "Service Thread" daemon [_thread_blocked, id=31800, stack(0x000000cbc1e00000,0x000000cbc1f00000)]
  0x0000025253f97830 JavaThread "Monitor Deflation Thread" daemon [_thread_blocked, id=24820, stack(0x000000cbc1f00000,0x000000cbc2000000)]
  0x0000025253f98430 JavaThread "C2 CompilerThread0" daemon [_thread_in_native, id=5948, stack(0x000000cbc2000000,0x000000cbc2100000)]
  0x0000025253f9f210 JavaThread "C1 CompilerThread0" daemon [_thread_blocked, id=30200, stack(0x000000cbc2100000,0x000000cbc2200000)]
  0x0000025253fa3020 JavaThread "Sweeper thread" daemon [_thread_blocked, id=424, stack(0x000000cbc2200000,0x000000cbc2300000)]
  0x0000025253f6f290 JavaThread "Common-Cleaner" daemon [_thread_blocked, id=11008, stack(0x000000cbc2300000,0x000000cbc2400000)]
  0x00000252994fe1f0 JavaThread "Monitor Ctrl-Break" daemon [_thread_in_native, id=30060, stack(0x000000cbc2400000,0x000000cbc2500000)]
  0x00000252994fe6d0 JavaThread "Notification Thread" daemon [_thread_blocked, id=24348, stack(0x000000cbc2500000,0x000000cbc2600000)]
=>0x000002529b2305b0 JavaThread "C2 CompilerThread1" daemon [_thread_in_native, id=16564, stack(0x000000cbc3000000,0x000000cbc3100000)]

Other Threads:
  0x0000025253f7e170 VMThread "VM Thread" [stack: 0x000000cbc1900000,0x000000cbc1a00000] [id=6596]
  0x00000252994febb0 WatcherThread [stack: 0x000000cbc2600000,0x000000cbc2700000] [id=31572]
  0x0000025233cad600 GCTaskThread "GC Thread#0" [stack: 0x000000cbc1400000,0x000000cbc1500000] [id=30104]
  0x000002529a7dfab0 GCTaskThread "GC Thread#1" [stack: 0x000000cbc2700000,0x000000cbc2800000] [id=19272]
  0x000002529a7dfd70 GCTaskThread "GC Thread#2" [stack: 0x000000cbc2800000,0x000000cbc2900000] [id=23416]
  0x000002529a08f510 GCTaskThread "GC Thread#3" [stack: 0x000000cbc2900000,0x000000cbc2a00000] [id=10580]
  0x000002529a08f7d0 GCTaskThread "GC Thread#4" [stack: 0x000000cbc2a00000,0x000000cbc2b00000] [id=11044]
  0x000002529a08fa90 GCTaskThread "GC Thread#5" [stack: 0x000000cbc2b00000,0x000000cbc2c00000] [id=26932]
  0x000002529a08fd50 GCTaskThread "GC Thread#6" [stack: 0x000000cbc2c00000,0x000000cbc2d00000] [id=28408]
  0x000002529a5c6ef0 GCTaskThread "GC Thread#7" [stack: 0x000000cbc2d00000,0x000000cbc2e00000] [id=25604]
  0x0000025233bedef0 ConcurrentGCThread "G1 Main Marker" [stack: 0x000000cbc1500000,0x000000cbc1600000] [id=636]
  0x0000025233cbb1f0 ConcurrentGCThread "G1 Conc#0" [stack: 0x000000cbc1600000,0x000000cbc1700000] [id=10680]
  0x0000025299b4a030 ConcurrentGCThread "G1 Conc#1" [stack: 0x000000cbc2f00000,0x000000cbc3000000] [id=27980]
  0x0000025253e364f0 ConcurrentGCThread "G1 Refine#0" [stack: 0x000000cbc1700000,0x000000cbc1800000] [id=36700]
  0x0000025253e36e30 ConcurrentGCThread "G1 Service" [stack: 0x000000cbc1800000,0x000000cbc1900000] [id=17132]

Threads with active compile tasks:
C2 CompilerThread0    28743 4092       4       org.springframework.beans.factory.support.AbstractBeanFactory::isTypeMatch (619 bytes)
C2 CompilerThread1    28743 4067       4       org.springframework.core.annotation.AnnotationsScanner::getDeclaredAnnotations (166 bytes)

VM state: not at safepoint (normal execution)

VM Mutex/Monitor currently owned by a thread: None

Heap address: 0x0000000081a00000, size: 2022 MB, Compressed Oops mode: 32-bit

CDS archive(s) mapped at: [0x0000025254000000-0x0000025254ba0000-0x0000025254ba0000), size 12189696, SharedBaseAddress: 0x0000025254000000, ArchiveRelocationMode: 1.
Compressed class space mapped at: 0x0000025255000000-0x0000025295000000, reserved size: 1073741824
Narrow klass base: 0x0000025254000000, Narrow klass shift: 0, Narrow klass range: 0x100000000

GC Precious Log:
 CPUs: 8 total, 8 available
 Memory: 8086M
 Large Page Support: Disabled
 NUMA Support: Disabled
 Compressed Oops: Enabled (32-bit)
 Heap Region Size: 1M
 Heap Min Capacity: 8M
 Heap Initial Capacity: 128M
 Heap Max Capacity: 2022M
 Pre-touch: Disabled
 Parallel Workers: 8
 Concurrent Workers: 2
 Concurrent Refinement Workers: 8
 Periodic GC: Disabled

Heap:
 garbage-first heap   total 55296K, used 25715K [0x0000000081a00000, 0x0000000100000000)
  region size 1024K, 8 young (8192K), 3 survivors (3072K)
 Metaspace       used 32956K, committed 33344K, reserved 1114112K
  class space    used 4401K, committed 4608K, reserved 1048576K

Heap Regions: E=young(eden), S=young(survivor), O=old, HS=humongous(starts), HC=humongous(continues), CS=collection set, F=free, OA=open archive, CA=closed archive, TAMS=top-at-mark-start (previous, next)
|   0|0x0000000081a00000, 0x0000000081b00000, 0x0000000081b00000|100%| O|  |TAMS 0x0000000081b00000, 0x0000000081a00000| Untracked 
|   1|0x0000000081b00000, 0x0000000081c00000, 0x0000000081c00000|100%|HS|  |TAMS 0x0000000081c00000, 0x0000000081b00000| Complete 
|   2|0x0000000081c00000, 0x0000000081d00000, 0x0000000081d00000|100%| O|  |TAMS 0x0000000081d00000, 0x0000000081c00000| Untracked 
|   3|0x0000000081d00000, 0x0000000081e00000, 0x0000000081e00000|100%| O|  |TAMS 0x0000000081e00000, 0x0000000081d00000| Untracked 
|   4|0x0000000081e00000, 0x0000000081f00000, 0x0000000081f00000|100%| O|  |TAMS 0x0000000081f00000, 0x0000000081e00000| Untracked 
|   5|0x0000000081f00000, 0x0000000082000000, 0x0000000082000000|100%| O|  |TAMS 0x0000000082000000, 0x0000000081f00000| Untracked 
|   6|0x0000000082000000, 0x0000000082100000, 0x0000000082100000|100%| O|  |TAMS 0x0000000082100000, 0x0000000082000000| Untracked 
|   7|0x0000000082100000, 0x0000000082200000, 0x0000000082200000|100%| O|  |TAMS 0x0000000082200000, 0x0000000082100000| Untracked 
|   8|0x0000000082200000, 0x0000000082300000, 0x0000000082300000|100%| O|  |TAMS 0x0000000082300000, 0x0000000082200000| Untracked 
|   9|0x0000000082300000, 0x00000000823d4800, 0x0000000082400000| 83%| O|  |TAMS 0x00000000823d4800, 0x0000000082300000| Untracked 
|  10|0x0000000082400000, 0x0000000082500000, 0x0000000082500000|100%| O|  |TAMS 0x0000000082400000, 0x0000000082400000| Untracked 
|  11|0x0000000082500000, 0x0000000082600000, 0x0000000082600000|100%| O|  |TAMS 0x0000000082500000, 0x0000000082500000| Untracked 
|  12|0x0000000082600000, 0x0000000082700000, 0x0000000082700000|100%| O|  |TAMS 0x0000000082600000, 0x0000000082600000| Untracked 
|  13|0x0000000082700000, 0x0000000082800000, 0x0000000082800000|100%| O|  |TAMS 0x0000000082700000, 0x0000000082700000| Untracked 
|  14|0x0000000082800000, 0x0000000082900000, 0x0000000082900000|100%| O|  |TAMS 0x0000000082800000, 0x0000000082800000| Untracked 
|  15|0x0000000082900000, 0x0000000082a00000, 0x0000000082a00000|100%| O|  |TAMS 0x0000000082900000, 0x0000000082900000| Untracked 
|  16|0x0000000082a00000, 0x0000000082b00000, 0x0000000082b00000|100%| O|  |TAMS 0x0000000082a00000, 0x0000000082a00000| Untracked 
|  17|0x0000000082b00000, 0x0000000082c00000, 0x0000000082c00000|100%| O|  |TAMS 0x0000000082b00000, 0x0000000082b00000| Untracked 
|  18|0x0000000082c00000, 0x0000000082c77e00, 0x0000000082d00000| 46%| O|  |TAMS 0x0000000082c00000, 0x0000000082c00000| Untracked 
|  19|0x0000000082d00000, 0x0000000082d00000, 0x0000000082e00000|  0%| F|  |TAMS 0x0000000082d00000, 0x0000000082d00000| Untracked 
|  20|0x0000000082e00000, 0x0000000082e00000, 0x0000000082f00000|  0%| F|  |TAMS 0x0000000082e00000, 0x0000000082e00000| Untracked 
|  21|0x0000000082f00000, 0x0000000082f00000, 0x0000000083000000|  0%| F|  |TAMS 0x0000000082f00000, 0x0000000082f00000| Untracked 
|  22|0x0000000083000000, 0x0000000083000000, 0x0000000083100000|  0%| F|  |TAMS 0x0000000083000000, 0x0000000083000000| Untracked 
|  23|0x0000000083100000, 0x0000000083100000, 0x0000000083200000|  0%| F|  |TAMS 0x0000000083100000, 0x0000000083100000| Untracked 
|  24|0x0000000083200000, 0x0000000083200000, 0x0000000083300000|  0%| F|  |TAMS 0x0000000083200000, 0x0000000083200000| Untracked 
|  25|0x0000000083300000, 0x0000000083300000, 0x0000000083400000|  0%| F|  |TAMS 0x0000000083300000, 0x0000000083300000| Untracked 
|  26|0x0000000083400000, 0x0000000083400000, 0x0000000083500000|  0%| F|  |TAMS 0x0000000083400000, 0x0000000083400000| Untracked 
|  27|0x0000000083500000, 0x0000000083500000, 0x0000000083600000|  0%| F|  |TAMS 0x0000000083500000, 0x0000000083500000| Untracked 
|  28|0x0000000083600000, 0x0000000083600000, 0x0000000083700000|  0%| F|  |TAMS 0x0000000083600000, 0x0000000083600000| Untracked 
|  29|0x0000000083700000, 0x0000000083700000, 0x0000000083800000|  0%| F|  |TAMS 0x0000000083700000, 0x0000000083700000| Untracked 
|  30|0x0000000083800000, 0x00000000838d0780, 0x0000000083900000| 81%| S|CS|TAMS 0x0000000083800000, 0x0000000083800000| Complete 
|  31|0x0000000083900000, 0x0000000083900000, 0x0000000083a00000|  0%| F|  |TAMS 0x0000000083900000, 0x0000000083900000| Untracked 
|  32|0x0000000083a00000, 0x0000000083a00000, 0x0000000083b00000|  0%| F|  |TAMS 0x0000000083a00000, 0x0000000083a00000| Untracked 
|  33|0x0000000083b00000, 0x0000000083b00000, 0x0000000083c00000|  0%| F|  |TAMS 0x0000000083b00000, 0x0000000083b00000| Untracked 
|  34|0x0000000083c00000, 0x0000000083d00000, 0x0000000083d00000|100%| S|CS|TAMS 0x0000000083c00000, 0x0000000083c00000| Complete 
|  35|0x0000000083d00000, 0x0000000083e00000, 0x0000000083e00000|100%| S|CS|TAMS 0x0000000083d00000, 0x0000000083d00000| Complete 
|  36|0x0000000083e00000, 0x0000000083e00000, 0x0000000083f00000|  0%| F|  |TAMS 0x0000000083e00000, 0x0000000083e00000| Untracked 
|  37|0x0000000083f00000, 0x0000000083f00000, 0x0000000084000000|  0%| F|  |TAMS 0x0000000083f00000, 0x0000000083f00000| Untracked 
|  38|0x0000000084000000, 0x0000000084000000, 0x0000000084100000|  0%| F|  |TAMS 0x0000000084000000, 0x0000000084000000| Untracked 
|  39|0x0000000084100000, 0x0000000084100000, 0x0000000084200000|  0%| F|  |TAMS 0x0000000084100000, 0x0000000084100000| Untracked 
|  40|0x0000000084200000, 0x0000000084200000, 0x0000000084300000|  0%| F|  |TAMS 0x0000000084200000, 0x0000000084200000| Untracked 
|  41|0x0000000084300000, 0x0000000084300000, 0x0000000084400000|  0%| F|  |TAMS 0x0000000084300000, 0x0000000084300000| Untracked 
|  42|0x0000000084400000, 0x0000000084400000, 0x0000000084500000|  0%| F|  |TAMS 0x0000000084400000, 0x0000000084400000| Untracked 
|  43|0x0000000084500000, 0x0000000084500000, 0x0000000084600000|  0%| F|  |TAMS 0x0000000084500000, 0x0000000084500000| Untracked 
|  44|0x0000000084600000, 0x0000000084600000, 0x0000000084700000|  0%| F|  |TAMS 0x0000000084600000, 0x0000000084600000| Untracked 
|  45|0x0000000084700000, 0x0000000084700000, 0x0000000084800000|  0%| F|  |TAMS 0x0000000084700000, 0x0000000084700000| Untracked 
|  46|0x0000000084800000, 0x0000000084800000, 0x0000000084900000|  0%| F|  |TAMS 0x0000000084800000, 0x0000000084800000| Untracked 
|  47|0x0000000084900000, 0x0000000084900000, 0x0000000084a00000|  0%| F|  |TAMS 0x0000000084900000, 0x0000000084900000| Untracked 
|  73|0x0000000086300000, 0x0000000086300000, 0x0000000086400000|  0%| F|  |TAMS 0x0000000086300000, 0x0000000086300000| Untracked 
|  74|0x0000000086400000, 0x00000000864572c0, 0x0000000086500000| 34%| E|  |TAMS 0x0000000086400000, 0x0000000086400000| Complete 
|  75|0x0000000086500000, 0x0000000086600000, 0x0000000086600000|100%| E|CS|TAMS 0x0000000086500000, 0x0000000086500000| Complete 
|  76|0x0000000086600000, 0x0000000086700000, 0x0000000086700000|100%| E|CS|TAMS 0x0000000086600000, 0x0000000086600000| Complete 
|  77|0x0000000086700000, 0x0000000086800000, 0x0000000086800000|100%| E|CS|TAMS 0x0000000086700000, 0x0000000086700000| Complete 
| 127|0x0000000089900000, 0x0000000089a00000, 0x0000000089a00000|100%| E|CS|TAMS 0x0000000089900000, 0x0000000089900000| Complete 

Card table byte_map: [0x000002524cd90000,0x000002524d190000] _byte_map_base: 0x000002524c983000

Marking Bits (Prev, Next): (CMBitMap*) 0x0000025233caeb80, (CMBitMap*) 0x0000025233caeb40
 Prev Bits: [0x000002524f530000, 0x00000252514c8000)
 Next Bits: [0x000002524d590000, 0x000002524f528000)

Polling page: 0x0000025233d00000

Metaspace:

Usage:
  Non-class:     27.89 MB used.
      Class:      4.30 MB used.
       Both:     32.18 MB used.

Virtual space:
  Non-class space:       64.00 MB reserved,      28.06 MB ( 44%) committed,  1 nodes.
      Class space:        1.00 GB reserved,       4.50 MB ( <1%) committed,  1 nodes.
             Both:        1.06 GB reserved,      32.56 MB (  3%) committed. 

Chunk freelists:
   Non-Class:  3.06 MB
       Class:  11.42 MB
        Both:  14.48 MB

MaxMetaspaceSize: unlimited
CompressedClassSpaceSize: 1.00 GB
Initial GC threshold: 21.00 MB
Current GC threshold: 35.12 MB
CDS: on
MetaspaceReclaimPolicy: balanced
 - commit_granule_bytes: 65536.
 - commit_granule_words: 8192.
 - virtual_space_node_default_size: 8388608.
 - enlarge_chunks_in_place: 1.
 - new_chunks_are_fully_committed: 0.
 - uncommit_free_chunks: 1.
 - use_allocation_guard: 0.
 - handle_deallocations: 1.


Internal statistics:

num_allocs_failed_limit: 3.
num_arena_births: 470.
num_arena_deaths: 0.
num_vsnodes_births: 2.
num_vsnodes_deaths: 0.
num_space_committed: 521.
num_space_uncommitted: 0.
num_chunks_returned_to_freelist: 3.
num_chunks_taken_from_freelist: 1666.
num_chunk_merges: 3.
num_chunk_splits: 1172.
num_chunks_enlarged: 886.
num_inconsistent_stats: 0.

CodeHeap 'non-profiled nmethods': size=120000Kb used=2403Kb max_used=2403Kb free=117596Kb
 bounds [0x00000252449f0000, 0x0000025244c60000, 0x000002524bf20000]
CodeHeap 'profiled nmethods': size=120000Kb used=9004Kb max_used=9004Kb free=110996Kb
 bounds [0x000002523cf20000, 0x000002523d7f0000, 0x0000025244450000]
CodeHeap 'non-nmethods': size=5760Kb used=1217Kb max_used=1304Kb free=4542Kb
 bounds [0x0000025244450000, 0x00000252446c0000, 0x00000252449f0000]
 total_blobs=4654 nmethods=4132 adapters=434
 compilation: enabled
              stopped_count=0, restarted_count=0
 full_count=0

Compilation events (20 events):
Event: 28.582 Thread 0x0000025253f9f210 nmethod 4112 0x000002523d7d6c10 code [0x000002523d7d6dc0, 0x000002523d7d7008]
Event: 28.587 Thread 0x0000025253f9f210 4113       3       org.springframework.core.MethodClassKey::hashCode (30 bytes)
Event: 28.588 Thread 0x0000025253f9f210 nmethod 4113 0x000002523d7d7110 code [0x000002523d7d7300, 0x000002523d7d7758]
Event: 28.588 Thread 0x0000025253f9f210 4115       3       org.springframework.transaction.annotation.AnnotationTransactionAttributeSource::determineTransactionAttribute (51 bytes)
Event: 28.588 Thread 0x0000025253f9f210 nmethod 4115 0x000002523d7d7990 code [0x000002523d7d7b80, 0x000002523d7d81d8]
Event: 28.588 Thread 0x0000025253f9f210 4114       1       org.springframework.transaction.annotation.AnnotationTransactionAttributeSource::allowPublicMethodsOnly (5 bytes)
Event: 28.589 Thread 0x0000025253f9f210 nmethod 4114 0x0000025244c47690 code [0x0000025244c47820, 0x0000025244c478f8]
Event: 28.589 Thread 0x0000025253f9f210 4116       3       org.springframework.transaction.annotation.SpringTransactionAnnotationParser::parseTransactionAnnotation (21 bytes)
Event: 28.589 Thread 0x0000025253f9f210 nmethod 4116 0x000002523d7d8390 code [0x000002523d7d8540, 0x000002523d7d8758]
Event: 28.589 Thread 0x0000025253f9f210 4117       3       org.springframework.transaction.annotation.JtaTransactionAnnotationParser::parseTransactionAnnotation (19 bytes)
Event: 28.589 Thread 0x0000025253f9f210 nmethod 4117 0x000002523d7d8810 code [0x000002523d7d89c0, 0x000002523d7d8bb8]
Event: 28.591 Thread 0x0000025253f9f210 4118   !   3       org.springframework.util.ReflectionUtils::doWithLocalMethods (68 bytes)
Event: 28.592 Thread 0x0000025253f9f210 nmethod 4118 0x000002523d7d8c90 code [0x000002523d7d8e80, 0x000002523d7d92d8]
Event: 28.592 Thread 0x0000025253f9f210 4119       3       java.util.TimSort::countRunAndMakeAscending (128 bytes)
Event: 28.593 Thread 0x0000025253f9f210 nmethod 4119 0x000002523d7d9590 code [0x000002523d7d97a0, 0x000002523d7d9ed8]
Event: 28.593 Thread 0x0000025253f9f210 4120       3       java.util.TimSort::binarySort (223 bytes)
Event: 28.594 Thread 0x0000025253f9f210 nmethod 4120 0x000002523d7da190 code [0x000002523d7da3a0, 0x000002523d7daeb8]
Event: 28.626 Thread 0x0000025253f9f210 4124       3       java.lang.invoke.MethodHandleImpl::computeValueConversions (121 bytes)
Event: 28.629 Thread 0x0000025253f9f210 nmethod 4124 0x000002523d7db190 code [0x000002523d7db3a0, 0x000002523d7dbbb8]
Event: 28.629 Thread 0x0000025253f9f210 4123       3       java.lang.invoke.MethodHandleImpl::makePairwiseConvertByEditor (627 bytes)

GC Heap History (14 events):
Event: 1.703 GC heap before
{Heap before GC invocations=0 (full 0):
 garbage-first heap   total 131072K, used 24576K [0x0000000081a00000, 0x0000000100000000)
  region size 1024K, 23 young (23552K), 0 survivors (0K)
 Metaspace       used 4773K, committed 4928K, reserved 1114112K
  class space    used 521K, committed 576K, reserved 1048576K
}
Event: 1.722 GC heap after
{Heap after GC invocations=1 (full 0):
 garbage-first heap   total 131072K, used 9763K [0x0000000081a00000, 0x0000000100000000)
  region size 1024K, 3 young (3072K), 3 survivors (3072K)
 Metaspace       used 4773K, committed 4928K, reserved 1114112K
  class space    used 521K, committed 576K, reserved 1048576K
}
Event: 3.112 GC heap before
{Heap before GC invocations=1 (full 0):
 garbage-first heap   total 131072K, used 33315K [0x0000000081a00000, 0x0000000100000000)
  region size 1024K, 26 young (26624K), 3 survivors (3072K)
 Metaspace       used 10529K, committed 10816K, reserved 1114112K
  class space    used 1335K, committed 1472K, reserved 1048576K
}
Event: 3.119 GC heap after
{Heap after GC invocations=2 (full 0):
 garbage-first heap   total 131072K, used 11944K [0x0000000081a00000, 0x0000000100000000)
  region size 1024K, 2 young (2048K), 2 survivors (2048K)
 Metaspace       used 10529K, committed 10816K, reserved 1114112K
  class space    used 1335K, committed 1472K, reserved 1048576K
}
Event: 19.224 GC heap before
{Heap before GC invocations=2 (full 0):
 garbage-first heap   total 131072K, used 59048K [0x0000000081a00000, 0x0000000100000000)
  region size 1024K, 50 young (51200K), 2 survivors (2048K)
 Metaspace       used 21209K, committed 21504K, reserved 1114112K
  class space    used 2785K, committed 2944K, reserved 1048576K
}
Event: 19.235 GC heap after
{Heap after GC invocations=3 (full 0):
 garbage-first heap   total 131072K, used 15186K [0x0000000081a00000, 0x0000000100000000)
  region size 1024K, 5 young (5120K), 5 survivors (5120K)
 Metaspace       used 21209K, committed 21504K, reserved 1114112K
  class space    used 2785K, committed 2944K, reserved 1048576K
}
Event: 21.647 GC heap before
{Heap before GC invocations=4 (full 0):
 garbage-first heap   total 55296K, used 40786K [0x0000000081a00000, 0x0000000100000000)
  region size 1024K, 31 young (31744K), 5 survivors (5120K)
 Metaspace       used 23976K, committed 24320K, reserved 1114112K
  class space    used 3074K, committed 3200K, reserved 1048576K
}
Event: 21.664 GC heap after
{Heap after GC invocations=5 (full 0):
 garbage-first heap   total 55296K, used 17815K [0x0000000081a00000, 0x0000000100000000)
  region size 1024K, 3 young (3072K), 3 survivors (3072K)
 Metaspace       used 23976K, committed 24320K, reserved 1114112K
  class space    used 3074K, committed 3200K, reserved 1048576K
}
Event: 24.773 GC heap before
{Heap before GC invocations=5 (full 0):
 garbage-first heap   total 55296K, used 35223K [0x0000000081a00000, 0x0000000100000000)
  region size 1024K, 21 young (21504K), 3 survivors (3072K)
 Metaspace       used 26598K, committed 26944K, reserved 1114112K
  class space    used 3512K, committed 3648K, reserved 1048576K
}
Event: 24.785 GC heap after
{Heap after GC invocations=6 (full 0):
 garbage-first heap   total 55296K, used 18931K [0x0000000081a00000, 0x0000000100000000)
  region size 1024K, 2 young (2048K), 2 survivors (2048K)
 Metaspace       used 26598K, committed 26944K, reserved 1114112K
  class space    used 3512K, committed 3648K, reserved 1048576K
}
Event: 26.637 GC heap before
{Heap before GC invocations=6 (full 0):
 garbage-first heap   total 55296K, used 36339K [0x0000000081a00000, 0x0000000100000000)
  region size 1024K, 20 young (20480K), 2 survivors (2048K)
 Metaspace       used 29015K, committed 29312K, reserved 1114112K
  class space    used 3826K, committed 3968K, reserved 1048576K
}
Event: 26.650 GC heap after
{Heap after GC invocations=7 (full 0):
 garbage-first heap   total 55296K, used 19965K [0x0000000081a00000, 0x0000000100000000)
  region size 1024K, 3 young (3072K), 3 survivors (3072K)
 Metaspace       used 29015K, committed 29312K, reserved 1114112K
  class space    used 3826K, committed 3968K, reserved 1048576K
}
Event: 28.341 GC heap before
{Heap before GC invocations=7 (full 0):
 garbage-first heap   total 55296K, used 37373K [0x0000000081a00000, 0x0000000100000000)
  region size 1024K, 21 young (21504K), 3 survivors (3072K)
 Metaspace       used 32157K, committed 32576K, reserved 1114112K
  class space    used 4264K, committed 4480K, reserved 1048576K
}
Event: 28.355 GC heap after
{Heap after GC invocations=8 (full 0):
 garbage-first heap   total 55296K, used 21619K [0x0000000081a00000, 0x0000000100000000)
  region size 1024K, 3 young (3072K), 3 survivors (3072K)
 Metaspace       used 32157K, committed 32576K, reserved 1114112K
  class space    used 4264K, committed 4480K, reserved 1048576K
}

Dll operation events (11 events):
Event: 0.065 Loaded shared library C:\Users\longq\.jdks\corretto-17.0.9\bin\java.dll
Event: 0.095 Loaded shared library C:\Users\longq\.jdks\corretto-17.0.9\bin\jsvml.dll
Event: 0.296 Loaded shared library C:\Users\longq\.jdks\corretto-17.0.9\bin\zip.dll
Event: 0.300 Loaded shared library C:\Users\longq\.jdks\corretto-17.0.9\bin\instrument.dll
Event: 0.308 Loaded shared library C:\Users\longq\.jdks\corretto-17.0.9\bin\net.dll
Event: 0.310 Loaded shared library C:\Users\longq\.jdks\corretto-17.0.9\bin\nio.dll
Event: 0.315 Loaded shared library C:\Users\longq\.jdks\corretto-17.0.9\bin\zip.dll
Event: 0.611 Loaded shared library D:\Program Files\JetBrains\IntelliJ IDEA Community Edition 2023.3\bin\breakgen64.dll
Event: 0.753 Loaded shared library C:\Users\longq\.jdks\corretto-17.0.9\bin\jimage.dll
Event: 4.244 Loaded shared library C:\Users\longq\.jdks\corretto-17.0.9\bin\sunmscapi.dll
Event: 28.093 Loaded shared library C:\Users\longq\.jdks\corretto-17.0.9\bin\verify.dll

Deoptimization events (20 events):
Event: 28.314 Thread 0x0000025233c52870 Uncommon trap: trap_request=0xffffff45 fr.pc=0x0000025244b7c3e4 relative=0x0000000000000324
Event: 28.314 Thread 0x0000025233c52870 Uncommon trap: reason=unstable_if action=reinterpret pc=0x0000025244b7c3e4 method=java.io.WinNTFileSystem.prefixLength(Ljava/lang/String;)I @ 42 c2
Event: 28.314 Thread 0x0000025233c52870 DEOPT PACKING pc=0x0000025244b7c3e4 sp=0x000000cbc13fdb40
Event: 28.314 Thread 0x0000025233c52870 DEOPT UNPACKING pc=0x00000252444a69a3 sp=0x000000cbc13fdac8 mode 2
Event: 28.413 Thread 0x0000025233c52870 Uncommon trap: trap_request=0xffffffde fr.pc=0x0000025244b5b230 relative=0x0000000000001470
Event: 28.413 Thread 0x0000025233c52870 Uncommon trap: reason=class_check action=maybe_recompile pc=0x0000025244b5b230 method=java.util.concurrent.ConcurrentHashMap.putVal(Ljava/lang/Object;Ljava/lang/Object;Z)Ljava/lang/Object; @ 242 c2
Event: 28.413 Thread 0x0000025233c52870 DEOPT PACKING pc=0x0000025244b5b230 sp=0x000000cbc13fdbf0
Event: 28.413 Thread 0x0000025233c52870 DEOPT UNPACKING pc=0x00000252444a69a3 sp=0x000000cbc13fdb70 mode 2
Event: 28.453 Thread 0x0000025233c52870 Uncommon trap: trap_request=0xffffffde fr.pc=0x0000025244b5b230 relative=0x0000000000001470
Event: 28.453 Thread 0x0000025233c52870 Uncommon trap: reason=class_check action=maybe_recompile pc=0x0000025244b5b230 method=java.util.concurrent.ConcurrentHashMap.putVal(Ljava/lang/Object;Ljava/lang/Object;Z)Ljava/lang/Object; @ 242 c2
Event: 28.453 Thread 0x0000025233c52870 DEOPT PACKING pc=0x0000025244b5b230 sp=0x000000cbc13fc650
Event: 28.453 Thread 0x0000025233c52870 DEOPT UNPACKING pc=0x00000252444a69a3 sp=0x000000cbc13fc5d0 mode 2
Event: 28.527 Thread 0x0000025233c52870 Uncommon trap: trap_request=0xffffffde fr.pc=0x0000025244b5b230 relative=0x0000000000001470
Event: 28.527 Thread 0x0000025233c52870 Uncommon trap: reason=class_check action=maybe_recompile pc=0x0000025244b5b230 method=java.util.concurrent.ConcurrentHashMap.putVal(Ljava/lang/Object;Ljava/lang/Object;Z)Ljava/lang/Object; @ 242 c2
Event: 28.527 Thread 0x0000025233c52870 DEOPT PACKING pc=0x0000025244b5b230 sp=0x000000cbc13faed0
Event: 28.527 Thread 0x0000025233c52870 DEOPT UNPACKING pc=0x00000252444a69a3 sp=0x000000cbc13fae50 mode 2
Event: 28.564 Thread 0x0000025233c52870 Uncommon trap: trap_request=0xffffffde fr.pc=0x0000025244b5b230 relative=0x0000000000001470
Event: 28.564 Thread 0x0000025233c52870 Uncommon trap: reason=class_check action=maybe_recompile pc=0x0000025244b5b230 method=java.util.concurrent.ConcurrentHashMap.putVal(Ljava/lang/Object;Ljava/lang/Object;Z)Ljava/lang/Object; @ 242 c2
Event: 28.564 Thread 0x0000025233c52870 DEOPT PACKING pc=0x0000025244b5b230 sp=0x000000cbc13fdbf0
Event: 28.564 Thread 0x0000025233c52870 DEOPT UNPACKING pc=0x00000252444a69a3 sp=0x000000cbc13fdb70 mode 2

Classes unloaded (0 events):
No events

Classes redefined (0 events):
No events

Internal exceptions (20 events):
Event: 24.532 Thread 0x0000025233c52870 Exception <a 'sun/nio/fs/WindowsException'{0x000000008401a970}> (0x000000008401a970) 
thrown [s\src\hotspot\share\prims\jni.cpp, line 516]
Event: 26.907 Thread 0x0000025233c52870 Exception <a 'java/lang/NoSuchMethodError'{0x0000000086508188}: 'java.lang.Object java.lang.invoke.DirectMethodHandle$Holder.invokeSpecial(java.lang.Object, java.lang.Object, java.lang.Object, java.lang.Object, java.lang.Object, java.lang.Object, java.lang.Object, java.lang.Object, java.lang.Object, java.lang.Object, java.lang.Object, java.lang.Object, java.lang.Object, java.lang.Object)'> (0x0000000086508188) 
thrown [s\src\hotspot\share\interpreter\linkResolver.cpp, line 759]
Event: 26.908 Thread 0x0000025233c52870 Exception <a 'java/lang/NoSuchMethodError'{0x000000008650ce58}: 'java.lang.Object java.lang.invoke.Invokers$Holder.invoker(java.lang.Object, java.lang.Object, java.lang.Object, java.lang.Object, java.lang.Object, java.lang.Object, java.lang.Object, java.lang.Object, java.lang.Object, java.lang.Object, java.lang.Object, java.lang.Object, java.lang.Object, java.lang.Object)'> (0x000000008650ce58) 
thrown [s\src\hotspot\share\interpreter\linkResolver.cpp, line 759]
Event: 26.908 Thread 0x0000025233c52870 Exception <a 'java/lang/NoSuchMethodError'{0x00000000865126d0}: 'java.lang.Object java.lang.invoke.DirectMethodHandle$Holder.invokeSpecial(java.lang.Object, java.lang.Object, java.lang.Object, java.lang.Object, java.lang.Object, java.lang.Object, java.lang.Object, java.lang.Object, java.lang.Object, java.lang.Object, java.lang.Object, java.lang.Object, java.lang.Object, java.lang.Object, java.lang.Object)'> (0x00000000865126d0) 
thrown [s\src\hotspot\share\interpreter\linkResolver.cpp, line 759]
Event: 26.960 Thread 0x0000025233c52870 Exception <a 'java/lang/NoSuchMethodError'{0x00000000865b0038}: 'java.lang.Object java.lang.invoke.DirectMethodHandle$Holder.invokeSpecial(java.lang.Object, java.lang.Object, java.lang.Object, java.lang.Object, java.lang.Object, java.lang.Object, java.lang.Object, java.lang.Object, java.lang.Object, java.lang.Object)'> (0x00000000865b0038) 
thrown [s\src\hotspot\share\interpreter\linkResolver.cpp, line 759]
Event: 26.961 Thread 0x0000025233c52870 Exception <a 'java/lang/NoSuchMethodError'{0x00000000865b4620}: 'java.lang.Object java.lang.invoke.Invokers$Holder.invoke_MT(java.lang.Object, java.lang.Object, java.lang.Object, java.lang.Object, java.lang.Object, java.lang.Object, java.lang.Object, java.lang.Object, java.lang.Object, java.lang.Object)'> (0x00000000865b4620) 
thrown [s\src\hotspot\share\interpreter\linkResolver.cpp, line 759]
Event: 26.993 Thread 0x0000025233c52870 Exception <a 'java/lang/NoSuchMethodError'{0x00000000865f4158}: 'java.lang.Object java.lang.invoke.DirectMethodHandle$Holder.invokeSpecial(java.lang.Object, java.lang.Object, int, java.lang.Object, java.lang.Object)'> (0x00000000865f4158) 
thrown [s\src\hotspot\share\interpreter\linkResolver.cpp, line 759]
Event: 26.994 Thread 0x0000025233c52870 Exception <a 'java/lang/NoSuchMethodError'{0x00000000865f7e00}: 'java.lang.Object java.lang.invoke.DelegatingMethodHandle$Holder.delegate(java.lang.Object, int, java.lang.Object, java.lang.Object)'> (0x00000000865f7e00) 
thrown [s\src\hotspot\share\interpreter\linkResolver.cpp, line 759]
Event: 26.999 Thread 0x0000025233c52870 Exception <a 'java/lang/NoSuchMethodError'{0x0000000086409438}: 'int java.lang.invoke.Invokers$Holder.linkToTargetMethod(java.lang.Object, java.lang.Object, java.lang.Object)'> (0x0000000086409438) 
thrown [s\src\hotspot\share\interpreter\linkResolver.cpp, line 759]
Event: 27.275 Thread 0x0000025233c52870 Exception <a 'java/lang/NoClassDefFoundError'{0x000000008485bd70}: org/flywaydb/core/Flyway> (0x000000008485bd70) 
thrown [s\src\hotspot\share\classfile\systemDictionary.cpp, line 245]
Event: 27.275 Thread 0x0000025233c52870 Exception <a 'java/lang/NoClassDefFoundError'{0x000000008485de40}: liquibase/integration/spring/SpringLiquibase> (0x000000008485de40) 
thrown [s\src\hotspot\share\classfile\systemDictionary.cpp, line 245]
Event: 27.295 Thread 0x0000025233c52870 Exception <a 'java/lang/NoClassDefFoundError'{0x00000000848a0778}: org/springframework/batch/core/repository/JobRepository> (0x00000000848a0778) 
thrown [s\src\hotspot\share\classfile\systemDictionary.cpp, line 245]
Event: 27.296 Thread 0x0000025233c52870 Exception <a 'java/lang/NoClassDefFoundError'{0x00000000848a2418}: org/quartz/Scheduler> (0x00000000848a2418) 
thrown [s\src\hotspot\share\classfile\systemDictionary.cpp, line 245]
Event: 27.297 Thread 0x0000025233c52870 Exception <a 'java/lang/NoClassDefFoundError'{0x00000000848a46d0}: org/springframework/session/jdbc/JdbcIndexedSessionRepository> (0x00000000848a46d0) 
thrown [s\src\hotspot\share\classfile\systemDictionary.cpp, line 245]
Event: 27.373 Thread 0x0000025233c52870 Exception <a 'java/lang/NoClassDefFoundError'{0x00000000846d64a8}: org/jooq/DSLContext> (0x00000000846d64a8) 
thrown [s\src\hotspot\share\classfile\systemDictionary.cpp, line 245]
Event: 28.205 Thread 0x0000025233c52870 Exception <a 'java/lang/NoSuchMethodError'{0x0000000083f9c430}: 'java.lang.Object java.lang.invoke.DirectMethodHandle$Holder.invokeSpecialIFC(java.lang.Object, java.lang.Object, java.lang.Object)'> (0x0000000083f9c430) 
thrown [s\src\hotspot\share\interpreter\linkResolver.cpp, line 759]
Event: 28.532 Thread 0x0000025233c52870 Exception <a 'java/lang/NoSuchMethodError'{0x00000000866155f0}: 'void java.lang.invoke.DirectMethodHandle$Holder.invokeSpecial(java.lang.Object, java.lang.Object, java.lang.Object, java.lang.Object, java.lang.Object, java.lang.Object, java.lang.Object)'> (0x00000000866155f0) 
thrown [s\src\hotspot\share\interpreter\linkResolver.cpp, line 759]
Event: 28.616 Thread 0x0000025233c52870 Exception <a 'java/lang/NoSuchMethodError'{0x00000000866ea2b0}: 'void java.lang.invoke.DirectMethodHandle$Holder.invokeInterface(java.lang.Object, java.lang.Object, int)'> (0x00000000866ea2b0) 
thrown [s\src\hotspot\share\interpreter\linkResolver.cpp, line 759]
Event: 28.632 Thread 0x0000025233c52870 Exception <a 'java/lang/IncompatibleClassChangeError'{0x000000008653aaa8}: Found class java.lang.Object, but interface was expected> (0x000000008653aaa8) 
thrown [s\src\hotspot\share\interpreter\linkResolver.cpp, line 826]
Event: 28.636 Thread 0x0000025233c52870 Exception <a 'java/lang/NoSuchMethodError'{0x000000008654b5e0}: 'int java.lang.invoke.DirectMethodHandle$Holder.invokeSpecialIFC(java.lang.Object, java.lang.Object, java.lang.Object)'> (0x000000008654b5e0) 
thrown [s\src\hotspot\share\interpreter\linkResolver.cpp, line 759]

VM Operations (20 events):
Event: 25.793 Executing VM operation: Cleanup
Event: 25.794 Executing VM operation: Cleanup done
Event: 26.636 Executing VM operation: G1CollectForAllocation
Event: 26.662 Executing VM operation: G1CollectForAllocation done
Event: 26.918 Executing VM operation: HandshakeAllThreads
Event: 26.918 Executing VM operation: HandshakeAllThreads done
Event: 26.927 Executing VM operation: HandshakeAllThreads
Event: 26.927 Executing VM operation: HandshakeAllThreads done
Event: 27.579 Executing VM operation: HandshakeAllThreads
Event: 27.579 Executing VM operation: HandshakeAllThreads done
Event: 27.581 Executing VM operation: HandshakeAllThreads
Event: 27.581 Executing VM operation: HandshakeAllThreads done
Event: 27.583 Executing VM operation: HandshakeAllThreads
Event: 27.583 Executing VM operation: HandshakeAllThreads done
Event: 27.746 Executing VM operation: HandshakeAllThreads
Event: 27.747 Executing VM operation: HandshakeAllThreads done
Event: 27.747 Executing VM operation: Cleanup
Event: 27.747 Executing VM operation: Cleanup done
Event: 28.341 Executing VM operation: G1CollectForAllocation
Event: 28.355 Executing VM operation: G1CollectForAllocation done

Events (20 events):
Event: 28.066 loading class java/io/ObjectStreamConstants done
Event: 28.066 loading class java/io/ObjectInputStream done
Event: 28.066 loading class java/io/ObjectOutputStream
Event: 28.069 loading class java/io/ObjectOutput
Event: 28.070 loading class java/io/ObjectOutput done
Event: 28.070 loading class java/io/ObjectOutputStream done
Event: 28.222 loading class java/text/MessageFormat
Event: 28.224 loading class java/text/MessageFormat done
Event: 28.250 loading class java/net/URLClassLoader
Event: 28.253 loading class java/net/URLClassLoader done
Event: 28.275 loading class java/nio/file/InvalidPathException
Event: 28.277 loading class java/nio/file/InvalidPathException done
Event: 28.294 loading class java/lang/UnsatisfiedLinkError
Event: 28.295 loading class java/lang/UnsatisfiedLinkError done
Event: 28.385 loading class javax/management/NotificationEmitter
Event: 28.388 loading class javax/management/NotificationBroadcaster
Event: 28.389 loading class javax/management/NotificationBroadcaster done
Event: 28.389 loading class javax/management/NotificationEmitter done
Event: 28.585 loading class java/util/function/ObjIntConsumer
Event: 28.585 loading class java/util/function/ObjIntConsumer done


Dynamic libraries:
0x00007ff6a9760000 - 0x00007ff6a976e000 	C:\Users\longq\.jdks\corretto-17.0.9\bin\java.exe
0x00007ffc8b2b0000 - 0x00007ffc8b4a8000 	C:\WINDOWS\SYSTEM32\ntdll.dll
0x00007ffc8b000000 - 0x00007ffc8b0bd000 	C:\WINDOWS\System32\KERNEL32.DLL
0x00007ffc88990000 - 0x00007ffc88c86000 	C:\WINDOWS\System32\KERNELBASE.dll
0x00007ffc88fc0000 - 0x00007ffc890c0000 	C:\WINDOWS\System32\ucrtbase.dll
0x00007ffc86a90000 - 0x00007ffc86aa7000 	C:\Users\longq\.jdks\corretto-17.0.9\bin\jli.dll
0x00007ffc86a70000 - 0x00007ffc86a8b000 	C:\Users\longq\.jdks\corretto-17.0.9\bin\VCRUNTIME140.dll
0x00007ffc8abc0000 - 0x00007ffc8ad5e000 	C:\WINDOWS\System32\USER32.dll
0x00007ffc892b0000 - 0x00007ffc892d2000 	C:\WINDOWS\System32\win32u.dll
0x00007ffc8ab90000 - 0x00007ffc8abbc000 	C:\WINDOWS\System32\GDI32.dll
0x00007ffc88d40000 - 0x00007ffc88e5a000 	C:\WINDOWS\System32\gdi32full.dll
0x00007ffc890c0000 - 0x00007ffc8915d000 	C:\WINDOWS\System32\msvcp_win.dll
0x00007ffc7d3f0000 - 0x00007ffc7d68a000 	C:\WINDOWS\WinSxS\amd64_microsoft.windows.common-controls_6595b64144ccf1df_6.0.19041.3636_none_60b6a03d71f818d5\COMCTL32.dll
0x00007ffc8af60000 - 0x00007ffc8affe000 	C:\WINDOWS\System32\msvcrt.dll
0x00007ffc8a9b0000 - 0x00007ffc8a9e0000 	C:\WINDOWS\System32\IMM32.DLL
0x00007ffc87d80000 - 0x00007ffc87d8c000 	C:\Users\longq\.jdks\corretto-17.0.9\bin\vcruntime140_1.dll
0x00007ffc5b480000 - 0x00007ffc5b50d000 	C:\Users\longq\.jdks\corretto-17.0.9\bin\msvcp140.dll
0x00007ffc4a8a0000 - 0x00007ffc4b501000 	C:\Users\longq\.jdks\corretto-17.0.9\bin\server\jvm.dll
0x00007ffc89960000 - 0x00007ffc89a0f000 	C:\WINDOWS\System32\ADVAPI32.dll
0x00007ffc898c0000 - 0x00007ffc8995c000 	C:\WINDOWS\System32\sechost.dll
0x00007ffc8adc0000 - 0x00007ffc8aee6000 	C:\WINDOWS\System32\RPCRT4.dll
0x00007ffc83660000 - 0x00007ffc83669000 	C:\WINDOWS\SYSTEM32\WSOCK32.dll
0x00007ffc839a0000 - 0x00007ffc839c7000 	C:\WINDOWS\SYSTEM32\WINMM.dll
0x00007ffc8aa70000 - 0x00007ffc8aadb000 	C:\WINDOWS\System32\WS2_32.dll
0x00007ffc88590000 - 0x00007ffc885db000 	C:\WINDOWS\SYSTEM32\POWRPROF.dll
0x00007ffc825a0000 - 0x00007ffc825aa000 	C:\WINDOWS\SYSTEM32\VERSION.dll
0x00007ffc88010000 - 0x00007ffc88022000 	C:\WINDOWS\SYSTEM32\UMPDC.dll
0x00007ffc86b30000 - 0x00007ffc86b42000 	C:\WINDOWS\SYSTEM32\kernel.appcore.dll
0x00007ffc87d30000 - 0x00007ffc87d3a000 	C:\Users\longq\.jdks\corretto-17.0.9\bin\jimage.dll
0x00007ffc883a0000 - 0x00007ffc88584000 	C:\WINDOWS\SYSTEM32\DBGHELP.DLL
0x00007ffc88140000 - 0x00007ffc88174000 	C:\WINDOWS\SYSTEM32\dbgcore.DLL
0x00007ffc89220000 - 0x00007ffc892a2000 	C:\WINDOWS\System32\bcryptPrimitives.dll
0x00007ffc83950000 - 0x00007ffc8395e000 	C:\Users\longq\.jdks\corretto-17.0.9\bin\instrument.dll
0x00007ffc7db90000 - 0x00007ffc7dbb5000 	C:\Users\longq\.jdks\corretto-17.0.9\bin\java.dll
0x00007ffc56d80000 - 0x00007ffc56e57000 	C:\Users\longq\.jdks\corretto-17.0.9\bin\jsvml.dll
0x00007ffc89f70000 - 0x00007ffc8a6b5000 	C:\WINDOWS\System32\SHELL32.dll
0x00007ffc85cf0000 - 0x00007ffc8648b000 	C:\WINDOWS\SYSTEM32\windows.storage.dll
0x00007ffc89a10000 - 0x00007ffc89d64000 	C:\WINDOWS\System32\combase.dll
0x00007ffc87c20000 - 0x00007ffc87c4d000 	C:\WINDOWS\SYSTEM32\Wldp.dll
0x00007ffc89380000 - 0x00007ffc8942d000 	C:\WINDOWS\System32\SHCORE.dll
0x00007ffc8ad60000 - 0x00007ffc8adb5000 	C:\WINDOWS\System32\shlwapi.dll
0x00007ffc888c0000 - 0x00007ffc888e5000 	C:\WINDOWS\SYSTEM32\profapi.dll
0x00007ffc82670000 - 0x00007ffc82688000 	C:\Users\longq\.jdks\corretto-17.0.9\bin\zip.dll
0x00007ffc83a50000 - 0x00007ffc83a69000 	C:\Users\longq\.jdks\corretto-17.0.9\bin\net.dll
0x00007ffc80ea0000 - 0x00007ffc80faa000 	C:\WINDOWS\SYSTEM32\WINHTTP.dll
0x00007ffc87970000 - 0x00007ffc879da000 	C:\WINDOWS\system32\mswsock.dll
0x00007ffc826f0000 - 0x00007ffc82706000 	C:\Users\longq\.jdks\corretto-17.0.9\bin\nio.dll
0x00007ffc7fe80000 - 0x00007ffc7fe9a000 	D:\Program Files\JetBrains\IntelliJ IDEA Community Edition 2023.3\bin\breakgen64.dll
0x00007ffc83a10000 - 0x00007ffc83a1e000 	C:\Users\longq\.jdks\corretto-17.0.9\bin\sunmscapi.dll
0x00007ffc88e60000 - 0x00007ffc88fbd000 	C:\WINDOWS\System32\CRYPT32.dll
0x00007ffc87fc0000 - 0x00007ffc87fe7000 	C:\WINDOWS\SYSTEM32\ncrypt.dll
0x00007ffc87ca0000 - 0x00007ffc87cdb000 	C:\WINDOWS\SYSTEM32\NTASN1.dll
0x00007ffc7d260000 - 0x00007ffc7d270000 	C:\Users\longq\.jdks\corretto-17.0.9\bin\verify.dll

dbghelp: loaded successfully - version: 4.0.5 - missing functions: none
symbol engine: initialized successfully - sym options: 0x614 - pdb path: .;C:\Users\longq\.jdks\corretto-17.0.9\bin;C:\WINDOWS\SYSTEM32;C:\WINDOWS\WinSxS\amd64_microsoft.windows.common-controls_6595b64144ccf1df_6.0.19041.3636_none_60b6a03d71f818d5;C:\Users\longq\.jdks\corretto-17.0.9\bin\server;D:\Program Files\JetBrains\IntelliJ IDEA Community Edition 2023.3\bin

VM Arguments:
jvm_args: -javaagent:D:\Program Files\JetBrains\IntelliJ IDEA Community Edition 2023.3\lib\idea_rt.jar=60271:D:\Program Files\JetBrains\IntelliJ IDEA Community Edition 2023.3\bin -Dfile.encoding=UTF-8 
java_command: id.longquoc.messenger.MessengerApplication
java_class_path (initial): D:\LearningCode\Java\messenger\server\target\classes;C:\Users\longq\.m2\repository\org\mapstruct\mapstruct\1.4.2.Final\mapstruct-1.4.2.Final.jar;C:\Users\longq\.m2\repository\io\github\mihaita-tinta\webauthn-spring-boot-starter\0.1.0-RELEASE\webauthn-spring-boot-starter-0.1.0-RELEASE.jar;C:\Users\longq\.m2\repository\com\yubico\webauthn-server-core\1.7.0\webauthn-server-core-1.7.0.jar;C:\Users\longq\.m2\repository\com\augustcellars\cose\cose-java\1.1.0\cose-java-1.1.0.jar;C:\Users\longq\.m2\repository\net\i2p\crypto\eddsa\0.3.0\eddsa-0.3.0.jar;C:\Users\longq\.m2\repository\com\google\guava\guava\29.0-jre\guava-29.0-jre.jar;C:\Users\longq\.m2\repository\com\google\guava\failureaccess\1.0.1\failureaccess-1.0.1.jar;C:\Users\longq\.m2\repository\com\google\guava\listenablefuture\9999.0-empty-to-avoid-conflict-with-guava\listenablefuture-9999.0-empty-to-avoid-conflict-with-guava.jar;C:\Users\longq\.m2\repository\org\checkerframework\checker-qual\2.11.1\checker-qual-2.11.1.jar;C:\Users\longq\.m2\repository\com\google\errorprone\error_prone_annotations\2.3.4\error_prone_annotations-2.3.4.jar;C:\Users\longq\.m2\repository\com\google\j2objc\j2objc-annotations\1.3\j2objc-annotations-1.3.jar;C:\Users\longq\.m2\repository\com\upokecenter\cbor\5.0.0-alpha1\cbor-5.0.0-alpha1.jar;C:\Users\longq\.m2\repository\com\github\peteroupc\numbers\1.8.2\numbers-1.8.2.jar;C:\Users\longq\.m2\repository\com\github\peteroupc\datautilities\1.1.0\datautilities-1.1.0.jar;C:\Users\longq\.m2\repository\org\bouncycastle\bcprov-jdk15on\1.70\bcprov-jdk15on-1.70.jar;C:\Users\longq\.m2\repository\com\yubico\yubico-util\1.7.0\yubico-util-1.7.0.jar;C:\Users\longq\.m2\repository\com\fasterxml\jackson\dataformat\jackson-dataformat-cbor\2.15.3\jackson-dataformat-cbor-2.15.3.jar;C:\Users\longq\.m2\repository\com\fasterxml\jackson\datatype\jackson-datatype-jdk8\2.15.3\jackson-datatype-jdk8-2.15.3.jar;C:\Users\longq\.m2\repository\org\springframework\boot\spring-boot-starter-data-jpa
Launcher Type: SUN_STANDARD

[Global flags]
     intx CICompilerCount                          = 4                                         {product} {ergonomic}
     uint ConcGCThreads                            = 2                                         {product} {ergonomic}
     uint G1ConcRefinementThreads                  = 8                                         {product} {ergonomic}
   size_t G1HeapRegionSize                         = 1048576                                   {product} {ergonomic}
    uintx GCDrainStackTargetSize                   = 64                                        {product} {ergonomic}
   size_t InitialHeapSize                          = 134217728                                 {product} {ergonomic}
   size_t MarkStackSize                            = 4194304                                   {product} {ergonomic}
   size_t MaxHeapSize                              = 2120220672                                {product} {ergonomic}
   size_t MaxNewSize                               = 1271922688                                {product} {ergonomic}
   size_t MinHeapDeltaBytes                        = 1048576                                   {product} {ergonomic}
   size_t MinHeapSize                              = 8388608                                   {product} {ergonomic}
    uintx NonNMethodCodeHeapSize                   = 5839372                                {pd product} {ergonomic}
    uintx NonProfiledCodeHeapSize                  = 122909434                              {pd product} {ergonomic}
    uintx ProfiledCodeHeapSize                     = 122909434                              {pd product} {ergonomic}
    uintx ReservedCodeCacheSize                    = 251658240                              {pd product} {ergonomic}
     bool SegmentedCodeCache                       = true                                      {product} {ergonomic}
   size_t SoftMaxHeapSize                          = 2120220672                             {manageable} {ergonomic}
     bool UseCompressedClassPointers               = true                           {product lp64_product} {ergonomic}
     bool UseCompressedOops                        = true                           {product lp64_product} {ergonomic}
     bool UseG1GC                                  = true                                      {product} {ergonomic}
     bool UseLargePagesIndividualAllocation        = false                                  {pd product} {ergonomic}

Logging:
Log output configuration:
 #0: stdout all=warning uptime,level,tags
 #1: stderr all=off uptime,level,tags

Environment Variables:
PATH=C:\WINDOWS\system32;C:\WINDOWS;C:\WINDOWS\System32\Wbem;C:\WINDOWS\System32\WindowsPowerShell\v1.0\;C:\WINDOWS\System32\OpenSSH\;C:\Program Files\nodejs\;C:\Program Files\Docker\Docker\resources\bin;C:\Program Files\Git\cmd;C:\Program Files\Cloudflare\Cloudflare WARP\;C:\Users\longq\AppData\Local\Microsoft\WindowsApps;;D:\Program Files\JetBrains\IntelliJ IDEA Community Edition 2023.3\bin;;D:\Program Files\Microsoft VS Code\bin;C:\Users\longq\AppData\Roaming\npm;C:\Users\longq\AppData\Local\spicetify
USERNAME=longq
OS=Windows_NT
PROCESSOR_IDENTIFIER=Intel64 Family 6 Model 142 Stepping 10, GenuineIntel
TMP=C:\Users\longq\AppData\Local\Temp
TEMP=C:\Users\longq\AppData\Local\Temp



Periodic native trim disabled


---------------  S Y S T E M  ---------------

OS:
 Windows 10 , 64 bit Build 19041 (10.0.19041.3636)
OS uptime: 1 days 22:38 hours
Hyper-V role detected

CPU: total 8 (initial active 8) (4 cores per cpu, 2 threads per core) family 6 model 142 stepping 10 microcode 0xf0, cx8, cmov, fxsr, ht, mmx, 3dnowpref, sse, sse2, sse3, ssse3, sse4.1, sse4.2, popcnt, lzcnt, tsc, tscinvbit, avx, avx2, aes, erms, clmul, bmi1, bmi2, adx, fma, vzeroupper, clflush, clflushopt, hv
Processor Information for all 8 processors :
  Max Mhz: 1800, Current Mhz: 1600, Mhz Limit: 1584

Memory: 4k page, system-wide physical 8086M (513M free)
TotalPageFile size 20540M (AvailPageFile size 6M)
current process WorkingSet (physical memory assigned to process): 178M, peak: 178M
current process commit charge ("private bytes"): 220M, peak: 265M

vm_info: OpenJDK 64-Bit Server VM (17.0.9+8-LTS) for windows-amd64 JRE (17.0.9+8-LTS), built on Oct 12 2023 16:15:33 by "Administrator" with MS VC++ 16.10 / 16.11 (VS2019)

END.
