#
# There is insufficient memory for the Java Runtime Environment to continue.
# Native memory allocation (malloc) failed to allocate 1034896 bytes for Chunk::new
# Possible reasons:
#   The system is out of physical RAM or swap space
#   The process is running with CompressedOops enabled, and the Java Heap may be blocking the growth of the native heap
# Possible solutions:
#   Reduce memory load on the system
#   Increase physical memory or swap space
#   Check if swap backing store is full
#   Decrease Java heap size (-Xmx/-Xms)
#   Decrease number of Java threads
#   Decrease Java thread stack sizes (-Xss)
#   Set larger code cache with -XX:ReservedCodeCacheSize=
#   JVM is running with Unscaled Compressed Oops mode in which the Java heap is
#     placed in the first 4GB address space. The Java Heap base address is the
#     maximum limit for the native heap growth. Please use -XX:HeapBaseMinAddress
#     to set the Java Heap base and to place the Java Heap above 4GB virtual address.
# This output file may be truncated or incomplete.
#
#  Out of Memory Error (arena.cpp:191), pid=30432, tid=11568
#
# JRE version: OpenJDK Runtime Environment Corretto-17.0.9.8.1 (17.0.9+8) (build 17.0.9+8-LTS)
# Java VM: OpenJDK 64-Bit Server VM Corretto-17.0.9.8.1 (17.0.9+8-LTS, mixed mode, sharing, tiered, compressed oops, compressed class ptrs, g1 gc, windows-amd64)
# No core dump will be written. Minidumps are not enabled by default on client versions of Windows
#

---------------  S U M M A R Y ------------

Command Line: -javaagent:D:\Program Files\JetBrains\IntelliJ IDEA Community Edition 2023.3\lib\idea_rt.jar=60546:D:\Program Files\JetBrains\IntelliJ IDEA Community Edition 2023.3\bin -Dfile.encoding=UTF-8 id.longquoc.messenger.MessengerApplication

Host: Intel(R) Core(TM) i5-8250U CPU @ 1.60GHz, 8 cores, 7G,  Windows 10 , 64 bit Build 19041 (10.0.19041.3636)
Time: Fri Dec 29 07:31:02 2023 SE Asia Standard Time elapsed time: 16.946065 seconds (0d 0h 0m 16s)

---------------  T H R E A D  ---------------

Current thread (0x000001ed1e7bb3e0):  JavaThread "C2 CompilerThread0" daemon [_thread_in_native, id=11568, stack(0x0000004b56000000,0x0000004b56100000)]


Current CompileTask:
C2:  16952 1383   !   4       jdk.internal.loader.URLClassPath$JarLoader::getResource (354 bytes)

Stack: [0x0000004b56000000,0x0000004b56100000]
Native frames: (J=compiled Java code, j=interpreted, Vv=VM code, C=native code)
V  [jvm.dll+0x67cb49]
V  [jvm.dll+0x8344da]
V  [jvm.dll+0x835f9e]
V  [jvm.dll+0x836603]
V  [jvm.dll+0x247b5f]
V  [jvm.dll+0xac43c]
V  [jvm.dll+0xaca8c]
V  [jvm.dll+0x366c87]
V  [jvm.dll+0x330fda]
V  [jvm.dll+0x33047a]
V  [jvm.dll+0x21a201]
V  [jvm.dll+0x219621]
V  [jvm.dll+0x1a56cd]
V  [jvm.dll+0x2293ee]
V  [jvm.dll+0x2275bc]
V  [jvm.dll+0x7e95a7]
V  [jvm.dll+0x7e396a]
V  [jvm.dll+0x67ba35]
C  [ucrtbase.dll+0x21bb2]
C  [KERNEL32.DLL+0x17344]
C  [ntdll.dll+0x526b1]


---------------  P R O C E S S  ---------------

Threads class SMR info:
_java_thread_list=0x000001ed648d5170, length=13, elements={
0x000001ed7fefdf30, 0x000001ed1e7a6890, 0x000001ed1e7a7710, 0x000001ed1e7b4390,
0x000001ed1e7b7630, 0x000001ed1e7b9f10, 0x000001ed1e7ba7e0, 0x000001ed1e7bb3e0,
0x000001ed1e7bf200, 0x000001ed1e7c9b70, 0x000001ed1e78e9f0, 0x000001ed645adeb0,
0x000001ed64622c30
}

Java Threads: ( => current thread )
  0x000001ed7fefdf30 JavaThread "main" [_thread_in_native, id=21664, stack(0x0000004b55300000,0x0000004b55400000)]
  0x000001ed1e7a6890 JavaThread "Reference Handler" daemon [_thread_blocked, id=8844, stack(0x0000004b55a00000,0x0000004b55b00000)]
  0x000001ed1e7a7710 JavaThread "Finalizer" daemon [_thread_blocked, id=8388, stack(0x0000004b55b00000,0x0000004b55c00000)]
  0x000001ed1e7b4390 JavaThread "Signal Dispatcher" daemon [_thread_blocked, id=29772, stack(0x0000004b55c00000,0x0000004b55d00000)]
  0x000001ed1e7b7630 JavaThread "Attach Listener" daemon [_thread_blocked, id=22176, stack(0x0000004b55d00000,0x0000004b55e00000)]
  0x000001ed1e7b9f10 JavaThread "Service Thread" daemon [_thread_blocked, id=30304, stack(0x0000004b55e00000,0x0000004b55f00000)]
  0x000001ed1e7ba7e0 JavaThread "Monitor Deflation Thread" daemon [_thread_blocked, id=11156, stack(0x0000004b55f00000,0x0000004b56000000)]
=>0x000001ed1e7bb3e0 JavaThread "C2 CompilerThread0" daemon [_thread_in_native, id=11568, stack(0x0000004b56000000,0x0000004b56100000)]
  0x000001ed1e7bf200 JavaThread "C1 CompilerThread0" daemon [_thread_blocked, id=32128, stack(0x0000004b56100000,0x0000004b56200000)]
  0x000001ed1e7c9b70 JavaThread "Sweeper thread" daemon [_thread_blocked, id=21464, stack(0x0000004b56200000,0x0000004b56300000)]
  0x000001ed1e78e9f0 JavaThread "Common-Cleaner" daemon [_thread_blocked, id=33536, stack(0x0000004b56300000,0x0000004b56400000)]
  0x000001ed645adeb0 JavaThread "Monitor Ctrl-Break" daemon [_thread_in_native, id=12480, stack(0x0000004b56400000,0x0000004b56500000)]
  0x000001ed64622c30 JavaThread "Notification Thread" daemon [_thread_blocked, id=26076, stack(0x0000004b56500000,0x0000004b56600000)]

Other Threads:
  0x000001ed1e79f4d0 VMThread "VM Thread" [stack: 0x0000004b55900000,0x0000004b55a00000] [id=31340]
  0x000001ed64623110 WatcherThread [stack: 0x0000004b56600000,0x0000004b56700000] [id=11420]
  0x000001ed7ff595a0 GCTaskThread "GC Thread#0" [stack: 0x0000004b55400000,0x0000004b55500000] [id=15308]
  0x000001ed64a57440 GCTaskThread "GC Thread#1" [stack: 0x0000004b56700000,0x0000004b56800000] [id=25916]
  0x000001ed64a57700 GCTaskThread "GC Thread#2" [stack: 0x0000004b56800000,0x0000004b56900000] [id=32204]
  0x000001ed65bff600 GCTaskThread "GC Thread#3" [stack: 0x0000004b56900000,0x0000004b56a00000] [id=31220]
  0x000001ed65bff8c0 GCTaskThread "GC Thread#4" [stack: 0x0000004b56a00000,0x0000004b56b00000] [id=17428]
  0x000001ed65c01b90 GCTaskThread "GC Thread#5" [stack: 0x0000004b56b00000,0x0000004b56c00000] [id=26404]
  0x000001ed65c01e50 GCTaskThread "GC Thread#6" [stack: 0x0000004b56c00000,0x0000004b56d00000] [id=20308]
  0x000001ed65c02590 GCTaskThread "GC Thread#7" [stack: 0x0000004b56d00000,0x0000004b56e00000] [id=2392]
  0x000001ed7ff6b1c0 ConcurrentGCThread "G1 Main Marker" [stack: 0x0000004b55500000,0x0000004b55600000] [id=7368]
  0x000001ed7ff6c380 ConcurrentGCThread "G1 Conc#0" [stack: 0x0000004b55600000,0x0000004b55700000] [id=23716]
  0x000001ed7ffad8a0 ConcurrentGCThread "G1 Refine#0" [stack: 0x0000004b55700000,0x0000004b55800000] [id=2192]
  0x000001ed7ffae2d0 ConcurrentGCThread "G1 Service" [stack: 0x0000004b55800000,0x0000004b55900000] [id=33848]

Threads with active compile tasks:
C2 CompilerThread0    17260 1383   !   4       jdk.internal.loader.URLClassPath$JarLoader::getResource (354 bytes)

VM state: not at safepoint (normal execution)

VM Mutex/Monitor currently owned by a thread: None

Heap address: 0x0000000081a00000, size: 2022 MB, Compressed Oops mode: 32-bit

CDS archive(s) mapped at: [0x000001ed1f000000-0x000001ed1fba0000-0x000001ed1fba0000), size 12189696, SharedBaseAddress: 0x000001ed1f000000, ArchiveRelocationMode: 1.
Compressed class space mapped at: 0x000001ed20000000-0x000001ed60000000, reserved size: 1073741824
Narrow klass base: 0x000001ed1f000000, Narrow klass shift: 0, Narrow klass range: 0x100000000

GC Precious Log:
 CPUs: 8 total, 8 available
 Memory: 8086M
 Large Page Support: Disabled
 NUMA Support: Disabled
 Compressed Oops: Enabled (32-bit)
 Heap Region Size: 1M
 Heap Min Capacity: 8M
 Heap Initial Capacity: 128M
 Heap Max Capacity: 2022M
 Pre-touch: Disabled
 Parallel Workers: 8
 Concurrent Workers: 2
 Concurrent Refinement Workers: 8
 Periodic GC: Disabled

Heap:
 garbage-first heap   total 131072K, used 26333K [0x0000000081a00000, 0x0000000100000000)
  region size 1024K, 20 young (20480K), 3 survivors (3072K)
 Metaspace       used 8993K, committed 9216K, reserved 1114112K
  class space    used 1098K, committed 1216K, reserved 1048576K

Heap Regions: E=young(eden), S=young(survivor), O=old, HS=humongous(starts), HC=humongous(continues), CS=collection set, F=free, OA=open archive, CA=closed archive, TAMS=top-at-mark-start (previous, next)
|   0|0x0000000081a00000, 0x0000000081a00000, 0x0000000081b00000|  0%| F|  |TAMS 0x0000000081a00000, 0x0000000081a00000| Untracked 
|   1|0x0000000081b00000, 0x0000000081c00000, 0x0000000081c00000|100%|HS|  |TAMS 0x0000000081b00000, 0x0000000081b00000| Complete 
|   2|0x0000000081c00000, 0x0000000081d00000, 0x0000000081d00000|100%| O|  |TAMS 0x0000000081c00000, 0x0000000081c00000| Untracked 
|   3|0x0000000081d00000, 0x0000000081e00000, 0x0000000081e00000|100%| O|  |TAMS 0x0000000081d00000, 0x0000000081d00000| Untracked 
|   4|0x0000000081e00000, 0x0000000081f00000, 0x0000000081f00000|100%| O|  |TAMS 0x0000000081e00000, 0x0000000081e00000| Untracked 
|   5|0x0000000081f00000, 0x0000000082000000, 0x0000000082000000|100%| O|  |TAMS 0x0000000081f00000, 0x0000000081f00000| Untracked 
|   6|0x0000000082000000, 0x0000000082100000, 0x0000000082100000|100%| O|  |TAMS 0x0000000082000000, 0x0000000082000000| Untracked 
|   7|0x0000000082100000, 0x00000000821b7600, 0x0000000082200000| 71%| O|  |TAMS 0x0000000082100000, 0x0000000082100000| Untracked 
|   8|0x0000000082200000, 0x0000000082200000, 0x0000000082300000|  0%| F|  |TAMS 0x0000000082200000, 0x0000000082200000| Untracked 
|   9|0x0000000082300000, 0x0000000082300000, 0x0000000082400000|  0%| F|  |TAMS 0x0000000082300000, 0x0000000082300000| Untracked 
|  10|0x0000000082400000, 0x0000000082400000, 0x0000000082500000|  0%| F|  |TAMS 0x0000000082400000, 0x0000000082400000| Untracked 
|  11|0x0000000082500000, 0x0000000082500000, 0x0000000082600000|  0%| F|  |TAMS 0x0000000082500000, 0x0000000082500000| Untracked 
|  12|0x0000000082600000, 0x0000000082600000, 0x0000000082700000|  0%| F|  |TAMS 0x0000000082600000, 0x0000000082600000| Untracked 
|  13|0x0000000082700000, 0x0000000082700000, 0x0000000082800000|  0%| F|  |TAMS 0x0000000082700000, 0x0000000082700000| Untracked 
|  14|0x0000000082800000, 0x0000000082800000, 0x0000000082900000|  0%| F|  |TAMS 0x0000000082800000, 0x0000000082800000| Untracked 
|  15|0x0000000082900000, 0x0000000082900000, 0x0000000082a00000|  0%| F|  |TAMS 0x0000000082900000, 0x0000000082900000| Untracked 
|  16|0x0000000082a00000, 0x0000000082a00000, 0x0000000082b00000|  0%| F|  |TAMS 0x0000000082a00000, 0x0000000082a00000| Untracked 
|  17|0x0000000082b00000, 0x0000000082b00000, 0x0000000082c00000|  0%| F|  |TAMS 0x0000000082b00000, 0x0000000082b00000| Untracked 
|  18|0x0000000082c00000, 0x0000000082c00000, 0x0000000082d00000|  0%| F|  |TAMS 0x0000000082c00000, 0x0000000082c00000| Untracked 
|  19|0x0000000082d00000, 0x0000000082d00000, 0x0000000082e00000|  0%| F|  |TAMS 0x0000000082d00000, 0x0000000082d00000| Untracked 
|  20|0x0000000082e00000, 0x0000000082e00000, 0x0000000082f00000|  0%| F|  |TAMS 0x0000000082e00000, 0x0000000082e00000| Untracked 
|  21|0x0000000082f00000, 0x0000000082f00000, 0x0000000083000000|  0%| F|  |TAMS 0x0000000082f00000, 0x0000000082f00000| Untracked 
|  22|0x0000000083000000, 0x0000000083000000, 0x0000000083100000|  0%| F|  |TAMS 0x0000000083000000, 0x0000000083000000| Untracked 
|  23|0x0000000083100000, 0x0000000083100000, 0x0000000083200000|  0%| F|  |TAMS 0x0000000083100000, 0x0000000083100000| Untracked 
|  24|0x0000000083200000, 0x0000000083200000, 0x0000000083300000|  0%| F|  |TAMS 0x0000000083200000, 0x0000000083200000| Untracked 
|  25|0x0000000083300000, 0x0000000083300000, 0x0000000083400000|  0%| F|  |TAMS 0x0000000083300000, 0x0000000083300000| Untracked 
|  26|0x0000000083400000, 0x0000000083400000, 0x0000000083500000|  0%| F|  |TAMS 0x0000000083400000, 0x0000000083400000| Untracked 
|  27|0x0000000083500000, 0x0000000083500000, 0x0000000083600000|  0%| F|  |TAMS 0x0000000083500000, 0x0000000083500000| Untracked 
|  28|0x0000000083600000, 0x0000000083600000, 0x0000000083700000|  0%| F|  |TAMS 0x0000000083600000, 0x0000000083600000| Untracked 
|  29|0x0000000083700000, 0x0000000083700000, 0x0000000083800000|  0%| F|  |TAMS 0x0000000083700000, 0x0000000083700000| Untracked 
|  30|0x0000000083800000, 0x0000000083800000, 0x0000000083900000|  0%| F|  |TAMS 0x0000000083800000, 0x0000000083800000| Untracked 
|  31|0x0000000083900000, 0x0000000083900000, 0x0000000083a00000|  0%| F|  |TAMS 0x0000000083900000, 0x0000000083900000| Untracked 
|  32|0x0000000083a00000, 0x0000000083a00000, 0x0000000083b00000|  0%| F|  |TAMS 0x0000000083a00000, 0x0000000083a00000| Untracked 
|  33|0x0000000083b00000, 0x0000000083b00000, 0x0000000083c00000|  0%| F|  |TAMS 0x0000000083b00000, 0x0000000083b00000| Untracked 
|  34|0x0000000083c00000, 0x0000000083c00000, 0x0000000083d00000|  0%| F|  |TAMS 0x0000000083c00000, 0x0000000083c00000| Untracked 
|  35|0x0000000083d00000, 0x0000000083d00000, 0x0000000083e00000|  0%| F|  |TAMS 0x0000000083d00000, 0x0000000083d00000| Untracked 
|  36|0x0000000083e00000, 0x0000000083e00000, 0x0000000083f00000|  0%| F|  |TAMS 0x0000000083e00000, 0x0000000083e00000| Untracked 
|  37|0x0000000083f00000, 0x0000000083f00000, 0x0000000084000000|  0%| F|  |TAMS 0x0000000083f00000, 0x0000000083f00000| Untracked 
|  38|0x0000000084000000, 0x0000000084000000, 0x0000000084100000|  0%| F|  |TAMS 0x0000000084000000, 0x0000000084000000| Untracked 
|  39|0x0000000084100000, 0x0000000084100000, 0x0000000084200000|  0%| F|  |TAMS 0x0000000084100000, 0x0000000084100000| Untracked 
|  40|0x0000000084200000, 0x0000000084200000, 0x0000000084300000|  0%| F|  |TAMS 0x0000000084200000, 0x0000000084200000| Untracked 
|  41|0x0000000084300000, 0x0000000084300000, 0x0000000084400000|  0%| F|  |TAMS 0x0000000084300000, 0x0000000084300000| Untracked 
|  42|0x0000000084400000, 0x0000000084400000, 0x0000000084500000|  0%| F|  |TAMS 0x0000000084400000, 0x0000000084400000| Untracked 
|  43|0x0000000084500000, 0x0000000084500000, 0x0000000084600000|  0%| F|  |TAMS 0x0000000084500000, 0x0000000084500000| Untracked 
|  44|0x0000000084600000, 0x0000000084600000, 0x0000000084700000|  0%| F|  |TAMS 0x0000000084600000, 0x0000000084600000| Untracked 
|  45|0x0000000084700000, 0x0000000084700000, 0x0000000084800000|  0%| F|  |TAMS 0x0000000084700000, 0x0000000084700000| Untracked 
|  46|0x0000000084800000, 0x0000000084800000, 0x0000000084900000|  0%| F|  |TAMS 0x0000000084800000, 0x0000000084800000| Untracked 
|  47|0x0000000084900000, 0x0000000084900000, 0x0000000084a00000|  0%| F|  |TAMS 0x0000000084900000, 0x0000000084900000| Untracked 
|  48|0x0000000084a00000, 0x0000000084a00000, 0x0000000084b00000|  0%| F|  |TAMS 0x0000000084a00000, 0x0000000084a00000| Untracked 
|  49|0x0000000084b00000, 0x0000000084b00000, 0x0000000084c00000|  0%| F|  |TAMS 0x0000000084b00000, 0x0000000084b00000| Untracked 
|  50|0x0000000084c00000, 0x0000000084c00000, 0x0000000084d00000|  0%| F|  |TAMS 0x0000000084c00000, 0x0000000084c00000| Untracked 
|  51|0x0000000084d00000, 0x0000000084d00000, 0x0000000084e00000|  0%| F|  |TAMS 0x0000000084d00000, 0x0000000084d00000| Untracked 
|  52|0x0000000084e00000, 0x0000000084e00000, 0x0000000084f00000|  0%| F|  |TAMS 0x0000000084e00000, 0x0000000084e00000| Untracked 
|  53|0x0000000084f00000, 0x0000000084f00000, 0x0000000085000000|  0%| F|  |TAMS 0x0000000084f00000, 0x0000000084f00000| Untracked 
|  54|0x0000000085000000, 0x0000000085000000, 0x0000000085100000|  0%| F|  |TAMS 0x0000000085000000, 0x0000000085000000| Untracked 
|  55|0x0000000085100000, 0x0000000085100000, 0x0000000085200000|  0%| F|  |TAMS 0x0000000085100000, 0x0000000085100000| Untracked 
|  56|0x0000000085200000, 0x0000000085200000, 0x0000000085300000|  0%| F|  |TAMS 0x0000000085200000, 0x0000000085200000| Untracked 
|  57|0x0000000085300000, 0x0000000085300000, 0x0000000085400000|  0%| F|  |TAMS 0x0000000085300000, 0x0000000085300000| Untracked 
|  58|0x0000000085400000, 0x0000000085400000, 0x0000000085500000|  0%| F|  |TAMS 0x0000000085400000, 0x0000000085400000| Untracked 
|  59|0x0000000085500000, 0x0000000085500000, 0x0000000085600000|  0%| F|  |TAMS 0x0000000085500000, 0x0000000085500000| Untracked 
|  60|0x0000000085600000, 0x0000000085600000, 0x0000000085700000|  0%| F|  |TAMS 0x0000000085600000, 0x0000000085600000| Untracked 
|  61|0x0000000085700000, 0x0000000085700000, 0x0000000085800000|  0%| F|  |TAMS 0x0000000085700000, 0x0000000085700000| Untracked 
|  62|0x0000000085800000, 0x0000000085800000, 0x0000000085900000|  0%| F|  |TAMS 0x0000000085800000, 0x0000000085800000| Untracked 
|  63|0x0000000085900000, 0x0000000085900000, 0x0000000085a00000|  0%| F|  |TAMS 0x0000000085900000, 0x0000000085900000| Untracked 
|  64|0x0000000085a00000, 0x0000000085a00000, 0x0000000085b00000|  0%| F|  |TAMS 0x0000000085a00000, 0x0000000085a00000| Untracked 
|  65|0x0000000085b00000, 0x0000000085b00000, 0x0000000085c00000|  0%| F|  |TAMS 0x0000000085b00000, 0x0000000085b00000| Untracked 
|  66|0x0000000085c00000, 0x0000000085c00000, 0x0000000085d00000|  0%| F|  |TAMS 0x0000000085c00000, 0x0000000085c00000| Untracked 
|  67|0x0000000085d00000, 0x0000000085d00000, 0x0000000085e00000|  0%| F|  |TAMS 0x0000000085d00000, 0x0000000085d00000| Untracked 
|  68|0x0000000085e00000, 0x0000000085e00000, 0x0000000085f00000|  0%| F|  |TAMS 0x0000000085e00000, 0x0000000085e00000| Untracked 
|  69|0x0000000085f00000, 0x0000000085f00000, 0x0000000086000000|  0%| F|  |TAMS 0x0000000085f00000, 0x0000000085f00000| Untracked 
|  70|0x0000000086000000, 0x0000000086000000, 0x0000000086100000|  0%| F|  |TAMS 0x0000000086000000, 0x0000000086000000| Untracked 
|  71|0x0000000086100000, 0x0000000086100000, 0x0000000086200000|  0%| F|  |TAMS 0x0000000086100000, 0x0000000086100000| Untracked 
|  72|0x0000000086200000, 0x0000000086200000, 0x0000000086300000|  0%| F|  |TAMS 0x0000000086200000, 0x0000000086200000| Untracked 
|  73|0x0000000086300000, 0x0000000086300000, 0x0000000086400000|  0%| F|  |TAMS 0x0000000086300000, 0x0000000086300000| Untracked 
|  74|0x0000000086400000, 0x0000000086400000, 0x0000000086500000|  0%| F|  |TAMS 0x0000000086400000, 0x0000000086400000| Untracked 
|  75|0x0000000086500000, 0x0000000086500000, 0x0000000086600000|  0%| F|  |TAMS 0x0000000086500000, 0x0000000086500000| Untracked 
|  76|0x0000000086600000, 0x0000000086600000, 0x0000000086700000|  0%| F|  |TAMS 0x0000000086600000, 0x0000000086600000| Untracked 
|  77|0x0000000086700000, 0x0000000086700000, 0x0000000086800000|  0%| F|  |TAMS 0x0000000086700000, 0x0000000086700000| Untracked 
|  78|0x0000000086800000, 0x0000000086800000, 0x0000000086900000|  0%| F|  |TAMS 0x0000000086800000, 0x0000000086800000| Untracked 
|  79|0x0000000086900000, 0x0000000086900000, 0x0000000086a00000|  0%| F|  |TAMS 0x0000000086900000, 0x0000000086900000| Untracked 
|  80|0x0000000086a00000, 0x0000000086a00000, 0x0000000086b00000|  0%| F|  |TAMS 0x0000000086a00000, 0x0000000086a00000| Untracked 
|  81|0x0000000086b00000, 0x0000000086b00000, 0x0000000086c00000|  0%| F|  |TAMS 0x0000000086b00000, 0x0000000086b00000| Untracked 
|  82|0x0000000086c00000, 0x0000000086c00000, 0x0000000086d00000|  0%| F|  |TAMS 0x0000000086c00000, 0x0000000086c00000| Untracked 
|  83|0x0000000086d00000, 0x0000000086d00000, 0x0000000086e00000|  0%| F|  |TAMS 0x0000000086d00000, 0x0000000086d00000| Untracked 
|  84|0x0000000086e00000, 0x0000000086e00000, 0x0000000086f00000|  0%| F|  |TAMS 0x0000000086e00000, 0x0000000086e00000| Untracked 
|  85|0x0000000086f00000, 0x0000000086f00000, 0x0000000087000000|  0%| F|  |TAMS 0x0000000086f00000, 0x0000000086f00000| Untracked 
|  86|0x0000000087000000, 0x0000000087000000, 0x0000000087100000|  0%| F|  |TAMS 0x0000000087000000, 0x0000000087000000| Untracked 
|  87|0x0000000087100000, 0x0000000087100000, 0x0000000087200000|  0%| F|  |TAMS 0x0000000087100000, 0x0000000087100000| Untracked 
|  88|0x0000000087200000, 0x0000000087200000, 0x0000000087300000|  0%| F|  |TAMS 0x0000000087200000, 0x0000000087200000| Untracked 
|  89|0x0000000087300000, 0x0000000087300000, 0x0000000087400000|  0%| F|  |TAMS 0x0000000087300000, 0x0000000087300000| Untracked 
|  90|0x0000000087400000, 0x0000000087400000, 0x0000000087500000|  0%| F|  |TAMS 0x0000000087400000, 0x0000000087400000| Untracked 
|  91|0x0000000087500000, 0x0000000087500000, 0x0000000087600000|  0%| F|  |TAMS 0x0000000087500000, 0x0000000087500000| Untracked 
|  92|0x0000000087600000, 0x0000000087600000, 0x0000000087700000|  0%| F|  |TAMS 0x0000000087600000, 0x0000000087600000| Untracked 
|  93|0x0000000087700000, 0x0000000087700000, 0x0000000087800000|  0%| F|  |TAMS 0x0000000087700000, 0x0000000087700000| Untracked 
|  94|0x0000000087800000, 0x0000000087800000, 0x0000000087900000|  0%| F|  |TAMS 0x0000000087800000, 0x0000000087800000| Untracked 
|  95|0x0000000087900000, 0x0000000087900000, 0x0000000087a00000|  0%| F|  |TAMS 0x0000000087900000, 0x0000000087900000| Untracked 
|  96|0x0000000087a00000, 0x0000000087a00000, 0x0000000087b00000|  0%| F|  |TAMS 0x0000000087a00000, 0x0000000087a00000| Untracked 
|  97|0x0000000087b00000, 0x0000000087b00000, 0x0000000087c00000|  0%| F|  |TAMS 0x0000000087b00000, 0x0000000087b00000| Untracked 
|  98|0x0000000087c00000, 0x0000000087c00000, 0x0000000087d00000|  0%| F|  |TAMS 0x0000000087c00000, 0x0000000087c00000| Untracked 
|  99|0x0000000087d00000, 0x0000000087d00000, 0x0000000087e00000|  0%| F|  |TAMS 0x0000000087d00000, 0x0000000087d00000| Untracked 
| 100|0x0000000087e00000, 0x0000000087e00000, 0x0000000087f00000|  0%| F|  |TAMS 0x0000000087e00000, 0x0000000087e00000| Untracked 
| 101|0x0000000087f00000, 0x0000000087f00000, 0x0000000088000000|  0%| F|  |TAMS 0x0000000087f00000, 0x0000000087f00000| Untracked 
| 102|0x0000000088000000, 0x0000000088100000, 0x0000000088100000|100%| S|CS|TAMS 0x0000000088000000, 0x0000000088000000| Complete 
| 103|0x0000000088100000, 0x0000000088200000, 0x0000000088200000|100%| S|CS|TAMS 0x0000000088100000, 0x0000000088100000| Complete 
| 104|0x0000000088200000, 0x0000000088300000, 0x0000000088300000|100%| S|CS|TAMS 0x0000000088200000, 0x0000000088200000| Complete 
| 105|0x0000000088300000, 0x0000000088300000, 0x0000000088400000|  0%| F|  |TAMS 0x0000000088300000, 0x0000000088300000| Untracked 
| 106|0x0000000088400000, 0x0000000088400000, 0x0000000088500000|  0%| F|  |TAMS 0x0000000088400000, 0x0000000088400000| Untracked 
| 107|0x0000000088500000, 0x0000000088500000, 0x0000000088600000|  0%| F|  |TAMS 0x0000000088500000, 0x0000000088500000| Untracked 
| 108|0x0000000088600000, 0x0000000088600000, 0x0000000088700000|  0%| F|  |TAMS 0x0000000088600000, 0x0000000088600000| Untracked 
| 109|0x0000000088700000, 0x0000000088700000, 0x0000000088800000|  0%| F|  |TAMS 0x0000000088700000, 0x0000000088700000| Untracked 
| 110|0x0000000088800000, 0x0000000088800000, 0x0000000088900000|  0%| F|  |TAMS 0x0000000088800000, 0x0000000088800000| Untracked 
| 111|0x0000000088900000, 0x00000000889789d8, 0x0000000088a00000| 47%| E|  |TAMS 0x0000000088900000, 0x0000000088900000| Complete 
| 112|0x0000000088a00000, 0x0000000088b00000, 0x0000000088b00000|100%| E|CS|TAMS 0x0000000088a00000, 0x0000000088a00000| Complete 
| 113|0x0000000088b00000, 0x0000000088c00000, 0x0000000088c00000|100%| E|CS|TAMS 0x0000000088b00000, 0x0000000088b00000| Complete 
| 114|0x0000000088c00000, 0x0000000088d00000, 0x0000000088d00000|100%| E|CS|TAMS 0x0000000088c00000, 0x0000000088c00000| Complete 
| 115|0x0000000088d00000, 0x0000000088e00000, 0x0000000088e00000|100%| E|CS|TAMS 0x0000000088d00000, 0x0000000088d00000| Complete 
| 116|0x0000000088e00000, 0x0000000088f00000, 0x0000000088f00000|100%| E|CS|TAMS 0x0000000088e00000, 0x0000000088e00000| Complete 
| 117|0x0000000088f00000, 0x0000000089000000, 0x0000000089000000|100%| E|CS|TAMS 0x0000000088f00000, 0x0000000088f00000| Complete 
| 118|0x0000000089000000, 0x0000000089100000, 0x0000000089100000|100%| E|CS|TAMS 0x0000000089000000, 0x0000000089000000| Complete 
| 119|0x0000000089100000, 0x0000000089200000, 0x0000000089200000|100%| E|CS|TAMS 0x0000000089100000, 0x0000000089100000| Complete 
| 120|0x0000000089200000, 0x0000000089300000, 0x0000000089300000|100%| E|CS|TAMS 0x0000000089200000, 0x0000000089200000| Complete 
| 121|0x0000000089300000, 0x0000000089400000, 0x0000000089400000|100%| E|CS|TAMS 0x0000000089300000, 0x0000000089300000| Complete 
| 122|0x0000000089400000, 0x0000000089500000, 0x0000000089500000|100%| E|CS|TAMS 0x0000000089400000, 0x0000000089400000| Complete 
| 123|0x0000000089500000, 0x0000000089600000, 0x0000000089600000|100%| E|CS|TAMS 0x0000000089500000, 0x0000000089500000| Complete 
| 124|0x0000000089600000, 0x0000000089700000, 0x0000000089700000|100%| E|CS|TAMS 0x0000000089600000, 0x0000000089600000| Complete 
| 125|0x0000000089700000, 0x0000000089800000, 0x0000000089800000|100%| E|CS|TAMS 0x0000000089700000, 0x0000000089700000| Complete 
| 126|0x0000000089800000, 0x0000000089900000, 0x0000000089900000|100%| E|CS|TAMS 0x0000000089800000, 0x0000000089800000| Complete 
| 127|0x0000000089900000, 0x0000000089a00000, 0x0000000089a00000|100%| E|CS|TAMS 0x0000000089900000, 0x0000000089900000| Complete 

Card table byte_map: [0x000001ed178b0000,0x000001ed17cb0000] _byte_map_base: 0x000001ed174a3000

Marking Bits (Prev, Next): (CMBitMap*) 0x000001ed7ff5abd0, (CMBitMap*) 0x000001ed7ff5ac10
 Prev Bits: [0x000001ed180b0000, 0x000001ed1a048000)
 Next Bits: [0x000001ed1a050000, 0x000001ed1bfe8000)

Polling page: 0x000001ed7e6f0000

Metaspace:

Usage:
  Non-class:      7.71 MB used.
      Class:      1.07 MB used.
       Both:      8.79 MB used.

Virtual space:
  Non-class space:       64.00 MB reserved,       7.81 MB ( 12%) committed,  1 nodes.
      Class space:        1.00 GB reserved,       1.19 MB ( <1%) committed,  1 nodes.
             Both:        1.06 GB reserved,       9.00 MB ( <1%) committed. 

Chunk freelists:
   Non-Class:  7.62 MB
       Class:  14.70 MB
        Both:  22.33 MB

MaxMetaspaceSize: unlimited
CompressedClassSpaceSize: 1.00 GB
Initial GC threshold: 21.00 MB
Current GC threshold: 21.00 MB
CDS: on
MetaspaceReclaimPolicy: balanced
 - commit_granule_bytes: 65536.
 - commit_granule_words: 8192.
 - virtual_space_node_default_size: 8388608.
 - enlarge_chunks_in_place: 1.
 - new_chunks_are_fully_committed: 0.
 - uncommit_free_chunks: 1.
 - use_allocation_guard: 0.
 - handle_deallocations: 1.


Internal statistics:

num_allocs_failed_limit: 0.
num_arena_births: 180.
num_arena_deaths: 0.
num_vsnodes_births: 2.
num_vsnodes_deaths: 0.
num_space_committed: 144.
num_space_uncommitted: 0.
num_chunks_returned_to_freelist: 0.
num_chunks_taken_from_freelist: 455.
num_chunk_merges: 0.
num_chunk_splits: 284.
num_chunks_enlarged: 210.
num_inconsistent_stats: 0.

CodeHeap 'non-profiled nmethods': size=120000Kb used=563Kb max_used=563Kb free=119436Kb
 bounds [0x000001ed0f520000, 0x000001ed0f790000, 0x000001ed16a50000]
CodeHeap 'profiled nmethods': size=120000Kb used=2975Kb max_used=2975Kb free=117024Kb
 bounds [0x000001ed07a50000, 0x000001ed07d40000, 0x000001ed0ef80000]
CodeHeap 'non-nmethods': size=5760Kb used=1161Kb max_used=1183Kb free=4598Kb
 bounds [0x000001ed0ef80000, 0x000001ed0f1f0000, 0x000001ed0f520000]
 total_blobs=2037 nmethods=1589 adapters=360
 compilation: enabled
              stopped_count=0, restarted_count=0
 full_count=0

Compilation events (20 events):
Event: 16.890 Thread 0x000001ed1e7bf200 1403       3       jdk.internal.org.objectweb.asm.ClassWriter::<init> (7 bytes)
Event: 16.890 Thread 0x000001ed1e7bf200 nmethod 1403 0x000001ed07cd9d10 code [0x000001ed07cd9ec0, 0x000001ed07cda008]
Event: 16.890 Thread 0x000001ed1e7bf200 1405       3       jdk.internal.org.objectweb.asm.ClassReader::readUtf (161 bytes)
Event: 16.891 Thread 0x000001ed1e7bf200 nmethod 1405 0x000001ed07cda090 code [0x000001ed07cda260, 0x000001ed07cda6c8]
Event: 16.891 Thread 0x000001ed1e7bf200 1404       3       jdk.internal.org.objectweb.asm.ClassWriter::<init> (68 bytes)
Event: 16.891 Thread 0x000001ed1e7bf200 nmethod 1404 0x000001ed07cda990 code [0x000001ed07cdab60, 0x000001ed07cdb008]
Event: 16.897 Thread 0x000001ed1e7bf200 1407       1       java.lang.reflect.Method::getModifiers (5 bytes)
Event: 16.897 Thread 0x000001ed1e7bf200 nmethod 1407 0x000001ed0f5a7b90 code [0x000001ed0f5a7d20, 0x000001ed0f5a7df8]
Event: 16.898 Thread 0x000001ed1e7bf200 1408       3       jdk.internal.org.objectweb.asm.Label::getCanonicalInstance (19 bytes)
Event: 16.898 Thread 0x000001ed1e7bf200 nmethod 1408 0x000001ed07cdb190 code [0x000001ed07cdb320, 0x000001ed07cdb498]
Event: 16.898 Thread 0x000001ed1e7bf200 1409       3       jdk.internal.org.objectweb.asm.Frame::accept (264 bytes)
Event: 16.899 Thread 0x000001ed1e7bf200 nmethod 1409 0x000001ed07cdb590 code [0x000001ed07cdb7c0, 0x000001ed07cdc0f8]
Event: 16.899 Thread 0x000001ed1e7bf200 1410       3       jdk.internal.org.objectweb.asm.MethodWriter::visitFrameStart (55 bytes)
Event: 16.900 Thread 0x000001ed1e7bf200 nmethod 1410 0x000001ed07cdc490 code [0x000001ed07cdc640, 0x000001ed07cdc958]
Event: 16.900 Thread 0x000001ed1e7bf200 1411       3       java.util.EnumSet::noneOf (63 bytes)
Event: 16.900 Thread 0x000001ed1e7bf200 nmethod 1411 0x000001ed07cdca90 code [0x000001ed07cdcd60, 0x000001ed07cddbc8]
Event: 16.900 Thread 0x000001ed1e7bf200 1412       3       java.util.EnumSet::getUniverse (10 bytes)
Event: 16.901 Thread 0x000001ed1e7bf200 nmethod 1412 0x000001ed07cde110 code [0x000001ed07cde2e0, 0x000001ed07cde608]
Event: 16.901 Thread 0x000001ed1e7bf200 1413       3       java.util.RegularEnumSet::<init> (12 bytes)
Event: 16.901 Thread 0x000001ed1e7bf200 nmethod 1413 0x000001ed07cde790 code [0x000001ed07cde940, 0x000001ed07cdec98]

GC Heap History (2 events):
Event: 15.028 GC heap before
{Heap before GC invocations=0 (full 0):
 garbage-first heap   total 131072K, used 24576K [0x0000000081a00000, 0x0000000100000000)
  region size 1024K, 23 young (23552K), 0 survivors (0K)
 Metaspace       used 4788K, committed 4928K, reserved 1114112K
  class space    used 520K, committed 576K, reserved 1048576K
}
Event: 15.040 GC heap after
{Heap after GC invocations=1 (full 0):
 garbage-first heap   total 131072K, used 9949K [0x0000000081a00000, 0x0000000100000000)
  region size 1024K, 3 young (3072K), 3 survivors (3072K)
 Metaspace       used 4788K, committed 4928K, reserved 1114112K
  class space    used 520K, committed 576K, reserved 1048576K
}

Dll operation events (9 events):
Event: 0.143 Loaded shared library C:\Users\longq\.jdks\corretto-17.0.9\bin\java.dll
Event: 0.174 Loaded shared library C:\Users\longq\.jdks\corretto-17.0.9\bin\jsvml.dll
Event: 0.489 Loaded shared library C:\Users\longq\.jdks\corretto-17.0.9\bin\zip.dll
Event: 0.510 Loaded shared library C:\Users\longq\.jdks\corretto-17.0.9\bin\instrument.dll
Event: 0.536 Loaded shared library C:\Users\longq\.jdks\corretto-17.0.9\bin\net.dll
Event: 0.539 Loaded shared library C:\Users\longq\.jdks\corretto-17.0.9\bin\nio.dll
Event: 1.450 Loaded shared library C:\Users\longq\.jdks\corretto-17.0.9\bin\zip.dll
Event: 6.235 Loaded shared library C:\Users\longq\.jdks\corretto-17.0.9\bin\jimage.dll
Event: 12.234 Loaded shared library D:\Program Files\JetBrains\IntelliJ IDEA Community Edition 2023.3\bin\breakgen64.dll

Deoptimization events (20 events):
Event: 16.696 Thread 0x000001ed7fefdf30 Uncommon trap: trap_request=0xffffff54 fr.pc=0x000001ed0f564ab4 relative=0x0000000000001114
Event: 16.696 Thread 0x000001ed7fefdf30 Uncommon trap: reason=speculate_null_assert action=make_not_entrant pc=0x000001ed0f564ab4 method=java.util.jar.JarFile.getVersionedEntry(Ljava/lang/String;Ljava/util/jar/JarEntry;)Ljava/util/jar/JarEntry; @ 115 c2
Event: 16.696 Thread 0x000001ed7fefdf30 DEOPT PACKING pc=0x000001ed0f564ab4 sp=0x0000004b553fca60
Event: 16.696 Thread 0x000001ed7fefdf30 DEOPT UNPACKING pc=0x000001ed0efd69a3 sp=0x0000004b553fc9c8 mode 2
Event: 16.826 Thread 0x000001ed7fefdf30 Uncommon trap: trap_request=0xffffff45 fr.pc=0x000001ed0f53a2e8 relative=0x0000000000000448
Event: 16.826 Thread 0x000001ed7fefdf30 Uncommon trap: reason=unstable_if action=reinterpret pc=0x000001ed0f53a2e8 method=java.lang.StringLatin1.canEncode(I)Z @ 4 c2
Event: 16.827 Thread 0x000001ed7fefdf30 DEOPT PACKING pc=0x000001ed0f53a2e8 sp=0x0000004b553fd1f0
Event: 16.827 Thread 0x000001ed7fefdf30 DEOPT UNPACKING pc=0x000001ed0efd69a3 sp=0x0000004b553fd118 mode 2
Event: 16.827 Thread 0x000001ed7fefdf30 Uncommon trap: trap_request=0xffffff45 fr.pc=0x000001ed0f53e9cc relative=0x000000000000042c
Event: 16.827 Thread 0x000001ed7fefdf30 Uncommon trap: reason=unstable_if action=reinterpret pc=0x000001ed0f53e9cc method=java.lang.AbstractStringBuilder.isLatin1()Z @ 10 c2
Event: 16.827 Thread 0x000001ed7fefdf30 DEOPT PACKING pc=0x000001ed0f53e9cc sp=0x0000004b553fd1a0
Event: 16.827 Thread 0x000001ed7fefdf30 DEOPT UNPACKING pc=0x000001ed0efd69a3 sp=0x0000004b553fd120 mode 2
Event: 16.827 Thread 0x000001ed7fefdf30 Uncommon trap: trap_request=0xffffff45 fr.pc=0x000001ed0f59875c relative=0x000000000000005c
Event: 16.827 Thread 0x000001ed7fefdf30 Uncommon trap: reason=unstable_if action=reinterpret pc=0x000001ed0f59875c method=java.lang.AbstractStringBuilder.isLatin1()Z @ 10 c2
Event: 16.827 Thread 0x000001ed7fefdf30 DEOPT PACKING pc=0x000001ed0f59875c sp=0x0000004b553fd180
Event: 16.827 Thread 0x000001ed7fefdf30 DEOPT UNPACKING pc=0x000001ed0efd69a3 sp=0x0000004b553fd110 mode 2
Event: 16.827 Thread 0x000001ed7fefdf30 Uncommon trap: trap_request=0xffffff45 fr.pc=0x000001ed0f530e38 relative=0x0000000000000038
Event: 16.827 Thread 0x000001ed7fefdf30 Uncommon trap: reason=unstable_if action=reinterpret pc=0x000001ed0f530e38 method=java.lang.StringLatin1.canEncode(I)Z @ 4 c2
Event: 16.827 Thread 0x000001ed7fefdf30 DEOPT PACKING pc=0x000001ed0f530e38 sp=0x0000004b553fd190
Event: 16.827 Thread 0x000001ed7fefdf30 DEOPT UNPACKING pc=0x000001ed0efd69a3 sp=0x0000004b553fd120 mode 2

Classes unloaded (0 events):
No events

Classes redefined (0 events):
No events

Internal exceptions (20 events):
Event: 14.956 Thread 0x000001ed7fefdf30 Exception <a 'java/lang/NoSuchMethodError'{0x00000000883775b0}: 'void java.lang.invoke.DirectMethodHandle$Holder.invokeStatic(java.lang.Object, java.lang.Object, java.lang.Object)'> (0x00000000883775b0) 
thrown [s\src\hotspot\share\interpreter\linkResolver.cpp, line 759]
Event: 14.969 Thread 0x000001ed7fefdf30 Exception <a 'java/lang/NoSuchMethodError'{0x000000008838d620}: 'java.lang.Object java.lang.invoke.DirectMethodHandle$Holder.invokeSpecialIFC(java.lang.Object, java.lang.Object, java.lang.Object, java.lang.Object)'> (0x000000008838d620) 
thrown [s\src\hotspot\share\interpreter\linkResolver.cpp, line 759]
Event: 14.972 Thread 0x000001ed7fefdf30 Exception <a 'java/lang/NoSuchMethodError'{0x00000000883abee0}: 'java.lang.Object java.lang.invoke.DirectMethodHandle$Holder.invokeInterface(java.lang.Object, java.lang.Object, java.lang.Object)'> (0x00000000883abee0) 
thrown [s\src\hotspot\share\interpreter\linkResolver.cpp, line 759]
Event: 15.097 Thread 0x000001ed7fefdf30 Exception <a 'java/lang/NoSuchMethodError'{0x00000000899ba6a0}: 'int java.lang.invoke.DirectMethodHandle$Holder.invokeStaticInit(java.lang.Object, java.lang.Object, java.lang.Object)'> (0x00000000899ba6a0) 
thrown [s\src\hotspot\share\interpreter\linkResolver.cpp, line 759]
Event: 15.128 Thread 0x000001ed7fefdf30 Exception <a 'java/lang/NoSuchMethodError'{0x00000000898155b0}: 'java.lang.Object java.lang.invoke.DirectMethodHandle$Holder.newInvokeSpecial(java.lang.Object, java.lang.Object, java.lang.Object, java.lang.Object, java.lang.Object)'> (0x00000000898155b0) 
thrown [s\src\hotspot\share\interpreter\linkResolver.cpp, line 759]
Event: 15.316 Thread 0x000001ed7fefdf30 Exception <a 'java/lang/NoSuchMethodError'{0x0000000089864848}: 'java.lang.Object java.lang.invoke.DirectMethodHandle$Holder.invokeStaticInit(java.lang.Object, java.lang.Object, java.lang.Object)'> (0x0000000089864848) 
thrown [s\src\hotspot\share\interpreter\linkResolver.cpp, line 759]
Event: 15.711 Thread 0x000001ed7fefdf30 Exception <a 'java/lang/IncompatibleClassChangeError'{0x00000000898ec7f8}: Found class java.lang.Object, but interface was expected> (0x00000000898ec7f8) 
thrown [s\src\hotspot\share\interpreter\linkResolver.cpp, line 826]
Event: 15.874 Thread 0x000001ed7fefdf30 Exception <a 'sun/nio/fs/WindowsException'{0x000000008976d3d0}> (0x000000008976d3d0) 
thrown [s\src\hotspot\share\prims\jni.cpp, line 516]
Event: 16.320 Thread 0x000001ed7fefdf30 Exception <a 'java/lang/NoSuchMethodError'{0x00000000894cb1b8}: 'int java.lang.invoke.DirectMethodHandle$Holder.invokeSpecial(java.lang.Object, java.lang.Object, java.lang.Object)'> (0x00000000894cb1b8) 
thrown [s\src\hotspot\share\interpreter\linkResolver.cpp, line 759]
Event: 16.462 Thread 0x000001ed7fefdf30 Exception <a 'java/lang/NoSuchMethodError'{0x000000008928df70}: 'java.lang.Object java.lang.invoke.DirectMethodHandle$Holder.newInvokeSpecial(java.lang.Object, java.lang.Object, java.lang.Object, java.lang.Object, java.lang.Object, java.lang.Object, java.lang.Object)'> (0x000000008928df70) 
thrown [s\src\hotspot\share\interpreter\linkResolver.cpp, line 759]
Event: 16.463 Thread 0x000001ed7fefdf30 Exception <a 'java/lang/NoSuchMethodError'{0x0000000089292bd8}: 'java.lang.Object java.lang.invoke.Invokers$Holder.linkToTargetMethod(java.lang.Object, java.lang.Object, java.lang.Object, java.lang.Object, java.lang.Object, java.lang.Object, java.lang.Object)'> (0x0000000089292bd8) 
thrown [s\src\hotspot\share\interpreter\linkResolver.cpp, line 759]
Event: 16.480 Thread 0x000001ed7fefdf30 Exception <a 'java/lang/NoSuchMethodError'{0x00000000892d8478}: 'int java.lang.invoke.DirectMethodHandle$Holder.invokeStatic(java.lang.Object, java.lang.Object, java.lang.Object, java.lang.Object)'> (0x00000000892d8478) 
thrown [s\src\hotspot\share\interpreter\linkResolver.cpp, line 759]
Event: 16.481 Thread 0x000001ed7fefdf30 Exception <a 'java/lang/NoSuchMethodError'{0x00000000892dbdf8}: 'java.lang.Object java.lang.invoke.Invokers$Holder.invokeExact_MT(java.lang.Object, java.lang.Object, java.lang.Object, java.lang.Object, java.lang.Object, java.lang.Object)'> (0x00000000892dbdf8) 
thrown [s\src\hotspot\share\interpreter\linkResolver.cpp, line 759]
Event: 16.506 Thread 0x000001ed7fefdf30 Exception <a 'java/lang/NoSuchMethodError'{0x00000000891412f8}: 'java.lang.Object java.lang.invoke.DirectMethodHandle$Holder.invokeSpecial(java.lang.Object, java.lang.Object, java.lang.Object, java.lang.Object, java.lang.Object, java.lang.Object, int)'> (0x00000000891412f8) 
thrown [s\src\hotspot\share\interpreter\linkResolver.cpp, line 759]
Event: 16.507 Thread 0x000001ed7fefdf30 Exception <a 'java/lang/NoSuchMethodError'{0x000000008914b860}: 'java.lang.Object java.lang.invoke.DirectMethodHandle$Holder.newInvokeSpecial(java.lang.Object, java.lang.Object, java.lang.Object, java.lang.Object, java.lang.Object, java.lang.Object, int)'> (0x000000008914b860) 
thrown [s\src\hotspot\share\interpreter\linkResolver.cpp, line 759]
Event: 16.508 Thread 0x000001ed7fefdf30 Exception <a 'java/lang/NoSuchMethodError'{0x00000000891508a0}: 'java.lang.Object java.lang.invoke.DirectMethodHandle$Holder.invokeSpecial(java.lang.Object, java.lang.Object, java.lang.Object, java.lang.Object, java.lang.Object, java.lang.Object, java.lang.Object, int)'> (0x00000000891508a0) 
thrown [s\src\hotspot\share\interpreter\linkResolver.cpp, line 759]
Event: 16.560 Thread 0x000001ed7fefdf30 Exception <a 'java/lang/NoSuchMethodError'{0x0000000089089cd8}: 'int java.lang.invoke.DirectMethodHandle$Holder.invokeInterface(java.lang.Object, java.lang.Object)'> (0x0000000089089cd8) 
thrown [s\src\hotspot\share\interpreter\linkResolver.cpp, line 759]
Event: 16.612 Thread 0x000001ed7fefdf30 Exception <a 'java/lang/NoSuchMethodError'{0x00000000890fbdf0}: 'int java.lang.invoke.DirectMethodHandle$Holder.invokeVirtual(java.lang.Object, java.lang.Object)'> (0x00000000890fbdf0) 
thrown [s\src\hotspot\share\interpreter\linkResolver.cpp, line 759]
Event: 16.666 Thread 0x000001ed7fefdf30 Exception <a 'java/lang/NoSuchMethodError'{0x0000000088f68ac0}: 'void java.lang.invoke.DirectMethodHandle$Holder.invokeSpecial(java.lang.Object, java.lang.Object, java.lang.Object, java.lang.Object, java.lang.Object)'> (0x0000000088f68ac0) 
thrown [s\src\hotspot\share\interpreter\linkResolver.cpp, line 759]
Event: 16.876 Thread 0x000001ed7fefdf30 Exception <a 'java/lang/NoSuchMethodError'{0x0000000088d8dda0}: 'void java.lang.invoke.DirectMethodHandle$Holder.invokeSpecial(java.lang.Object, java.lang.Object, java.lang.Object, java.lang.Object, java.lang.Object, java.lang.Object)'> (0x0000000088d8dda0) 
thrown [s\src\hotspot\share\interpreter\linkResolver.cpp, line 759]

VM Operations (20 events):
Event: 12.400 Executing VM operation: HandshakeAllThreads
Event: 12.400 Executing VM operation: HandshakeAllThreads done
Event: 12.539 Executing VM operation: HandshakeAllThreads
Event: 12.539 Executing VM operation: HandshakeAllThreads done
Event: 12.624 Executing VM operation: HandshakeAllThreads
Event: 12.624 Executing VM operation: HandshakeAllThreads done
Event: 12.978 Executing VM operation: HandshakeAllThreads
Event: 12.978 Executing VM operation: HandshakeAllThreads done
Event: 13.982 Executing VM operation: Cleanup
Event: 13.982 Executing VM operation: Cleanup done
Event: 14.992 Executing VM operation: Cleanup
Event: 14.992 Executing VM operation: Cleanup done
Event: 15.028 Executing VM operation: G1CollectForAllocation
Event: 15.040 Executing VM operation: G1CollectForAllocation done
Event: 15.890 Executing VM operation: HandshakeAllThreads
Event: 15.890 Executing VM operation: HandshakeAllThreads done
Event: 16.593 Executing VM operation: HandshakeAllThreads
Event: 16.594 Executing VM operation: HandshakeAllThreads done
Event: 16.594 Executing VM operation: Cleanup
Event: 16.594 Executing VM operation: Cleanup done

Events (20 events):
Event: 16.791 loading class java/beans/PropertyDescriptor
Event: 16.798 loading class java/beans/PropertyDescriptor done
Event: 16.799 loading class java/io/PushbackInputStream
Event: 16.800 loading class java/io/PushbackInputStream done
Event: 16.814 loading class java/nio/charset/CharacterCodingException
Event: 16.815 loading class java/nio/charset/CharacterCodingException done
Event: 16.836 loading class java/util/regex/Pattern$1
Event: 16.840 loading class java/util/regex/Pattern$1 done
Event: 16.845 loading class java/util/TreeMap$DescendingSubMap
Event: 16.848 loading class java/util/TreeMap$NavigableSubMap
Event: 16.855 loading class java/util/TreeMap$NavigableSubMap done
Event: 16.855 loading class java/util/TreeMap$DescendingSubMap done
Event: 16.855 loading class java/util/Collections$ReverseComparator
Event: 16.857 loading class java/util/Collections$ReverseComparator done
Event: 16.858 loading class java/util/TreeMap$NavigableSubMap$DescendingSubMapKeyIterator
Event: 16.859 loading class java/util/TreeMap$NavigableSubMap$SubMapIterator
Event: 16.863 loading class java/util/TreeMap$NavigableSubMap$SubMapIterator done
Event: 16.863 loading class java/util/TreeMap$NavigableSubMap$DescendingSubMapKeyIterator done
Event: 16.887 loading class java/util/stream/MatchOps$1MatchSink
Event: 16.887 loading class java/util/stream/MatchOps$1MatchSink done


Dynamic libraries:
0x00007ff624a60000 - 0x00007ff624a6e000 	C:\Users\longq\.jdks\corretto-17.0.9\bin\java.exe
0x00007fff7d1b0000 - 0x00007fff7d3a8000 	C:\WINDOWS\SYSTEM32\ntdll.dll
0x00007fff7cb50000 - 0x00007fff7cc0d000 	C:\WINDOWS\System32\KERNEL32.DLL
0x00007fff7aa70000 - 0x00007fff7ad66000 	C:\WINDOWS\System32\KERNELBASE.dll
0x00007fff7ad70000 - 0x00007fff7ae70000 	C:\WINDOWS\System32\ucrtbase.dll
0x00007fff53f40000 - 0x00007fff53f57000 	C:\Users\longq\.jdks\corretto-17.0.9\bin\jli.dll
0x00007fff533c0000 - 0x00007fff533db000 	C:\Users\longq\.jdks\corretto-17.0.9\bin\VCRUNTIME140.dll
0x00007fff7b210000 - 0x00007fff7b3ae000 	C:\WINDOWS\System32\USER32.dll
0x00007fff7af90000 - 0x00007fff7afb2000 	C:\WINDOWS\System32\win32u.dll
0x00007fff71350000 - 0x00007fff715ea000 	C:\WINDOWS\WinSxS\amd64_microsoft.windows.common-controls_6595b64144ccf1df_6.0.19041.3636_none_60b6a03d71f818d5\COMCTL32.dll
0x00007fff7b770000 - 0x00007fff7b79c000 	C:\WINDOWS\System32\GDI32.dll
0x00007fff7ce80000 - 0x00007fff7cf1e000 	C:\WINDOWS\System32\msvcrt.dll
0x00007fff7ae70000 - 0x00007fff7af8a000 	C:\WINDOWS\System32\gdi32full.dll
0x00007fff7afc0000 - 0x00007fff7b05d000 	C:\WINDOWS\System32\msvcp_win.dll
0x00007fff7b720000 - 0x00007fff7b750000 	C:\WINDOWS\System32\IMM32.DLL
0x00007fff5ac60000 - 0x00007fff5ac6c000 	C:\Users\longq\.jdks\corretto-17.0.9\bin\vcruntime140_1.dll
0x00007fff431f0000 - 0x00007fff4327d000 	C:\Users\longq\.jdks\corretto-17.0.9\bin\msvcp140.dll
0x00007fff2ee20000 - 0x00007fff2fa81000 	C:\Users\longq\.jdks\corretto-17.0.9\bin\server\jvm.dll
0x00007fff7b4d0000 - 0x00007fff7b57f000 	C:\WINDOWS\System32\ADVAPI32.dll
0x00007fff7bdb0000 - 0x00007fff7be4c000 	C:\WINDOWS\System32\sechost.dll
0x00007fff7be50000 - 0x00007fff7bf76000 	C:\WINDOWS\System32\RPCRT4.dll
0x00007fff79db0000 - 0x00007fff79dfb000 	C:\WINDOWS\SYSTEM32\POWRPROF.dll
0x00007fff71000000 - 0x00007fff71027000 	C:\WINDOWS\SYSTEM32\WINMM.dll
0x00007fff5ab10000 - 0x00007fff5ab19000 	C:\WINDOWS\SYSTEM32\WSOCK32.dll
0x00007fff75f80000 - 0x00007fff75f8a000 	C:\WINDOWS\SYSTEM32\VERSION.dll
0x00007fff7cfd0000 - 0x00007fff7d03b000 	C:\WINDOWS\System32\WS2_32.dll
0x00007fff79c70000 - 0x00007fff79c82000 	C:\WINDOWS\SYSTEM32\UMPDC.dll
0x00007fff790a0000 - 0x00007fff790b2000 	C:\WINDOWS\SYSTEM32\kernel.appcore.dll
0x00007fff5ac20000 - 0x00007fff5ac2a000 	C:\Users\longq\.jdks\corretto-17.0.9\bin\jimage.dll
0x00007fff785f0000 - 0x00007fff787d4000 	C:\WINDOWS\SYSTEM32\DBGHELP.DLL
0x00007fff6d780000 - 0x00007fff6d7b4000 	C:\WINDOWS\SYSTEM32\dbgcore.DLL
0x00007fff7a890000 - 0x00007fff7a912000 	C:\WINDOWS\System32\bcryptPrimitives.dll
0x00007fff57ac0000 - 0x00007fff57ace000 	C:\Users\longq\.jdks\corretto-17.0.9\bin\instrument.dll
0x00007fff46d50000 - 0x00007fff46d75000 	C:\Users\longq\.jdks\corretto-17.0.9\bin\java.dll
0x00007fff42980000 - 0x00007fff42a57000 	C:\Users\longq\.jdks\corretto-17.0.9\bin\jsvml.dll
0x00007fff7c3f0000 - 0x00007fff7cb35000 	C:\WINDOWS\System32\SHELL32.dll
0x00007fff788f0000 - 0x00007fff7908b000 	C:\WINDOWS\SYSTEM32\windows.storage.dll
0x00007fff7b9d0000 - 0x00007fff7bd24000 	C:\WINDOWS\System32\combase.dll
0x00007fff7a1f0000 - 0x00007fff7a21d000 	C:\WINDOWS\SYSTEM32\Wldp.dll
0x00007fff7b580000 - 0x00007fff7b62d000 	C:\WINDOWS\System32\SHCORE.dll
0x00007fff7cc10000 - 0x00007fff7cc65000 	C:\WINDOWS\System32\shlwapi.dll
0x00007fff7a7c0000 - 0x00007fff7a7e5000 	C:\WINDOWS\SYSTEM32\profapi.dll
0x00007fff46c90000 - 0x00007fff46ca8000 	C:\Users\longq\.jdks\corretto-17.0.9\bin\zip.dll
0x00007fff4c130000 - 0x00007fff4c149000 	C:\Users\longq\.jdks\corretto-17.0.9\bin\net.dll
0x00007fff73ac0000 - 0x00007fff73bca000 	C:\WINDOWS\SYSTEM32\WINHTTP.dll
0x00007fff79fd0000 - 0x00007fff7a03a000 	C:\WINDOWS\system32\mswsock.dll
0x00007fff47d20000 - 0x00007fff47d36000 	C:\Users\longq\.jdks\corretto-17.0.9\bin\nio.dll
0x00007fff55430000 - 0x00007fff5544a000 	D:\Program Files\JetBrains\IntelliJ IDEA Community Edition 2023.3\bin\breakgen64.dll

dbghelp: loaded successfully - version: 4.0.5 - missing functions: none
symbol engine: initialized successfully - sym options: 0x614 - pdb path: .;C:\Users\longq\.jdks\corretto-17.0.9\bin;C:\WINDOWS\SYSTEM32;C:\WINDOWS\WinSxS\amd64_microsoft.windows.common-controls_6595b64144ccf1df_6.0.19041.3636_none_60b6a03d71f818d5;C:\Users\longq\.jdks\corretto-17.0.9\bin\server;D:\Program Files\JetBrains\IntelliJ IDEA Community Edition 2023.3\bin

VM Arguments:
jvm_args: -javaagent:D:\Program Files\JetBrains\IntelliJ IDEA Community Edition 2023.3\lib\idea_rt.jar=60546:D:\Program Files\JetBrains\IntelliJ IDEA Community Edition 2023.3\bin -Dfile.encoding=UTF-8 
java_command: id.longquoc.messenger.MessengerApplication
java_class_path (initial): D:\LearningCode\Java\messenger\server\target\classes;C:\Users\longq\.m2\repository\org\mapstruct\mapstruct\1.4.2.Final\mapstruct-1.4.2.Final.jar;C:\Users\longq\.m2\repository\io\github\mihaita-tinta\webauthn-spring-boot-starter\0.1.0-RELEASE\webauthn-spring-boot-starter-0.1.0-RELEASE.jar;C:\Users\longq\.m2\repository\com\yubico\webauthn-server-core\1.7.0\webauthn-server-core-1.7.0.jar;C:\Users\longq\.m2\repository\com\augustcellars\cose\cose-java\1.1.0\cose-java-1.1.0.jar;C:\Users\longq\.m2\repository\net\i2p\crypto\eddsa\0.3.0\eddsa-0.3.0.jar;C:\Users\longq\.m2\repository\com\google\guava\guava\29.0-jre\guava-29.0-jre.jar;C:\Users\longq\.m2\repository\com\google\guava\failureaccess\1.0.1\failureaccess-1.0.1.jar;C:\Users\longq\.m2\repository\com\google\guava\listenablefuture\9999.0-empty-to-avoid-conflict-with-guava\listenablefuture-9999.0-empty-to-avoid-conflict-with-guava.jar;C:\Users\longq\.m2\repository\org\checkerframework\checker-qual\2.11.1\checker-qual-2.11.1.jar;C:\Users\longq\.m2\repository\com\google\errorprone\error_prone_annotations\2.3.4\error_prone_annotations-2.3.4.jar;C:\Users\longq\.m2\repository\com\google\j2objc\j2objc-annotations\1.3\j2objc-annotations-1.3.jar;C:\Users\longq\.m2\repository\com\upokecenter\cbor\5.0.0-alpha1\cbor-5.0.0-alpha1.jar;C:\Users\longq\.m2\repository\com\github\peteroupc\numbers\1.8.2\numbers-1.8.2.jar;C:\Users\longq\.m2\repository\com\github\peteroupc\datautilities\1.1.0\datautilities-1.1.0.jar;C:\Users\longq\.m2\repository\org\bouncycastle\bcprov-jdk15on\1.70\bcprov-jdk15on-1.70.jar;C:\Users\longq\.m2\repository\com\yubico\yubico-util\1.7.0\yubico-util-1.7.0.jar;C:\Users\longq\.m2\repository\com\fasterxml\jackson\dataformat\jackson-dataformat-cbor\2.15.3\jackson-dataformat-cbor-2.15.3.jar;C:\Users\longq\.m2\repository\com\fasterxml\jackson\datatype\jackson-datatype-jdk8\2.15.3\jackson-datatype-jdk8-2.15.3.jar;C:\Users\longq\.m2\repository\org\springframework\boot\spring-boot-starter-data-jpa
Launcher Type: SUN_STANDARD

[Global flags]
     intx CICompilerCount                          = 4                                         {product} {ergonomic}
     uint ConcGCThreads                            = 2                                         {product} {ergonomic}
     uint G1ConcRefinementThreads                  = 8                                         {product} {ergonomic}
   size_t G1HeapRegionSize                         = 1048576                                   {product} {ergonomic}
    uintx GCDrainStackTargetSize                   = 64                                        {product} {ergonomic}
   size_t InitialHeapSize                          = 134217728                                 {product} {ergonomic}
   size_t MarkStackSize                            = 4194304                                   {product} {ergonomic}
   size_t MaxHeapSize                              = 2120220672                                {product} {ergonomic}
   size_t MaxNewSize                               = 1271922688                                {product} {ergonomic}
   size_t MinHeapDeltaBytes                        = 1048576                                   {product} {ergonomic}
   size_t MinHeapSize                              = 8388608                                   {product} {ergonomic}
    uintx NonNMethodCodeHeapSize                   = 5839372                                {pd product} {ergonomic}
    uintx NonProfiledCodeHeapSize                  = 122909434                              {pd product} {ergonomic}
    uintx ProfiledCodeHeapSize                     = 122909434                              {pd product} {ergonomic}
    uintx ReservedCodeCacheSize                    = 251658240                              {pd product} {ergonomic}
     bool SegmentedCodeCache                       = true                                      {product} {ergonomic}
   size_t SoftMaxHeapSize                          = 2120220672                             {manageable} {ergonomic}
     bool UseCompressedClassPointers               = true                           {product lp64_product} {ergonomic}
     bool UseCompressedOops                        = true                           {product lp64_product} {ergonomic}
     bool UseG1GC                                  = true                                      {product} {ergonomic}
     bool UseLargePagesIndividualAllocation        = false                                  {pd product} {ergonomic}

Logging:
Log output configuration:
 #0: stdout all=warning uptime,level,tags
 #1: stderr all=off uptime,level,tags

Environment Variables:
PATH=C:\WINDOWS\system32;C:\WINDOWS;C:\WINDOWS\System32\Wbem;C:\WINDOWS\System32\WindowsPowerShell\v1.0\;C:\WINDOWS\System32\OpenSSH\;C:\Program Files\nodejs\;C:\Program Files\Docker\Docker\resources\bin;C:\Program Files\Git\cmd;C:\Program Files\Cloudflare\Cloudflare WARP\;C:\Users\longq\AppData\Local\Microsoft\WindowsApps;;D:\Program Files\JetBrains\IntelliJ IDEA Community Edition 2023.3\bin;;D:\Program Files\Microsoft VS Code\bin;C:\Users\longq\AppData\Roaming\npm;C:\Users\longq\AppData\Local\spicetify
USERNAME=longq
OS=Windows_NT
PROCESSOR_IDENTIFIER=Intel64 Family 6 Model 142 Stepping 10, GenuineIntel
TMP=C:\Users\longq\AppData\Local\Temp
TEMP=C:\Users\longq\AppData\Local\Temp



Periodic native trim disabled


---------------  S Y S T E M  ---------------

OS:
 Windows 10 , 64 bit Build 19041 (10.0.19041.3636)
OS uptime: 0 days 16:34 hours
Hyper-V role detected

CPU: total 8 (initial active 8) (4 cores per cpu, 2 threads per core) family 6 model 142 stepping 10 microcode 0xf0, cx8, cmov, fxsr, ht, mmx, 3dnowpref, sse, sse2, sse3, ssse3, sse4.1, sse4.2, popcnt, lzcnt, tsc, tscinvbit, avx, avx2, aes, erms, clmul, bmi1, bmi2, adx, fma, vzeroupper, clflush, clflushopt, hv
Processor Information for all 8 processors :
  Max Mhz: 1800, Current Mhz: 1600, Mhz Limit: 1584

Memory: 4k page, system-wide physical 8086M (251M free)
TotalPageFile size 20540M (AvailPageFile size 2M)
current process WorkingSet (physical memory assigned to process): 93M, peak: 93M
current process commit charge ("private bytes"): 236M, peak: 236M

vm_info: OpenJDK 64-Bit Server VM (17.0.9+8-LTS) for windows-amd64 JRE (17.0.9+8-LTS), built on Oct 12 2023 16:15:33 by "Administrator" with MS VC++ 16.10 / 16.11 (VS2019)

END.
